[0.013s] Invoking command in '/home/rosario/Desktop/Sensors/LAB5/build/turtlebot3_fake_node': CMAKE_PREFIX_PATH=/opt/ros/humble /usr/bin/cmake /home/rosario/Desktop/Sensors/LAB5/src/turtlebot3_simulations/turtlebot3_fake_node -DCMAKE_INSTALL_PREFIX=/home/rosario/Desktop/Sensors/LAB5/install/turtlebot3_fake_node
[0.041s] -- Found ament_cmake: 1.3.10 (/opt/ros/humble/share/ament_cmake/cmake)
[0.129s] -- Override CMake install command with custom implementation using symlinks instead of copying resources
[0.141s] -- Found geometry_msgs: 4.2.4 (/opt/ros/humble/share/geometry_msgs/cmake)
[0.165s] -- Found rosidl_generator_c: 3.1.5 (/opt/ros/humble/share/rosidl_generator_c/cmake)
[0.166s] -- Found rosidl_adapter: 3.1.5 (/opt/ros/humble/share/rosidl_adapter/cmake)
[0.170s] -- Found rosidl_generator_cpp: 3.1.5 (/opt/ros/humble/share/rosidl_generator_cpp/cmake)
[0.178s] -- Using all available rosidl_typesupport_c: rosidl_typesupport_fastrtps_c;rosidl_typesupport_introspection_c
[0.185s] -- Using all available rosidl_typesupport_cpp: rosidl_typesupport_fastrtps_cpp;rosidl_typesupport_introspection_cpp
[0.215s] -- Found nav_msgs: 4.2.4 (/opt/ros/humble/share/nav_msgs/cmake)
[0.228s] -- Found rclcpp: 16.0.10 (/opt/ros/humble/share/rclcpp/cmake)
[0.253s] -- Found rmw_implementation_cmake: 6.1.2 (/opt/ros/humble/share/rmw_implementation_cmake/cmake)
[0.255s] -- Found rmw_fastrtps_cpp: 6.2.7 (/opt/ros/humble/share/rmw_fastrtps_cpp/cmake)
[0.347s] -- Using RMW implementation 'rmw_fastrtps_cpp' as default
[0.380s] -- Found sensor_msgs: 4.2.4 (/opt/ros/humble/share/sensor_msgs/cmake)
[0.393s] -- Found tf2: 0.25.8 (/opt/ros/humble/share/tf2/cmake)
[0.397s] -- Found tf2_msgs: 0.25.8 (/opt/ros/humble/share/tf2_msgs/cmake)
[0.432s] -- Found turtlebot3_msgs: 2.2.3 (/opt/ros/humble/share/turtlebot3_msgs/cmake)
[0.494s] -- Configuring done
[0.506s] -- Generating done
[0.507s] -- Build files have been written to: /home/rosario/Desktop/Sensors/LAB5/build/turtlebot3_fake_node
[0.515s] Invoked command in '/home/rosario/Desktop/Sensors/LAB5/build/turtlebot3_fake_node' returned '0': CMAKE_PREFIX_PATH=/opt/ros/humble /usr/bin/cmake /home/rosario/Desktop/Sensors/LAB5/src/turtlebot3_simulations/turtlebot3_fake_node -DCMAKE_INSTALL_PREFIX=/home/rosario/Desktop/Sensors/LAB5/install/turtlebot3_fake_node
[0.518s] Invoking command in '/home/rosario/Desktop/Sensors/LAB5/build/turtlebot3_fake_node': CMAKE_PREFIX_PATH=/opt/ros/humble /usr/bin/cmake --build /home/rosario/Desktop/Sensors/LAB5/build/turtlebot3_fake_node -- -j16 -l16
[0.558s] [35m[1mConsolidate compiler generated dependencies of target turtlebot3_fake_node[0m
[0.589s] [100%] Built target turtlebot3_fake_node
[0.600s] Invoked command in '/home/rosario/Desktop/Sensors/LAB5/build/turtlebot3_fake_node' returned '0': CMAKE_PREFIX_PATH=/opt/ros/humble /usr/bin/cmake --build /home/rosario/Desktop/Sensors/LAB5/build/turtlebot3_fake_node -- -j16 -l16
[0.633s] Invoking command in '/home/rosario/Desktop/Sensors/LAB5/build/turtlebot3_fake_node': CMAKE_PREFIX_PATH=/opt/ros/humble /usr/bin/cmake --install /home/rosario/Desktop/Sensors/LAB5/build/turtlebot3_fake_node
[0.639s] -- Install configuration: ""
[0.639s] -- Execute custom install script
[0.640s] -- Up-to-date symlink: /home/rosario/Desktop/Sensors/LAB5/install/turtlebot3_fake_node/lib/turtlebot3_fake_node/turtlebot3_fake_node
[0.640s] -- Up-to-date symlink: /home/rosario/Desktop/Sensors/LAB5/install/turtlebot3_fake_node/share/turtlebot3_fake_node/launch/rviz2.launch.py
[0.640s] -- Up-to-date symlink: /home/rosario/Desktop/Sensors/LAB5/install/turtlebot3_fake_node/share/turtlebot3_fake_node/launch/turtlebot3_fake_node.launch.py
[0.640s] -- Up-to-date symlink: /home/rosario/Desktop/Sensors/LAB5/install/turtlebot3_fake_node/share/turtlebot3_fake_node/param/burger.yaml
[0.640s] -- Up-to-date symlink: /home/rosario/Desktop/Sensors/LAB5/install/turtlebot3_fake_node/share/turtlebot3_fake_node/param/waffle.yaml
[0.640s] -- Up-to-date symlink: /home/rosario/Desktop/Sensors/LAB5/install/turtlebot3_fake_node/share/turtlebot3_fake_node/param/waffle_pi.yaml
[0.640s] -- Up-to-date symlink: /home/rosario/Desktop/Sensors/LAB5/install/turtlebot3_fake_node/include//turtlebot3_fake_node/turtlebot3_fake_node.hpp
[0.641s] -- Up-to-date symlink: /home/rosario/Desktop/Sensors/LAB5/install/turtlebot3_fake_node/share/ament_index/resource_index/package_run_dependencies/turtlebot3_fake_node
[0.641s] -- Up-to-date symlink: /home/rosario/Desktop/Sensors/LAB5/install/turtlebot3_fake_node/share/ament_index/resource_index/parent_prefix_path/turtlebot3_fake_node
[0.641s] -- Up-to-date symlink: /home/rosario/Desktop/Sensors/LAB5/install/turtlebot3_fake_node/share/turtlebot3_fake_node/environment/ament_prefix_path.sh
[0.641s] -- Up-to-date symlink: /home/rosario/Desktop/Sensors/LAB5/install/turtlebot3_fake_node/share/turtlebot3_fake_node/environment/ament_prefix_path.dsv
[0.641s] -- Up-to-date symlink: /home/rosario/Desktop/Sensors/LAB5/install/turtlebot3_fake_node/share/turtlebot3_fake_node/environment/path.sh
[0.641s] -- Up-to-date symlink: /home/rosario/Desktop/Sensors/LAB5/install/turtlebot3_fake_node/share/turtlebot3_fake_node/environment/path.dsv
[0.641s] -- Up-to-date symlink: /home/rosario/Desktop/Sensors/LAB5/install/turtlebot3_fake_node/share/turtlebot3_fake_node/local_setup.bash
[0.641s] -- Up-to-date symlink: /home/rosario/Desktop/Sensors/LAB5/install/turtlebot3_fake_node/share/turtlebot3_fake_node/local_setup.sh
[0.641s] -- Up-to-date symlink: /home/rosario/Desktop/Sensors/LAB5/install/turtlebot3_fake_node/share/turtlebot3_fake_node/local_setup.zsh
[0.642s] -- Up-to-date symlink: /home/rosario/Desktop/Sensors/LAB5/install/turtlebot3_fake_node/share/turtlebot3_fake_node/local_setup.dsv
[0.642s] -- Symlinking: /home/rosario/Desktop/Sensors/LAB5/install/turtlebot3_fake_node/share/turtlebot3_fake_node/package.dsv
[0.650s] -- Up-to-date symlink: /home/rosario/Desktop/Sensors/LAB5/install/turtlebot3_fake_node/share/ament_index/resource_index/packages/turtlebot3_fake_node
[0.650s] -- Up-to-date symlink: /home/rosario/Desktop/Sensors/LAB5/install/turtlebot3_fake_node/share/turtlebot3_fake_node/cmake/ament_cmake_export_include_directories-extras.cmake
[0.650s] -- Up-to-date symlink: /home/rosario/Desktop/Sensors/LAB5/install/turtlebot3_fake_node/share/turtlebot3_fake_node/cmake/ament_cmake_export_dependencies-extras.cmake
[0.650s] -- Up-to-date symlink: /home/rosario/Desktop/Sensors/LAB5/install/turtlebot3_fake_node/share/turtlebot3_fake_node/cmake/turtlebot3_fake_nodeConfig.cmake
[0.651s] -- Up-to-date symlink: /home/rosario/Desktop/Sensors/LAB5/install/turtlebot3_fake_node/share/turtlebot3_fake_node/cmake/turtlebot3_fake_nodeConfig-version.cmake
[0.651s] -- Up-to-date symlink: /home/rosario/Desktop/Sensors/LAB5/install/turtlebot3_fake_node/share/turtlebot3_fake_node/package.xml
[0.653s] Invoked command in '/home/rosario/Desktop/Sensors/LAB5/build/turtlebot3_fake_node' returned '0': CMAKE_PREFIX_PATH=/opt/ros/humble /usr/bin/cmake --install /home/rosario/Desktop/Sensors/LAB5/build/turtlebot3_fake_node
