[0.508s] Invoking command in '/home/rosario/Desktop/Sensors/LAB5_robot/src/turtlebot3_perception/turtlebot3_perception': AMENT_PREFIX_PATH=/home/rosario/Desktop/Sensors/LAB5_robot/install/landmark_msgs:${AMENT_PREFIX_PATH} CMAKE_PREFIX_PATH=/home/rosario/Desktop/Sensors/LAB5_robot/install/landmark_msgs LD_LIBRARY_PATH=/home/rosario/Desktop/Sensors/LAB5_robot/install/landmark_msgs/lib:/usr/lib/x86_64-linux-gnu/gazebo-11/plugins:/opt/ros/humble/opt/rviz_ogre_vendor/lib:/opt/ros/humble/lib/x86_64-linux-gnu:/opt/ros/humble/lib:/usr/share/gazebo/../../lib/x86_64-linux-gnu/gazebo-11/plugins:/usr/share/gazebo/../../lib/x86_64-linux-gnu/gazebo-11/plugins:/usr/share/gazebo/../../lib/x86_64-linux-gnu/gazebo-11/plugins PYTHONPATH=/home/rosario/Desktop/Sensors/LAB5_robot/build/turtlebot3_perception/prefix_override:/usr/lib/python3/dist-packages/colcon_core/task/python/colcon_distutils_commands:/home/rosario/Desktop/Sensors/LAB5_robot/install/turtlebot3_perception/lib/python3.10/site-packages:/home/rosario/Desktop/Sensors/LAB5_robot/install/landmark_msgs/local/lib/python3.10/dist-packages:${PYTHONPATH} /usr/bin/python3 -W ignore:setup.py install is deprecated setup.py egg_info --egg-base ../../../build/turtlebot3_perception build --build-base /home/rosario/Desktop/Sensors/LAB5_robot/build/turtlebot3_perception/build install --record /home/rosario/Desktop/Sensors/LAB5_robot/build/turtlebot3_perception/install.log --single-version-externally-managed install_data
[0.679s] running egg_info
[0.679s] creating ../../../build/turtlebot3_perception/turtlebot3_perception.egg-info
[0.679s] writing ../../../build/turtlebot3_perception/turtlebot3_perception.egg-info/PKG-INFO
[0.679s] writing dependency_links to ../../../build/turtlebot3_perception/turtlebot3_perception.egg-info/dependency_links.txt
[0.679s] writing entry points to ../../../build/turtlebot3_perception/turtlebot3_perception.egg-info/entry_points.txt
[0.679s] writing requirements to ../../../build/turtlebot3_perception/turtlebot3_perception.egg-info/requires.txt
[0.680s] writing top-level names to ../../../build/turtlebot3_perception/turtlebot3_perception.egg-info/top_level.txt
[0.680s] writing manifest file '../../../build/turtlebot3_perception/turtlebot3_perception.egg-info/SOURCES.txt'
[0.681s] reading manifest file '../../../build/turtlebot3_perception/turtlebot3_perception.egg-info/SOURCES.txt'
[0.681s] adding license file 'LICENSE'
[0.682s] writing manifest file '../../../build/turtlebot3_perception/turtlebot3_perception.egg-info/SOURCES.txt'
[0.682s] running build
[0.682s] running build_py
[0.682s] creating /home/rosario/Desktop/Sensors/LAB5_robot/build/turtlebot3_perception/build
[0.682s] creating /home/rosario/Desktop/Sensors/LAB5_robot/build/turtlebot3_perception/build/lib
[0.682s] creating /home/rosario/Desktop/Sensors/LAB5_robot/build/turtlebot3_perception/build/lib/turtlebot3_perception
[0.682s] copying turtlebot3_perception/laserscan2lines_node.py -> /home/rosario/Desktop/Sensors/LAB5_robot/build/turtlebot3_perception/build/lib/turtlebot3_perception
[0.682s] copying turtlebot3_perception/laserscan2lines.py -> /home/rosario/Desktop/Sensors/LAB5_robot/build/turtlebot3_perception/build/lib/turtlebot3_perception
[0.682s] copying turtlebot3_perception/landmark_simulator.py -> /home/rosario/Desktop/Sensors/LAB5_robot/build/turtlebot3_perception/build/lib/turtlebot3_perception
[0.683s] copying turtlebot3_perception/detection2landmark.py -> /home/rosario/Desktop/Sensors/LAB5_robot/build/turtlebot3_perception/build/lib/turtlebot3_perception
[0.683s] copying turtlebot3_perception/__init__.py -> /home/rosario/Desktop/Sensors/LAB5_robot/build/turtlebot3_perception/build/lib/turtlebot3_perception
[0.683s] running install
[0.683s] running install_lib
[0.684s] creating /home/rosario/Desktop/Sensors/LAB5_robot/install/turtlebot3_perception/lib/python3.10/site-packages/turtlebot3_perception
[0.684s] copying /home/rosario/Desktop/Sensors/LAB5_robot/build/turtlebot3_perception/build/lib/turtlebot3_perception/laserscan2lines_node.py -> /home/rosario/Desktop/Sensors/LAB5_robot/install/turtlebot3_perception/lib/python3.10/site-packages/turtlebot3_perception
[0.684s] copying /home/rosario/Desktop/Sensors/LAB5_robot/build/turtlebot3_perception/build/lib/turtlebot3_perception/laserscan2lines.py -> /home/rosario/Desktop/Sensors/LAB5_robot/install/turtlebot3_perception/lib/python3.10/site-packages/turtlebot3_perception
[0.684s] copying /home/rosario/Desktop/Sensors/LAB5_robot/build/turtlebot3_perception/build/lib/turtlebot3_perception/landmark_simulator.py -> /home/rosario/Desktop/Sensors/LAB5_robot/install/turtlebot3_perception/lib/python3.10/site-packages/turtlebot3_perception
[0.684s] copying /home/rosario/Desktop/Sensors/LAB5_robot/build/turtlebot3_perception/build/lib/turtlebot3_perception/detection2landmark.py -> /home/rosario/Desktop/Sensors/LAB5_robot/install/turtlebot3_perception/lib/python3.10/site-packages/turtlebot3_perception
[0.684s] copying /home/rosario/Desktop/Sensors/LAB5_robot/build/turtlebot3_perception/build/lib/turtlebot3_perception/__init__.py -> /home/rosario/Desktop/Sensors/LAB5_robot/install/turtlebot3_perception/lib/python3.10/site-packages/turtlebot3_perception
[0.684s] byte-compiling /home/rosario/Desktop/Sensors/LAB5_robot/install/turtlebot3_perception/lib/python3.10/site-packages/turtlebot3_perception/laserscan2lines_node.py to laserscan2lines_node.cpython-310.pyc
[0.685s] byte-compiling /home/rosario/Desktop/Sensors/LAB5_robot/install/turtlebot3_perception/lib/python3.10/site-packages/turtlebot3_perception/laserscan2lines.py to laserscan2lines.cpython-310.pyc
[0.686s] byte-compiling /home/rosario/Desktop/Sensors/LAB5_robot/install/turtlebot3_perception/lib/python3.10/site-packages/turtlebot3_perception/landmark_simulator.py to landmark_simulator.cpython-310.pyc
[0.686s] byte-compiling /home/rosario/Desktop/Sensors/LAB5_robot/install/turtlebot3_perception/lib/python3.10/site-packages/turtlebot3_perception/detection2landmark.py to detection2landmark.cpython-310.pyc
[0.687s] byte-compiling /home/rosario/Desktop/Sensors/LAB5_robot/install/turtlebot3_perception/lib/python3.10/site-packages/turtlebot3_perception/__init__.py to __init__.cpython-310.pyc
[0.687s] running install_data
[0.687s] creating /home/rosario/Desktop/Sensors/LAB5_robot/install/turtlebot3_perception/share/ament_index
[0.687s] creating /home/rosario/Desktop/Sensors/LAB5_robot/install/turtlebot3_perception/share/ament_index/resource_index
[0.687s] creating /home/rosario/Desktop/Sensors/LAB5_robot/install/turtlebot3_perception/share/ament_index/resource_index/packages
[0.687s] copying resource/turtlebot3_perception -> /home/rosario/Desktop/Sensors/LAB5_robot/install/turtlebot3_perception/share/ament_index/resource_index/packages
[0.687s] copying package.xml -> /home/rosario/Desktop/Sensors/LAB5_robot/install/turtlebot3_perception/share/turtlebot3_perception
[0.687s] creating /home/rosario/Desktop/Sensors/LAB5_robot/install/turtlebot3_perception/share/turtlebot3_perception/launch
[0.687s] copying launch/apriltag.launch.py -> /home/rosario/Desktop/Sensors/LAB5_robot/install/turtlebot3_perception/share/turtlebot3_perception/launch
[0.687s] copying launch/camera.launch.py -> /home/rosario/Desktop/Sensors/LAB5_robot/install/turtlebot3_perception/share/turtlebot3_perception/launch
[0.688s] copying launch/rs_launch_composable.launch.py -> /home/rosario/Desktop/Sensors/LAB5_robot/install/turtlebot3_perception/share/turtlebot3_perception/launch
[0.688s] creating /home/rosario/Desktop/Sensors/LAB5_robot/install/turtlebot3_perception/share/turtlebot3_perception/config
[0.688s] copying config/apriltag.yaml -> /home/rosario/Desktop/Sensors/LAB5_robot/install/turtlebot3_perception/share/turtlebot3_perception/config
[0.688s] copying config/default.rviz -> /home/rosario/Desktop/Sensors/LAB5_robot/install/turtlebot3_perception/share/turtlebot3_perception/config
[0.688s] copying config/landmarks.yaml -> /home/rosario/Desktop/Sensors/LAB5_robot/install/turtlebot3_perception/share/turtlebot3_perception/config
[0.688s] copying config/oakd_config.yaml -> /home/rosario/Desktop/Sensors/LAB5_robot/install/turtlebot3_perception/share/turtlebot3_perception/config
[0.688s] running install_egg_info
[0.690s] Copying ../../../build/turtlebot3_perception/turtlebot3_perception.egg-info to /home/rosario/Desktop/Sensors/LAB5_robot/install/turtlebot3_perception/lib/python3.10/site-packages/turtlebot3_perception-0.0.0-py3.10.egg-info
[0.691s] running install_scripts
[0.705s] Installing detection2landmark script to /home/rosario/Desktop/Sensors/LAB5_robot/install/turtlebot3_perception/lib/turtlebot3_perception
[0.705s] Installing landmark_simulator script to /home/rosario/Desktop/Sensors/LAB5_robot/install/turtlebot3_perception/lib/turtlebot3_perception
[0.705s] Installing laserscan2lines script to /home/rosario/Desktop/Sensors/LAB5_robot/install/turtlebot3_perception/lib/turtlebot3_perception
[0.706s] writing list of installed files to '/home/rosario/Desktop/Sensors/LAB5_robot/build/turtlebot3_perception/install.log'
[0.730s] Invoked command in '/home/rosario/Desktop/Sensors/LAB5_robot/src/turtlebot3_perception/turtlebot3_perception' returned '0': AMENT_PREFIX_PATH=/home/rosario/Desktop/Sensors/LAB5_robot/install/landmark_msgs:${AMENT_PREFIX_PATH} CMAKE_PREFIX_PATH=/home/rosario/Desktop/Sensors/LAB5_robot/install/landmark_msgs LD_LIBRARY_PATH=/home/rosario/Desktop/Sensors/LAB5_robot/install/landmark_msgs/lib:/usr/lib/x86_64-linux-gnu/gazebo-11/plugins:/opt/ros/humble/opt/rviz_ogre_vendor/lib:/opt/ros/humble/lib/x86_64-linux-gnu:/opt/ros/humble/lib:/usr/share/gazebo/../../lib/x86_64-linux-gnu/gazebo-11/plugins:/usr/share/gazebo/../../lib/x86_64-linux-gnu/gazebo-11/plugins:/usr/share/gazebo/../../lib/x86_64-linux-gnu/gazebo-11/plugins PYTHONPATH=/home/rosario/Desktop/Sensors/LAB5_robot/build/turtlebot3_perception/prefix_override:/usr/lib/python3/dist-packages/colcon_core/task/python/colcon_distutils_commands:/home/rosario/Desktop/Sensors/LAB5_robot/install/turtlebot3_perception/lib/python3.10/site-packages:/home/rosario/Desktop/Sensors/LAB5_robot/install/landmark_msgs/local/lib/python3.10/dist-packages:${PYTHONPATH} /usr/bin/python3 -W ignore:setup.py install is deprecated setup.py egg_info --egg-base ../../../build/turtlebot3_perception build --build-base /home/rosario/Desktop/Sensors/LAB5_robot/build/turtlebot3_perception/build install --record /home/rosario/Desktop/Sensors/LAB5_robot/build/turtlebot3_perception/install.log --single-version-externally-managed install_data
