[0.479s] Invoking command in '/home/rosario/Desktop/Sensors/LAB1/ex1/src/lab01_pkg': PYTHONPATH=/home/rosario/Desktop/Sensors/LAB1/ex1/src/build/lab01_pkg/prefix_override:/usr/lib/python3/dist-packages/colcon_core/task/python/colcon_distutils_commands:/home/rosario/Desktop/Sensors/LAB1/ex1/src/install/lab01_pkg/lib/python3.10/site-packages:${PYTHONPATH} /usr/bin/python3 -W ignore:setup.py install is deprecated setup.py egg_info --egg-base ../build/lab01_pkg build --build-base /home/rosario/Desktop/Sensors/LAB1/ex1/src/build/lab01_pkg/build install --record /home/rosario/Desktop/Sensors/LAB1/ex1/src/build/lab01_pkg/install.log --single-version-externally-managed install_data
[0.632s] running egg_info
[0.632s] writing ../build/lab01_pkg/lab01_pkg.egg-info/PKG-INFO
[0.632s] writing dependency_links to ../build/lab01_pkg/lab01_pkg.egg-info/dependency_links.txt
[0.632s] writing entry points to ../build/lab01_pkg/lab01_pkg.egg-info/entry_points.txt
[0.632s] writing requirements to ../build/lab01_pkg/lab01_pkg.egg-info/requires.txt
[0.632s] writing top-level names to ../build/lab01_pkg/lab01_pkg.egg-info/top_level.txt
[0.633s] reading manifest file '../build/lab01_pkg/lab01_pkg.egg-info/SOURCES.txt'
[0.634s] adding license file 'LICENSE'
[0.635s] writing manifest file '../build/lab01_pkg/lab01_pkg.egg-info/SOURCES.txt'
[0.635s] running build
[0.635s] running build_py
[0.635s] copying lab01_pkg/controller.py -> /home/rosario/Desktop/Sensors/LAB1/ex1/src/build/lab01_pkg/build/lib/lab01_pkg
[0.635s] running install
[0.635s] running install_lib
[0.636s] copying /home/rosario/Desktop/Sensors/LAB1/ex1/src/build/lab01_pkg/build/lib/lab01_pkg/controller.py -> /home/rosario/Desktop/Sensors/LAB1/ex1/src/install/lab01_pkg/lib/python3.10/site-packages/lab01_pkg
[0.636s] byte-compiling /home/rosario/Desktop/Sensors/LAB1/ex1/src/install/lab01_pkg/lib/python3.10/site-packages/lab01_pkg/controller.py to controller.cpython-310.pyc
[0.637s] running install_data
[0.637s] running install_egg_info
[0.638s] removing '/home/rosario/Desktop/Sensors/LAB1/ex1/src/install/lab01_pkg/lib/python3.10/site-packages/lab01_pkg-0.0.0-py3.10.egg-info' (and everything under it)
[0.638s] Copying ../build/lab01_pkg/lab01_pkg.egg-info to /home/rosario/Desktop/Sensors/LAB1/ex1/src/install/lab01_pkg/lib/python3.10/site-packages/lab01_pkg-0.0.0-py3.10.egg-info
[0.639s] running install_scripts
[0.653s] Installing controller script to /home/rosario/Desktop/Sensors/LAB1/ex1/src/install/lab01_pkg/lib/lab01_pkg
[0.653s] writing list of installed files to '/home/rosario/Desktop/Sensors/LAB1/ex1/src/build/lab01_pkg/install.log'
[0.675s] Invoked command in '/home/rosario/Desktop/Sensors/LAB1/ex1/src/lab01_pkg' returned '0': PYTHONPATH=/home/rosario/Desktop/Sensors/LAB1/ex1/src/build/lab01_pkg/prefix_override:/usr/lib/python3/dist-packages/colcon_core/task/python/colcon_distutils_commands:/home/rosario/Desktop/Sensors/LAB1/ex1/src/install/lab01_pkg/lib/python3.10/site-packages:${PYTHONPATH} /usr/bin/python3 -W ignore:setup.py install is deprecated setup.py egg_info --egg-base ../build/lab01_pkg build --build-base /home/rosario/Desktop/Sensors/LAB1/ex1/src/build/lab01_pkg/build install --record /home/rosario/Desktop/Sensors/LAB1/ex1/src/build/lab01_pkg/install.log --single-version-externally-managed install_data
