[0.012s] Invoking command in '/home/rosario/Desktop/Sensors/LAB5_robot/build/landmark_msgs': CMAKE_PREFIX_PATH=/opt/ros/humble /usr/bin/cmake /home/rosario/Desktop/Sensors/LAB5_robot/src/turtlebot3_perception/landmark_msgs -DCMAKE_INSTALL_PREFIX=/home/rosario/Desktop/Sensors/LAB5_robot/install/landmark_msgs
[0.081s] -- The C compiler identification is GNU 11.4.0
[0.129s] -- The CXX compiler identification is GNU 11.4.0
[0.136s] -- Detecting C compiler ABI info
[0.205s] -- Detecting C compiler ABI info - done
[0.209s] -- Check for working C compiler: /usr/bin/cc - skipped
[0.209s] -- Detecting C compile features
[0.209s] -- Detecting C compile features - done
[0.211s] -- Detecting CXX compiler ABI info
[0.286s] -- Detecting CXX compiler ABI info - done
[0.290s] -- Check for working CXX compiler: /usr/bin/c++ - skipped
[0.290s] -- Detecting CXX compile features
[0.291s] -- Detecting CXX compile features - done
[0.292s] -- Found ament_cmake: 1.3.10 (/opt/ros/humble/share/ament_cmake/cmake)
[0.411s] -- Found Python3: /usr/bin/python3 (found version "3.10.12") found components: Interpreter 
[0.490s] -- Found rosidl_default_generators: 1.2.0 (/opt/ros/humble/share/rosidl_default_generators/cmake)
[0.492s] -- Using all available rosidl_typesupport_c: rosidl_typesupport_fastrtps_c;rosidl_typesupport_introspection_c
[0.496s] -- Found rosidl_adapter: 3.1.5 (/opt/ros/humble/share/rosidl_adapter/cmake)
[0.526s] -- Using all available rosidl_typesupport_cpp: rosidl_typesupport_fastrtps_cpp;rosidl_typesupport_introspection_cpp
[0.548s] -- Found std_msgs: 4.2.4 (/opt/ros/humble/share/std_msgs/cmake)
[0.771s] -- Found ament_cmake_ros: 0.10.0 (/opt/ros/humble/share/ament_cmake_ros/cmake)
[0.944s] -- Using all available rosidl_typesupport_c: rosidl_typesupport_fastrtps_c;rosidl_typesupport_introspection_c
[1.180s] -- Using all available rosidl_typesupport_cpp: rosidl_typesupport_fastrtps_cpp;rosidl_typesupport_introspection_cpp
[1.198s] -- Found PythonInterp: /usr/bin/python3 (found suitable version "3.10.12", minimum required is "3.6") 
[1.199s] -- Found python_cmake_module: 0.10.0 (/opt/ros/humble/share/python_cmake_module/cmake)
[1.223s] -- Found PythonLibs: /usr/lib/x86_64-linux-gnu/libpython3.10.so (found suitable version "3.10.12", minimum required is "3.5") 
[1.223s] -- Using PYTHON_EXECUTABLE: /usr/bin/python3
[1.223s] -- Using PYTHON_INCLUDE_DIRS: /usr/include/python3.10
[1.223s] -- Using PYTHON_LIBRARIES: /usr/lib/x86_64-linux-gnu/libpython3.10.so
[1.240s] -- Found PythonExtra: .so  
[1.279s] -- Configuring done
[1.303s] -- Generating done
[1.305s] -- Build files have been written to: /home/rosario/Desktop/Sensors/LAB5_robot/build/landmark_msgs
[1.319s] Invoked command in '/home/rosario/Desktop/Sensors/LAB5_robot/build/landmark_msgs' returned '0': CMAKE_PREFIX_PATH=/opt/ros/humble /usr/bin/cmake /home/rosario/Desktop/Sensors/LAB5_robot/src/turtlebot3_perception/landmark_msgs -DCMAKE_INSTALL_PREFIX=/home/rosario/Desktop/Sensors/LAB5_robot/install/landmark_msgs
[1.320s] Invoking command in '/home/rosario/Desktop/Sensors/LAB5_robot/build/landmark_msgs': CMAKE_PREFIX_PATH=/opt/ros/humble /usr/bin/cmake --build /home/rosario/Desktop/Sensors/LAB5_robot/build/landmark_msgs -- -j16 -l16
[1.368s] [  2%] [34m[1mGenerating C code for ROS interfaces[0m
[1.379s] [  5%] [34m[1mGenerating C++ code for ROS interfaces[0m
[1.389s] [  5%] Built target ament_cmake_python_copy_landmark_msgs
[1.596s] running egg_info
[1.597s] creating landmark_msgs.egg-info
[1.597s] writing landmark_msgs.egg-info/PKG-INFO
[1.597s] writing dependency_links to landmark_msgs.egg-info/dependency_links.txt
[1.597s] writing top-level names to landmark_msgs.egg-info/top_level.txt
[1.597s] writing manifest file 'landmark_msgs.egg-info/SOURCES.txt'
[1.599s] reading manifest file 'landmark_msgs.egg-info/SOURCES.txt'
[1.600s] writing manifest file 'landmark_msgs.egg-info/SOURCES.txt'
[1.601s] [  5%] Built target landmark_msgs__cpp
[1.613s] [ 12%] [34m[1mGenerating C++ type support dispatch for ROS interfaces[0m
[1.613s] [ 12%] [34m[1mGenerating C++ type support for eProsima Fast-RTPS[0m
[1.613s] [ 12%] [34m[1mGenerating C++ introspection for ROS interfaces[0m
[1.626s] [ 17%] [32mBuilding C object CMakeFiles/landmark_msgs__rosidl_generator_c.dir/rosidl_generator_c/landmark_msgs/msg/detail/landmark__functions.c.o[0m
[1.626s] [ 17%] [32mBuilding C object CMakeFiles/landmark_msgs__rosidl_generator_c.dir/rosidl_generator_c/landmark_msgs/msg/detail/landmark_array__functions.c.o[0m
[1.670s] [ 20%] [32m[1mLinking C shared library liblandmark_msgs__rosidl_generator_c.so[0m
[1.678s] [ 20%] Built target ament_cmake_python_build_landmark_msgs_egg
[1.708s] [ 20%] Built target landmark_msgs__rosidl_generator_c
[1.721s] [ 28%] [34m[1mGenerating C type support dispatch for ROS interfaces[0m
[1.721s] [ 28%] [34m[1mGenerating C introspection for ROS interfaces[0m
[1.721s] [ 28%] [34m[1mGenerating C type support for eProsima Fast-RTPS[0m
[1.849s] [ 30%] [32mBuilding CXX object CMakeFiles/landmark_msgs__rosidl_typesupport_cpp.dir/rosidl_typesupport_cpp/landmark_msgs/msg/landmark__type_support.cpp.o[0m
[1.853s] [ 33%] [32mBuilding CXX object CMakeFiles/landmark_msgs__rosidl_typesupport_cpp.dir/rosidl_typesupport_cpp/landmark_msgs/msg/landmark_array__type_support.cpp.o[0m
[1.890s] [ 38%] [32mBuilding CXX object CMakeFiles/landmark_msgs__rosidl_typesupport_fastrtps_cpp.dir/rosidl_typesupport_fastrtps_cpp/landmark_msgs/msg/detail/dds_fastrtps/landmark_array__type_support.cpp.o[0m
[1.890s] [ 38%] [32mBuilding CXX object CMakeFiles/landmark_msgs__rosidl_typesupport_fastrtps_cpp.dir/rosidl_typesupport_fastrtps_cpp/landmark_msgs/msg/detail/dds_fastrtps/landmark__type_support.cpp.o[0m
[1.937s] [ 43%] [32mBuilding CXX object CMakeFiles/landmark_msgs__rosidl_typesupport_introspection_cpp.dir/rosidl_typesupport_introspection_cpp/landmark_msgs/msg/detail/landmark_array__type_support.cpp.o[0m
[1.937s] [ 43%] [32mBuilding CXX object CMakeFiles/landmark_msgs__rosidl_typesupport_introspection_cpp.dir/rosidl_typesupport_introspection_cpp/landmark_msgs/msg/detail/landmark__type_support.cpp.o[0m
[2.002s] [ 48%] [32mBuilding CXX object CMakeFiles/landmark_msgs__rosidl_typesupport_c.dir/rosidl_typesupport_c/landmark_msgs/msg/landmark__type_support.cpp.o[0m
[2.002s] [ 48%] [32mBuilding CXX object CMakeFiles/landmark_msgs__rosidl_typesupport_c.dir/rosidl_typesupport_c/landmark_msgs/msg/landmark_array__type_support.cpp.o[0m
[2.037s] [ 51%] [32m[1mLinking CXX shared library liblandmark_msgs__rosidl_typesupport_c.so[0m
[2.044s] [ 56%] [32mBuilding C object CMakeFiles/landmark_msgs__rosidl_typesupport_introspection_c.dir/rosidl_typesupport_introspection_c/landmark_msgs/msg/detail/landmark_array__type_support.c.o[0m
[2.044s] [ 56%] [32mBuilding C object CMakeFiles/landmark_msgs__rosidl_typesupport_introspection_c.dir/rosidl_typesupport_introspection_c/landmark_msgs/msg/detail/landmark__type_support.c.o[0m
[2.087s] [ 58%] [32m[1mLinking C shared library liblandmark_msgs__rosidl_typesupport_introspection_c.so[0m
[2.087s] [ 58%] Built target landmark_msgs__rosidl_typesupport_c
[2.088s] [ 61%] [32mBuilding CXX object CMakeFiles/landmark_msgs__rosidl_typesupport_fastrtps_c.dir/rosidl_typesupport_fastrtps_c/landmark_msgs/msg/detail/landmark__type_support_c.cpp.o[0m
[2.089s] [ 64%] [32mBuilding CXX object CMakeFiles/landmark_msgs__rosidl_typesupport_fastrtps_c.dir/rosidl_typesupport_fastrtps_c/landmark_msgs/msg/detail/landmark_array__type_support_c.cpp.o[0m
[2.128s] [ 64%] Built target landmark_msgs__rosidl_typesupport_introspection_c
[2.161s] [ 66%] [32m[1mLinking CXX shared library liblandmark_msgs__rosidl_typesupport_cpp.so[0m
[2.202s] [ 66%] Built target landmark_msgs__rosidl_typesupport_cpp
[2.385s] [ 69%] [32m[1mLinking CXX shared library liblandmark_msgs__rosidl_typesupport_introspection_cpp.so[0m
[2.430s] [ 74%] [32m[1mLinking CXX shared library liblandmark_msgs__rosidl_typesupport_fastrtps_c.so[0m
[2.430s] [ 74%] [32m[1mLinking CXX shared library liblandmark_msgs__rosidl_typesupport_fastrtps_cpp.so[0m
[2.479s] [ 74%] Built target landmark_msgs__rosidl_typesupport_introspection_cpp
[2.510s] [ 74%] Built target landmark_msgs__rosidl_typesupport_fastrtps_cpp
[2.520s] [ 74%] Built target landmark_msgs__rosidl_typesupport_fastrtps_c
[2.544s] [ 74%] Built target landmark_msgs
[2.567s] [ 76%] [34m[1mGenerating Python code for ROS interfaces[0m
[2.827s] [ 76%] Built target landmark_msgs__py
[2.848s] [ 82%] [32mBuilding C object CMakeFiles/landmark_msgs__rosidl_generator_py.dir/rosidl_generator_py/landmark_msgs/msg/_landmark_s.c.o[0m
[2.849s] [ 82%] [32mBuilding C object CMakeFiles/landmark_msgs__rosidl_generator_py.dir/rosidl_generator_py/landmark_msgs/msg/_landmark_array_s.c.o[0m
[2.940s] [ 84%] [32m[1mLinking C shared library rosidl_generator_py/landmark_msgs/liblandmark_msgs__rosidl_generator_py.so[0m
[2.978s] [ 84%] Built target landmark_msgs__rosidl_generator_py
[2.997s] [ 92%] [32mBuilding C object CMakeFiles/landmark_msgs__rosidl_typesupport_fastrtps_c__pyext.dir/rosidl_generator_py/landmark_msgs/_landmark_msgs_s.ep.rosidl_typesupport_fastrtps_c.c.o[0m
[2.997s] [ 92%] [32mBuilding C object CMakeFiles/landmark_msgs__rosidl_typesupport_introspection_c__pyext.dir/rosidl_generator_py/landmark_msgs/_landmark_msgs_s.ep.rosidl_typesupport_introspection_c.c.o[0m
[2.997s] [ 92%] [32mBuilding C object CMakeFiles/landmark_msgs__rosidl_typesupport_c__pyext.dir/rosidl_generator_py/landmark_msgs/_landmark_msgs_s.ep.rosidl_typesupport_c.c.o[0m
[3.070s] [ 97%] [32m[1mLinking C shared library rosidl_generator_py/landmark_msgs/landmark_msgs_s__rosidl_typesupport_c.cpython-310-x86_64-linux-gnu.so[0m
[3.071s] [ 97%] [32m[1mLinking C shared library rosidl_generator_py/landmark_msgs/landmark_msgs_s__rosidl_typesupport_introspection_c.cpython-310-x86_64-linux-gnu.so[0m
[3.082s] [100%] [32m[1mLinking C shared library rosidl_generator_py/landmark_msgs/landmark_msgs_s__rosidl_typesupport_fastrtps_c.cpython-310-x86_64-linux-gnu.so[0m
[3.102s] [100%] Built target landmark_msgs__rosidl_typesupport_c__pyext
[3.102s] [100%] Built target landmark_msgs__rosidl_typesupport_introspection_c__pyext
[3.117s] [100%] Built target landmark_msgs__rosidl_typesupport_fastrtps_c__pyext
[3.131s] Invoked command in '/home/rosario/Desktop/Sensors/LAB5_robot/build/landmark_msgs' returned '0': CMAKE_PREFIX_PATH=/opt/ros/humble /usr/bin/cmake --build /home/rosario/Desktop/Sensors/LAB5_robot/build/landmark_msgs -- -j16 -l16
[3.225s] Invoking command in '/home/rosario/Desktop/Sensors/LAB5_robot/build/landmark_msgs': CMAKE_PREFIX_PATH=/opt/ros/humble /usr/bin/cmake --install /home/rosario/Desktop/Sensors/LAB5_robot/build/landmark_msgs
[3.232s] -- Install configuration: ""
[3.232s] -- Installing: /home/rosario/Desktop/Sensors/LAB5_robot/install/landmark_msgs/share/ament_index/resource_index/rosidl_interfaces/landmark_msgs
[3.232s] -- Installing: /home/rosario/Desktop/Sensors/LAB5_robot/install/landmark_msgs/include/landmark_msgs/landmark_msgs
[3.232s] -- Installing: /home/rosario/Desktop/Sensors/LAB5_robot/install/landmark_msgs/include/landmark_msgs/landmark_msgs/msg
[3.232s] -- Installing: /home/rosario/Desktop/Sensors/LAB5_robot/install/landmark_msgs/include/landmark_msgs/landmark_msgs/msg/landmark.h
[3.232s] -- Installing: /home/rosario/Desktop/Sensors/LAB5_robot/install/landmark_msgs/include/landmark_msgs/landmark_msgs/msg/landmark_array.h
[3.233s] -- Installing: /home/rosario/Desktop/Sensors/LAB5_robot/install/landmark_msgs/include/landmark_msgs/landmark_msgs/msg/detail
[3.233s] -- Installing: /home/rosario/Desktop/Sensors/LAB5_robot/install/landmark_msgs/include/landmark_msgs/landmark_msgs/msg/detail/landmark_array__functions.c
[3.233s] -- Installing: /home/rosario/Desktop/Sensors/LAB5_robot/install/landmark_msgs/include/landmark_msgs/landmark_msgs/msg/detail/landmark__functions.h
[3.233s] -- Installing: /home/rosario/Desktop/Sensors/LAB5_robot/install/landmark_msgs/include/landmark_msgs/landmark_msgs/msg/detail/landmark__type_support.h
[3.233s] -- Installing: /home/rosario/Desktop/Sensors/LAB5_robot/install/landmark_msgs/include/landmark_msgs/landmark_msgs/msg/detail/landmark_array__functions.h
[3.233s] -- Installing: /home/rosario/Desktop/Sensors/LAB5_robot/install/landmark_msgs/include/landmark_msgs/landmark_msgs/msg/detail/landmark_array__struct.h
[3.233s] -- Installing: /home/rosario/Desktop/Sensors/LAB5_robot/install/landmark_msgs/include/landmark_msgs/landmark_msgs/msg/detail/landmark__functions.c
[3.233s] -- Installing: /home/rosario/Desktop/Sensors/LAB5_robot/install/landmark_msgs/include/landmark_msgs/landmark_msgs/msg/detail/landmark_array__type_support.h
[3.233s] -- Installing: /home/rosario/Desktop/Sensors/LAB5_robot/install/landmark_msgs/include/landmark_msgs/landmark_msgs/msg/detail/landmark__struct.h
[3.233s] -- Installing: /home/rosario/Desktop/Sensors/LAB5_robot/install/landmark_msgs/include/landmark_msgs/landmark_msgs/msg/rosidl_generator_c__visibility_control.h
[3.234s] -- Installing: /home/rosario/Desktop/Sensors/LAB5_robot/install/landmark_msgs/share/landmark_msgs/environment/library_path.sh
[3.234s] -- Installing: /home/rosario/Desktop/Sensors/LAB5_robot/install/landmark_msgs/share/landmark_msgs/environment/library_path.dsv
[3.234s] -- Installing: /home/rosario/Desktop/Sensors/LAB5_robot/install/landmark_msgs/lib/liblandmark_msgs__rosidl_generator_c.so
[3.234s] -- Set runtime path of "/home/rosario/Desktop/Sensors/LAB5_robot/install/landmark_msgs/lib/liblandmark_msgs__rosidl_generator_c.so" to ""
[3.234s] -- Up-to-date: /home/rosario/Desktop/Sensors/LAB5_robot/install/landmark_msgs/include/landmark_msgs/landmark_msgs
[3.234s] -- Up-to-date: /home/rosario/Desktop/Sensors/LAB5_robot/install/landmark_msgs/include/landmark_msgs/landmark_msgs/msg
[3.234s] -- Installing: /home/rosario/Desktop/Sensors/LAB5_robot/install/landmark_msgs/include/landmark_msgs/landmark_msgs/msg/rosidl_typesupport_fastrtps_c__visibility_control.h
[3.234s] -- Up-to-date: /home/rosario/Desktop/Sensors/LAB5_robot/install/landmark_msgs/include/landmark_msgs/landmark_msgs/msg/detail
[3.235s] -- Installing: /home/rosario/Desktop/Sensors/LAB5_robot/install/landmark_msgs/include/landmark_msgs/landmark_msgs/msg/detail/landmark_array__rosidl_typesupport_fastrtps_c.h
[3.235s] -- Installing: /home/rosario/Desktop/Sensors/LAB5_robot/install/landmark_msgs/include/landmark_msgs/landmark_msgs/msg/detail/landmark__rosidl_typesupport_fastrtps_c.h
[3.235s] -- Installing: /home/rosario/Desktop/Sensors/LAB5_robot/install/landmark_msgs/lib/liblandmark_msgs__rosidl_typesupport_fastrtps_c.so
[3.235s] -- Set runtime path of "/home/rosario/Desktop/Sensors/LAB5_robot/install/landmark_msgs/lib/liblandmark_msgs__rosidl_typesupport_fastrtps_c.so" to ""
[3.235s] -- Up-to-date: /home/rosario/Desktop/Sensors/LAB5_robot/install/landmark_msgs/include/landmark_msgs/landmark_msgs
[3.235s] -- Up-to-date: /home/rosario/Desktop/Sensors/LAB5_robot/install/landmark_msgs/include/landmark_msgs/landmark_msgs/msg
[3.235s] -- Installing: /home/rosario/Desktop/Sensors/LAB5_robot/install/landmark_msgs/include/landmark_msgs/landmark_msgs/msg/rosidl_typesupport_introspection_c__visibility_control.h
[3.235s] -- Up-to-date: /home/rosario/Desktop/Sensors/LAB5_robot/install/landmark_msgs/include/landmark_msgs/landmark_msgs/msg/detail
[3.235s] -- Installing: /home/rosario/Desktop/Sensors/LAB5_robot/install/landmark_msgs/include/landmark_msgs/landmark_msgs/msg/detail/landmark_array__type_support.c
[3.235s] -- Installing: /home/rosario/Desktop/Sensors/LAB5_robot/install/landmark_msgs/include/landmark_msgs/landmark_msgs/msg/detail/landmark__rosidl_typesupport_introspection_c.h
[3.236s] -- Installing: /home/rosario/Desktop/Sensors/LAB5_robot/install/landmark_msgs/include/landmark_msgs/landmark_msgs/msg/detail/landmark_array__rosidl_typesupport_introspection_c.h
[3.236s] -- Installing: /home/rosario/Desktop/Sensors/LAB5_robot/install/landmark_msgs/include/landmark_msgs/landmark_msgs/msg/detail/landmark__type_support.c
[3.236s] -- Installing: /home/rosario/Desktop/Sensors/LAB5_robot/install/landmark_msgs/lib/liblandmark_msgs__rosidl_typesupport_introspection_c.so
[3.236s] -- Set runtime path of "/home/rosario/Desktop/Sensors/LAB5_robot/install/landmark_msgs/lib/liblandmark_msgs__rosidl_typesupport_introspection_c.so" to ""
[3.236s] -- Installing: /home/rosario/Desktop/Sensors/LAB5_robot/install/landmark_msgs/lib/liblandmark_msgs__rosidl_typesupport_c.so
[3.236s] -- Set runtime path of "/home/rosario/Desktop/Sensors/LAB5_robot/install/landmark_msgs/lib/liblandmark_msgs__rosidl_typesupport_c.so" to ""
[3.237s] -- Up-to-date: /home/rosario/Desktop/Sensors/LAB5_robot/install/landmark_msgs/include/landmark_msgs/landmark_msgs
[3.237s] -- Up-to-date: /home/rosario/Desktop/Sensors/LAB5_robot/install/landmark_msgs/include/landmark_msgs/landmark_msgs/msg
[3.237s] -- Installing: /home/rosario/Desktop/Sensors/LAB5_robot/install/landmark_msgs/include/landmark_msgs/landmark_msgs/msg/landmark.hpp
[3.237s] -- Up-to-date: /home/rosario/Desktop/Sensors/LAB5_robot/install/landmark_msgs/include/landmark_msgs/landmark_msgs/msg/detail
[3.237s] -- Installing: /home/rosario/Desktop/Sensors/LAB5_robot/install/landmark_msgs/include/landmark_msgs/landmark_msgs/msg/detail/landmark__builder.hpp
[3.237s] -- Installing: /home/rosario/Desktop/Sensors/LAB5_robot/install/landmark_msgs/include/landmark_msgs/landmark_msgs/msg/detail/landmark_array__traits.hpp
[3.237s] -- Installing: /home/rosario/Desktop/Sensors/LAB5_robot/install/landmark_msgs/include/landmark_msgs/landmark_msgs/msg/detail/landmark_array__builder.hpp
[3.237s] -- Installing: /home/rosario/Desktop/Sensors/LAB5_robot/install/landmark_msgs/include/landmark_msgs/landmark_msgs/msg/detail/landmark__traits.hpp
[3.237s] -- Installing: /home/rosario/Desktop/Sensors/LAB5_robot/install/landmark_msgs/include/landmark_msgs/landmark_msgs/msg/detail/landmark__struct.hpp
[3.237s] -- Installing: /home/rosario/Desktop/Sensors/LAB5_robot/install/landmark_msgs/include/landmark_msgs/landmark_msgs/msg/detail/landmark_array__struct.hpp
[3.238s] -- Installing: /home/rosario/Desktop/Sensors/LAB5_robot/install/landmark_msgs/include/landmark_msgs/landmark_msgs/msg/landmark_array.hpp
[3.238s] -- Up-to-date: /home/rosario/Desktop/Sensors/LAB5_robot/install/landmark_msgs/include/landmark_msgs/landmark_msgs
[3.238s] -- Up-to-date: /home/rosario/Desktop/Sensors/LAB5_robot/install/landmark_msgs/include/landmark_msgs/landmark_msgs/msg
[3.238s] -- Installing: /home/rosario/Desktop/Sensors/LAB5_robot/install/landmark_msgs/include/landmark_msgs/landmark_msgs/msg/rosidl_typesupport_fastrtps_cpp__visibility_control.h
[3.238s] -- Up-to-date: /home/rosario/Desktop/Sensors/LAB5_robot/install/landmark_msgs/include/landmark_msgs/landmark_msgs/msg/detail
[3.238s] -- Installing: /home/rosario/Desktop/Sensors/LAB5_robot/install/landmark_msgs/include/landmark_msgs/landmark_msgs/msg/detail/landmark_array__rosidl_typesupport_fastrtps_cpp.hpp
[3.238s] -- Installing: /home/rosario/Desktop/Sensors/LAB5_robot/install/landmark_msgs/include/landmark_msgs/landmark_msgs/msg/detail/dds_fastrtps
[3.238s] -- Installing: /home/rosario/Desktop/Sensors/LAB5_robot/install/landmark_msgs/include/landmark_msgs/landmark_msgs/msg/detail/landmark__rosidl_typesupport_fastrtps_cpp.hpp
[3.238s] -- Installing: /home/rosario/Desktop/Sensors/LAB5_robot/install/landmark_msgs/lib/liblandmark_msgs__rosidl_typesupport_fastrtps_cpp.so
[3.239s] -- Set runtime path of "/home/rosario/Desktop/Sensors/LAB5_robot/install/landmark_msgs/lib/liblandmark_msgs__rosidl_typesupport_fastrtps_cpp.so" to ""
[3.239s] -- Up-to-date: /home/rosario/Desktop/Sensors/LAB5_robot/install/landmark_msgs/include/landmark_msgs/landmark_msgs
[3.239s] -- Up-to-date: /home/rosario/Desktop/Sensors/LAB5_robot/install/landmark_msgs/include/landmark_msgs/landmark_msgs/msg
[3.239s] -- Up-to-date: /home/rosario/Desktop/Sensors/LAB5_robot/install/landmark_msgs/include/landmark_msgs/landmark_msgs/msg/detail
[3.239s] -- Installing: /home/rosario/Desktop/Sensors/LAB5_robot/install/landmark_msgs/include/landmark_msgs/landmark_msgs/msg/detail/landmark__type_support.cpp
[3.239s] -- Installing: /home/rosario/Desktop/Sensors/LAB5_robot/install/landmark_msgs/include/landmark_msgs/landmark_msgs/msg/detail/landmark_array__type_support.cpp
[3.239s] -- Installing: /home/rosario/Desktop/Sensors/LAB5_robot/install/landmark_msgs/include/landmark_msgs/landmark_msgs/msg/detail/landmark__rosidl_typesupport_introspection_cpp.hpp
[3.239s] -- Installing: /home/rosario/Desktop/Sensors/LAB5_robot/install/landmark_msgs/include/landmark_msgs/landmark_msgs/msg/detail/landmark_array__rosidl_typesupport_introspection_cpp.hpp
[3.239s] -- Installing: /home/rosario/Desktop/Sensors/LAB5_robot/install/landmark_msgs/lib/liblandmark_msgs__rosidl_typesupport_introspection_cpp.so
[3.240s] -- Set runtime path of "/home/rosario/Desktop/Sensors/LAB5_robot/install/landmark_msgs/lib/liblandmark_msgs__rosidl_typesupport_introspection_cpp.so" to ""
[3.240s] -- Installing: /home/rosario/Desktop/Sensors/LAB5_robot/install/landmark_msgs/lib/liblandmark_msgs__rosidl_typesupport_cpp.so
[3.240s] -- Set runtime path of "/home/rosario/Desktop/Sensors/LAB5_robot/install/landmark_msgs/lib/liblandmark_msgs__rosidl_typesupport_cpp.so" to ""
[3.240s] -- Installing: /home/rosario/Desktop/Sensors/LAB5_robot/install/landmark_msgs/share/landmark_msgs/environment/pythonpath.sh
[3.240s] -- Installing: /home/rosario/Desktop/Sensors/LAB5_robot/install/landmark_msgs/share/landmark_msgs/environment/pythonpath.dsv
[3.240s] -- Installing: /home/rosario/Desktop/Sensors/LAB5_robot/install/landmark_msgs/local/lib/python3.10/dist-packages/landmark_msgs-0.0.0-py3.10.egg-info
[3.241s] -- Installing: /home/rosario/Desktop/Sensors/LAB5_robot/install/landmark_msgs/local/lib/python3.10/dist-packages/landmark_msgs-0.0.0-py3.10.egg-info/SOURCES.txt
[3.241s] -- Installing: /home/rosario/Desktop/Sensors/LAB5_robot/install/landmark_msgs/local/lib/python3.10/dist-packages/landmark_msgs-0.0.0-py3.10.egg-info/PKG-INFO
[3.241s] -- Installing: /home/rosario/Desktop/Sensors/LAB5_robot/install/landmark_msgs/local/lib/python3.10/dist-packages/landmark_msgs-0.0.0-py3.10.egg-info/top_level.txt
[3.241s] -- Installing: /home/rosario/Desktop/Sensors/LAB5_robot/install/landmark_msgs/local/lib/python3.10/dist-packages/landmark_msgs-0.0.0-py3.10.egg-info/dependency_links.txt
[3.241s] -- Installing: /home/rosario/Desktop/Sensors/LAB5_robot/install/landmark_msgs/local/lib/python3.10/dist-packages/landmark_msgs
[3.241s] -- Installing: /home/rosario/Desktop/Sensors/LAB5_robot/install/landmark_msgs/local/lib/python3.10/dist-packages/landmark_msgs/msg
[3.241s] -- Installing: /home/rosario/Desktop/Sensors/LAB5_robot/install/landmark_msgs/local/lib/python3.10/dist-packages/landmark_msgs/msg/_landmark_s.c
[3.241s] -- Installing: /home/rosario/Desktop/Sensors/LAB5_robot/install/landmark_msgs/local/lib/python3.10/dist-packages/landmark_msgs/msg/_landmark_array.py
[3.242s] -- Installing: /home/rosario/Desktop/Sensors/LAB5_robot/install/landmark_msgs/local/lib/python3.10/dist-packages/landmark_msgs/msg/_landmark.py
[3.242s] -- Installing: /home/rosario/Desktop/Sensors/LAB5_robot/install/landmark_msgs/local/lib/python3.10/dist-packages/landmark_msgs/msg/_landmark_array_s.c
[3.242s] -- Installing: /home/rosario/Desktop/Sensors/LAB5_robot/install/landmark_msgs/local/lib/python3.10/dist-packages/landmark_msgs/msg/__init__.py
[3.242s] -- Installing: /home/rosario/Desktop/Sensors/LAB5_robot/install/landmark_msgs/local/lib/python3.10/dist-packages/landmark_msgs/_landmark_msgs_s.ep.rosidl_typesupport_introspection_c.c
[3.242s] -- Installing: /home/rosario/Desktop/Sensors/LAB5_robot/install/landmark_msgs/local/lib/python3.10/dist-packages/landmark_msgs/landmark_msgs_s__rosidl_typesupport_fastrtps_c.cpython-310-x86_64-linux-gnu.so
[3.242s] -- Installing: /home/rosario/Desktop/Sensors/LAB5_robot/install/landmark_msgs/local/lib/python3.10/dist-packages/landmark_msgs/_landmark_msgs_s.ep.rosidl_typesupport_c.c
[3.242s] -- Installing: /home/rosario/Desktop/Sensors/LAB5_robot/install/landmark_msgs/local/lib/python3.10/dist-packages/landmark_msgs/_landmark_msgs_s.ep.rosidl_typesupport_fastrtps_c.c
[3.242s] -- Installing: /home/rosario/Desktop/Sensors/LAB5_robot/install/landmark_msgs/local/lib/python3.10/dist-packages/landmark_msgs/landmark_msgs_s__rosidl_typesupport_introspection_c.cpython-310-x86_64-linux-gnu.so
[3.242s] -- Installing: /home/rosario/Desktop/Sensors/LAB5_robot/install/landmark_msgs/local/lib/python3.10/dist-packages/landmark_msgs/__init__.py
[3.243s] -- Installing: /home/rosario/Desktop/Sensors/LAB5_robot/install/landmark_msgs/local/lib/python3.10/dist-packages/landmark_msgs/landmark_msgs_s__rosidl_typesupport_c.cpython-310-x86_64-linux-gnu.so
[3.243s] -- Installing: /home/rosario/Desktop/Sensors/LAB5_robot/install/landmark_msgs/local/lib/python3.10/dist-packages/landmark_msgs/liblandmark_msgs__rosidl_generator_py.so
[3.266s] Listing '/home/rosario/Desktop/Sensors/LAB5_robot/install/landmark_msgs/local/lib/python3.10/dist-packages/landmark_msgs'...
[3.267s] Compiling '/home/rosario/Desktop/Sensors/LAB5_robot/install/landmark_msgs/local/lib/python3.10/dist-packages/landmark_msgs/__init__.py'...
[3.267s] Listing '/home/rosario/Desktop/Sensors/LAB5_robot/install/landmark_msgs/local/lib/python3.10/dist-packages/landmark_msgs/msg'...
[3.267s] Compiling '/home/rosario/Desktop/Sensors/LAB5_robot/install/landmark_msgs/local/lib/python3.10/dist-packages/landmark_msgs/msg/__init__.py'...
[3.267s] Compiling '/home/rosario/Desktop/Sensors/LAB5_robot/install/landmark_msgs/local/lib/python3.10/dist-packages/landmark_msgs/msg/_landmark.py'...
[3.267s] Compiling '/home/rosario/Desktop/Sensors/LAB5_robot/install/landmark_msgs/local/lib/python3.10/dist-packages/landmark_msgs/msg/_landmark_array.py'...
[3.270s] -- Installing: /home/rosario/Desktop/Sensors/LAB5_robot/install/landmark_msgs/local/lib/python3.10/dist-packages/landmark_msgs/landmark_msgs_s__rosidl_typesupport_fastrtps_c.cpython-310-x86_64-linux-gnu.so
[3.271s] -- Set runtime path of "/home/rosario/Desktop/Sensors/LAB5_robot/install/landmark_msgs/local/lib/python3.10/dist-packages/landmark_msgs/landmark_msgs_s__rosidl_typesupport_fastrtps_c.cpython-310-x86_64-linux-gnu.so" to ""
[3.271s] -- Installing: /home/rosario/Desktop/Sensors/LAB5_robot/install/landmark_msgs/local/lib/python3.10/dist-packages/landmark_msgs/landmark_msgs_s__rosidl_typesupport_introspection_c.cpython-310-x86_64-linux-gnu.so
[3.272s] -- Set runtime path of "/home/rosario/Desktop/Sensors/LAB5_robot/install/landmark_msgs/local/lib/python3.10/dist-packages/landmark_msgs/landmark_msgs_s__rosidl_typesupport_introspection_c.cpython-310-x86_64-linux-gnu.so" to ""
[3.272s] -- Installing: /home/rosario/Desktop/Sensors/LAB5_robot/install/landmark_msgs/local/lib/python3.10/dist-packages/landmark_msgs/landmark_msgs_s__rosidl_typesupport_c.cpython-310-x86_64-linux-gnu.so
[3.272s] -- Set runtime path of "/home/rosario/Desktop/Sensors/LAB5_robot/install/landmark_msgs/local/lib/python3.10/dist-packages/landmark_msgs/landmark_msgs_s__rosidl_typesupport_c.cpython-310-x86_64-linux-gnu.so" to ""
[3.272s] -- Installing: /home/rosario/Desktop/Sensors/LAB5_robot/install/landmark_msgs/lib/liblandmark_msgs__rosidl_generator_py.so
[3.272s] -- Set runtime path of "/home/rosario/Desktop/Sensors/LAB5_robot/install/landmark_msgs/lib/liblandmark_msgs__rosidl_generator_py.so" to ""
[3.273s] -- Installing: /home/rosario/Desktop/Sensors/LAB5_robot/install/landmark_msgs/share/landmark_msgs/msg/Landmark.idl
[3.273s] -- Installing: /home/rosario/Desktop/Sensors/LAB5_robot/install/landmark_msgs/share/landmark_msgs/msg/LandmarkArray.idl
[3.273s] -- Installing: /home/rosario/Desktop/Sensors/LAB5_robot/install/landmark_msgs/share/landmark_msgs/msg/Landmark.msg
[3.273s] -- Installing: /home/rosario/Desktop/Sensors/LAB5_robot/install/landmark_msgs/share/landmark_msgs/msg/LandmarkArray.msg
[3.273s] -- Installing: /home/rosario/Desktop/Sensors/LAB5_robot/install/landmark_msgs/share/ament_index/resource_index/package_run_dependencies/landmark_msgs
[3.273s] -- Installing: /home/rosario/Desktop/Sensors/LAB5_robot/install/landmark_msgs/share/ament_index/resource_index/parent_prefix_path/landmark_msgs
[3.273s] -- Installing: /home/rosario/Desktop/Sensors/LAB5_robot/install/landmark_msgs/share/landmark_msgs/environment/ament_prefix_path.sh
[3.274s] -- Installing: /home/rosario/Desktop/Sensors/LAB5_robot/install/landmark_msgs/share/landmark_msgs/environment/ament_prefix_path.dsv
[3.274s] -- Installing: /home/rosario/Desktop/Sensors/LAB5_robot/install/landmark_msgs/share/landmark_msgs/environment/path.sh
[3.274s] -- Installing: /home/rosario/Desktop/Sensors/LAB5_robot/install/landmark_msgs/share/landmark_msgs/environment/path.dsv
[3.274s] -- Installing: /home/rosario/Desktop/Sensors/LAB5_robot/install/landmark_msgs/share/landmark_msgs/local_setup.bash
[3.274s] -- Installing: /home/rosario/Desktop/Sensors/LAB5_robot/install/landmark_msgs/share/landmark_msgs/local_setup.sh
[3.274s] -- Installing: /home/rosario/Desktop/Sensors/LAB5_robot/install/landmark_msgs/share/landmark_msgs/local_setup.zsh
[3.274s] -- Installing: /home/rosario/Desktop/Sensors/LAB5_robot/install/landmark_msgs/share/landmark_msgs/local_setup.dsv
[3.274s] -- Installing: /home/rosario/Desktop/Sensors/LAB5_robot/install/landmark_msgs/share/landmark_msgs/package.dsv
[3.275s] -- Installing: /home/rosario/Desktop/Sensors/LAB5_robot/install/landmark_msgs/share/ament_index/resource_index/packages/landmark_msgs
[3.275s] -- Installing: /home/rosario/Desktop/Sensors/LAB5_robot/install/landmark_msgs/share/landmark_msgs/cmake/export_landmark_msgs__rosidl_generator_cExport.cmake
[3.275s] -- Installing: /home/rosario/Desktop/Sensors/LAB5_robot/install/landmark_msgs/share/landmark_msgs/cmake/export_landmark_msgs__rosidl_generator_cExport-noconfig.cmake
[3.275s] -- Installing: /home/rosario/Desktop/Sensors/LAB5_robot/install/landmark_msgs/share/landmark_msgs/cmake/export_landmark_msgs__rosidl_typesupport_fastrtps_cExport.cmake
[3.275s] -- Installing: /home/rosario/Desktop/Sensors/LAB5_robot/install/landmark_msgs/share/landmark_msgs/cmake/export_landmark_msgs__rosidl_typesupport_fastrtps_cExport-noconfig.cmake
[3.275s] -- Installing: /home/rosario/Desktop/Sensors/LAB5_robot/install/landmark_msgs/share/landmark_msgs/cmake/landmark_msgs__rosidl_typesupport_introspection_cExport.cmake
[3.275s] -- Installing: /home/rosario/Desktop/Sensors/LAB5_robot/install/landmark_msgs/share/landmark_msgs/cmake/landmark_msgs__rosidl_typesupport_introspection_cExport-noconfig.cmake
[3.276s] -- Installing: /home/rosario/Desktop/Sensors/LAB5_robot/install/landmark_msgs/share/landmark_msgs/cmake/landmark_msgs__rosidl_typesupport_cExport.cmake
[3.276s] -- Installing: /home/rosario/Desktop/Sensors/LAB5_robot/install/landmark_msgs/share/landmark_msgs/cmake/landmark_msgs__rosidl_typesupport_cExport-noconfig.cmake
[3.276s] -- Installing: /home/rosario/Desktop/Sensors/LAB5_robot/install/landmark_msgs/share/landmark_msgs/cmake/export_landmark_msgs__rosidl_generator_cppExport.cmake
[3.276s] -- Installing: /home/rosario/Desktop/Sensors/LAB5_robot/install/landmark_msgs/share/landmark_msgs/cmake/export_landmark_msgs__rosidl_typesupport_fastrtps_cppExport.cmake
[3.276s] -- Installing: /home/rosario/Desktop/Sensors/LAB5_robot/install/landmark_msgs/share/landmark_msgs/cmake/export_landmark_msgs__rosidl_typesupport_fastrtps_cppExport-noconfig.cmake
[3.276s] -- Installing: /home/rosario/Desktop/Sensors/LAB5_robot/install/landmark_msgs/share/landmark_msgs/cmake/landmark_msgs__rosidl_typesupport_introspection_cppExport.cmake
[3.276s] -- Installing: /home/rosario/Desktop/Sensors/LAB5_robot/install/landmark_msgs/share/landmark_msgs/cmake/landmark_msgs__rosidl_typesupport_introspection_cppExport-noconfig.cmake
[3.277s] -- Installing: /home/rosario/Desktop/Sensors/LAB5_robot/install/landmark_msgs/share/landmark_msgs/cmake/landmark_msgs__rosidl_typesupport_cppExport.cmake
[3.277s] -- Installing: /home/rosario/Desktop/Sensors/LAB5_robot/install/landmark_msgs/share/landmark_msgs/cmake/landmark_msgs__rosidl_typesupport_cppExport-noconfig.cmake
[3.277s] -- Installing: /home/rosario/Desktop/Sensors/LAB5_robot/install/landmark_msgs/share/landmark_msgs/cmake/export_landmark_msgs__rosidl_generator_pyExport.cmake
[3.277s] -- Installing: /home/rosario/Desktop/Sensors/LAB5_robot/install/landmark_msgs/share/landmark_msgs/cmake/export_landmark_msgs__rosidl_generator_pyExport-noconfig.cmake
[3.277s] -- Installing: /home/rosario/Desktop/Sensors/LAB5_robot/install/landmark_msgs/share/landmark_msgs/cmake/rosidl_cmake-extras.cmake
[3.277s] -- Installing: /home/rosario/Desktop/Sensors/LAB5_robot/install/landmark_msgs/share/landmark_msgs/cmake/ament_cmake_export_dependencies-extras.cmake
[3.277s] -- Installing: /home/rosario/Desktop/Sensors/LAB5_robot/install/landmark_msgs/share/landmark_msgs/cmake/ament_cmake_export_include_directories-extras.cmake
[3.278s] -- Installing: /home/rosario/Desktop/Sensors/LAB5_robot/install/landmark_msgs/share/landmark_msgs/cmake/ament_cmake_export_libraries-extras.cmake
[3.278s] -- Installing: /home/rosario/Desktop/Sensors/LAB5_robot/install/landmark_msgs/share/landmark_msgs/cmake/ament_cmake_export_targets-extras.cmake
[3.278s] -- Installing: /home/rosario/Desktop/Sensors/LAB5_robot/install/landmark_msgs/share/landmark_msgs/cmake/rosidl_cmake_export_typesupport_targets-extras.cmake
[3.278s] -- Installing: /home/rosario/Desktop/Sensors/LAB5_robot/install/landmark_msgs/share/landmark_msgs/cmake/rosidl_cmake_export_typesupport_libraries-extras.cmake
[3.278s] -- Installing: /home/rosario/Desktop/Sensors/LAB5_robot/install/landmark_msgs/share/landmark_msgs/cmake/landmark_msgsConfig.cmake
[3.278s] -- Installing: /home/rosario/Desktop/Sensors/LAB5_robot/install/landmark_msgs/share/landmark_msgs/cmake/landmark_msgsConfig-version.cmake
[3.278s] -- Installing: /home/rosario/Desktop/Sensors/LAB5_robot/install/landmark_msgs/share/landmark_msgs/package.xml
[3.281s] Invoked command in '/home/rosario/Desktop/Sensors/LAB5_robot/build/landmark_msgs' returned '0': CMAKE_PREFIX_PATH=/opt/ros/humble /usr/bin/cmake --install /home/rosario/Desktop/Sensors/LAB5_robot/build/landmark_msgs
