[0.073s] DEBUG:colcon:Command line arguments: ['/usr/bin/colcon', 'build']
[0.073s] DEBUG:colcon:Parsed command line arguments: Namespace(log_base=None, log_level=None, verb_name='build', build_base='build', install_base='install', merge_install=False, symlink_install=False, test_result_base=None, continue_on_error=False, executor='parallel', parallel_workers=16, event_handlers=None, ignore_user_meta=False, metas=['./colcon.meta'], base_paths=['.'], packages_ignore=None, packages_ignore_regex=None, paths=None, packages_up_to=None, packages_up_to_regex=None, packages_above=None, packages_above_and_dependencies=None, packages_above_depth=None, packages_select_by_dep=None, packages_skip_by_dep=None, packages_skip_up_to=None, packages_select_build_failed=False, packages_skip_build_finished=False, packages_select_test_failures=False, packages_skip_test_passed=False, packages_select=None, packages_skip=None, packages_select_regex=None, packages_skip_regex=None, packages_start=None, packages_end=None, allow_overriding=[], cmake_args=None, cmake_target=None, cmake_target_skip_unavailable=False, cmake_clean_cache=False, cmake_clean_first=False, cmake_force_configure=False, ament_cmake_args=None, catkin_cmake_args=None, catkin_skip_building_tests=False, mixin_files=None, mixin=None, verb_parser=<colcon_mixin.mixin.mixin_argument.MixinArgumentDecorator object at 0x7bd53247c370>, verb_extension=<colcon_core.verb.build.BuildVerb object at 0x7bd5325e87f0>, main=<bound method BuildVerb.main of <colcon_core.verb.build.BuildVerb object at 0x7bd5325e87f0>>, mixin_verb=('build',))
[0.182s] Level 1:colcon.colcon_core.package_discovery:discover_packages(colcon_meta) check parameters
[0.182s] Level 1:colcon.colcon_core.package_discovery:discover_packages(recursive) check parameters
[0.182s] Level 1:colcon.colcon_core.package_discovery:discover_packages(ignore) check parameters
[0.182s] Level 1:colcon.colcon_core.package_discovery:discover_packages(path) check parameters
[0.182s] Level 1:colcon.colcon_core.package_discovery:discover_packages(colcon_meta) discover
[0.182s] Level 1:colcon.colcon_core.package_discovery:discover_packages(recursive) discover
[0.182s] INFO:colcon.colcon_core.package_discovery:Crawling recursively for packages in '/home/rosario/Desktop/Sensors/LAB4/lab04_pkg'
[0.182s] Level 1:colcon.colcon_core.package_identification:_identify(.) by extensions ['ignore', 'ignore_ament_install']
[0.182s] Level 1:colcon.colcon_core.package_identification:_identify(.) by extension 'ignore'
[0.182s] Level 1:colcon.colcon_core.package_identification:_identify(.) by extension 'ignore_ament_install'
[0.182s] Level 1:colcon.colcon_core.package_identification:_identify(.) by extensions ['colcon_pkg']
[0.182s] Level 1:colcon.colcon_core.package_identification:_identify(.) by extension 'colcon_pkg'
[0.182s] Level 1:colcon.colcon_core.package_identification:_identify(.) by extensions ['colcon_meta']
[0.182s] Level 1:colcon.colcon_core.package_identification:_identify(.) by extension 'colcon_meta'
[0.182s] Level 1:colcon.colcon_core.package_identification:_identify(.) by extensions ['ros']
[0.182s] Level 1:colcon.colcon_core.package_identification:_identify(.) by extension 'ros'
[0.198s] Level 1:colcon.colcon_core.package_identification:_identify(.) by extensions ['cmake', 'python']
[0.198s] Level 1:colcon.colcon_core.package_identification:_identify(.) by extension 'cmake'
[0.198s] Level 1:colcon.colcon_core.package_identification:_identify(.) by extension 'python'
[0.198s] Level 1:colcon.colcon_core.package_identification:_identify(.) by extensions ['python_setup_py']
[0.198s] Level 1:colcon.colcon_core.package_identification:_identify(.) by extension 'python_setup_py'
[0.198s] Level 1:colcon.colcon_core.package_identification:_identify(build) by extensions ['ignore', 'ignore_ament_install']
[0.198s] Level 1:colcon.colcon_core.package_identification:_identify(build) by extension 'ignore'
[0.198s] Level 1:colcon.colcon_core.package_identification:_identify(build) ignored
[0.198s] Level 1:colcon.colcon_core.package_identification:_identify(install) by extensions ['ignore', 'ignore_ament_install']
[0.198s] Level 1:colcon.colcon_core.package_identification:_identify(install) by extension 'ignore'
[0.198s] Level 1:colcon.colcon_core.package_identification:_identify(install) ignored
[0.198s] Level 1:colcon.colcon_core.package_identification:_identify(log) by extensions ['ignore', 'ignore_ament_install']
[0.198s] Level 1:colcon.colcon_core.package_identification:_identify(log) by extension 'ignore'
[0.198s] Level 1:colcon.colcon_core.package_identification:_identify(log) ignored
[0.198s] Level 1:colcon.colcon_core.package_identification:_identify(prova1) by extensions ['ignore', 'ignore_ament_install']
[0.198s] Level 1:colcon.colcon_core.package_identification:_identify(prova1) by extension 'ignore'
[0.198s] Level 1:colcon.colcon_core.package_identification:_identify(prova1) by extension 'ignore_ament_install'
[0.198s] Level 1:colcon.colcon_core.package_identification:_identify(prova1) by extensions ['colcon_pkg']
[0.198s] Level 1:colcon.colcon_core.package_identification:_identify(prova1) by extension 'colcon_pkg'
[0.198s] Level 1:colcon.colcon_core.package_identification:_identify(prova1) by extensions ['colcon_meta']
[0.198s] Level 1:colcon.colcon_core.package_identification:_identify(prova1) by extension 'colcon_meta'
[0.198s] Level 1:colcon.colcon_core.package_identification:_identify(prova1) by extensions ['ros']
[0.198s] Level 1:colcon.colcon_core.package_identification:_identify(prova1) by extension 'ros'
[0.198s] Level 1:colcon.colcon_core.package_identification:_identify(prova1) by extensions ['cmake', 'python']
[0.198s] Level 1:colcon.colcon_core.package_identification:_identify(prova1) by extension 'cmake'
[0.198s] Level 1:colcon.colcon_core.package_identification:_identify(prova1) by extension 'python'
[0.199s] Level 1:colcon.colcon_core.package_identification:_identify(prova1) by extensions ['python_setup_py']
[0.199s] Level 1:colcon.colcon_core.package_identification:_identify(prova1) by extension 'python_setup_py'
[0.199s] Level 1:colcon.colcon_core.package_identification:_identify(provavera) by extensions ['ignore', 'ignore_ament_install']
[0.199s] Level 1:colcon.colcon_core.package_identification:_identify(provavera) by extension 'ignore'
[0.199s] Level 1:colcon.colcon_core.package_identification:_identify(provavera) by extension 'ignore_ament_install'
[0.199s] Level 1:colcon.colcon_core.package_identification:_identify(provavera) by extensions ['colcon_pkg']
[0.199s] Level 1:colcon.colcon_core.package_identification:_identify(provavera) by extension 'colcon_pkg'
[0.199s] Level 1:colcon.colcon_core.package_identification:_identify(provavera) by extensions ['colcon_meta']
[0.199s] Level 1:colcon.colcon_core.package_identification:_identify(provavera) by extension 'colcon_meta'
[0.199s] Level 1:colcon.colcon_core.package_identification:_identify(provavera) by extensions ['ros']
[0.199s] Level 1:colcon.colcon_core.package_identification:_identify(provavera) by extension 'ros'
[0.199s] Level 1:colcon.colcon_core.package_identification:_identify(provavera) by extensions ['cmake', 'python']
[0.199s] Level 1:colcon.colcon_core.package_identification:_identify(provavera) by extension 'cmake'
[0.199s] Level 1:colcon.colcon_core.package_identification:_identify(provavera) by extension 'python'
[0.199s] Level 1:colcon.colcon_core.package_identification:_identify(provavera) by extensions ['python_setup_py']
[0.199s] Level 1:colcon.colcon_core.package_identification:_identify(provavera) by extension 'python_setup_py'
[0.199s] Level 1:colcon.colcon_core.package_identification:_identify(provavera1) by extensions ['ignore', 'ignore_ament_install']
[0.199s] Level 1:colcon.colcon_core.package_identification:_identify(provavera1) by extension 'ignore'
[0.199s] Level 1:colcon.colcon_core.package_identification:_identify(provavera1) by extension 'ignore_ament_install'
[0.199s] Level 1:colcon.colcon_core.package_identification:_identify(provavera1) by extensions ['colcon_pkg']
[0.199s] Level 1:colcon.colcon_core.package_identification:_identify(provavera1) by extension 'colcon_pkg'
[0.199s] Level 1:colcon.colcon_core.package_identification:_identify(provavera1) by extensions ['colcon_meta']
[0.199s] Level 1:colcon.colcon_core.package_identification:_identify(provavera1) by extension 'colcon_meta'
[0.199s] Level 1:colcon.colcon_core.package_identification:_identify(provavera1) by extensions ['ros']
[0.199s] Level 1:colcon.colcon_core.package_identification:_identify(provavera1) by extension 'ros'
[0.199s] Level 1:colcon.colcon_core.package_identification:_identify(provavera1) by extensions ['cmake', 'python']
[0.199s] Level 1:colcon.colcon_core.package_identification:_identify(provavera1) by extension 'cmake'
[0.199s] Level 1:colcon.colcon_core.package_identification:_identify(provavera1) by extension 'python'
[0.199s] Level 1:colcon.colcon_core.package_identification:_identify(provavera1) by extensions ['python_setup_py']
[0.199s] Level 1:colcon.colcon_core.package_identification:_identify(provavera1) by extension 'python_setup_py'
[0.199s] Level 1:colcon.colcon_core.package_identification:_identify(real1) by extensions ['ignore', 'ignore_ament_install']
[0.199s] Level 1:colcon.colcon_core.package_identification:_identify(real1) by extension 'ignore'
[0.199s] Level 1:colcon.colcon_core.package_identification:_identify(real1) by extension 'ignore_ament_install'
[0.199s] Level 1:colcon.colcon_core.package_identification:_identify(real1) by extensions ['colcon_pkg']
[0.199s] Level 1:colcon.colcon_core.package_identification:_identify(real1) by extension 'colcon_pkg'
[0.199s] Level 1:colcon.colcon_core.package_identification:_identify(real1) by extensions ['colcon_meta']
[0.199s] Level 1:colcon.colcon_core.package_identification:_identify(real1) by extension 'colcon_meta'
[0.199s] Level 1:colcon.colcon_core.package_identification:_identify(real1) by extensions ['ros']
[0.199s] Level 1:colcon.colcon_core.package_identification:_identify(real1) by extension 'ros'
[0.199s] Level 1:colcon.colcon_core.package_identification:_identify(real1) by extensions ['cmake', 'python']
[0.199s] Level 1:colcon.colcon_core.package_identification:_identify(real1) by extension 'cmake'
[0.199s] Level 1:colcon.colcon_core.package_identification:_identify(real1) by extension 'python'
[0.199s] Level 1:colcon.colcon_core.package_identification:_identify(real1) by extensions ['python_setup_py']
[0.199s] Level 1:colcon.colcon_core.package_identification:_identify(real1) by extension 'python_setup_py'
[0.200s] Level 1:colcon.colcon_core.package_identification:_identify(real2) by extensions ['ignore', 'ignore_ament_install']
[0.200s] Level 1:colcon.colcon_core.package_identification:_identify(real2) by extension 'ignore'
[0.200s] Level 1:colcon.colcon_core.package_identification:_identify(real2) by extension 'ignore_ament_install'
[0.200s] Level 1:colcon.colcon_core.package_identification:_identify(real2) by extensions ['colcon_pkg']
[0.200s] Level 1:colcon.colcon_core.package_identification:_identify(real2) by extension 'colcon_pkg'
[0.200s] Level 1:colcon.colcon_core.package_identification:_identify(real2) by extensions ['colcon_meta']
[0.200s] Level 1:colcon.colcon_core.package_identification:_identify(real2) by extension 'colcon_meta'
[0.200s] Level 1:colcon.colcon_core.package_identification:_identify(real2) by extensions ['ros']
[0.200s] Level 1:colcon.colcon_core.package_identification:_identify(real2) by extension 'ros'
[0.200s] Level 1:colcon.colcon_core.package_identification:_identify(real2) by extensions ['cmake', 'python']
[0.200s] Level 1:colcon.colcon_core.package_identification:_identify(real2) by extension 'cmake'
[0.200s] Level 1:colcon.colcon_core.package_identification:_identify(real2) by extension 'python'
[0.200s] Level 1:colcon.colcon_core.package_identification:_identify(real2) by extensions ['python_setup_py']
[0.200s] Level 1:colcon.colcon_core.package_identification:_identify(real2) by extension 'python_setup_py'
[0.200s] Level 1:colcon.colcon_core.package_identification:_identify(real3) by extensions ['ignore', 'ignore_ament_install']
[0.200s] Level 1:colcon.colcon_core.package_identification:_identify(real3) by extension 'ignore'
[0.200s] Level 1:colcon.colcon_core.package_identification:_identify(real3) by extension 'ignore_ament_install'
[0.200s] Level 1:colcon.colcon_core.package_identification:_identify(real3) by extensions ['colcon_pkg']
[0.200s] Level 1:colcon.colcon_core.package_identification:_identify(real3) by extension 'colcon_pkg'
[0.200s] Level 1:colcon.colcon_core.package_identification:_identify(real3) by extensions ['colcon_meta']
[0.200s] Level 1:colcon.colcon_core.package_identification:_identify(real3) by extension 'colcon_meta'
[0.200s] Level 1:colcon.colcon_core.package_identification:_identify(real3) by extensions ['ros']
[0.200s] Level 1:colcon.colcon_core.package_identification:_identify(real3) by extension 'ros'
[0.200s] Level 1:colcon.colcon_core.package_identification:_identify(real3) by extensions ['cmake', 'python']
[0.200s] Level 1:colcon.colcon_core.package_identification:_identify(real3) by extension 'cmake'
[0.200s] Level 1:colcon.colcon_core.package_identification:_identify(real3) by extension 'python'
[0.200s] Level 1:colcon.colcon_core.package_identification:_identify(real3) by extensions ['python_setup_py']
[0.200s] Level 1:colcon.colcon_core.package_identification:_identify(real3) by extension 'python_setup_py'
[0.200s] Level 1:colcon.colcon_core.package_identification:_identify(rec3) by extensions ['ignore', 'ignore_ament_install']
[0.200s] Level 1:colcon.colcon_core.package_identification:_identify(rec3) by extension 'ignore'
[0.200s] Level 1:colcon.colcon_core.package_identification:_identify(rec3) by extension 'ignore_ament_install'
[0.200s] Level 1:colcon.colcon_core.package_identification:_identify(rec3) by extensions ['colcon_pkg']
[0.200s] Level 1:colcon.colcon_core.package_identification:_identify(rec3) by extension 'colcon_pkg'
[0.200s] Level 1:colcon.colcon_core.package_identification:_identify(rec3) by extensions ['colcon_meta']
[0.200s] Level 1:colcon.colcon_core.package_identification:_identify(rec3) by extension 'colcon_meta'
[0.200s] Level 1:colcon.colcon_core.package_identification:_identify(rec3) by extensions ['ros']
[0.200s] Level 1:colcon.colcon_core.package_identification:_identify(rec3) by extension 'ros'
[0.200s] Level 1:colcon.colcon_core.package_identification:_identify(rec3) by extensions ['cmake', 'python']
[0.200s] Level 1:colcon.colcon_core.package_identification:_identify(rec3) by extension 'cmake'
[0.200s] Level 1:colcon.colcon_core.package_identification:_identify(rec3) by extension 'python'
[0.200s] Level 1:colcon.colcon_core.package_identification:_identify(rec3) by extensions ['python_setup_py']
[0.200s] Level 1:colcon.colcon_core.package_identification:_identify(rec3) by extension 'python_setup_py'
[0.201s] Level 1:colcon.colcon_core.package_identification:_identify(src) by extensions ['ignore', 'ignore_ament_install']
[0.201s] Level 1:colcon.colcon_core.package_identification:_identify(src) by extension 'ignore'
[0.201s] Level 1:colcon.colcon_core.package_identification:_identify(src) by extension 'ignore_ament_install'
[0.201s] Level 1:colcon.colcon_core.package_identification:_identify(src) by extensions ['colcon_pkg']
[0.201s] Level 1:colcon.colcon_core.package_identification:_identify(src) by extension 'colcon_pkg'
[0.201s] Level 1:colcon.colcon_core.package_identification:_identify(src) by extensions ['colcon_meta']
[0.201s] Level 1:colcon.colcon_core.package_identification:_identify(src) by extension 'colcon_meta'
[0.201s] Level 1:colcon.colcon_core.package_identification:_identify(src) by extensions ['ros']
[0.201s] Level 1:colcon.colcon_core.package_identification:_identify(src) by extension 'ros'
[0.201s] Level 1:colcon.colcon_core.package_identification:_identify(src) by extensions ['cmake', 'python']
[0.201s] Level 1:colcon.colcon_core.package_identification:_identify(src) by extension 'cmake'
[0.201s] Level 1:colcon.colcon_core.package_identification:_identify(src) by extension 'python'
[0.201s] Level 1:colcon.colcon_core.package_identification:_identify(src) by extensions ['python_setup_py']
[0.201s] Level 1:colcon.colcon_core.package_identification:_identify(src) by extension 'python_setup_py'
[0.201s] Level 1:colcon.colcon_core.package_identification:_identify(src/ekf_filter) by extensions ['ignore', 'ignore_ament_install']
[0.201s] Level 1:colcon.colcon_core.package_identification:_identify(src/ekf_filter) by extension 'ignore'
[0.201s] Level 1:colcon.colcon_core.package_identification:_identify(src/ekf_filter) by extension 'ignore_ament_install'
[0.201s] Level 1:colcon.colcon_core.package_identification:_identify(src/ekf_filter) by extensions ['colcon_pkg']
[0.201s] Level 1:colcon.colcon_core.package_identification:_identify(src/ekf_filter) by extension 'colcon_pkg'
[0.201s] Level 1:colcon.colcon_core.package_identification:_identify(src/ekf_filter) by extensions ['colcon_meta']
[0.201s] Level 1:colcon.colcon_core.package_identification:_identify(src/ekf_filter) by extension 'colcon_meta'
[0.201s] Level 1:colcon.colcon_core.package_identification:_identify(src/ekf_filter) by extensions ['ros']
[0.201s] Level 1:colcon.colcon_core.package_identification:_identify(src/ekf_filter) by extension 'ros'
[0.203s] DEBUG:colcon.colcon_core.package_identification:Package 'src/ekf_filter' with type 'ros.ament_python' and name 'ekf_filter'
[0.203s] Level 1:colcon.colcon_core.package_identification:_identify(src/turtlebot3_perception) by extensions ['ignore', 'ignore_ament_install']
[0.203s] Level 1:colcon.colcon_core.package_identification:_identify(src/turtlebot3_perception) by extension 'ignore'
[0.203s] Level 1:colcon.colcon_core.package_identification:_identify(src/turtlebot3_perception) by extension 'ignore_ament_install'
[0.203s] Level 1:colcon.colcon_core.package_identification:_identify(src/turtlebot3_perception) by extensions ['colcon_pkg']
[0.203s] Level 1:colcon.colcon_core.package_identification:_identify(src/turtlebot3_perception) by extension 'colcon_pkg'
[0.203s] Level 1:colcon.colcon_core.package_identification:_identify(src/turtlebot3_perception) by extensions ['colcon_meta']
[0.203s] Level 1:colcon.colcon_core.package_identification:_identify(src/turtlebot3_perception) by extension 'colcon_meta'
[0.203s] Level 1:colcon.colcon_core.package_identification:_identify(src/turtlebot3_perception) by extensions ['ros']
[0.203s] Level 1:colcon.colcon_core.package_identification:_identify(src/turtlebot3_perception) by extension 'ros'
[0.203s] Level 1:colcon.colcon_core.package_identification:_identify(src/turtlebot3_perception) by extensions ['cmake', 'python']
[0.203s] Level 1:colcon.colcon_core.package_identification:_identify(src/turtlebot3_perception) by extension 'cmake'
[0.203s] Level 1:colcon.colcon_core.package_identification:_identify(src/turtlebot3_perception) by extension 'python'
[0.203s] Level 1:colcon.colcon_core.package_identification:_identify(src/turtlebot3_perception) by extensions ['python_setup_py']
[0.204s] Level 1:colcon.colcon_core.package_identification:_identify(src/turtlebot3_perception) by extension 'python_setup_py'
[0.204s] Level 1:colcon.colcon_core.package_identification:_identify(src/turtlebot3_perception/landmark_msgs) by extensions ['ignore', 'ignore_ament_install']
[0.204s] Level 1:colcon.colcon_core.package_identification:_identify(src/turtlebot3_perception/landmark_msgs) by extension 'ignore'
[0.204s] Level 1:colcon.colcon_core.package_identification:_identify(src/turtlebot3_perception/landmark_msgs) by extension 'ignore_ament_install'
[0.204s] Level 1:colcon.colcon_core.package_identification:_identify(src/turtlebot3_perception/landmark_msgs) by extensions ['colcon_pkg']
[0.204s] Level 1:colcon.colcon_core.package_identification:_identify(src/turtlebot3_perception/landmark_msgs) by extension 'colcon_pkg'
[0.204s] Level 1:colcon.colcon_core.package_identification:_identify(src/turtlebot3_perception/landmark_msgs) by extensions ['colcon_meta']
[0.204s] Level 1:colcon.colcon_core.package_identification:_identify(src/turtlebot3_perception/landmark_msgs) by extension 'colcon_meta'
[0.204s] Level 1:colcon.colcon_core.package_identification:_identify(src/turtlebot3_perception/landmark_msgs) by extensions ['ros']
[0.204s] Level 1:colcon.colcon_core.package_identification:_identify(src/turtlebot3_perception/landmark_msgs) by extension 'ros'
[0.204s] DEBUG:colcon.colcon_core.package_identification:Package 'src/turtlebot3_perception/landmark_msgs' with type 'ros.ament_cmake' and name 'landmark_msgs'
[0.204s] Level 1:colcon.colcon_core.package_identification:_identify(src/turtlebot3_perception/turtlebot3_perception) by extensions ['ignore', 'ignore_ament_install']
[0.204s] Level 1:colcon.colcon_core.package_identification:_identify(src/turtlebot3_perception/turtlebot3_perception) by extension 'ignore'
[0.204s] Level 1:colcon.colcon_core.package_identification:_identify(src/turtlebot3_perception/turtlebot3_perception) by extension 'ignore_ament_install'
[0.204s] Level 1:colcon.colcon_core.package_identification:_identify(src/turtlebot3_perception/turtlebot3_perception) by extensions ['colcon_pkg']
[0.204s] Level 1:colcon.colcon_core.package_identification:_identify(src/turtlebot3_perception/turtlebot3_perception) by extension 'colcon_pkg'
[0.204s] Level 1:colcon.colcon_core.package_identification:_identify(src/turtlebot3_perception/turtlebot3_perception) by extensions ['colcon_meta']
[0.204s] Level 1:colcon.colcon_core.package_identification:_identify(src/turtlebot3_perception/turtlebot3_perception) by extension 'colcon_meta'
[0.204s] Level 1:colcon.colcon_core.package_identification:_identify(src/turtlebot3_perception/turtlebot3_perception) by extensions ['ros']
[0.204s] Level 1:colcon.colcon_core.package_identification:_identify(src/turtlebot3_perception/turtlebot3_perception) by extension 'ros'
[0.205s] DEBUG:colcon.colcon_core.package_identification:Package 'src/turtlebot3_perception/turtlebot3_perception' with type 'ros.ament_python' and name 'turtlebot3_perception'
[0.205s] Level 1:colcon.colcon_core.package_identification:_identify(src/turtlebot3_simulations) by extensions ['ignore', 'ignore_ament_install']
[0.205s] Level 1:colcon.colcon_core.package_identification:_identify(src/turtlebot3_simulations) by extension 'ignore'
[0.205s] Level 1:colcon.colcon_core.package_identification:_identify(src/turtlebot3_simulations) by extension 'ignore_ament_install'
[0.206s] Level 1:colcon.colcon_core.package_identification:_identify(src/turtlebot3_simulations) by extensions ['colcon_pkg']
[0.206s] Level 1:colcon.colcon_core.package_identification:_identify(src/turtlebot3_simulations) by extension 'colcon_pkg'
[0.206s] Level 1:colcon.colcon_core.package_identification:_identify(src/turtlebot3_simulations) by extensions ['colcon_meta']
[0.206s] Level 1:colcon.colcon_core.package_identification:_identify(src/turtlebot3_simulations) by extension 'colcon_meta'
[0.206s] Level 1:colcon.colcon_core.package_identification:_identify(src/turtlebot3_simulations) by extensions ['ros']
[0.206s] Level 1:colcon.colcon_core.package_identification:_identify(src/turtlebot3_simulations) by extension 'ros'
[0.206s] Level 1:colcon.colcon_core.package_identification:_identify(src/turtlebot3_simulations) by extensions ['cmake', 'python']
[0.206s] Level 1:colcon.colcon_core.package_identification:_identify(src/turtlebot3_simulations) by extension 'cmake'
[0.206s] Level 1:colcon.colcon_core.package_identification:_identify(src/turtlebot3_simulations) by extension 'python'
[0.206s] Level 1:colcon.colcon_core.package_identification:_identify(src/turtlebot3_simulations) by extensions ['python_setup_py']
[0.206s] Level 1:colcon.colcon_core.package_identification:_identify(src/turtlebot3_simulations) by extension 'python_setup_py'
[0.206s] Level 1:colcon.colcon_core.package_identification:_identify(src/turtlebot3_simulations/turtlebot3_fake_node) by extensions ['ignore', 'ignore_ament_install']
[0.206s] Level 1:colcon.colcon_core.package_identification:_identify(src/turtlebot3_simulations/turtlebot3_fake_node) by extension 'ignore'
[0.206s] Level 1:colcon.colcon_core.package_identification:_identify(src/turtlebot3_simulations/turtlebot3_fake_node) by extension 'ignore_ament_install'
[0.206s] Level 1:colcon.colcon_core.package_identification:_identify(src/turtlebot3_simulations/turtlebot3_fake_node) by extensions ['colcon_pkg']
[0.206s] Level 1:colcon.colcon_core.package_identification:_identify(src/turtlebot3_simulations/turtlebot3_fake_node) by extension 'colcon_pkg'
[0.206s] Level 1:colcon.colcon_core.package_identification:_identify(src/turtlebot3_simulations/turtlebot3_fake_node) by extensions ['colcon_meta']
[0.206s] Level 1:colcon.colcon_core.package_identification:_identify(src/turtlebot3_simulations/turtlebot3_fake_node) by extension 'colcon_meta'
[0.206s] Level 1:colcon.colcon_core.package_identification:_identify(src/turtlebot3_simulations/turtlebot3_fake_node) by extensions ['ros']
[0.206s] Level 1:colcon.colcon_core.package_identification:_identify(src/turtlebot3_simulations/turtlebot3_fake_node) by extension 'ros'
[0.207s] DEBUG:colcon.colcon_core.package_identification:Package 'src/turtlebot3_simulations/turtlebot3_fake_node' with type 'ros.ament_cmake' and name 'turtlebot3_fake_node'
[0.207s] Level 1:colcon.colcon_core.package_identification:_identify(src/turtlebot3_simulations/turtlebot3_gazebo) by extensions ['ignore', 'ignore_ament_install']
[0.207s] Level 1:colcon.colcon_core.package_identification:_identify(src/turtlebot3_simulations/turtlebot3_gazebo) by extension 'ignore'
[0.207s] Level 1:colcon.colcon_core.package_identification:_identify(src/turtlebot3_simulations/turtlebot3_gazebo) by extension 'ignore_ament_install'
[0.207s] Level 1:colcon.colcon_core.package_identification:_identify(src/turtlebot3_simulations/turtlebot3_gazebo) by extensions ['colcon_pkg']
[0.207s] Level 1:colcon.colcon_core.package_identification:_identify(src/turtlebot3_simulations/turtlebot3_gazebo) by extension 'colcon_pkg'
[0.207s] Level 1:colcon.colcon_core.package_identification:_identify(src/turtlebot3_simulations/turtlebot3_gazebo) by extensions ['colcon_meta']
[0.207s] Level 1:colcon.colcon_core.package_identification:_identify(src/turtlebot3_simulations/turtlebot3_gazebo) by extension 'colcon_meta'
[0.207s] Level 1:colcon.colcon_core.package_identification:_identify(src/turtlebot3_simulations/turtlebot3_gazebo) by extensions ['ros']
[0.207s] Level 1:colcon.colcon_core.package_identification:_identify(src/turtlebot3_simulations/turtlebot3_gazebo) by extension 'ros'
[0.207s] DEBUG:colcon.colcon_core.package_identification:Package 'src/turtlebot3_simulations/turtlebot3_gazebo' with type 'ros.ament_cmake' and name 'turtlebot3_gazebo'
[0.207s] Level 1:colcon.colcon_core.package_identification:_identify(src/turtlebot3_simulations/turtlebot3_ignition) by extensions ['ignore', 'ignore_ament_install']
[0.208s] Level 1:colcon.colcon_core.package_identification:_identify(src/turtlebot3_simulations/turtlebot3_ignition) by extension 'ignore'
[0.208s] Level 1:colcon.colcon_core.package_identification:_identify(src/turtlebot3_simulations/turtlebot3_ignition) ignored
[0.208s] Level 1:colcon.colcon_core.package_identification:_identify(src/turtlebot3_simulations/turtlebot3_simulations) by extensions ['ignore', 'ignore_ament_install']
[0.208s] Level 1:colcon.colcon_core.package_identification:_identify(src/turtlebot3_simulations/turtlebot3_simulations) by extension 'ignore'
[0.208s] Level 1:colcon.colcon_core.package_identification:_identify(src/turtlebot3_simulations/turtlebot3_simulations) by extension 'ignore_ament_install'
[0.208s] Level 1:colcon.colcon_core.package_identification:_identify(src/turtlebot3_simulations/turtlebot3_simulations) by extensions ['colcon_pkg']
[0.208s] Level 1:colcon.colcon_core.package_identification:_identify(src/turtlebot3_simulations/turtlebot3_simulations) by extension 'colcon_pkg'
[0.208s] Level 1:colcon.colcon_core.package_identification:_identify(src/turtlebot3_simulations/turtlebot3_simulations) by extensions ['colcon_meta']
[0.208s] Level 1:colcon.colcon_core.package_identification:_identify(src/turtlebot3_simulations/turtlebot3_simulations) by extension 'colcon_meta'
[0.208s] Level 1:colcon.colcon_core.package_identification:_identify(src/turtlebot3_simulations/turtlebot3_simulations) by extensions ['ros']
[0.208s] Level 1:colcon.colcon_core.package_identification:_identify(src/turtlebot3_simulations/turtlebot3_simulations) by extension 'ros'
[0.208s] DEBUG:colcon.colcon_core.package_identification:Package 'src/turtlebot3_simulations/turtlebot3_simulations' with type 'ros.ament_cmake' and name 'turtlebot3_simulations'
[0.208s] Level 1:colcon.colcon_core.package_discovery:discover_packages(recursive) using defaults
[0.208s] Level 1:colcon.colcon_core.package_discovery:discover_packages(ignore) discover
[0.208s] Level 1:colcon.colcon_core.package_discovery:discover_packages(ignore) using defaults
[0.208s] Level 1:colcon.colcon_core.package_discovery:discover_packages(path) discover
[0.208s] Level 1:colcon.colcon_core.package_discovery:discover_packages(path) using defaults
[0.222s] Level 1:colcon.colcon_core.package_discovery:discover_packages(prefix_path) check parameters
[0.222s] Level 1:colcon.colcon_core.package_discovery:discover_packages(prefix_path) discover
[0.223s] DEBUG:colcon.colcon_installed_package_information.package_discovery:Found 6 installed packages in /home/rosario/Desktop/Sensors/LAB4/lab04_pkg/install
[0.224s] DEBUG:colcon.colcon_installed_package_information.package_discovery:Found 396 installed packages in /opt/ros/humble
[0.226s] Level 1:colcon.colcon_core.package_discovery:discover_packages(prefix_path) using defaults
[0.256s] Level 5:colcon.colcon_core.verb:set package 'landmark_msgs' build argument 'cmake_args' from command line to 'None'
[0.256s] Level 5:colcon.colcon_core.verb:set package 'landmark_msgs' build argument 'cmake_target' from command line to 'None'
[0.256s] Level 5:colcon.colcon_core.verb:set package 'landmark_msgs' build argument 'cmake_target_skip_unavailable' from command line to 'False'
[0.256s] Level 5:colcon.colcon_core.verb:set package 'landmark_msgs' build argument 'cmake_clean_cache' from command line to 'False'
[0.256s] Level 5:colcon.colcon_core.verb:set package 'landmark_msgs' build argument 'cmake_clean_first' from command line to 'False'
[0.256s] Level 5:colcon.colcon_core.verb:set package 'landmark_msgs' build argument 'cmake_force_configure' from command line to 'False'
[0.256s] Level 5:colcon.colcon_core.verb:set package 'landmark_msgs' build argument 'ament_cmake_args' from command line to 'None'
[0.256s] Level 5:colcon.colcon_core.verb:set package 'landmark_msgs' build argument 'catkin_cmake_args' from command line to 'None'
[0.256s] Level 5:colcon.colcon_core.verb:set package 'landmark_msgs' build argument 'catkin_skip_building_tests' from command line to 'False'
[0.256s] DEBUG:colcon.colcon_core.verb:Building package 'landmark_msgs' with the following arguments: {'ament_cmake_args': None, 'build_base': '/home/rosario/Desktop/Sensors/LAB4/lab04_pkg/build/landmark_msgs', 'catkin_cmake_args': None, 'catkin_skip_building_tests': False, 'cmake_args': None, 'cmake_clean_cache': False, 'cmake_clean_first': False, 'cmake_force_configure': False, 'cmake_target': None, 'cmake_target_skip_unavailable': False, 'install_base': '/home/rosario/Desktop/Sensors/LAB4/lab04_pkg/install/landmark_msgs', 'merge_install': False, 'path': '/home/rosario/Desktop/Sensors/LAB4/lab04_pkg/src/turtlebot3_perception/landmark_msgs', 'symlink_install': False, 'test_result_base': None}
[0.256s] Level 5:colcon.colcon_core.verb:set package 'turtlebot3_fake_node' build argument 'cmake_args' from command line to 'None'
[0.256s] Level 5:colcon.colcon_core.verb:set package 'turtlebot3_fake_node' build argument 'cmake_target' from command line to 'None'
[0.256s] Level 5:colcon.colcon_core.verb:set package 'turtlebot3_fake_node' build argument 'cmake_target_skip_unavailable' from command line to 'False'
[0.256s] Level 5:colcon.colcon_core.verb:set package 'turtlebot3_fake_node' build argument 'cmake_clean_cache' from command line to 'False'
[0.256s] Level 5:colcon.colcon_core.verb:set package 'turtlebot3_fake_node' build argument 'cmake_clean_first' from command line to 'False'
[0.256s] Level 5:colcon.colcon_core.verb:set package 'turtlebot3_fake_node' build argument 'cmake_force_configure' from command line to 'False'
[0.256s] Level 5:colcon.colcon_core.verb:set package 'turtlebot3_fake_node' build argument 'ament_cmake_args' from command line to 'None'
[0.257s] Level 5:colcon.colcon_core.verb:set package 'turtlebot3_fake_node' build argument 'catkin_cmake_args' from command line to 'None'
[0.257s] Level 5:colcon.colcon_core.verb:set package 'turtlebot3_fake_node' build argument 'catkin_skip_building_tests' from command line to 'False'
[0.257s] DEBUG:colcon.colcon_core.verb:Building package 'turtlebot3_fake_node' with the following arguments: {'ament_cmake_args': None, 'build_base': '/home/rosario/Desktop/Sensors/LAB4/lab04_pkg/build/turtlebot3_fake_node', 'catkin_cmake_args': None, 'catkin_skip_building_tests': False, 'cmake_args': None, 'cmake_clean_cache': False, 'cmake_clean_first': False, 'cmake_force_configure': False, 'cmake_target': None, 'cmake_target_skip_unavailable': False, 'install_base': '/home/rosario/Desktop/Sensors/LAB4/lab04_pkg/install/turtlebot3_fake_node', 'merge_install': False, 'path': '/home/rosario/Desktop/Sensors/LAB4/lab04_pkg/src/turtlebot3_simulations/turtlebot3_fake_node', 'symlink_install': False, 'test_result_base': None}
[0.257s] Level 5:colcon.colcon_core.verb:set package 'turtlebot3_gazebo' build argument 'cmake_args' from command line to 'None'
[0.257s] Level 5:colcon.colcon_core.verb:set package 'turtlebot3_gazebo' build argument 'cmake_target' from command line to 'None'
[0.257s] Level 5:colcon.colcon_core.verb:set package 'turtlebot3_gazebo' build argument 'cmake_target_skip_unavailable' from command line to 'False'
[0.257s] Level 5:colcon.colcon_core.verb:set package 'turtlebot3_gazebo' build argument 'cmake_clean_cache' from command line to 'False'
[0.257s] Level 5:colcon.colcon_core.verb:set package 'turtlebot3_gazebo' build argument 'cmake_clean_first' from command line to 'False'
[0.257s] Level 5:colcon.colcon_core.verb:set package 'turtlebot3_gazebo' build argument 'cmake_force_configure' from command line to 'False'
[0.257s] Level 5:colcon.colcon_core.verb:set package 'turtlebot3_gazebo' build argument 'ament_cmake_args' from command line to 'None'
[0.257s] Level 5:colcon.colcon_core.verb:set package 'turtlebot3_gazebo' build argument 'catkin_cmake_args' from command line to 'None'
[0.257s] Level 5:colcon.colcon_core.verb:set package 'turtlebot3_gazebo' build argument 'catkin_skip_building_tests' from command line to 'False'
[0.257s] DEBUG:colcon.colcon_core.verb:Building package 'turtlebot3_gazebo' with the following arguments: {'ament_cmake_args': None, 'build_base': '/home/rosario/Desktop/Sensors/LAB4/lab04_pkg/build/turtlebot3_gazebo', 'catkin_cmake_args': None, 'catkin_skip_building_tests': False, 'cmake_args': None, 'cmake_clean_cache': False, 'cmake_clean_first': False, 'cmake_force_configure': False, 'cmake_target': None, 'cmake_target_skip_unavailable': False, 'install_base': '/home/rosario/Desktop/Sensors/LAB4/lab04_pkg/install/turtlebot3_gazebo', 'merge_install': False, 'path': '/home/rosario/Desktop/Sensors/LAB4/lab04_pkg/src/turtlebot3_simulations/turtlebot3_gazebo', 'symlink_install': False, 'test_result_base': None}
[0.257s] Level 5:colcon.colcon_core.verb:set package 'turtlebot3_perception' build argument 'cmake_args' from command line to 'None'
[0.257s] Level 5:colcon.colcon_core.verb:set package 'turtlebot3_perception' build argument 'cmake_target' from command line to 'None'
[0.257s] Level 5:colcon.colcon_core.verb:set package 'turtlebot3_perception' build argument 'cmake_target_skip_unavailable' from command line to 'False'
[0.257s] Level 5:colcon.colcon_core.verb:set package 'turtlebot3_perception' build argument 'cmake_clean_cache' from command line to 'False'
[0.257s] Level 5:colcon.colcon_core.verb:set package 'turtlebot3_perception' build argument 'cmake_clean_first' from command line to 'False'
[0.257s] Level 5:colcon.colcon_core.verb:set package 'turtlebot3_perception' build argument 'cmake_force_configure' from command line to 'False'
[0.257s] Level 5:colcon.colcon_core.verb:set package 'turtlebot3_perception' build argument 'ament_cmake_args' from command line to 'None'
[0.257s] Level 5:colcon.colcon_core.verb:set package 'turtlebot3_perception' build argument 'catkin_cmake_args' from command line to 'None'
[0.257s] Level 5:colcon.colcon_core.verb:set package 'turtlebot3_perception' build argument 'catkin_skip_building_tests' from command line to 'False'
[0.257s] DEBUG:colcon.colcon_core.verb:Building package 'turtlebot3_perception' with the following arguments: {'ament_cmake_args': None, 'build_base': '/home/rosario/Desktop/Sensors/LAB4/lab04_pkg/build/turtlebot3_perception', 'catkin_cmake_args': None, 'catkin_skip_building_tests': False, 'cmake_args': None, 'cmake_clean_cache': False, 'cmake_clean_first': False, 'cmake_force_configure': False, 'cmake_target': None, 'cmake_target_skip_unavailable': False, 'install_base': '/home/rosario/Desktop/Sensors/LAB4/lab04_pkg/install/turtlebot3_perception', 'merge_install': False, 'path': '/home/rosario/Desktop/Sensors/LAB4/lab04_pkg/src/turtlebot3_perception/turtlebot3_perception', 'symlink_install': False, 'test_result_base': None}
[0.257s] Level 5:colcon.colcon_core.verb:set package 'turtlebot3_simulations' build argument 'cmake_args' from command line to 'None'
[0.257s] Level 5:colcon.colcon_core.verb:set package 'turtlebot3_simulations' build argument 'cmake_target' from command line to 'None'
[0.257s] Level 5:colcon.colcon_core.verb:set package 'turtlebot3_simulations' build argument 'cmake_target_skip_unavailable' from command line to 'False'
[0.257s] Level 5:colcon.colcon_core.verb:set package 'turtlebot3_simulations' build argument 'cmake_clean_cache' from command line to 'False'
[0.257s] Level 5:colcon.colcon_core.verb:set package 'turtlebot3_simulations' build argument 'cmake_clean_first' from command line to 'False'
[0.257s] Level 5:colcon.colcon_core.verb:set package 'turtlebot3_simulations' build argument 'cmake_force_configure' from command line to 'False'
[0.257s] Level 5:colcon.colcon_core.verb:set package 'turtlebot3_simulations' build argument 'ament_cmake_args' from command line to 'None'
[0.257s] Level 5:colcon.colcon_core.verb:set package 'turtlebot3_simulations' build argument 'catkin_cmake_args' from command line to 'None'
[0.257s] Level 5:colcon.colcon_core.verb:set package 'turtlebot3_simulations' build argument 'catkin_skip_building_tests' from command line to 'False'
[0.257s] DEBUG:colcon.colcon_core.verb:Building package 'turtlebot3_simulations' with the following arguments: {'ament_cmake_args': None, 'build_base': '/home/rosario/Desktop/Sensors/LAB4/lab04_pkg/build/turtlebot3_simulations', 'catkin_cmake_args': None, 'catkin_skip_building_tests': False, 'cmake_args': None, 'cmake_clean_cache': False, 'cmake_clean_first': False, 'cmake_force_configure': False, 'cmake_target': None, 'cmake_target_skip_unavailable': False, 'install_base': '/home/rosario/Desktop/Sensors/LAB4/lab04_pkg/install/turtlebot3_simulations', 'merge_install': False, 'path': '/home/rosario/Desktop/Sensors/LAB4/lab04_pkg/src/turtlebot3_simulations/turtlebot3_simulations', 'symlink_install': False, 'test_result_base': None}
[0.258s] Level 5:colcon.colcon_core.verb:set package 'ekf_filter' build argument 'cmake_args' from command line to 'None'
[0.258s] Level 5:colcon.colcon_core.verb:set package 'ekf_filter' build argument 'cmake_target' from command line to 'None'
[0.258s] Level 5:colcon.colcon_core.verb:set package 'ekf_filter' build argument 'cmake_target_skip_unavailable' from command line to 'False'
[0.258s] Level 5:colcon.colcon_core.verb:set package 'ekf_filter' build argument 'cmake_clean_cache' from command line to 'False'
[0.258s] Level 5:colcon.colcon_core.verb:set package 'ekf_filter' build argument 'cmake_clean_first' from command line to 'False'
[0.258s] Level 5:colcon.colcon_core.verb:set package 'ekf_filter' build argument 'cmake_force_configure' from command line to 'False'
[0.258s] Level 5:colcon.colcon_core.verb:set package 'ekf_filter' build argument 'ament_cmake_args' from command line to 'None'
[0.258s] Level 5:colcon.colcon_core.verb:set package 'ekf_filter' build argument 'catkin_cmake_args' from command line to 'None'
[0.258s] Level 5:colcon.colcon_core.verb:set package 'ekf_filter' build argument 'catkin_skip_building_tests' from command line to 'False'
[0.258s] DEBUG:colcon.colcon_core.verb:Building package 'ekf_filter' with the following arguments: {'ament_cmake_args': None, 'build_base': '/home/rosario/Desktop/Sensors/LAB4/lab04_pkg/build/ekf_filter', 'catkin_cmake_args': None, 'catkin_skip_building_tests': False, 'cmake_args': None, 'cmake_clean_cache': False, 'cmake_clean_first': False, 'cmake_force_configure': False, 'cmake_target': None, 'cmake_target_skip_unavailable': False, 'install_base': '/home/rosario/Desktop/Sensors/LAB4/lab04_pkg/install/ekf_filter', 'merge_install': False, 'path': '/home/rosario/Desktop/Sensors/LAB4/lab04_pkg/src/ekf_filter', 'symlink_install': False, 'test_result_base': None}
[0.258s] INFO:colcon.colcon_core.executor:Executing jobs using 'parallel' executor
[0.259s] DEBUG:colcon.colcon_parallel_executor.executor.parallel:run_until_complete
[0.259s] INFO:colcon.colcon_ros.task.ament_cmake.build:Building ROS package in '/home/rosario/Desktop/Sensors/LAB4/lab04_pkg/src/turtlebot3_perception/landmark_msgs' with build type 'ament_cmake'
[0.259s] INFO:colcon.colcon_cmake.task.cmake.build:Building CMake package in '/home/rosario/Desktop/Sensors/LAB4/lab04_pkg/src/turtlebot3_perception/landmark_msgs'
[0.261s] INFO:colcon.colcon_core.plugin_system:Skipping extension 'colcon_core.shell.bat': Not used on non-Windows systems
[0.261s] INFO:colcon.colcon_core.shell:Skip shell extension 'powershell' for command environment: Not usable outside of PowerShell
[0.261s] DEBUG:colcon.colcon_core.shell:Skip shell extension 'dsv' for command environment
[0.267s] INFO:colcon.colcon_ros.task.ament_cmake.build:Building ROS package in '/home/rosario/Desktop/Sensors/LAB4/lab04_pkg/src/turtlebot3_simulations/turtlebot3_fake_node' with build type 'ament_cmake'
[0.267s] INFO:colcon.colcon_cmake.task.cmake.build:Building CMake package in '/home/rosario/Desktop/Sensors/LAB4/lab04_pkg/src/turtlebot3_simulations/turtlebot3_fake_node'
[0.267s] INFO:colcon.colcon_core.shell:Skip shell extension 'powershell' for command environment: Not usable outside of PowerShell
[0.268s] DEBUG:colcon.colcon_core.shell:Skip shell extension 'dsv' for command environment
[0.271s] INFO:colcon.colcon_ros.task.ament_cmake.build:Building ROS package in '/home/rosario/Desktop/Sensors/LAB4/lab04_pkg/src/turtlebot3_simulations/turtlebot3_gazebo' with build type 'ament_cmake'
[0.271s] INFO:colcon.colcon_cmake.task.cmake.build:Building CMake package in '/home/rosario/Desktop/Sensors/LAB4/lab04_pkg/src/turtlebot3_simulations/turtlebot3_gazebo'
[0.271s] INFO:colcon.colcon_core.shell:Skip shell extension 'powershell' for command environment: Not usable outside of PowerShell
[0.271s] DEBUG:colcon.colcon_core.shell:Skip shell extension 'dsv' for command environment
[0.278s] DEBUG:colcon.colcon_core.event_handler.log_command:Invoking command in '/home/rosario/Desktop/Sensors/LAB4/lab04_pkg/build/landmark_msgs': CMAKE_PREFIX_PATH=${CMAKE_PREFIX_PATH}:/home/rosario/Desktop/Sensors/LAB4/lab04_pkg/install/ekf_filter:/home/rosario/Desktop/Sensors/LAB4/lab04_pkg/install/turtlebot3_perception:/opt/ros/humble /usr/bin/cmake --build /home/rosario/Desktop/Sensors/LAB4/lab04_pkg/build/landmark_msgs -- -j16 -l16
[0.283s] DEBUG:colcon.colcon_core.event_handler.log_command:Invoking command in '/home/rosario/Desktop/Sensors/LAB4/lab04_pkg/build/turtlebot3_fake_node': CMAKE_PREFIX_PATH=${CMAKE_PREFIX_PATH}:/home/rosario/Desktop/Sensors/LAB4/lab04_pkg/install/ekf_filter:/home/rosario/Desktop/Sensors/LAB4/lab04_pkg/install/turtlebot3_perception:/opt/ros/humble /usr/bin/cmake --build /home/rosario/Desktop/Sensors/LAB4/lab04_pkg/build/turtlebot3_fake_node -- -j16 -l16
[0.287s] DEBUG:colcon.colcon_core.event_handler.log_command:Invoking command in '/home/rosario/Desktop/Sensors/LAB4/lab04_pkg/build/turtlebot3_gazebo': CMAKE_PREFIX_PATH=${CMAKE_PREFIX_PATH}:/home/rosario/Desktop/Sensors/LAB4/lab04_pkg/install/ekf_filter:/home/rosario/Desktop/Sensors/LAB4/lab04_pkg/install/turtlebot3_perception:/opt/ros/humble /usr/bin/cmake --build /home/rosario/Desktop/Sensors/LAB4/lab04_pkg/build/turtlebot3_gazebo -- -j16 -l16
[0.347s] DEBUG:colcon.colcon_core.event_handler.log_command:Invoked command in '/home/rosario/Desktop/Sensors/LAB4/lab04_pkg/build/turtlebot3_fake_node' returned '0': CMAKE_PREFIX_PATH=${CMAKE_PREFIX_PATH}:/home/rosario/Desktop/Sensors/LAB4/lab04_pkg/install/ekf_filter:/home/rosario/Desktop/Sensors/LAB4/lab04_pkg/install/turtlebot3_perception:/opt/ros/humble /usr/bin/cmake --build /home/rosario/Desktop/Sensors/LAB4/lab04_pkg/build/turtlebot3_fake_node -- -j16 -l16
[0.370s] DEBUG:colcon.colcon_core.event_handler.log_command:Invoked command in '/home/rosario/Desktop/Sensors/LAB4/lab04_pkg/build/turtlebot3_gazebo' returned '0': CMAKE_PREFIX_PATH=${CMAKE_PREFIX_PATH}:/home/rosario/Desktop/Sensors/LAB4/lab04_pkg/install/ekf_filter:/home/rosario/Desktop/Sensors/LAB4/lab04_pkg/install/turtlebot3_perception:/opt/ros/humble /usr/bin/cmake --build /home/rosario/Desktop/Sensors/LAB4/lab04_pkg/build/turtlebot3_gazebo -- -j16 -l16
[0.384s] DEBUG:colcon.colcon_core.event_handler.log_command:Invoking command in '/home/rosario/Desktop/Sensors/LAB4/lab04_pkg/build/turtlebot3_fake_node': CMAKE_PREFIX_PATH=${CMAKE_PREFIX_PATH}:/home/rosario/Desktop/Sensors/LAB4/lab04_pkg/install/ekf_filter:/home/rosario/Desktop/Sensors/LAB4/lab04_pkg/install/turtlebot3_perception:/opt/ros/humble /usr/bin/cmake --install /home/rosario/Desktop/Sensors/LAB4/lab04_pkg/build/turtlebot3_fake_node
[0.393s] Level 1:colcon.colcon_core.environment:create_environment_scripts_only(turtlebot3_fake_node)
[0.394s] DEBUG:colcon.colcon_core.event_handler.log_command:Invoked command in '/home/rosario/Desktop/Sensors/LAB4/lab04_pkg/build/turtlebot3_fake_node' returned '0': CMAKE_PREFIX_PATH=${CMAKE_PREFIX_PATH}:/home/rosario/Desktop/Sensors/LAB4/lab04_pkg/install/ekf_filter:/home/rosario/Desktop/Sensors/LAB4/lab04_pkg/install/turtlebot3_perception:/opt/ros/humble /usr/bin/cmake --install /home/rosario/Desktop/Sensors/LAB4/lab04_pkg/build/turtlebot3_fake_node
[0.396s] Level 1:colcon.colcon_core.environment:checking '/home/rosario/Desktop/Sensors/LAB4/lab04_pkg/install/turtlebot3_fake_node' for CMake module files
[0.396s] Level 1:colcon.colcon_core.environment:checking '/home/rosario/Desktop/Sensors/LAB4/lab04_pkg/install/turtlebot3_fake_node' for CMake config files
[0.396s] Level 1:colcon.colcon_core.shell:create_environment_hook('turtlebot3_fake_node', 'cmake_prefix_path')
[0.396s] INFO:colcon.colcon_core.shell:Creating environment hook '/home/rosario/Desktop/Sensors/LAB4/lab04_pkg/install/turtlebot3_fake_node/share/turtlebot3_fake_node/hook/cmake_prefix_path.ps1'
[0.397s] INFO:colcon.colcon_core.shell:Creating environment descriptor '/home/rosario/Desktop/Sensors/LAB4/lab04_pkg/install/turtlebot3_fake_node/share/turtlebot3_fake_node/hook/cmake_prefix_path.dsv'
[0.397s] INFO:colcon.colcon_core.shell:Creating environment hook '/home/rosario/Desktop/Sensors/LAB4/lab04_pkg/install/turtlebot3_fake_node/share/turtlebot3_fake_node/hook/cmake_prefix_path.sh'
[0.398s] Level 1:colcon.colcon_core.environment:checking '/home/rosario/Desktop/Sensors/LAB4/lab04_pkg/install/turtlebot3_fake_node/lib'
[0.398s] Level 1:colcon.colcon_core.environment:checking '/home/rosario/Desktop/Sensors/LAB4/lab04_pkg/install/turtlebot3_fake_node/bin'
[0.398s] Level 1:colcon.colcon_core.environment:checking '/home/rosario/Desktop/Sensors/LAB4/lab04_pkg/install/turtlebot3_fake_node/lib/pkgconfig/turtlebot3_fake_node.pc'
[0.398s] Level 1:colcon.colcon_core.environment:checking '/home/rosario/Desktop/Sensors/LAB4/lab04_pkg/install/turtlebot3_fake_node/lib/python3.10/site-packages'
[0.398s] Level 1:colcon.colcon_core.environment:checking '/home/rosario/Desktop/Sensors/LAB4/lab04_pkg/install/turtlebot3_fake_node/bin'
[0.398s] INFO:colcon.colcon_core.shell:Creating package script '/home/rosario/Desktop/Sensors/LAB4/lab04_pkg/install/turtlebot3_fake_node/share/turtlebot3_fake_node/package.ps1'
[0.399s] INFO:colcon.colcon_core.shell:Creating package descriptor '/home/rosario/Desktop/Sensors/LAB4/lab04_pkg/install/turtlebot3_fake_node/share/turtlebot3_fake_node/package.dsv'
[0.399s] INFO:colcon.colcon_core.shell:Creating package script '/home/rosario/Desktop/Sensors/LAB4/lab04_pkg/install/turtlebot3_fake_node/share/turtlebot3_fake_node/package.sh'
[0.399s] INFO:colcon.colcon_core.shell:Creating package script '/home/rosario/Desktop/Sensors/LAB4/lab04_pkg/install/turtlebot3_fake_node/share/turtlebot3_fake_node/package.bash'
[0.400s] INFO:colcon.colcon_core.shell:Creating package script '/home/rosario/Desktop/Sensors/LAB4/lab04_pkg/install/turtlebot3_fake_node/share/turtlebot3_fake_node/package.zsh'
[0.400s] Level 1:colcon.colcon_core.environment:create_file_with_runtime_dependencies(/home/rosario/Desktop/Sensors/LAB4/lab04_pkg/install/turtlebot3_fake_node/share/colcon-core/packages/turtlebot3_fake_node)
[0.405s] DEBUG:colcon.colcon_core.event_handler.log_command:Invoking command in '/home/rosario/Desktop/Sensors/LAB4/lab04_pkg/build/turtlebot3_gazebo': CMAKE_PREFIX_PATH=${CMAKE_PREFIX_PATH}:/home/rosario/Desktop/Sensors/LAB4/lab04_pkg/install/ekf_filter:/home/rosario/Desktop/Sensors/LAB4/lab04_pkg/install/turtlebot3_perception:/opt/ros/humble /usr/bin/cmake --install /home/rosario/Desktop/Sensors/LAB4/lab04_pkg/build/turtlebot3_gazebo
[0.418s] Level 1:colcon.colcon_core.environment:create_environment_scripts_only(turtlebot3_gazebo)
[0.418s] Level 1:colcon.colcon_core.environment:checking '/home/rosario/Desktop/Sensors/LAB4/lab04_pkg/install/turtlebot3_gazebo' for CMake module files
[0.419s] DEBUG:colcon.colcon_core.event_handler.log_command:Invoked command in '/home/rosario/Desktop/Sensors/LAB4/lab04_pkg/build/turtlebot3_gazebo' returned '0': CMAKE_PREFIX_PATH=${CMAKE_PREFIX_PATH}:/home/rosario/Desktop/Sensors/LAB4/lab04_pkg/install/ekf_filter:/home/rosario/Desktop/Sensors/LAB4/lab04_pkg/install/turtlebot3_perception:/opt/ros/humble /usr/bin/cmake --install /home/rosario/Desktop/Sensors/LAB4/lab04_pkg/build/turtlebot3_gazebo
[0.419s] Level 1:colcon.colcon_core.environment:checking '/home/rosario/Desktop/Sensors/LAB4/lab04_pkg/install/turtlebot3_gazebo' for CMake config files
[0.420s] Level 1:colcon.colcon_core.shell:create_environment_hook('turtlebot3_gazebo', 'cmake_prefix_path')
[0.420s] INFO:colcon.colcon_core.shell:Creating environment hook '/home/rosario/Desktop/Sensors/LAB4/lab04_pkg/install/turtlebot3_gazebo/share/turtlebot3_gazebo/hook/cmake_prefix_path.ps1'
[0.421s] INFO:colcon.colcon_core.shell:Creating environment descriptor '/home/rosario/Desktop/Sensors/LAB4/lab04_pkg/install/turtlebot3_gazebo/share/turtlebot3_gazebo/hook/cmake_prefix_path.dsv'
[0.421s] INFO:colcon.colcon_core.shell:Creating environment hook '/home/rosario/Desktop/Sensors/LAB4/lab04_pkg/install/turtlebot3_gazebo/share/turtlebot3_gazebo/hook/cmake_prefix_path.sh'
[0.422s] Level 1:colcon.colcon_core.environment:checking '/home/rosario/Desktop/Sensors/LAB4/lab04_pkg/install/turtlebot3_gazebo/lib'
[0.422s] Level 1:colcon.colcon_core.environment:checking '/home/rosario/Desktop/Sensors/LAB4/lab04_pkg/install/turtlebot3_gazebo/bin'
[0.422s] Level 1:colcon.colcon_core.environment:checking '/home/rosario/Desktop/Sensors/LAB4/lab04_pkg/install/turtlebot3_gazebo/lib/pkgconfig/turtlebot3_gazebo.pc'
[0.422s] Level 1:colcon.colcon_core.environment:checking '/home/rosario/Desktop/Sensors/LAB4/lab04_pkg/install/turtlebot3_gazebo/lib/python3.10/site-packages'
[0.422s] Level 1:colcon.colcon_core.environment:checking '/home/rosario/Desktop/Sensors/LAB4/lab04_pkg/install/turtlebot3_gazebo/bin'
[0.422s] INFO:colcon.colcon_core.shell:Creating package script '/home/rosario/Desktop/Sensors/LAB4/lab04_pkg/install/turtlebot3_gazebo/share/turtlebot3_gazebo/package.ps1'
[0.423s] INFO:colcon.colcon_core.shell:Creating package descriptor '/home/rosario/Desktop/Sensors/LAB4/lab04_pkg/install/turtlebot3_gazebo/share/turtlebot3_gazebo/package.dsv'
[0.424s] INFO:colcon.colcon_core.shell:Creating package script '/home/rosario/Desktop/Sensors/LAB4/lab04_pkg/install/turtlebot3_gazebo/share/turtlebot3_gazebo/package.sh'
[0.424s] INFO:colcon.colcon_core.shell:Creating package script '/home/rosario/Desktop/Sensors/LAB4/lab04_pkg/install/turtlebot3_gazebo/share/turtlebot3_gazebo/package.bash'
[0.424s] INFO:colcon.colcon_core.shell:Creating package script '/home/rosario/Desktop/Sensors/LAB4/lab04_pkg/install/turtlebot3_gazebo/share/turtlebot3_gazebo/package.zsh'
[0.425s] Level 1:colcon.colcon_core.environment:create_file_with_runtime_dependencies(/home/rosario/Desktop/Sensors/LAB4/lab04_pkg/install/turtlebot3_gazebo/share/colcon-core/packages/turtlebot3_gazebo)
[0.427s] Level 1:colcon.colcon_core.environment:create_environment_scripts_only(turtlebot3_fake_node)
[0.427s] Level 1:colcon.colcon_core.environment:checking '/home/rosario/Desktop/Sensors/LAB4/lab04_pkg/install/turtlebot3_fake_node' for CMake module files
[0.427s] Level 1:colcon.colcon_core.environment:checking '/home/rosario/Desktop/Sensors/LAB4/lab04_pkg/install/turtlebot3_fake_node' for CMake config files
[0.427s] Level 1:colcon.colcon_core.shell:create_environment_hook('turtlebot3_fake_node', 'cmake_prefix_path')
[0.428s] INFO:colcon.colcon_core.shell:Creating environment hook '/home/rosario/Desktop/Sensors/LAB4/lab04_pkg/install/turtlebot3_fake_node/share/turtlebot3_fake_node/hook/cmake_prefix_path.ps1'
[0.428s] INFO:colcon.colcon_core.shell:Creating environment descriptor '/home/rosario/Desktop/Sensors/LAB4/lab04_pkg/install/turtlebot3_fake_node/share/turtlebot3_fake_node/hook/cmake_prefix_path.dsv'
[0.428s] INFO:colcon.colcon_core.shell:Creating environment hook '/home/rosario/Desktop/Sensors/LAB4/lab04_pkg/install/turtlebot3_fake_node/share/turtlebot3_fake_node/hook/cmake_prefix_path.sh'
[0.429s] Level 1:colcon.colcon_core.environment:checking '/home/rosario/Desktop/Sensors/LAB4/lab04_pkg/install/turtlebot3_fake_node/lib'
[0.429s] Level 1:colcon.colcon_core.environment:checking '/home/rosario/Desktop/Sensors/LAB4/lab04_pkg/install/turtlebot3_fake_node/bin'
[0.429s] Level 1:colcon.colcon_core.environment:checking '/home/rosario/Desktop/Sensors/LAB4/lab04_pkg/install/turtlebot3_fake_node/lib/pkgconfig/turtlebot3_fake_node.pc'
[0.429s] Level 1:colcon.colcon_core.environment:checking '/home/rosario/Desktop/Sensors/LAB4/lab04_pkg/install/turtlebot3_fake_node/lib/python3.10/site-packages'
[0.429s] Level 1:colcon.colcon_core.environment:checking '/home/rosario/Desktop/Sensors/LAB4/lab04_pkg/install/turtlebot3_fake_node/bin'
[0.429s] INFO:colcon.colcon_core.shell:Creating package script '/home/rosario/Desktop/Sensors/LAB4/lab04_pkg/install/turtlebot3_fake_node/share/turtlebot3_fake_node/package.ps1'
[0.430s] INFO:colcon.colcon_core.shell:Creating package descriptor '/home/rosario/Desktop/Sensors/LAB4/lab04_pkg/install/turtlebot3_fake_node/share/turtlebot3_fake_node/package.dsv'
[0.430s] INFO:colcon.colcon_core.shell:Creating package script '/home/rosario/Desktop/Sensors/LAB4/lab04_pkg/install/turtlebot3_fake_node/share/turtlebot3_fake_node/package.sh'
[0.430s] INFO:colcon.colcon_core.shell:Creating package script '/home/rosario/Desktop/Sensors/LAB4/lab04_pkg/install/turtlebot3_fake_node/share/turtlebot3_fake_node/package.bash'
[0.431s] INFO:colcon.colcon_core.shell:Creating package script '/home/rosario/Desktop/Sensors/LAB4/lab04_pkg/install/turtlebot3_fake_node/share/turtlebot3_fake_node/package.zsh'
[0.431s] Level 1:colcon.colcon_core.environment:create_file_with_runtime_dependencies(/home/rosario/Desktop/Sensors/LAB4/lab04_pkg/install/turtlebot3_fake_node/share/colcon-core/packages/turtlebot3_fake_node)
[0.431s] INFO:colcon.colcon_ros.task.ament_cmake.build:Building ROS package in '/home/rosario/Desktop/Sensors/LAB4/lab04_pkg/src/turtlebot3_simulations/turtlebot3_simulations' with build type 'ament_cmake'
[0.432s] INFO:colcon.colcon_cmake.task.cmake.build:Building CMake package in '/home/rosario/Desktop/Sensors/LAB4/lab04_pkg/src/turtlebot3_simulations/turtlebot3_simulations'
[0.432s] INFO:colcon.colcon_core.shell:Skip shell extension 'powershell' for command environment: Not usable outside of PowerShell
[0.432s] DEBUG:colcon.colcon_core.shell:Skip shell extension 'dsv' for command environment
[0.442s] DEBUG:colcon.colcon_core.event_handler.log_command:Invoking command in '/home/rosario/Desktop/Sensors/LAB4/lab04_pkg/build/turtlebot3_simulations': CMAKE_PREFIX_PATH=/home/rosario/Desktop/Sensors/LAB4/lab04_pkg/install/turtlebot3_fake_node:/home/rosario/Desktop/Sensors/LAB4/lab04_pkg/install/turtlebot3_simulations:/home/rosario/Desktop/Sensors/LAB4/lab04_pkg/install/turtlebot3_gazebo:/home/rosario/Desktop/Sensors/LAB4/lab04_pkg/install/landmark_msgs:/home/rosario/Desktop/Sensors/LAB4/lab04_pkg/install/ekf_filter:/home/rosario/Desktop/Sensors/LAB4/lab04_pkg/install/turtlebot3_perception:/opt/ros/humble /usr/bin/cmake --build /home/rosario/Desktop/Sensors/LAB4/lab04_pkg/build/turtlebot3_simulations -- -j16 -l16
[0.460s] Level 1:colcon.colcon_core.environment:create_environment_scripts_only(turtlebot3_gazebo)
[0.460s] Level 1:colcon.colcon_core.environment:checking '/home/rosario/Desktop/Sensors/LAB4/lab04_pkg/install/turtlebot3_gazebo' for CMake module files
[0.460s] Level 1:colcon.colcon_core.environment:checking '/home/rosario/Desktop/Sensors/LAB4/lab04_pkg/install/turtlebot3_gazebo' for CMake config files
[0.461s] Level 1:colcon.colcon_core.shell:create_environment_hook('turtlebot3_gazebo', 'cmake_prefix_path')
[0.461s] INFO:colcon.colcon_core.shell:Creating environment hook '/home/rosario/Desktop/Sensors/LAB4/lab04_pkg/install/turtlebot3_gazebo/share/turtlebot3_gazebo/hook/cmake_prefix_path.ps1'
[0.462s] INFO:colcon.colcon_core.shell:Creating environment descriptor '/home/rosario/Desktop/Sensors/LAB4/lab04_pkg/install/turtlebot3_gazebo/share/turtlebot3_gazebo/hook/cmake_prefix_path.dsv'
[0.462s] INFO:colcon.colcon_core.shell:Creating environment hook '/home/rosario/Desktop/Sensors/LAB4/lab04_pkg/install/turtlebot3_gazebo/share/turtlebot3_gazebo/hook/cmake_prefix_path.sh'
[0.462s] Level 1:colcon.colcon_core.environment:checking '/home/rosario/Desktop/Sensors/LAB4/lab04_pkg/install/turtlebot3_gazebo/lib'
[0.462s] Level 1:colcon.colcon_core.environment:checking '/home/rosario/Desktop/Sensors/LAB4/lab04_pkg/install/turtlebot3_gazebo/bin'
[0.462s] Level 1:colcon.colcon_core.environment:checking '/home/rosario/Desktop/Sensors/LAB4/lab04_pkg/install/turtlebot3_gazebo/lib/pkgconfig/turtlebot3_gazebo.pc'
[0.462s] Level 1:colcon.colcon_core.environment:checking '/home/rosario/Desktop/Sensors/LAB4/lab04_pkg/install/turtlebot3_gazebo/lib/python3.10/site-packages'
[0.463s] Level 1:colcon.colcon_core.environment:checking '/home/rosario/Desktop/Sensors/LAB4/lab04_pkg/install/turtlebot3_gazebo/bin'
[0.463s] INFO:colcon.colcon_core.shell:Creating package script '/home/rosario/Desktop/Sensors/LAB4/lab04_pkg/install/turtlebot3_gazebo/share/turtlebot3_gazebo/package.ps1'
[0.463s] INFO:colcon.colcon_core.shell:Creating package descriptor '/home/rosario/Desktop/Sensors/LAB4/lab04_pkg/install/turtlebot3_gazebo/share/turtlebot3_gazebo/package.dsv'
[0.463s] INFO:colcon.colcon_core.shell:Creating package script '/home/rosario/Desktop/Sensors/LAB4/lab04_pkg/install/turtlebot3_gazebo/share/turtlebot3_gazebo/package.sh'
[0.464s] INFO:colcon.colcon_core.shell:Creating package script '/home/rosario/Desktop/Sensors/LAB4/lab04_pkg/install/turtlebot3_gazebo/share/turtlebot3_gazebo/package.bash'
[0.464s] INFO:colcon.colcon_core.shell:Creating package script '/home/rosario/Desktop/Sensors/LAB4/lab04_pkg/install/turtlebot3_gazebo/share/turtlebot3_gazebo/package.zsh'
[0.464s] Level 1:colcon.colcon_core.environment:create_file_with_runtime_dependencies(/home/rosario/Desktop/Sensors/LAB4/lab04_pkg/install/turtlebot3_gazebo/share/colcon-core/packages/turtlebot3_gazebo)
[0.481s] DEBUG:colcon.colcon_core.event_handler.log_command:Invoked command in '/home/rosario/Desktop/Sensors/LAB4/lab04_pkg/build/turtlebot3_simulations' returned '0': CMAKE_PREFIX_PATH=/home/rosario/Desktop/Sensors/LAB4/lab04_pkg/install/turtlebot3_fake_node:/home/rosario/Desktop/Sensors/LAB4/lab04_pkg/install/turtlebot3_simulations:/home/rosario/Desktop/Sensors/LAB4/lab04_pkg/install/turtlebot3_gazebo:/home/rosario/Desktop/Sensors/LAB4/lab04_pkg/install/landmark_msgs:/home/rosario/Desktop/Sensors/LAB4/lab04_pkg/install/ekf_filter:/home/rosario/Desktop/Sensors/LAB4/lab04_pkg/install/turtlebot3_perception:/opt/ros/humble /usr/bin/cmake --build /home/rosario/Desktop/Sensors/LAB4/lab04_pkg/build/turtlebot3_simulations -- -j16 -l16
[0.508s] DEBUG:colcon.colcon_core.event_handler.log_command:Invoking command in '/home/rosario/Desktop/Sensors/LAB4/lab04_pkg/build/turtlebot3_simulations': CMAKE_PREFIX_PATH=/home/rosario/Desktop/Sensors/LAB4/lab04_pkg/install/turtlebot3_fake_node:/home/rosario/Desktop/Sensors/LAB4/lab04_pkg/install/turtlebot3_simulations:/home/rosario/Desktop/Sensors/LAB4/lab04_pkg/install/turtlebot3_gazebo:/home/rosario/Desktop/Sensors/LAB4/lab04_pkg/install/landmark_msgs:/home/rosario/Desktop/Sensors/LAB4/lab04_pkg/install/ekf_filter:/home/rosario/Desktop/Sensors/LAB4/lab04_pkg/install/turtlebot3_perception:/opt/ros/humble /usr/bin/cmake --install /home/rosario/Desktop/Sensors/LAB4/lab04_pkg/build/turtlebot3_simulations
[0.516s] Level 1:colcon.colcon_core.environment:create_environment_scripts_only(turtlebot3_simulations)
[0.516s] Level 1:colcon.colcon_core.environment:checking '/home/rosario/Desktop/Sensors/LAB4/lab04_pkg/install/turtlebot3_simulations' for CMake module files
[0.517s] DEBUG:colcon.colcon_core.event_handler.log_command:Invoked command in '/home/rosario/Desktop/Sensors/LAB4/lab04_pkg/build/turtlebot3_simulations' returned '0': CMAKE_PREFIX_PATH=/home/rosario/Desktop/Sensors/LAB4/lab04_pkg/install/turtlebot3_fake_node:/home/rosario/Desktop/Sensors/LAB4/lab04_pkg/install/turtlebot3_simulations:/home/rosario/Desktop/Sensors/LAB4/lab04_pkg/install/turtlebot3_gazebo:/home/rosario/Desktop/Sensors/LAB4/lab04_pkg/install/landmark_msgs:/home/rosario/Desktop/Sensors/LAB4/lab04_pkg/install/ekf_filter:/home/rosario/Desktop/Sensors/LAB4/lab04_pkg/install/turtlebot3_perception:/opt/ros/humble /usr/bin/cmake --install /home/rosario/Desktop/Sensors/LAB4/lab04_pkg/build/turtlebot3_simulations
[0.517s] Level 1:colcon.colcon_core.environment:checking '/home/rosario/Desktop/Sensors/LAB4/lab04_pkg/install/turtlebot3_simulations' for CMake config files
[0.517s] Level 1:colcon.colcon_core.shell:create_environment_hook('turtlebot3_simulations', 'cmake_prefix_path')
[0.518s] INFO:colcon.colcon_core.shell:Creating environment hook '/home/rosario/Desktop/Sensors/LAB4/lab04_pkg/install/turtlebot3_simulations/share/turtlebot3_simulations/hook/cmake_prefix_path.ps1'
[0.518s] INFO:colcon.colcon_core.shell:Creating environment descriptor '/home/rosario/Desktop/Sensors/LAB4/lab04_pkg/install/turtlebot3_simulations/share/turtlebot3_simulations/hook/cmake_prefix_path.dsv'
[0.518s] INFO:colcon.colcon_core.shell:Creating environment hook '/home/rosario/Desktop/Sensors/LAB4/lab04_pkg/install/turtlebot3_simulations/share/turtlebot3_simulations/hook/cmake_prefix_path.sh'
[0.519s] Level 1:colcon.colcon_core.environment:checking '/home/rosario/Desktop/Sensors/LAB4/lab04_pkg/install/turtlebot3_simulations/bin'
[0.519s] Level 1:colcon.colcon_core.environment:checking '/home/rosario/Desktop/Sensors/LAB4/lab04_pkg/install/turtlebot3_simulations/lib/pkgconfig/turtlebot3_simulations.pc'
[0.519s] Level 1:colcon.colcon_core.environment:checking '/home/rosario/Desktop/Sensors/LAB4/lab04_pkg/install/turtlebot3_simulations/lib/python3.10/site-packages'
[0.519s] Level 1:colcon.colcon_core.environment:checking '/home/rosario/Desktop/Sensors/LAB4/lab04_pkg/install/turtlebot3_simulations/bin'
[0.519s] INFO:colcon.colcon_core.shell:Creating package script '/home/rosario/Desktop/Sensors/LAB4/lab04_pkg/install/turtlebot3_simulations/share/turtlebot3_simulations/package.ps1'
[0.520s] INFO:colcon.colcon_core.shell:Creating package descriptor '/home/rosario/Desktop/Sensors/LAB4/lab04_pkg/install/turtlebot3_simulations/share/turtlebot3_simulations/package.dsv'
[0.520s] INFO:colcon.colcon_core.shell:Creating package script '/home/rosario/Desktop/Sensors/LAB4/lab04_pkg/install/turtlebot3_simulations/share/turtlebot3_simulations/package.sh'
[0.520s] INFO:colcon.colcon_core.shell:Creating package script '/home/rosario/Desktop/Sensors/LAB4/lab04_pkg/install/turtlebot3_simulations/share/turtlebot3_simulations/package.bash'
[0.521s] INFO:colcon.colcon_core.shell:Creating package script '/home/rosario/Desktop/Sensors/LAB4/lab04_pkg/install/turtlebot3_simulations/share/turtlebot3_simulations/package.zsh'
[0.521s] Level 1:colcon.colcon_core.environment:create_file_with_runtime_dependencies(/home/rosario/Desktop/Sensors/LAB4/lab04_pkg/install/turtlebot3_simulations/share/colcon-core/packages/turtlebot3_simulations)
[0.548s] Level 1:colcon.colcon_core.environment:create_environment_scripts_only(turtlebot3_simulations)
[0.548s] Level 1:colcon.colcon_core.environment:checking '/home/rosario/Desktop/Sensors/LAB4/lab04_pkg/install/turtlebot3_simulations' for CMake module files
[0.550s] Level 1:colcon.colcon_core.environment:checking '/home/rosario/Desktop/Sensors/LAB4/lab04_pkg/install/turtlebot3_simulations' for CMake config files
[0.550s] Level 1:colcon.colcon_core.shell:create_environment_hook('turtlebot3_simulations', 'cmake_prefix_path')
[0.550s] INFO:colcon.colcon_core.shell:Creating environment hook '/home/rosario/Desktop/Sensors/LAB4/lab04_pkg/install/turtlebot3_simulations/share/turtlebot3_simulations/hook/cmake_prefix_path.ps1'
[0.551s] INFO:colcon.colcon_core.shell:Creating environment descriptor '/home/rosario/Desktop/Sensors/LAB4/lab04_pkg/install/turtlebot3_simulations/share/turtlebot3_simulations/hook/cmake_prefix_path.dsv'
[0.551s] INFO:colcon.colcon_core.shell:Creating environment hook '/home/rosario/Desktop/Sensors/LAB4/lab04_pkg/install/turtlebot3_simulations/share/turtlebot3_simulations/hook/cmake_prefix_path.sh'
[0.552s] Level 1:colcon.colcon_core.environment:checking '/home/rosario/Desktop/Sensors/LAB4/lab04_pkg/install/turtlebot3_simulations/bin'
[0.552s] Level 1:colcon.colcon_core.environment:checking '/home/rosario/Desktop/Sensors/LAB4/lab04_pkg/install/turtlebot3_simulations/lib/pkgconfig/turtlebot3_simulations.pc'
[0.552s] Level 1:colcon.colcon_core.environment:checking '/home/rosario/Desktop/Sensors/LAB4/lab04_pkg/install/turtlebot3_simulations/lib/python3.10/site-packages'
[0.552s] Level 1:colcon.colcon_core.environment:checking '/home/rosario/Desktop/Sensors/LAB4/lab04_pkg/install/turtlebot3_simulations/bin'
[0.553s] INFO:colcon.colcon_core.shell:Creating package script '/home/rosario/Desktop/Sensors/LAB4/lab04_pkg/install/turtlebot3_simulations/share/turtlebot3_simulations/package.ps1'
[0.553s] INFO:colcon.colcon_core.shell:Creating package descriptor '/home/rosario/Desktop/Sensors/LAB4/lab04_pkg/install/turtlebot3_simulations/share/turtlebot3_simulations/package.dsv'
[0.553s] INFO:colcon.colcon_core.shell:Creating package script '/home/rosario/Desktop/Sensors/LAB4/lab04_pkg/install/turtlebot3_simulations/share/turtlebot3_simulations/package.sh'
[0.553s] INFO:colcon.colcon_core.shell:Creating package script '/home/rosario/Desktop/Sensors/LAB4/lab04_pkg/install/turtlebot3_simulations/share/turtlebot3_simulations/package.bash'
[0.554s] INFO:colcon.colcon_core.shell:Creating package script '/home/rosario/Desktop/Sensors/LAB4/lab04_pkg/install/turtlebot3_simulations/share/turtlebot3_simulations/package.zsh'
[0.554s] Level 1:colcon.colcon_core.environment:create_file_with_runtime_dependencies(/home/rosario/Desktop/Sensors/LAB4/lab04_pkg/install/turtlebot3_simulations/share/colcon-core/packages/turtlebot3_simulations)
[0.562s] DEBUG:colcon.colcon_core.event_handler.log_command:Invoked command in '/home/rosario/Desktop/Sensors/LAB4/lab04_pkg/build/landmark_msgs' returned '0': CMAKE_PREFIX_PATH=${CMAKE_PREFIX_PATH}:/home/rosario/Desktop/Sensors/LAB4/lab04_pkg/install/ekf_filter:/home/rosario/Desktop/Sensors/LAB4/lab04_pkg/install/turtlebot3_perception:/opt/ros/humble /usr/bin/cmake --build /home/rosario/Desktop/Sensors/LAB4/lab04_pkg/build/landmark_msgs -- -j16 -l16
[0.655s] DEBUG:colcon.colcon_core.event_handler.log_command:Invoking command in '/home/rosario/Desktop/Sensors/LAB4/lab04_pkg/build/landmark_msgs': CMAKE_PREFIX_PATH=${CMAKE_PREFIX_PATH}:/home/rosario/Desktop/Sensors/LAB4/lab04_pkg/install/ekf_filter:/home/rosario/Desktop/Sensors/LAB4/lab04_pkg/install/turtlebot3_perception:/opt/ros/humble /usr/bin/cmake --install /home/rosario/Desktop/Sensors/LAB4/lab04_pkg/build/landmark_msgs
[0.700s] Level 1:colcon.colcon_core.environment:create_environment_scripts_only(landmark_msgs)
[0.700s] Level 1:colcon.colcon_core.environment:checking '/home/rosario/Desktop/Sensors/LAB4/lab04_pkg/install/landmark_msgs' for CMake module files
[0.701s] DEBUG:colcon.colcon_core.event_handler.log_command:Invoked command in '/home/rosario/Desktop/Sensors/LAB4/lab04_pkg/build/landmark_msgs' returned '0': CMAKE_PREFIX_PATH=${CMAKE_PREFIX_PATH}:/home/rosario/Desktop/Sensors/LAB4/lab04_pkg/install/ekf_filter:/home/rosario/Desktop/Sensors/LAB4/lab04_pkg/install/turtlebot3_perception:/opt/ros/humble /usr/bin/cmake --install /home/rosario/Desktop/Sensors/LAB4/lab04_pkg/build/landmark_msgs
[0.702s] Level 1:colcon.colcon_core.environment:checking '/home/rosario/Desktop/Sensors/LAB4/lab04_pkg/install/landmark_msgs' for CMake config files
[0.702s] Level 1:colcon.colcon_core.shell:create_environment_hook('landmark_msgs', 'cmake_prefix_path')
[0.703s] INFO:colcon.colcon_core.shell:Creating environment hook '/home/rosario/Desktop/Sensors/LAB4/lab04_pkg/install/landmark_msgs/share/landmark_msgs/hook/cmake_prefix_path.ps1'
[0.703s] INFO:colcon.colcon_core.shell:Creating environment descriptor '/home/rosario/Desktop/Sensors/LAB4/lab04_pkg/install/landmark_msgs/share/landmark_msgs/hook/cmake_prefix_path.dsv'
[0.704s] INFO:colcon.colcon_core.shell:Creating environment hook '/home/rosario/Desktop/Sensors/LAB4/lab04_pkg/install/landmark_msgs/share/landmark_msgs/hook/cmake_prefix_path.sh'
[0.705s] Level 1:colcon.colcon_core.environment:checking '/home/rosario/Desktop/Sensors/LAB4/lab04_pkg/install/landmark_msgs/lib'
[0.705s] Level 1:colcon.colcon_core.shell:create_environment_hook('landmark_msgs', 'ld_library_path_lib')
[0.705s] INFO:colcon.colcon_core.shell:Creating environment hook '/home/rosario/Desktop/Sensors/LAB4/lab04_pkg/install/landmark_msgs/share/landmark_msgs/hook/ld_library_path_lib.ps1'
[0.706s] INFO:colcon.colcon_core.shell:Creating environment descriptor '/home/rosario/Desktop/Sensors/LAB4/lab04_pkg/install/landmark_msgs/share/landmark_msgs/hook/ld_library_path_lib.dsv'
[0.706s] INFO:colcon.colcon_core.shell:Creating environment hook '/home/rosario/Desktop/Sensors/LAB4/lab04_pkg/install/landmark_msgs/share/landmark_msgs/hook/ld_library_path_lib.sh'
[0.707s] Level 1:colcon.colcon_core.environment:checking '/home/rosario/Desktop/Sensors/LAB4/lab04_pkg/install/landmark_msgs/bin'
[0.707s] Level 1:colcon.colcon_core.environment:checking '/home/rosario/Desktop/Sensors/LAB4/lab04_pkg/install/landmark_msgs/lib/pkgconfig/landmark_msgs.pc'
[0.707s] Level 1:colcon.colcon_core.environment:checking '/home/rosario/Desktop/Sensors/LAB4/lab04_pkg/install/landmark_msgs/lib/python3.10/site-packages'
[0.707s] Level 1:colcon.colcon_core.environment:checking '/home/rosario/Desktop/Sensors/LAB4/lab04_pkg/install/landmark_msgs/bin'
[0.708s] INFO:colcon.colcon_core.shell:Creating package script '/home/rosario/Desktop/Sensors/LAB4/lab04_pkg/install/landmark_msgs/share/landmark_msgs/package.ps1'
[0.709s] INFO:colcon.colcon_core.shell:Creating package descriptor '/home/rosario/Desktop/Sensors/LAB4/lab04_pkg/install/landmark_msgs/share/landmark_msgs/package.dsv'
[0.709s] INFO:colcon.colcon_core.shell:Creating package script '/home/rosario/Desktop/Sensors/LAB4/lab04_pkg/install/landmark_msgs/share/landmark_msgs/package.sh'
[0.710s] INFO:colcon.colcon_core.shell:Creating package script '/home/rosario/Desktop/Sensors/LAB4/lab04_pkg/install/landmark_msgs/share/landmark_msgs/package.bash'
[0.710s] INFO:colcon.colcon_core.shell:Creating package script '/home/rosario/Desktop/Sensors/LAB4/lab04_pkg/install/landmark_msgs/share/landmark_msgs/package.zsh'
[0.711s] Level 1:colcon.colcon_core.environment:create_file_with_runtime_dependencies(/home/rosario/Desktop/Sensors/LAB4/lab04_pkg/install/landmark_msgs/share/colcon-core/packages/landmark_msgs)
[0.812s] Level 1:colcon.colcon_core.environment:create_environment_scripts_only(landmark_msgs)
[0.812s] Level 1:colcon.colcon_core.environment:checking '/home/rosario/Desktop/Sensors/LAB4/lab04_pkg/install/landmark_msgs' for CMake module files
[0.812s] Level 1:colcon.colcon_core.environment:checking '/home/rosario/Desktop/Sensors/LAB4/lab04_pkg/install/landmark_msgs' for CMake config files
[0.813s] Level 1:colcon.colcon_core.shell:create_environment_hook('landmark_msgs', 'cmake_prefix_path')
[0.813s] INFO:colcon.colcon_core.shell:Creating environment hook '/home/rosario/Desktop/Sensors/LAB4/lab04_pkg/install/landmark_msgs/share/landmark_msgs/hook/cmake_prefix_path.ps1'
[0.813s] INFO:colcon.colcon_core.shell:Creating environment descriptor '/home/rosario/Desktop/Sensors/LAB4/lab04_pkg/install/landmark_msgs/share/landmark_msgs/hook/cmake_prefix_path.dsv'
[0.813s] INFO:colcon.colcon_core.shell:Creating environment hook '/home/rosario/Desktop/Sensors/LAB4/lab04_pkg/install/landmark_msgs/share/landmark_msgs/hook/cmake_prefix_path.sh'
[0.814s] Level 1:colcon.colcon_core.environment:checking '/home/rosario/Desktop/Sensors/LAB4/lab04_pkg/install/landmark_msgs/lib'
[0.814s] Level 1:colcon.colcon_core.shell:create_environment_hook('landmark_msgs', 'ld_library_path_lib')
[0.814s] INFO:colcon.colcon_core.shell:Creating environment hook '/home/rosario/Desktop/Sensors/LAB4/lab04_pkg/install/landmark_msgs/share/landmark_msgs/hook/ld_library_path_lib.ps1'
[0.814s] INFO:colcon.colcon_core.shell:Creating environment descriptor '/home/rosario/Desktop/Sensors/LAB4/lab04_pkg/install/landmark_msgs/share/landmark_msgs/hook/ld_library_path_lib.dsv'
[0.815s] INFO:colcon.colcon_core.shell:Creating environment hook '/home/rosario/Desktop/Sensors/LAB4/lab04_pkg/install/landmark_msgs/share/landmark_msgs/hook/ld_library_path_lib.sh'
[0.815s] Level 1:colcon.colcon_core.environment:checking '/home/rosario/Desktop/Sensors/LAB4/lab04_pkg/install/landmark_msgs/bin'
[0.815s] Level 1:colcon.colcon_core.environment:checking '/home/rosario/Desktop/Sensors/LAB4/lab04_pkg/install/landmark_msgs/lib/pkgconfig/landmark_msgs.pc'
[0.815s] Level 1:colcon.colcon_core.environment:checking '/home/rosario/Desktop/Sensors/LAB4/lab04_pkg/install/landmark_msgs/lib/python3.10/site-packages'
[0.815s] Level 1:colcon.colcon_core.environment:checking '/home/rosario/Desktop/Sensors/LAB4/lab04_pkg/install/landmark_msgs/bin'
[0.815s] INFO:colcon.colcon_core.shell:Creating package script '/home/rosario/Desktop/Sensors/LAB4/lab04_pkg/install/landmark_msgs/share/landmark_msgs/package.ps1'
[0.816s] INFO:colcon.colcon_core.shell:Creating package descriptor '/home/rosario/Desktop/Sensors/LAB4/lab04_pkg/install/landmark_msgs/share/landmark_msgs/package.dsv'
[0.816s] INFO:colcon.colcon_core.shell:Creating package script '/home/rosario/Desktop/Sensors/LAB4/lab04_pkg/install/landmark_msgs/share/landmark_msgs/package.sh'
[0.816s] INFO:colcon.colcon_core.shell:Creating package script '/home/rosario/Desktop/Sensors/LAB4/lab04_pkg/install/landmark_msgs/share/landmark_msgs/package.bash'
[0.817s] INFO:colcon.colcon_core.shell:Creating package script '/home/rosario/Desktop/Sensors/LAB4/lab04_pkg/install/landmark_msgs/share/landmark_msgs/package.zsh'
[0.817s] Level 1:colcon.colcon_core.environment:create_file_with_runtime_dependencies(/home/rosario/Desktop/Sensors/LAB4/lab04_pkg/install/landmark_msgs/share/colcon-core/packages/landmark_msgs)
[0.817s] INFO:colcon.colcon_ros.task.ament_python.build:Building ROS package in '/home/rosario/Desktop/Sensors/LAB4/lab04_pkg/src/turtlebot3_perception/turtlebot3_perception' with build type 'ament_python'
[0.817s] Level 1:colcon.colcon_core.shell:create_environment_hook('turtlebot3_perception', 'ament_prefix_path')
[0.817s] INFO:colcon.colcon_core.shell:Creating environment hook '/home/rosario/Desktop/Sensors/LAB4/lab04_pkg/install/turtlebot3_perception/share/turtlebot3_perception/hook/ament_prefix_path.ps1'
[0.818s] INFO:colcon.colcon_core.shell:Creating environment descriptor '/home/rosario/Desktop/Sensors/LAB4/lab04_pkg/install/turtlebot3_perception/share/turtlebot3_perception/hook/ament_prefix_path.dsv'
[0.818s] INFO:colcon.colcon_core.shell:Creating environment hook '/home/rosario/Desktop/Sensors/LAB4/lab04_pkg/install/turtlebot3_perception/share/turtlebot3_perception/hook/ament_prefix_path.sh'
[0.818s] INFO:colcon.colcon_core.shell:Skip shell extension 'powershell' for command environment: Not usable outside of PowerShell
[0.818s] DEBUG:colcon.colcon_core.shell:Skip shell extension 'dsv' for command environment
[1.012s] INFO:colcon.colcon_core.task.python.build:Building Python package in '/home/rosario/Desktop/Sensors/LAB4/lab04_pkg/src/turtlebot3_perception/turtlebot3_perception'
[1.012s] INFO:colcon.colcon_core.shell:Skip shell extension 'powershell' for command environment: Not usable outside of PowerShell
[1.012s] DEBUG:colcon.colcon_core.shell:Skip shell extension 'dsv' for command environment
[1.290s] DEBUG:colcon.colcon_core.event_handler.log_command:Invoking command in '/home/rosario/Desktop/Sensors/LAB4/lab04_pkg/src/turtlebot3_perception/turtlebot3_perception': CMAKE_PREFIX_PATH=/home/rosario/Desktop/Sensors/LAB4/lab04_pkg/install/landmark_msgs:/home/rosario/Desktop/Sensors/LAB4/lab04_pkg/install/turtlebot3_simulations:/home/rosario/Desktop/Sensors/LAB4/lab04_pkg/install/turtlebot3_gazebo:/home/rosario/Desktop/Sensors/LAB4/lab04_pkg/install/turtlebot3_fake_node LD_LIBRARY_PATH=/home/rosario/Desktop/Sensors/LAB4/lab04_pkg/install/landmark_msgs/lib:/usr/lib/x86_64-linux-gnu/gazebo-11/plugins:/opt/ros/humble/opt/rviz_ogre_vendor/lib:/opt/ros/humble/lib/x86_64-linux-gnu:/opt/ros/humble/lib:/usr/share/gazebo/../../lib/x86_64-linux-gnu/gazebo-11/plugins:/usr/share/gazebo/../../lib/x86_64-linux-gnu/gazebo-11/plugins:/usr/share/gazebo/../../lib/x86_64-linux-gnu/gazebo-11/plugins PYTHONPATH=/home/rosario/Desktop/Sensors/LAB4/lab04_pkg/build/turtlebot3_perception/prefix_override:/usr/lib/python3/dist-packages/colcon_core/task/python/colcon_distutils_commands:/home/rosario/Desktop/Sensors/LAB4/lab04_pkg/install/turtlebot3_perception/lib/python3.10/site-packages:${PYTHONPATH} /usr/bin/python3 -W ignore:setup.py install is deprecated setup.py egg_info --egg-base ../../../build/turtlebot3_perception build --build-base /home/rosario/Desktop/Sensors/LAB4/lab04_pkg/build/turtlebot3_perception/build install --record /home/rosario/Desktop/Sensors/LAB4/lab04_pkg/build/turtlebot3_perception/install.log --single-version-externally-managed install_data
[1.509s] Level 1:colcon.colcon_core.environment:checking '/home/rosario/Desktop/Sensors/LAB4/lab04_pkg/install/turtlebot3_perception' for CMake module files
[1.510s] DEBUG:colcon.colcon_core.event_handler.log_command:Invoked command in '/home/rosario/Desktop/Sensors/LAB4/lab04_pkg/src/turtlebot3_perception/turtlebot3_perception' returned '0': CMAKE_PREFIX_PATH=/home/rosario/Desktop/Sensors/LAB4/lab04_pkg/install/landmark_msgs:/home/rosario/Desktop/Sensors/LAB4/lab04_pkg/install/turtlebot3_simulations:/home/rosario/Desktop/Sensors/LAB4/lab04_pkg/install/turtlebot3_gazebo:/home/rosario/Desktop/Sensors/LAB4/lab04_pkg/install/turtlebot3_fake_node LD_LIBRARY_PATH=/home/rosario/Desktop/Sensors/LAB4/lab04_pkg/install/landmark_msgs/lib:/usr/lib/x86_64-linux-gnu/gazebo-11/plugins:/opt/ros/humble/opt/rviz_ogre_vendor/lib:/opt/ros/humble/lib/x86_64-linux-gnu:/opt/ros/humble/lib:/usr/share/gazebo/../../lib/x86_64-linux-gnu/gazebo-11/plugins:/usr/share/gazebo/../../lib/x86_64-linux-gnu/gazebo-11/plugins:/usr/share/gazebo/../../lib/x86_64-linux-gnu/gazebo-11/plugins PYTHONPATH=/home/rosario/Desktop/Sensors/LAB4/lab04_pkg/build/turtlebot3_perception/prefix_override:/usr/lib/python3/dist-packages/colcon_core/task/python/colcon_distutils_commands:/home/rosario/Desktop/Sensors/LAB4/lab04_pkg/install/turtlebot3_perception/lib/python3.10/site-packages:${PYTHONPATH} /usr/bin/python3 -W ignore:setup.py install is deprecated setup.py egg_info --egg-base ../../../build/turtlebot3_perception build --build-base /home/rosario/Desktop/Sensors/LAB4/lab04_pkg/build/turtlebot3_perception/build install --record /home/rosario/Desktop/Sensors/LAB4/lab04_pkg/build/turtlebot3_perception/install.log --single-version-externally-managed install_data
[1.510s] Level 1:colcon.colcon_core.environment:checking '/home/rosario/Desktop/Sensors/LAB4/lab04_pkg/install/turtlebot3_perception' for CMake config files
[1.511s] Level 1:colcon.colcon_core.environment:checking '/home/rosario/Desktop/Sensors/LAB4/lab04_pkg/install/turtlebot3_perception/lib'
[1.512s] Level 1:colcon.colcon_core.environment:checking '/home/rosario/Desktop/Sensors/LAB4/lab04_pkg/install/turtlebot3_perception/bin'
[1.512s] Level 1:colcon.colcon_core.environment:checking '/home/rosario/Desktop/Sensors/LAB4/lab04_pkg/install/turtlebot3_perception/lib/pkgconfig/turtlebot3_perception.pc'
[1.513s] Level 1:colcon.colcon_core.environment:checking '/home/rosario/Desktop/Sensors/LAB4/lab04_pkg/install/turtlebot3_perception/lib/python3.10/site-packages'
[1.513s] Level 1:colcon.colcon_core.shell:create_environment_hook('turtlebot3_perception', 'pythonpath')
[1.513s] INFO:colcon.colcon_core.shell:Creating environment hook '/home/rosario/Desktop/Sensors/LAB4/lab04_pkg/install/turtlebot3_perception/share/turtlebot3_perception/hook/pythonpath.ps1'
[1.515s] INFO:colcon.colcon_core.shell:Creating environment descriptor '/home/rosario/Desktop/Sensors/LAB4/lab04_pkg/install/turtlebot3_perception/share/turtlebot3_perception/hook/pythonpath.dsv'
[1.515s] INFO:colcon.colcon_core.shell:Creating environment hook '/home/rosario/Desktop/Sensors/LAB4/lab04_pkg/install/turtlebot3_perception/share/turtlebot3_perception/hook/pythonpath.sh'
[1.516s] Level 1:colcon.colcon_core.environment:checking '/home/rosario/Desktop/Sensors/LAB4/lab04_pkg/install/turtlebot3_perception/bin'
[1.516s] Level 1:colcon.colcon_core.environment:create_environment_scripts_only(turtlebot3_perception)
[1.516s] INFO:colcon.colcon_core.shell:Creating package script '/home/rosario/Desktop/Sensors/LAB4/lab04_pkg/install/turtlebot3_perception/share/turtlebot3_perception/package.ps1'
[1.517s] INFO:colcon.colcon_core.shell:Creating package descriptor '/home/rosario/Desktop/Sensors/LAB4/lab04_pkg/install/turtlebot3_perception/share/turtlebot3_perception/package.dsv'
[1.518s] INFO:colcon.colcon_core.shell:Creating package script '/home/rosario/Desktop/Sensors/LAB4/lab04_pkg/install/turtlebot3_perception/share/turtlebot3_perception/package.sh'
[1.519s] INFO:colcon.colcon_core.shell:Creating package script '/home/rosario/Desktop/Sensors/LAB4/lab04_pkg/install/turtlebot3_perception/share/turtlebot3_perception/package.bash'
[1.519s] INFO:colcon.colcon_core.shell:Creating package script '/home/rosario/Desktop/Sensors/LAB4/lab04_pkg/install/turtlebot3_perception/share/turtlebot3_perception/package.zsh'
[1.519s] Level 1:colcon.colcon_core.environment:create_file_with_runtime_dependencies(/home/rosario/Desktop/Sensors/LAB4/lab04_pkg/install/turtlebot3_perception/share/colcon-core/packages/turtlebot3_perception)
[1.520s] INFO:colcon.colcon_ros.task.ament_python.build:Building ROS package in '/home/rosario/Desktop/Sensors/LAB4/lab04_pkg/src/ekf_filter' with build type 'ament_python'
[1.520s] Level 1:colcon.colcon_core.shell:create_environment_hook('ekf_filter', 'ament_prefix_path')
[1.520s] INFO:colcon.colcon_core.shell:Creating environment hook '/home/rosario/Desktop/Sensors/LAB4/lab04_pkg/install/ekf_filter/share/ekf_filter/hook/ament_prefix_path.ps1'
[1.522s] INFO:colcon.colcon_core.shell:Creating environment descriptor '/home/rosario/Desktop/Sensors/LAB4/lab04_pkg/install/ekf_filter/share/ekf_filter/hook/ament_prefix_path.dsv'
[1.522s] INFO:colcon.colcon_core.shell:Creating environment hook '/home/rosario/Desktop/Sensors/LAB4/lab04_pkg/install/ekf_filter/share/ekf_filter/hook/ament_prefix_path.sh'
[1.523s] INFO:colcon.colcon_core.shell:Skip shell extension 'powershell' for command environment: Not usable outside of PowerShell
[1.523s] DEBUG:colcon.colcon_core.shell:Skip shell extension 'dsv' for command environment
[1.743s] INFO:colcon.colcon_core.task.python.build:Building Python package in '/home/rosario/Desktop/Sensors/LAB4/lab04_pkg/src/ekf_filter'
[1.744s] INFO:colcon.colcon_core.shell:Skip shell extension 'powershell' for command environment: Not usable outside of PowerShell
[1.744s] DEBUG:colcon.colcon_core.shell:Skip shell extension 'dsv' for command environment
[2.112s] DEBUG:colcon.colcon_core.event_handler.log_command:Invoking command in '/home/rosario/Desktop/Sensors/LAB4/lab04_pkg/src/ekf_filter': AMENT_PREFIX_PATH=/home/rosario/Desktop/Sensors/LAB4/lab04_pkg/install/turtlebot3_perception:/home/rosario/Desktop/Sensors/LAB4/lab04_pkg/install/ekf_filter:/home/rosario/Desktop/Sensors/LAB4/lab04_pkg/install/turtlebot3_simulations:/home/rosario/Desktop/Sensors/LAB4/lab04_pkg/install/turtlebot3_gazebo:/home/rosario/Desktop/Sensors/LAB4/lab04_pkg/install/turtlebot3_fake_node:/home/rosario/Desktop/Sensors/LAB4/lab04_pkg/install/landmark_msgs:/opt/ros/humble CMAKE_PREFIX_PATH=/home/rosario/Desktop/Sensors/LAB4/lab04_pkg/install/landmark_msgs:/home/rosario/Desktop/Sensors/LAB4/lab04_pkg/install/turtlebot3_simulations:/home/rosario/Desktop/Sensors/LAB4/lab04_pkg/install/turtlebot3_gazebo:/home/rosario/Desktop/Sensors/LAB4/lab04_pkg/install/turtlebot3_fake_node LD_LIBRARY_PATH=/home/rosario/Desktop/Sensors/LAB4/lab04_pkg/install/landmark_msgs/lib:/usr/lib/x86_64-linux-gnu/gazebo-11/plugins:/opt/ros/humble/opt/rviz_ogre_vendor/lib:/opt/ros/humble/lib/x86_64-linux-gnu:/opt/ros/humble/lib:/usr/share/gazebo/../../lib/x86_64-linux-gnu/gazebo-11/plugins:/usr/share/gazebo/../../lib/x86_64-linux-gnu/gazebo-11/plugins:/usr/share/gazebo/../../lib/x86_64-linux-gnu/gazebo-11/plugins PYTHONPATH=/home/rosario/Desktop/Sensors/LAB4/lab04_pkg/build/ekf_filter/prefix_override:/usr/lib/python3/dist-packages/colcon_core/task/python/colcon_distutils_commands:/home/rosario/Desktop/Sensors/LAB4/lab04_pkg/install/ekf_filter/lib/python3.10/site-packages:/home/rosario/Desktop/Sensors/LAB4/lab04_pkg/install/turtlebot3_perception/lib/python3.10/site-packages:/home/rosario/Desktop/Sensors/LAB4/lab04_pkg/install/ekf_filter/lib/python3.10/site-packages:/home/rosario/Desktop/Sensors/LAB4/lab04_pkg/install/landmark_msgs/local/lib/python3.10/dist-packages:/opt/ros/humble/lib/python3.10/site-packages:/opt/ros/humble/local/lib/python3.10/dist-packages /usr/bin/python3 -W ignore:setup.py install is deprecated setup.py egg_info --egg-base ../../build/ekf_filter build --build-base /home/rosario/Desktop/Sensors/LAB4/lab04_pkg/build/ekf_filter/build install --record /home/rosario/Desktop/Sensors/LAB4/lab04_pkg/build/ekf_filter/install.log --single-version-externally-managed install_data
[2.343s] Level 1:colcon.colcon_core.environment:checking '/home/rosario/Desktop/Sensors/LAB4/lab04_pkg/install/ekf_filter' for CMake module files
[2.344s] DEBUG:colcon.colcon_core.event_handler.log_command:Invoked command in '/home/rosario/Desktop/Sensors/LAB4/lab04_pkg/src/ekf_filter' returned '0': AMENT_PREFIX_PATH=/home/rosario/Desktop/Sensors/LAB4/lab04_pkg/install/turtlebot3_perception:/home/rosario/Desktop/Sensors/LAB4/lab04_pkg/install/ekf_filter:/home/rosario/Desktop/Sensors/LAB4/lab04_pkg/install/turtlebot3_simulations:/home/rosario/Desktop/Sensors/LAB4/lab04_pkg/install/turtlebot3_gazebo:/home/rosario/Desktop/Sensors/LAB4/lab04_pkg/install/turtlebot3_fake_node:/home/rosario/Desktop/Sensors/LAB4/lab04_pkg/install/landmark_msgs:/opt/ros/humble CMAKE_PREFIX_PATH=/home/rosario/Desktop/Sensors/LAB4/lab04_pkg/install/landmark_msgs:/home/rosario/Desktop/Sensors/LAB4/lab04_pkg/install/turtlebot3_simulations:/home/rosario/Desktop/Sensors/LAB4/lab04_pkg/install/turtlebot3_gazebo:/home/rosario/Desktop/Sensors/LAB4/lab04_pkg/install/turtlebot3_fake_node LD_LIBRARY_PATH=/home/rosario/Desktop/Sensors/LAB4/lab04_pkg/install/landmark_msgs/lib:/usr/lib/x86_64-linux-gnu/gazebo-11/plugins:/opt/ros/humble/opt/rviz_ogre_vendor/lib:/opt/ros/humble/lib/x86_64-linux-gnu:/opt/ros/humble/lib:/usr/share/gazebo/../../lib/x86_64-linux-gnu/gazebo-11/plugins:/usr/share/gazebo/../../lib/x86_64-linux-gnu/gazebo-11/plugins:/usr/share/gazebo/../../lib/x86_64-linux-gnu/gazebo-11/plugins PYTHONPATH=/home/rosario/Desktop/Sensors/LAB4/lab04_pkg/build/ekf_filter/prefix_override:/usr/lib/python3/dist-packages/colcon_core/task/python/colcon_distutils_commands:/home/rosario/Desktop/Sensors/LAB4/lab04_pkg/install/ekf_filter/lib/python3.10/site-packages:/home/rosario/Desktop/Sensors/LAB4/lab04_pkg/install/turtlebot3_perception/lib/python3.10/site-packages:/home/rosario/Desktop/Sensors/LAB4/lab04_pkg/install/ekf_filter/lib/python3.10/site-packages:/home/rosario/Desktop/Sensors/LAB4/lab04_pkg/install/landmark_msgs/local/lib/python3.10/dist-packages:/opt/ros/humble/lib/python3.10/site-packages:/opt/ros/humble/local/lib/python3.10/dist-packages /usr/bin/python3 -W ignore:setup.py install is deprecated setup.py egg_info --egg-base ../../build/ekf_filter build --build-base /home/rosario/Desktop/Sensors/LAB4/lab04_pkg/build/ekf_filter/build install --record /home/rosario/Desktop/Sensors/LAB4/lab04_pkg/build/ekf_filter/install.log --single-version-externally-managed install_data
[2.345s] Level 1:colcon.colcon_core.environment:checking '/home/rosario/Desktop/Sensors/LAB4/lab04_pkg/install/ekf_filter' for CMake config files
[2.346s] Level 1:colcon.colcon_core.environment:checking '/home/rosario/Desktop/Sensors/LAB4/lab04_pkg/install/ekf_filter/lib'
[2.346s] Level 1:colcon.colcon_core.environment:checking '/home/rosario/Desktop/Sensors/LAB4/lab04_pkg/install/ekf_filter/bin'
[2.346s] Level 1:colcon.colcon_core.environment:checking '/home/rosario/Desktop/Sensors/LAB4/lab04_pkg/install/ekf_filter/lib/pkgconfig/ekf_filter.pc'
[2.347s] Level 1:colcon.colcon_core.environment:checking '/home/rosario/Desktop/Sensors/LAB4/lab04_pkg/install/ekf_filter/lib/python3.10/site-packages'
[2.347s] Level 1:colcon.colcon_core.shell:create_environment_hook('ekf_filter', 'pythonpath')
[2.347s] INFO:colcon.colcon_core.shell:Creating environment hook '/home/rosario/Desktop/Sensors/LAB4/lab04_pkg/install/ekf_filter/share/ekf_filter/hook/pythonpath.ps1'
[2.348s] INFO:colcon.colcon_core.shell:Creating environment descriptor '/home/rosario/Desktop/Sensors/LAB4/lab04_pkg/install/ekf_filter/share/ekf_filter/hook/pythonpath.dsv'
[2.348s] INFO:colcon.colcon_core.shell:Creating environment hook '/home/rosario/Desktop/Sensors/LAB4/lab04_pkg/install/ekf_filter/share/ekf_filter/hook/pythonpath.sh'
[2.349s] Level 1:colcon.colcon_core.environment:checking '/home/rosario/Desktop/Sensors/LAB4/lab04_pkg/install/ekf_filter/bin'
[2.349s] Level 1:colcon.colcon_core.environment:create_environment_scripts_only(ekf_filter)
[2.349s] INFO:colcon.colcon_core.shell:Creating package script '/home/rosario/Desktop/Sensors/LAB4/lab04_pkg/install/ekf_filter/share/ekf_filter/package.ps1'
[2.350s] INFO:colcon.colcon_core.shell:Creating package descriptor '/home/rosario/Desktop/Sensors/LAB4/lab04_pkg/install/ekf_filter/share/ekf_filter/package.dsv'
[2.351s] INFO:colcon.colcon_core.shell:Creating package script '/home/rosario/Desktop/Sensors/LAB4/lab04_pkg/install/ekf_filter/share/ekf_filter/package.sh'
[2.352s] INFO:colcon.colcon_core.shell:Creating package script '/home/rosario/Desktop/Sensors/LAB4/lab04_pkg/install/ekf_filter/share/ekf_filter/package.bash'
[2.352s] INFO:colcon.colcon_core.shell:Creating package script '/home/rosario/Desktop/Sensors/LAB4/lab04_pkg/install/ekf_filter/share/ekf_filter/package.zsh'
[2.353s] Level 1:colcon.colcon_core.environment:create_file_with_runtime_dependencies(/home/rosario/Desktop/Sensors/LAB4/lab04_pkg/install/ekf_filter/share/colcon-core/packages/ekf_filter)
[2.353s] DEBUG:colcon.colcon_parallel_executor.executor.parallel:closing loop
[2.354s] DEBUG:colcon.colcon_parallel_executor.executor.parallel:loop closed
[2.354s] DEBUG:colcon.colcon_parallel_executor.executor.parallel:run_until_complete finished with '0'
[2.354s] DEBUG:colcon.colcon_core.event_reactor:joining thread
[2.359s] INFO:colcon.colcon_core.plugin_system:Skipping extension 'colcon_notification.desktop_notification.terminal_notifier': Not used on non-Darwin systems
[2.359s] INFO:colcon.colcon_core.plugin_system:Skipping extension 'colcon_notification.desktop_notification.win32': Not used on non-Windows systems
[2.359s] INFO:colcon.colcon_notification.desktop_notification:Sending desktop notification using 'notify2'
[2.381s] DEBUG:colcon.colcon_core.event_reactor:joined thread
[2.381s] INFO:colcon.colcon_core.shell:Creating prefix script '/home/rosario/Desktop/Sensors/LAB4/lab04_pkg/install/local_setup.ps1'
[2.383s] INFO:colcon.colcon_core.shell:Creating prefix util module '/home/rosario/Desktop/Sensors/LAB4/lab04_pkg/install/_local_setup_util_ps1.py'
[2.384s] INFO:colcon.colcon_core.shell:Creating prefix chain script '/home/rosario/Desktop/Sensors/LAB4/lab04_pkg/install/setup.ps1'
[2.386s] INFO:colcon.colcon_core.shell:Creating prefix script '/home/rosario/Desktop/Sensors/LAB4/lab04_pkg/install/local_setup.sh'
[2.386s] INFO:colcon.colcon_core.shell:Creating prefix util module '/home/rosario/Desktop/Sensors/LAB4/lab04_pkg/install/_local_setup_util_sh.py'
[2.387s] INFO:colcon.colcon_core.shell:Creating prefix chain script '/home/rosario/Desktop/Sensors/LAB4/lab04_pkg/install/setup.sh'
[2.388s] INFO:colcon.colcon_core.shell:Creating prefix script '/home/rosario/Desktop/Sensors/LAB4/lab04_pkg/install/local_setup.bash'
[2.388s] INFO:colcon.colcon_core.shell:Creating prefix chain script '/home/rosario/Desktop/Sensors/LAB4/lab04_pkg/install/setup.bash'
[2.390s] INFO:colcon.colcon_core.shell:Creating prefix script '/home/rosario/Desktop/Sensors/LAB4/lab04_pkg/install/local_setup.zsh'
[2.391s] INFO:colcon.colcon_core.shell:Creating prefix chain script '/home/rosario/Desktop/Sensors/LAB4/lab04_pkg/install/setup.zsh'
