running develop
Removing /home/rosario/Desktop/Sensors/LAB6/install/a_star/lib/python3.10/site-packages/a-star.egg-link (link to .)
running egg_info
writing ../../build/a_star/a_star.egg-info/PKG-INFO
writing dependency_links to ../../build/a_star/a_star.egg-info/dependency_links.txt
writing entry points to ../../build/a_star/a_star.egg-info/entry_points.txt
writing requirements to ../../build/a_star/a_star.egg-info/requires.txt
writing top-level names to ../../build/a_star/a_star.egg-info/top_level.txt
reading manifest file '../../build/a_star/a_star.egg-info/SOURCES.txt'
adding license file 'LICENSE'
writing manifest file '../../build/a_star/a_star.egg-info/SOURCES.txt'
running build
running build_py
copying a_star/pure_pursuit.py -> /home/rosario/Desktop/Sensors/LAB6/build/a_star/build/lib/a_star
copying a_star/lab6_pure.py -> /home/rosario/Desktop/Sensors/LAB6/build/a_star/build/lib/a_star
copying a_star/utils.py -> /home/rosario/Desktop/Sensors/LAB6/build/a_star/build/lib/a_star
copying a_star/lab6.py -> /home/rosario/Desktop/Sensors/LAB6/build/a_star/build/lib/a_star
running install
running install_lib
creating /home/rosario/Desktop/Sensors/LAB6/install/a_star/lib/python3.10/site-packages/a_star
copying /home/rosario/Desktop/Sensors/LAB6/build/a_star/build/lib/a_star/pure_pursuit.py -> /home/rosario/Desktop/Sensors/LAB6/install/a_star/lib/python3.10/site-packages/a_star
copying /home/rosario/Desktop/Sensors/LAB6/build/a_star/build/lib/a_star/dijkstra.py -> /home/rosario/Desktop/Sensors/LAB6/install/a_star/lib/python3.10/site-packages/a_star
copying /home/rosario/Desktop/Sensors/LAB6/build/a_star/build/lib/a_star/lab6_pure.py -> /home/rosario/Desktop/Sensors/LAB6/install/a_star/lib/python3.10/site-packages/a_star
copying /home/rosario/Desktop/Sensors/LAB6/build/a_star/build/lib/a_star/greedy.py -> /home/rosario/Desktop/Sensors/LAB6/install/a_star/lib/python3.10/site-packages/a_star
copying /home/rosario/Desktop/Sensors/LAB6/build/a_star/build/lib/a_star/utils.py -> /home/rosario/Desktop/Sensors/LAB6/install/a_star/lib/python3.10/site-packages/a_star
copying /home/rosario/Desktop/Sensors/LAB6/build/a_star/build/lib/a_star/a_star.py -> /home/rosario/Desktop/Sensors/LAB6/install/a_star/lib/python3.10/site-packages/a_star
copying /home/rosario/Desktop/Sensors/LAB6/build/a_star/build/lib/a_star/planner_2d.py -> /home/rosario/Desktop/Sensors/LAB6/install/a_star/lib/python3.10/site-packages/a_star
copying /home/rosario/Desktop/Sensors/LAB6/build/a_star/build/lib/a_star/lab6.py -> /home/rosario/Desktop/Sensors/LAB6/install/a_star/lib/python3.10/site-packages/a_star
copying /home/rosario/Desktop/Sensors/LAB6/build/a_star/build/lib/a_star/bfs.py -> /home/rosario/Desktop/Sensors/LAB6/install/a_star/lib/python3.10/site-packages/a_star
copying /home/rosario/Desktop/Sensors/LAB6/build/a_star/build/lib/a_star/__init__.py -> /home/rosario/Desktop/Sensors/LAB6/install/a_star/lib/python3.10/site-packages/a_star
byte-compiling /home/rosario/Desktop/Sensors/LAB6/install/a_star/lib/python3.10/site-packages/a_star/pure_pursuit.py to pure_pursuit.cpython-310.pyc
byte-compiling /home/rosario/Desktop/Sensors/LAB6/install/a_star/lib/python3.10/site-packages/a_star/dijkstra.py to dijkstra.cpython-310.pyc
byte-compiling /home/rosario/Desktop/Sensors/LAB6/install/a_star/lib/python3.10/site-packages/a_star/lab6_pure.py to lab6_pure.cpython-310.pyc
byte-compiling /home/rosario/Desktop/Sensors/LAB6/install/a_star/lib/python3.10/site-packages/a_star/greedy.py to greedy.cpython-310.pyc
byte-compiling /home/rosario/Desktop/Sensors/LAB6/install/a_star/lib/python3.10/site-packages/a_star/utils.py to utils.cpython-310.pyc
byte-compiling /home/rosario/Desktop/Sensors/LAB6/install/a_star/lib/python3.10/site-packages/a_star/a_star.py to a_star.cpython-310.pyc
byte-compiling /home/rosario/Desktop/Sensors/LAB6/install/a_star/lib/python3.10/site-packages/a_star/planner_2d.py to planner_2d.cpython-310.pyc
byte-compiling /home/rosario/Desktop/Sensors/LAB6/install/a_star/lib/python3.10/site-packages/a_star/lab6.py to lab6.cpython-310.pyc
byte-compiling /home/rosario/Desktop/Sensors/LAB6/install/a_star/lib/python3.10/site-packages/a_star/bfs.py to bfs.cpython-310.pyc
byte-compiling /home/rosario/Desktop/Sensors/LAB6/install/a_star/lib/python3.10/site-packages/a_star/__init__.py to __init__.cpython-310.pyc
running install_data
copying resource/a_star -> /home/rosario/Desktop/Sensors/LAB6/install/a_star/share/ament_index/resource_index/packages
copying package.xml -> /home/rosario/Desktop/Sensors/LAB6/install/a_star/share/a_star
running install_egg_info
Copying ../../build/a_star/a_star.egg-info to /home/rosario/Desktop/Sensors/LAB6/install/a_star/lib/python3.10/site-packages/a_star-0.0.0-py3.10.egg-info
running install_scripts
Installing lab6 = a_star.lab6:mainlab6_pure script to /home/rosario/Desktop/Sensors/LAB6/install/a_star/lib/a_star
writing list of installed files to '/home/rosario/Desktop/Sensors/LAB6/build/a_star/install.log'
