[0.659s] Invoking command in '/home/rosario/Desktop/Sensors/LAB2/lab02_pkg/src/lab02_pkg': PYTHONPATH=/home/rosario/Desktop/Sensors/LAB2/lab02_pkg/build/lab02_pkg/prefix_override:/usr/lib/python3/dist-packages/colcon_core/task/python/colcon_distutils_commands:/home/rosario/Desktop/Sensors/LAB2/lab02_pkg/install/lab02_pkg/lib/python3.10/site-packages:${PYTHONPATH} /usr/bin/python3 -W ignore:setup.py install is deprecated setup.py egg_info --egg-base ../../build/lab02_pkg build --build-base /home/rosario/Desktop/Sensors/LAB2/lab02_pkg/build/lab02_pkg/build install --record /home/rosario/Desktop/Sensors/LAB2/lab02_pkg/build/lab02_pkg/install.log --single-version-externally-managed install_data
[0.847s] running egg_info
[0.847s] creating ../../build/lab02_pkg/lab02_pkg.egg-info
[0.848s] writing ../../build/lab02_pkg/lab02_pkg.egg-info/PKG-INFO
[0.848s] writing dependency_links to ../../build/lab02_pkg/lab02_pkg.egg-info/dependency_links.txt
[0.848s] writing entry points to ../../build/lab02_pkg/lab02_pkg.egg-info/entry_points.txt
[0.848s] writing requirements to ../../build/lab02_pkg/lab02_pkg.egg-info/requires.txt
[0.848s] writing top-level names to ../../build/lab02_pkg/lab02_pkg.egg-info/top_level.txt
[0.848s] writing manifest file '../../build/lab02_pkg/lab02_pkg.egg-info/SOURCES.txt'
[0.849s] reading manifest file '../../build/lab02_pkg/lab02_pkg.egg-info/SOURCES.txt'
[0.849s] adding license file 'LICENSE'
[0.850s] writing manifest file '../../build/lab02_pkg/lab02_pkg.egg-info/SOURCES.txt'
[0.850s] running build
[0.850s] running build_py
[0.850s] creating /home/rosario/Desktop/Sensors/LAB2/lab02_pkg/build/lab02_pkg/build
[0.850s] creating /home/rosario/Desktop/Sensors/LAB2/lab02_pkg/build/lab02_pkg/build/lib
[0.850s] creating /home/rosario/Desktop/Sensors/LAB2/lab02_pkg/build/lab02_pkg/build/lib/lab02_pkg
[0.850s] copying lab02_pkg/controller.py -> /home/rosario/Desktop/Sensors/LAB2/lab02_pkg/build/lab02_pkg/build/lib/lab02_pkg
[0.850s] copying lab02_pkg/__init__.py -> /home/rosario/Desktop/Sensors/LAB2/lab02_pkg/build/lab02_pkg/build/lib/lab02_pkg
[0.850s] running install
[0.850s] running install_lib
[0.851s] creating /home/rosario/Desktop/Sensors/LAB2/lab02_pkg/install/lab02_pkg/lib/python3.10/site-packages/lab02_pkg
[0.851s] copying /home/rosario/Desktop/Sensors/LAB2/lab02_pkg/build/lab02_pkg/build/lib/lab02_pkg/controller.py -> /home/rosario/Desktop/Sensors/LAB2/lab02_pkg/install/lab02_pkg/lib/python3.10/site-packages/lab02_pkg
[0.851s] copying /home/rosario/Desktop/Sensors/LAB2/lab02_pkg/build/lab02_pkg/build/lib/lab02_pkg/__init__.py -> /home/rosario/Desktop/Sensors/LAB2/lab02_pkg/install/lab02_pkg/lib/python3.10/site-packages/lab02_pkg
[0.851s] byte-compiling /home/rosario/Desktop/Sensors/LAB2/lab02_pkg/install/lab02_pkg/lib/python3.10/site-packages/lab02_pkg/controller.py to controller.cpython-310.pyc
[0.852s] byte-compiling /home/rosario/Desktop/Sensors/LAB2/lab02_pkg/install/lab02_pkg/lib/python3.10/site-packages/lab02_pkg/__init__.py to __init__.cpython-310.pyc
[0.852s] running install_data
[0.852s] creating /home/rosario/Desktop/Sensors/LAB2/lab02_pkg/install/lab02_pkg/share/ament_index
[0.852s] creating /home/rosario/Desktop/Sensors/LAB2/lab02_pkg/install/lab02_pkg/share/ament_index/resource_index
[0.852s] creating /home/rosario/Desktop/Sensors/LAB2/lab02_pkg/install/lab02_pkg/share/ament_index/resource_index/packages
[0.852s] copying resource/lab02_pkg -> /home/rosario/Desktop/Sensors/LAB2/lab02_pkg/install/lab02_pkg/share/ament_index/resource_index/packages
[0.852s] copying package.xml -> /home/rosario/Desktop/Sensors/LAB2/lab02_pkg/install/lab02_pkg/share/lab02_pkg
[0.852s] running install_egg_info
[0.853s] Copying ../../build/lab02_pkg/lab02_pkg.egg-info to /home/rosario/Desktop/Sensors/LAB2/lab02_pkg/install/lab02_pkg/lib/python3.10/site-packages/lab02_pkg-0.0.0-py3.10.egg-info
[0.854s] running install_scripts
[0.872s] Installing controller script to /home/rosario/Desktop/Sensors/LAB2/lab02_pkg/install/lab02_pkg/lib/lab02_pkg
[0.872s] writing list of installed files to '/home/rosario/Desktop/Sensors/LAB2/lab02_pkg/build/lab02_pkg/install.log'
[0.915s] Invoked command in '/home/rosario/Desktop/Sensors/LAB2/lab02_pkg/src/lab02_pkg' returned '0': PYTHONPATH=/home/rosario/Desktop/Sensors/LAB2/lab02_pkg/build/lab02_pkg/prefix_override:/usr/lib/python3/dist-packages/colcon_core/task/python/colcon_distutils_commands:/home/rosario/Desktop/Sensors/LAB2/lab02_pkg/install/lab02_pkg/lib/python3.10/site-packages:${PYTHONPATH} /usr/bin/python3 -W ignore:setup.py install is deprecated setup.py egg_info --egg-base ../../build/lab02_pkg build --build-base /home/rosario/Desktop/Sensors/LAB2/lab02_pkg/build/lab02_pkg/build install --record /home/rosario/Desktop/Sensors/LAB2/lab02_pkg/build/lab02_pkg/install.log --single-version-externally-managed install_data
