[0.472s] Invoking command in '/home/rosario/Desktop/Sensors/LAB1/ex1/src/lab01_pkg': PYTHONPATH=/home/rosario/Desktop/Sensors/LAB1/ex1/build/lab01_pkg/prefix_override:/usr/lib/python3/dist-packages/colcon_core/task/python/colcon_distutils_commands:/home/rosario/Desktop/Sensors/LAB1/ex1/install/lab01_pkg/lib/python3.10/site-packages:${PYTHONPATH} /usr/bin/python3 -W ignore:setup.py install is deprecated setup.py egg_info --egg-base ../../build/lab01_pkg build --build-base /home/rosario/Desktop/Sensors/LAB1/ex1/build/lab01_pkg/build install --record /home/rosario/Desktop/Sensors/LAB1/ex1/build/lab01_pkg/install.log --single-version-externally-managed install_data
[0.636s] running egg_info
[0.636s] writing ../../build/lab01_pkg/lab01_pkg.egg-info/PKG-INFO
[0.637s] writing dependency_links to ../../build/lab01_pkg/lab01_pkg.egg-info/dependency_links.txt
[0.637s] writing entry points to ../../build/lab01_pkg/lab01_pkg.egg-info/entry_points.txt
[0.637s] writing requirements to ../../build/lab01_pkg/lab01_pkg.egg-info/requires.txt
[0.637s] writing top-level names to ../../build/lab01_pkg/lab01_pkg.egg-info/top_level.txt
[0.638s] reading manifest file '../../build/lab01_pkg/lab01_pkg.egg-info/SOURCES.txt'
[0.639s] adding license file 'LICENSE'
[0.639s] writing manifest file '../../build/lab01_pkg/lab01_pkg.egg-info/SOURCES.txt'
[0.639s] running build
[0.639s] running build_py
[0.640s] copying lab01_pkg/localization_reset.py -> /home/rosario/Desktop/Sensors/LAB1/ex1/build/lab01_pkg/build/lib/lab01_pkg
[0.640s] copying lab01_pkg/controller_reset.py -> /home/rosario/Desktop/Sensors/LAB1/ex1/build/lab01_pkg/build/lib/lab01_pkg
[0.640s] copying lab01_pkg/localization.py -> /home/rosario/Desktop/Sensors/LAB1/ex1/build/lab01_pkg/build/lib/lab01_pkg
[0.640s] copying lab01_pkg/reset_node.py -> /home/rosario/Desktop/Sensors/LAB1/ex1/build/lab01_pkg/build/lib/lab01_pkg
[0.640s] running install
[0.640s] running install_lib
[0.641s] copying /home/rosario/Desktop/Sensors/LAB1/ex1/build/lab01_pkg/build/lib/lab01_pkg/localization_reset.py -> /home/rosario/Desktop/Sensors/LAB1/ex1/install/lab01_pkg/lib/python3.10/site-packages/lab01_pkg
[0.641s] copying /home/rosario/Desktop/Sensors/LAB1/ex1/build/lab01_pkg/build/lib/lab01_pkg/controller_reset.py -> /home/rosario/Desktop/Sensors/LAB1/ex1/install/lab01_pkg/lib/python3.10/site-packages/lab01_pkg
[0.641s] copying /home/rosario/Desktop/Sensors/LAB1/ex1/build/lab01_pkg/build/lib/lab01_pkg/localization.py -> /home/rosario/Desktop/Sensors/LAB1/ex1/install/lab01_pkg/lib/python3.10/site-packages/lab01_pkg
[0.641s] copying /home/rosario/Desktop/Sensors/LAB1/ex1/build/lab01_pkg/build/lib/lab01_pkg/reset_node.py -> /home/rosario/Desktop/Sensors/LAB1/ex1/install/lab01_pkg/lib/python3.10/site-packages/lab01_pkg
[0.641s] byte-compiling /home/rosario/Desktop/Sensors/LAB1/ex1/install/lab01_pkg/lib/python3.10/site-packages/lab01_pkg/localization_reset.py to localization_reset.cpython-310.pyc
[0.642s] byte-compiling /home/rosario/Desktop/Sensors/LAB1/ex1/install/lab01_pkg/lib/python3.10/site-packages/lab01_pkg/controller_reset.py to controller_reset.cpython-310.pyc
[0.643s] byte-compiling /home/rosario/Desktop/Sensors/LAB1/ex1/install/lab01_pkg/lib/python3.10/site-packages/lab01_pkg/localization.py to localization.cpython-310.pyc
[0.643s] byte-compiling /home/rosario/Desktop/Sensors/LAB1/ex1/install/lab01_pkg/lib/python3.10/site-packages/lab01_pkg/reset_node.py to reset_node.cpython-310.pyc
[0.643s] running install_data
[0.644s] running install_egg_info
[0.645s] removing '/home/rosario/Desktop/Sensors/LAB1/ex1/install/lab01_pkg/lib/python3.10/site-packages/lab01_pkg-0.0.0-py3.10.egg-info' (and everything under it)
[0.646s] Copying ../../build/lab01_pkg/lab01_pkg.egg-info to /home/rosario/Desktop/Sensors/LAB1/ex1/install/lab01_pkg/lib/python3.10/site-packages/lab01_pkg-0.0.0-py3.10.egg-info
[0.646s] running install_scripts
[0.662s] Installing controller script to /home/rosario/Desktop/Sensors/LAB1/ex1/install/lab01_pkg/lib/lab01_pkg
[0.662s] Installing controller_reset script to /home/rosario/Desktop/Sensors/LAB1/ex1/install/lab01_pkg/lib/lab01_pkg
[0.663s] Installing localization script to /home/rosario/Desktop/Sensors/LAB1/ex1/install/lab01_pkg/lib/lab01_pkg
[0.663s] Installing localization_reset script to /home/rosario/Desktop/Sensors/LAB1/ex1/install/lab01_pkg/lib/lab01_pkg
[0.663s] Installing reset script to /home/rosario/Desktop/Sensors/LAB1/ex1/install/lab01_pkg/lib/lab01_pkg
[0.663s] writing list of installed files to '/home/rosario/Desktop/Sensors/LAB1/ex1/build/lab01_pkg/install.log'
[0.705s] Invoked command in '/home/rosario/Desktop/Sensors/LAB1/ex1/src/lab01_pkg' returned '0': PYTHONPATH=/home/rosario/Desktop/Sensors/LAB1/ex1/build/lab01_pkg/prefix_override:/usr/lib/python3/dist-packages/colcon_core/task/python/colcon_distutils_commands:/home/rosario/Desktop/Sensors/LAB1/ex1/install/lab01_pkg/lib/python3.10/site-packages:${PYTHONPATH} /usr/bin/python3 -W ignore:setup.py install is deprecated setup.py egg_info --egg-base ../../build/lab01_pkg build --build-base /home/rosario/Desktop/Sensors/LAB1/ex1/build/lab01_pkg/build install --record /home/rosario/Desktop/Sensors/LAB1/ex1/build/lab01_pkg/install.log --single-version-externally-managed install_data
