[0.453s] Invoking command in '/home/rosario/Desktop/Sensors/LAB6/build/turtlebot3_perception': CMAKE_PREFIX_PATH=/home/rosario/Desktop/Sensors/LAB6/install/landmark_msgs:/home/rosario/Desktop/Sensors/LAB6/install/turtlebot3_simulations:/home/rosario/Desktop/Sensors/LAB6/install/turtlebot3_gazebo:/home/rosario/Desktop/Sensors/LAB6/install/turtlebot3_fake_node LD_LIBRARY_PATH=/home/rosario/Desktop/Sensors/LAB6/install/landmark_msgs/lib:/usr/lib/x86_64-linux-gnu/gazebo-11/plugins:/opt/ros/humble/opt/rviz_ogre_vendor/lib:/opt/ros/humble/lib/x86_64-linux-gnu:/opt/ros/humble/lib:/usr/share/gazebo/../../lib/x86_64-linux-gnu/gazebo-11/plugins:/usr/share/gazebo/../../lib/x86_64-linux-gnu/gazebo-11/plugins:/usr/share/gazebo/../../lib/x86_64-linux-gnu/gazebo-11/plugins PYTHONPATH=/home/rosario/Desktop/Sensors/LAB6/build/turtlebot3_perception/prefix_override:/usr/lib/python3/dist-packages/colcon_core/task/python/colcon_distutils_commands:/home/rosario/Desktop/Sensors/LAB6/install/turtlebot3_perception/lib/python3.10/site-packages:${PYTHONPATH} /usr/bin/python3 -W ignore:setup.py install is deprecated setup.py develop --uninstall --editable --build-directory /home/rosario/Desktop/Sensors/LAB6/build/turtlebot3_perception/build
[0.614s] running develop
[0.614s] /usr/lib/python3/dist-packages/setuptools/command/easy_install.py:158: EasyInstallDeprecationWarning: easy_install command is deprecated. Use build and pip and other standards-based tools.
[0.615s]   warnings.warn(
[0.729s] Removing /home/rosario/Desktop/Sensors/LAB6/install/turtlebot3_perception/lib/python3.10/site-packages/turtlebot3-perception.egg-link (link to .)
[0.753s] Invoked command in '/home/rosario/Desktop/Sensors/LAB6/build/turtlebot3_perception' returned '0': CMAKE_PREFIX_PATH=/home/rosario/Desktop/Sensors/LAB6/install/landmark_msgs:/home/rosario/Desktop/Sensors/LAB6/install/turtlebot3_simulations:/home/rosario/Desktop/Sensors/LAB6/install/turtlebot3_gazebo:/home/rosario/Desktop/Sensors/LAB6/install/turtlebot3_fake_node LD_LIBRARY_PATH=/home/rosario/Desktop/Sensors/LAB6/install/landmark_msgs/lib:/usr/lib/x86_64-linux-gnu/gazebo-11/plugins:/opt/ros/humble/opt/rviz_ogre_vendor/lib:/opt/ros/humble/lib/x86_64-linux-gnu:/opt/ros/humble/lib:/usr/share/gazebo/../../lib/x86_64-linux-gnu/gazebo-11/plugins:/usr/share/gazebo/../../lib/x86_64-linux-gnu/gazebo-11/plugins:/usr/share/gazebo/../../lib/x86_64-linux-gnu/gazebo-11/plugins PYTHONPATH=/home/rosario/Desktop/Sensors/LAB6/build/turtlebot3_perception/prefix_override:/usr/lib/python3/dist-packages/colcon_core/task/python/colcon_distutils_commands:/home/rosario/Desktop/Sensors/LAB6/install/turtlebot3_perception/lib/python3.10/site-packages:${PYTHONPATH} /usr/bin/python3 -W ignore:setup.py install is deprecated setup.py develop --uninstall --editable --build-directory /home/rosario/Desktop/Sensors/LAB6/build/turtlebot3_perception/build
[0.755s] Invoking command in '/home/rosario/Desktop/Sensors/LAB6/src/turtlebot3_perception/turtlebot3_perception': CMAKE_PREFIX_PATH=/home/rosario/Desktop/Sensors/LAB6/install/landmark_msgs:/home/rosario/Desktop/Sensors/LAB6/install/turtlebot3_simulations:/home/rosario/Desktop/Sensors/LAB6/install/turtlebot3_gazebo:/home/rosario/Desktop/Sensors/LAB6/install/turtlebot3_fake_node LD_LIBRARY_PATH=/home/rosario/Desktop/Sensors/LAB6/install/landmark_msgs/lib:/usr/lib/x86_64-linux-gnu/gazebo-11/plugins:/opt/ros/humble/opt/rviz_ogre_vendor/lib:/opt/ros/humble/lib/x86_64-linux-gnu:/opt/ros/humble/lib:/usr/share/gazebo/../../lib/x86_64-linux-gnu/gazebo-11/plugins:/usr/share/gazebo/../../lib/x86_64-linux-gnu/gazebo-11/plugins:/usr/share/gazebo/../../lib/x86_64-linux-gnu/gazebo-11/plugins PYTHONPATH=/home/rosario/Desktop/Sensors/LAB6/build/turtlebot3_perception/prefix_override:/usr/lib/python3/dist-packages/colcon_core/task/python/colcon_distutils_commands:/home/rosario/Desktop/Sensors/LAB6/install/turtlebot3_perception/lib/python3.10/site-packages:${PYTHONPATH} /usr/bin/python3 -W ignore:setup.py install is deprecated setup.py egg_info --egg-base ../../../build/turtlebot3_perception build --build-base /home/rosario/Desktop/Sensors/LAB6/build/turtlebot3_perception/build install --record /home/rosario/Desktop/Sensors/LAB6/build/turtlebot3_perception/install.log --single-version-externally-managed install_data --force
[0.906s] running egg_info
[0.906s] writing ../../../build/turtlebot3_perception/turtlebot3_perception.egg-info/PKG-INFO
[0.906s] writing dependency_links to ../../../build/turtlebot3_perception/turtlebot3_perception.egg-info/dependency_links.txt
[0.906s] writing entry points to ../../../build/turtlebot3_perception/turtlebot3_perception.egg-info/entry_points.txt
[0.906s] writing requirements to ../../../build/turtlebot3_perception/turtlebot3_perception.egg-info/requires.txt
[0.906s] writing top-level names to ../../../build/turtlebot3_perception/turtlebot3_perception.egg-info/top_level.txt
[0.907s] reading manifest file '../../../build/turtlebot3_perception/turtlebot3_perception.egg-info/SOURCES.txt'
[0.907s] adding license file 'LICENSE'
[0.908s] writing manifest file '../../../build/turtlebot3_perception/turtlebot3_perception.egg-info/SOURCES.txt'
[0.908s] running build
[0.908s] running build_py
[0.908s] creating /home/rosario/Desktop/Sensors/LAB6/build/turtlebot3_perception/build
[0.908s] creating /home/rosario/Desktop/Sensors/LAB6/build/turtlebot3_perception/build/lib
[0.908s] creating /home/rosario/Desktop/Sensors/LAB6/build/turtlebot3_perception/build/lib/turtlebot3_perception
[0.909s] copying turtlebot3_perception/laserscan2lines_node.py -> /home/rosario/Desktop/Sensors/LAB6/build/turtlebot3_perception/build/lib/turtlebot3_perception
[0.909s] copying turtlebot3_perception/laserscan2lines.py -> /home/rosario/Desktop/Sensors/LAB6/build/turtlebot3_perception/build/lib/turtlebot3_perception
[0.909s] copying turtlebot3_perception/landmark_simulator.py -> /home/rosario/Desktop/Sensors/LAB6/build/turtlebot3_perception/build/lib/turtlebot3_perception
[0.909s] copying turtlebot3_perception/detection2landmark.py -> /home/rosario/Desktop/Sensors/LAB6/build/turtlebot3_perception/build/lib/turtlebot3_perception
[0.909s] copying turtlebot3_perception/__init__.py -> /home/rosario/Desktop/Sensors/LAB6/build/turtlebot3_perception/build/lib/turtlebot3_perception
[0.909s] running install
[0.909s] running install_lib
[0.909s] creating /home/rosario/Desktop/Sensors/LAB6/install/turtlebot3_perception/lib/python3.10/site-packages/turtlebot3_perception
[0.909s] copying /home/rosario/Desktop/Sensors/LAB6/build/turtlebot3_perception/build/lib/turtlebot3_perception/laserscan2lines_node.py -> /home/rosario/Desktop/Sensors/LAB6/install/turtlebot3_perception/lib/python3.10/site-packages/turtlebot3_perception
[0.909s] copying /home/rosario/Desktop/Sensors/LAB6/build/turtlebot3_perception/build/lib/turtlebot3_perception/laserscan2lines.py -> /home/rosario/Desktop/Sensors/LAB6/install/turtlebot3_perception/lib/python3.10/site-packages/turtlebot3_perception
[0.909s] copying /home/rosario/Desktop/Sensors/LAB6/build/turtlebot3_perception/build/lib/turtlebot3_perception/landmark_simulator.py -> /home/rosario/Desktop/Sensors/LAB6/install/turtlebot3_perception/lib/python3.10/site-packages/turtlebot3_perception
[0.910s] copying /home/rosario/Desktop/Sensors/LAB6/build/turtlebot3_perception/build/lib/turtlebot3_perception/detection2landmark.py -> /home/rosario/Desktop/Sensors/LAB6/install/turtlebot3_perception/lib/python3.10/site-packages/turtlebot3_perception
[0.910s] copying /home/rosario/Desktop/Sensors/LAB6/build/turtlebot3_perception/build/lib/turtlebot3_perception/__init__.py -> /home/rosario/Desktop/Sensors/LAB6/install/turtlebot3_perception/lib/python3.10/site-packages/turtlebot3_perception
[0.910s] byte-compiling /home/rosario/Desktop/Sensors/LAB6/install/turtlebot3_perception/lib/python3.10/site-packages/turtlebot3_perception/laserscan2lines_node.py to laserscan2lines_node.cpython-310.pyc
[0.910s] byte-compiling /home/rosario/Desktop/Sensors/LAB6/install/turtlebot3_perception/lib/python3.10/site-packages/turtlebot3_perception/laserscan2lines.py to laserscan2lines.cpython-310.pyc
[0.911s] byte-compiling /home/rosario/Desktop/Sensors/LAB6/install/turtlebot3_perception/lib/python3.10/site-packages/turtlebot3_perception/landmark_simulator.py to landmark_simulator.cpython-310.pyc
[0.911s] byte-compiling /home/rosario/Desktop/Sensors/LAB6/install/turtlebot3_perception/lib/python3.10/site-packages/turtlebot3_perception/detection2landmark.py to detection2landmark.cpython-310.pyc
[0.912s] byte-compiling /home/rosario/Desktop/Sensors/LAB6/install/turtlebot3_perception/lib/python3.10/site-packages/turtlebot3_perception/__init__.py to __init__.cpython-310.pyc
[0.912s] running install_data
[0.912s] copying resource/turtlebot3_perception -> /home/rosario/Desktop/Sensors/LAB6/install/turtlebot3_perception/share/ament_index/resource_index/packages
[0.912s] copying package.xml -> /home/rosario/Desktop/Sensors/LAB6/install/turtlebot3_perception/share/turtlebot3_perception
[0.912s] copying launch/apriltag.launch.py -> /home/rosario/Desktop/Sensors/LAB6/install/turtlebot3_perception/share/turtlebot3_perception/launch
[0.912s] copying launch/camera.launch.py -> /home/rosario/Desktop/Sensors/LAB6/install/turtlebot3_perception/share/turtlebot3_perception/launch
[0.912s] copying launch/rs_launch_composable.launch.py -> /home/rosario/Desktop/Sensors/LAB6/install/turtlebot3_perception/share/turtlebot3_perception/launch
[0.912s] copying config/apriltag.yaml -> /home/rosario/Desktop/Sensors/LAB6/install/turtlebot3_perception/share/turtlebot3_perception/config
[0.913s] copying config/default.rviz -> /home/rosario/Desktop/Sensors/LAB6/install/turtlebot3_perception/share/turtlebot3_perception/config
[0.913s] copying config/landmarks.yaml -> /home/rosario/Desktop/Sensors/LAB6/install/turtlebot3_perception/share/turtlebot3_perception/config
[0.913s] copying config/oakd_config.yaml -> /home/rosario/Desktop/Sensors/LAB6/install/turtlebot3_perception/share/turtlebot3_perception/config
[0.913s] running install_egg_info
[0.914s] Copying ../../../build/turtlebot3_perception/turtlebot3_perception.egg-info to /home/rosario/Desktop/Sensors/LAB6/install/turtlebot3_perception/lib/python3.10/site-packages/turtlebot3_perception-0.0.0-py3.10.egg-info
[0.915s] running install_scripts
[0.927s] Installing detection2landmark script to /home/rosario/Desktop/Sensors/LAB6/install/turtlebot3_perception/lib/turtlebot3_perception
[0.927s] Installing landmark_simulator script to /home/rosario/Desktop/Sensors/LAB6/install/turtlebot3_perception/lib/turtlebot3_perception
[0.927s] Installing laserscan2lines script to /home/rosario/Desktop/Sensors/LAB6/install/turtlebot3_perception/lib/turtlebot3_perception
[0.927s] writing list of installed files to '/home/rosario/Desktop/Sensors/LAB6/build/turtlebot3_perception/install.log'
[1.017s] Invoked command in '/home/rosario/Desktop/Sensors/LAB6/src/turtlebot3_perception/turtlebot3_perception' returned '0': CMAKE_PREFIX_PATH=/home/rosario/Desktop/Sensors/LAB6/install/landmark_msgs:/home/rosario/Desktop/Sensors/LAB6/install/turtlebot3_simulations:/home/rosario/Desktop/Sensors/LAB6/install/turtlebot3_gazebo:/home/rosario/Desktop/Sensors/LAB6/install/turtlebot3_fake_node LD_LIBRARY_PATH=/home/rosario/Desktop/Sensors/LAB6/install/landmark_msgs/lib:/usr/lib/x86_64-linux-gnu/gazebo-11/plugins:/opt/ros/humble/opt/rviz_ogre_vendor/lib:/opt/ros/humble/lib/x86_64-linux-gnu:/opt/ros/humble/lib:/usr/share/gazebo/../../lib/x86_64-linux-gnu/gazebo-11/plugins:/usr/share/gazebo/../../lib/x86_64-linux-gnu/gazebo-11/plugins:/usr/share/gazebo/../../lib/x86_64-linux-gnu/gazebo-11/plugins PYTHONPATH=/home/rosario/Desktop/Sensors/LAB6/build/turtlebot3_perception/prefix_override:/usr/lib/python3/dist-packages/colcon_core/task/python/colcon_distutils_commands:/home/rosario/Desktop/Sensors/LAB6/install/turtlebot3_perception/lib/python3.10/site-packages:${PYTHONPATH} /usr/bin/python3 -W ignore:setup.py install is deprecated setup.py egg_info --egg-base ../../../build/turtlebot3_perception build --build-base /home/rosario/Desktop/Sensors/LAB6/build/turtlebot3_perception/build install --record /home/rosario/Desktop/Sensors/LAB6/build/turtlebot3_perception/install.log --single-version-externally-managed install_data --force
