[0.485s] Invoking command in '/home/rosario/Desktop/Sensors/LAB1/ex1/src/lab01_pkg': PYTHONPATH=/home/rosario/Desktop/Sensors/LAB1/ex1/build/lab01_pkg/prefix_override:/usr/lib/python3/dist-packages/colcon_core/task/python/colcon_distutils_commands:/home/rosario/Desktop/Sensors/LAB1/ex1/install/lab01_pkg/lib/python3.10/site-packages:${PYTHONPATH} /usr/bin/python3 -W ignore:setup.py install is deprecated setup.py egg_info --egg-base ../../build/lab01_pkg build --build-base /home/rosario/Desktop/Sensors/LAB1/ex1/build/lab01_pkg/build install --record /home/rosario/Desktop/Sensors/LAB1/ex1/build/lab01_pkg/install.log --single-version-externally-managed install_data
[0.642s] running egg_info
[0.642s] writing ../../build/lab01_pkg/lab01_pkg.egg-info/PKG-INFO
[0.642s] writing dependency_links to ../../build/lab01_pkg/lab01_pkg.egg-info/dependency_links.txt
[0.642s] writing entry points to ../../build/lab01_pkg/lab01_pkg.egg-info/entry_points.txt
[0.642s] writing requirements to ../../build/lab01_pkg/lab01_pkg.egg-info/requires.txt
[0.642s] writing top-level names to ../../build/lab01_pkg/lab01_pkg.egg-info/top_level.txt
[0.643s] reading manifest file '../../build/lab01_pkg/lab01_pkg.egg-info/SOURCES.txt'
[0.643s] adding license file 'LICENSE'
[0.644s] writing manifest file '../../build/lab01_pkg/lab01_pkg.egg-info/SOURCES.txt'
[0.644s] running build
[0.644s] running build_py
[0.644s] running install
[0.645s] running install_lib
[0.645s] running install_data
[0.646s] running install_egg_info
[0.647s] removing '/home/rosario/Desktop/Sensors/LAB1/ex1/install/lab01_pkg/lib/python3.10/site-packages/lab01_pkg-0.0.0-py3.10.egg-info' (and everything under it)
[0.647s] Copying ../../build/lab01_pkg/lab01_pkg.egg-info to /home/rosario/Desktop/Sensors/LAB1/ex1/install/lab01_pkg/lib/python3.10/site-packages/lab01_pkg-0.0.0-py3.10.egg-info
[0.648s] running install_scripts
[0.662s] Installing controller = lab01_pkg.controller:mainlocalization script to /home/rosario/Desktop/Sensors/LAB1/ex1/install/lab01_pkg/lib/lab01_pkg
[0.662s] writing list of installed files to '/home/rosario/Desktop/Sensors/LAB1/ex1/build/lab01_pkg/install.log'
[0.690s] Invoked command in '/home/rosario/Desktop/Sensors/LAB1/ex1/src/lab01_pkg' returned '0': PYTHONPATH=/home/rosario/Desktop/Sensors/LAB1/ex1/build/lab01_pkg/prefix_override:/usr/lib/python3/dist-packages/colcon_core/task/python/colcon_distutils_commands:/home/rosario/Desktop/Sensors/LAB1/ex1/install/lab01_pkg/lib/python3.10/site-packages:${PYTHONPATH} /usr/bin/python3 -W ignore:setup.py install is deprecated setup.py egg_info --egg-base ../../build/lab01_pkg build --build-base /home/rosario/Desktop/Sensors/LAB1/ex1/build/lab01_pkg/build install --record /home/rosario/Desktop/Sensors/LAB1/ex1/build/lab01_pkg/install.log --single-version-externally-managed install_data
