[0.010s] Invoking command in '/home/rosario/Desktop/Sensors/LAB5/build/turtlebot3_simulations': CMAKE_PREFIX_PATH=/home/rosario/Desktop/Sensors/LAB5/install/turtlebot3_fake_node:/home/rosario/Desktop/Sensors/LAB5/install/turtlebot3_simulations:/home/rosario/Desktop/Sensors/LAB5/install/turtlebot3_gazebo:/home/rosario/Desktop/Sensors/LAB5/install/landmark_msgs:/home/rosario/Desktop/Sensors/LAB5/install/particle:/home/rosario/Desktop/Sensors/LAB5/install/turtlebot3_perception:/opt/ros/humble /usr/bin/cmake /home/rosario/Desktop/Sensors/LAB5/src/turtlebot3_simulations/turtlebot3_simulations -DCMAKE_INSTALL_PREFIX=/home/rosario/Desktop/Sensors/LAB5/install/turtlebot3_simulations
[0.064s] -- The C compiler identification is GNU 11.4.0
[0.112s] -- The CXX compiler identification is GNU 11.4.0
[0.118s] -- Detecting C compiler ABI info
[0.288s] -- Detecting C compiler ABI info - done
[0.294s] -- Check for working C compiler: /usr/bin/cc - skipped
[0.294s] -- Detecting C compile features
[0.294s] -- Detecting C compile features - done
[0.297s] -- Detecting CXX compiler ABI info
[0.373s] -- Detecting CXX compiler ABI info - done
[0.379s] -- Check for working CXX compiler: /usr/bin/c++ - skipped
[0.379s] -- Detecting CXX compile features
[0.380s] -- Detecting CXX compile features - done
[0.383s] -- Found ament_cmake: 1.3.10 (/opt/ros/humble/share/ament_cmake/cmake)
[0.508s] -- Found Python3: /usr/bin/python3 (found version "3.10.12") found components: Interpreter 
[0.647s] -- Configuring done
[0.650s] -- Generating done
[0.651s] -- Build files have been written to: /home/rosario/Desktop/Sensors/LAB5/build/turtlebot3_simulations
[0.657s] Invoked command in '/home/rosario/Desktop/Sensors/LAB5/build/turtlebot3_simulations' returned '0': CMAKE_PREFIX_PATH=/home/rosario/Desktop/Sensors/LAB5/install/turtlebot3_fake_node:/home/rosario/Desktop/Sensors/LAB5/install/turtlebot3_simulations:/home/rosario/Desktop/Sensors/LAB5/install/turtlebot3_gazebo:/home/rosario/Desktop/Sensors/LAB5/install/landmark_msgs:/home/rosario/Desktop/Sensors/LAB5/install/particle:/home/rosario/Desktop/Sensors/LAB5/install/turtlebot3_perception:/opt/ros/humble /usr/bin/cmake /home/rosario/Desktop/Sensors/LAB5/src/turtlebot3_simulations/turtlebot3_simulations -DCMAKE_INSTALL_PREFIX=/home/rosario/Desktop/Sensors/LAB5/install/turtlebot3_simulations
[0.659s] Invoking command in '/home/rosario/Desktop/Sensors/LAB5/build/turtlebot3_simulations': CMAKE_PREFIX_PATH=/home/rosario/Desktop/Sensors/LAB5/install/turtlebot3_fake_node:/home/rosario/Desktop/Sensors/LAB5/install/turtlebot3_simulations:/home/rosario/Desktop/Sensors/LAB5/install/turtlebot3_gazebo:/home/rosario/Desktop/Sensors/LAB5/install/landmark_msgs:/home/rosario/Desktop/Sensors/LAB5/install/particle:/home/rosario/Desktop/Sensors/LAB5/install/turtlebot3_perception:/opt/ros/humble /usr/bin/cmake --build /home/rosario/Desktop/Sensors/LAB5/build/turtlebot3_simulations -- -j16 -l16
[0.702s] Invoked command in '/home/rosario/Desktop/Sensors/LAB5/build/turtlebot3_simulations' returned '0': CMAKE_PREFIX_PATH=/home/rosario/Desktop/Sensors/LAB5/install/turtlebot3_fake_node:/home/rosario/Desktop/Sensors/LAB5/install/turtlebot3_simulations:/home/rosario/Desktop/Sensors/LAB5/install/turtlebot3_gazebo:/home/rosario/Desktop/Sensors/LAB5/install/landmark_msgs:/home/rosario/Desktop/Sensors/LAB5/install/particle:/home/rosario/Desktop/Sensors/LAB5/install/turtlebot3_perception:/opt/ros/humble /usr/bin/cmake --build /home/rosario/Desktop/Sensors/LAB5/build/turtlebot3_simulations -- -j16 -l16
[0.732s] Invoking command in '/home/rosario/Desktop/Sensors/LAB5/build/turtlebot3_simulations': CMAKE_PREFIX_PATH=/home/rosario/Desktop/Sensors/LAB5/install/turtlebot3_fake_node:/home/rosario/Desktop/Sensors/LAB5/install/turtlebot3_simulations:/home/rosario/Desktop/Sensors/LAB5/install/turtlebot3_gazebo:/home/rosario/Desktop/Sensors/LAB5/install/landmark_msgs:/home/rosario/Desktop/Sensors/LAB5/install/particle:/home/rosario/Desktop/Sensors/LAB5/install/turtlebot3_perception:/opt/ros/humble /usr/bin/cmake --install /home/rosario/Desktop/Sensors/LAB5/build/turtlebot3_simulations
[0.740s] -- Install configuration: ""
[0.740s] -- Installing: /home/rosario/Desktop/Sensors/LAB5/install/turtlebot3_simulations/share/ament_index/resource_index/package_run_dependencies/turtlebot3_simulations
[0.740s] -- Installing: /home/rosario/Desktop/Sensors/LAB5/install/turtlebot3_simulations/share/ament_index/resource_index/parent_prefix_path/turtlebot3_simulations
[0.740s] -- Installing: /home/rosario/Desktop/Sensors/LAB5/install/turtlebot3_simulations/share/turtlebot3_simulations/environment/ament_prefix_path.sh
[0.741s] -- Installing: /home/rosario/Desktop/Sensors/LAB5/install/turtlebot3_simulations/share/turtlebot3_simulations/environment/ament_prefix_path.dsv
[0.741s] -- Installing: /home/rosario/Desktop/Sensors/LAB5/install/turtlebot3_simulations/share/turtlebot3_simulations/environment/path.sh
[0.741s] -- Installing: /home/rosario/Desktop/Sensors/LAB5/install/turtlebot3_simulations/share/turtlebot3_simulations/environment/path.dsv
[0.741s] -- Installing: /home/rosario/Desktop/Sensors/LAB5/install/turtlebot3_simulations/share/turtlebot3_simulations/local_setup.bash
[0.741s] -- Installing: /home/rosario/Desktop/Sensors/LAB5/install/turtlebot3_simulations/share/turtlebot3_simulations/local_setup.sh
[0.741s] -- Installing: /home/rosario/Desktop/Sensors/LAB5/install/turtlebot3_simulations/share/turtlebot3_simulations/local_setup.zsh
[0.741s] -- Installing: /home/rosario/Desktop/Sensors/LAB5/install/turtlebot3_simulations/share/turtlebot3_simulations/local_setup.dsv
[0.741s] -- Installing: /home/rosario/Desktop/Sensors/LAB5/install/turtlebot3_simulations/share/turtlebot3_simulations/package.dsv
[0.742s] -- Installing: /home/rosario/Desktop/Sensors/LAB5/install/turtlebot3_simulations/share/ament_index/resource_index/packages/turtlebot3_simulations
[0.742s] -- Installing: /home/rosario/Desktop/Sensors/LAB5/install/turtlebot3_simulations/share/turtlebot3_simulations/cmake/turtlebot3_simulationsConfig.cmake
[0.742s] -- Installing: /home/rosario/Desktop/Sensors/LAB5/install/turtlebot3_simulations/share/turtlebot3_simulations/cmake/turtlebot3_simulationsConfig-version.cmake
[0.742s] -- Installing: /home/rosario/Desktop/Sensors/LAB5/install/turtlebot3_simulations/share/turtlebot3_simulations/package.xml
[0.745s] Invoked command in '/home/rosario/Desktop/Sensors/LAB5/build/turtlebot3_simulations' returned '0': CMAKE_PREFIX_PATH=/home/rosario/Desktop/Sensors/LAB5/install/turtlebot3_fake_node:/home/rosario/Desktop/Sensors/LAB5/install/turtlebot3_simulations:/home/rosario/Desktop/Sensors/LAB5/install/turtlebot3_gazebo:/home/rosario/Desktop/Sensors/LAB5/install/landmark_msgs:/home/rosario/Desktop/Sensors/LAB5/install/particle:/home/rosario/Desktop/Sensors/LAB5/install/turtlebot3_perception:/opt/ros/humble /usr/bin/cmake --install /home/rosario/Desktop/Sensors/LAB5/build/turtlebot3_simulations
