-- Found ament_cmake: 1.3.10 (/opt/ros/humble/share/ament_cmake/cmake)
-- Override CMake install command with custom implementation using symlinks instead of copying resources
-- Found rosidl_default_generators: 1.2.0 (/opt/ros/humble/share/rosidl_default_generators/cmake)
-- Using all available rosidl_typesupport_c: rosidl_typesupport_fastrtps_c;rosidl_typesupport_introspection_c
-- Found rosidl_adapter: 3.1.5 (/opt/ros/humble/share/rosidl_adapter/cmake)
-- Using all available rosidl_typesupport_cpp: rosidl_typesupport_fastrtps_cpp;rosidl_typesupport_introspection_cpp
-- Found std_msgs: 4.2.4 (/opt/ros/humble/share/std_msgs/cmake)
-- Found ament_cmake_ros: 0.10.0 (/opt/ros/humble/share/ament_cmake_ros/cmake)
-- Using all available rosidl_typesupport_c: rosidl_typesupport_fastrtps_c;rosidl_typesupport_introspection_c
-- Using all available rosidl_typesupport_cpp: rosidl_typesupport_fastrtps_cpp;rosidl_typesupport_introspection_cpp
-- Found python_cmake_module: 0.10.0 (/opt/ros/humble/share/python_cmake_module/cmake)
-- Using PYTHON_EXECUTABLE: /usr/bin/python3
-- Using PYTHON_INCLUDE_DIRS: /usr/include/python3.10
-- Using PYTHON_LIBRARIES: /usr/lib/x86_64-linux-gnu/libpython3.10.so
-- Configuring done
-- Generating done
-- Build files have been written to: /home/rosario/Desktop/Sensors/LAB6/build/landmark_msgs
[35m[1mConsolidate compiler generated dependencies of target landmark_msgs__rosidl_generator_c[0m
[  2%] Built target landmark_msgs__cpp
[ 12%] Built target landmark_msgs__rosidl_generator_c
[ 12%] Built target ament_cmake_python_symlink_landmark_msgs
[35m[1mConsolidate compiler generated dependencies of target landmark_msgs__rosidl_typesupport_c[0m
[35m[1mConsolidate compiler generated dependencies of target landmark_msgs__rosidl_typesupport_introspection_c[0m
[35m[1mConsolidate compiler generated dependencies of target landmark_msgs__rosidl_typesupport_fastrtps_c[0m
[35m[1mConsolidate compiler generated dependencies of target landmark_msgs__rosidl_typesupport_fastrtps_cpp[0m
[35m[1mConsolidate compiler generated dependencies of target landmark_msgs__rosidl_typesupport_introspection_cpp[0m
[ 25%] Built target landmark_msgs__rosidl_typesupport_introspection_c
[ 33%] Built target landmark_msgs__rosidl_typesupport_c
[35m[1mConsolidate compiler generated dependencies of target landmark_msgs__rosidl_typesupport_cpp[0m
[ 53%] Built target landmark_msgs__rosidl_typesupport_introspection_cpp
[ 53%] Built target landmark_msgs__rosidl_typesupport_fastrtps_c
[ 64%] Built target landmark_msgs__rosidl_typesupport_fastrtps_cpp
[ 74%] Built target landmark_msgs__rosidl_typesupport_cpp
[ 74%] Built target landmark_msgs
[ 76%] Built target landmark_msgs__py
[35m[1mConsolidate compiler generated dependencies of target landmark_msgs__rosidl_generator_py[0m
[ 84%] Built target landmark_msgs__rosidl_generator_py
[35m[1mConsolidate compiler generated dependencies of target landmark_msgs__rosidl_typesupport_introspection_c__pyext[0m
[35m[1mConsolidate compiler generated dependencies of target landmark_msgs__rosidl_typesupport_c__pyext[0m
[35m[1mConsolidate compiler generated dependencies of target landmark_msgs__rosidl_typesupport_fastrtps_c__pyext[0m
[100%] Built target landmark_msgs__rosidl_typesupport_c__pyext
[100%] Built target landmark_msgs__rosidl_typesupport_introspection_c__pyext
[100%] Built target landmark_msgs__rosidl_typesupport_fastrtps_c__pyext
running egg_info
writing landmark_msgs.egg-info/PKG-INFO
writing dependency_links to landmark_msgs.egg-info/dependency_links.txt
writing top-level names to landmark_msgs.egg-info/top_level.txt
reading manifest file 'landmark_msgs.egg-info/SOURCES.txt'
writing manifest file 'landmark_msgs.egg-info/SOURCES.txt'
[100%] Built target ament_cmake_python_build_landmark_msgs_egg
-- Install configuration: ""
-- Execute custom install script
-- Up-to-date symlink: /home/rosario/Desktop/Sensors/LAB6/install/landmark_msgs/share/ament_index/resource_index/rosidl_interfaces/landmark_msgs
-- Up-to-date symlink: /home/rosario/Desktop/Sensors/LAB6/install/landmark_msgs/include/landmark_msgs/landmark_msgs/msg/detail/landmark__functions.h
-- Up-to-date symlink: /home/rosario/Desktop/Sensors/LAB6/install/landmark_msgs/include/landmark_msgs/landmark_msgs/msg/detail/landmark__struct.h
-- Up-to-date symlink: /home/rosario/Desktop/Sensors/LAB6/install/landmark_msgs/include/landmark_msgs/landmark_msgs/msg/detail/landmark__type_support.h
-- Up-to-date symlink: /home/rosario/Desktop/Sensors/LAB6/install/landmark_msgs/include/landmark_msgs/landmark_msgs/msg/detail/landmark_array__functions.h
-- Up-to-date symlink: /home/rosario/Desktop/Sensors/LAB6/install/landmark_msgs/include/landmark_msgs/landmark_msgs/msg/detail/landmark_array__struct.h
-- Up-to-date symlink: /home/rosario/Desktop/Sensors/LAB6/install/landmark_msgs/include/landmark_msgs/landmark_msgs/msg/detail/landmark_array__type_support.h
-- Up-to-date symlink: /home/rosario/Desktop/Sensors/LAB6/install/landmark_msgs/include/landmark_msgs/landmark_msgs/msg/landmark.h
-- Up-to-date symlink: /home/rosario/Desktop/Sensors/LAB6/install/landmark_msgs/include/landmark_msgs/landmark_msgs/msg/landmark_array.h
-- Up-to-date symlink: /home/rosario/Desktop/Sensors/LAB6/install/landmark_msgs/include/landmark_msgs/landmark_msgs/msg/rosidl_generator_c__visibility_control.h
-- Up-to-date symlink: /home/rosario/Desktop/Sensors/LAB6/install/landmark_msgs/share/landmark_msgs/environment/library_path.sh
-- Up-to-date symlink: /home/rosario/Desktop/Sensors/LAB6/install/landmark_msgs/share/landmark_msgs/environment/library_path.dsv
-- Up-to-date symlink: /home/rosario/Desktop/Sensors/LAB6/install/landmark_msgs/include/landmark_msgs/landmark_msgs/msg/detail/landmark__rosidl_typesupport_fastrtps_c.h
-- Up-to-date symlink: /home/rosario/Desktop/Sensors/LAB6/install/landmark_msgs/include/landmark_msgs/landmark_msgs/msg/detail/landmark_array__rosidl_typesupport_fastrtps_c.h
-- Up-to-date symlink: /home/rosario/Desktop/Sensors/LAB6/install/landmark_msgs/include/landmark_msgs/landmark_msgs/msg/rosidl_typesupport_fastrtps_c__visibility_control.h
-- Up-to-date symlink: /home/rosario/Desktop/Sensors/LAB6/install/landmark_msgs/include/landmark_msgs/landmark_msgs/msg/detail/landmark__rosidl_typesupport_introspection_c.h
-- Up-to-date symlink: /home/rosario/Desktop/Sensors/LAB6/install/landmark_msgs/include/landmark_msgs/landmark_msgs/msg/detail/landmark_array__rosidl_typesupport_introspection_c.h
-- Up-to-date symlink: /home/rosario/Desktop/Sensors/LAB6/install/landmark_msgs/include/landmark_msgs/landmark_msgs/msg/rosidl_typesupport_introspection_c__visibility_control.h
-- Up-to-date symlink: /home/rosario/Desktop/Sensors/LAB6/install/landmark_msgs/include/landmark_msgs/landmark_msgs/msg/detail/landmark__builder.hpp
-- Up-to-date symlink: /home/rosario/Desktop/Sensors/LAB6/install/landmark_msgs/include/landmark_msgs/landmark_msgs/msg/detail/landmark__struct.hpp
-- Up-to-date symlink: /home/rosario/Desktop/Sensors/LAB6/install/landmark_msgs/include/landmark_msgs/landmark_msgs/msg/detail/landmark__traits.hpp
-- Up-to-date symlink: /home/rosario/Desktop/Sensors/LAB6/install/landmark_msgs/include/landmark_msgs/landmark_msgs/msg/detail/landmark_array__builder.hpp
-- Up-to-date symlink: /home/rosario/Desktop/Sensors/LAB6/install/landmark_msgs/include/landmark_msgs/landmark_msgs/msg/detail/landmark_array__struct.hpp
-- Up-to-date symlink: /home/rosario/Desktop/Sensors/LAB6/install/landmark_msgs/include/landmark_msgs/landmark_msgs/msg/detail/landmark_array__traits.hpp
-- Up-to-date symlink: /home/rosario/Desktop/Sensors/LAB6/install/landmark_msgs/include/landmark_msgs/landmark_msgs/msg/landmark.hpp
-- Up-to-date symlink: /home/rosario/Desktop/Sensors/LAB6/install/landmark_msgs/include/landmark_msgs/landmark_msgs/msg/landmark_array.hpp
-- Up-to-date symlink: /home/rosario/Desktop/Sensors/LAB6/install/landmark_msgs/include/landmark_msgs/landmark_msgs/msg/detail/landmark__rosidl_typesupport_fastrtps_cpp.hpp
-- Up-to-date symlink: /home/rosario/Desktop/Sensors/LAB6/install/landmark_msgs/include/landmark_msgs/landmark_msgs/msg/detail/landmark_array__rosidl_typesupport_fastrtps_cpp.hpp
-- Up-to-date symlink: /home/rosario/Desktop/Sensors/LAB6/install/landmark_msgs/include/landmark_msgs/landmark_msgs/msg/rosidl_typesupport_fastrtps_cpp__visibility_control.h
-- Up-to-date symlink: /home/rosario/Desktop/Sensors/LAB6/install/landmark_msgs/include/landmark_msgs/landmark_msgs/msg/detail/landmark__rosidl_typesupport_introspection_cpp.hpp
-- Up-to-date symlink: /home/rosario/Desktop/Sensors/LAB6/install/landmark_msgs/include/landmark_msgs/landmark_msgs/msg/detail/landmark_array__rosidl_typesupport_introspection_cpp.hpp
-- Up-to-date symlink: /home/rosario/Desktop/Sensors/LAB6/install/landmark_msgs/share/landmark_msgs/environment/pythonpath.sh
-- Up-to-date symlink: /home/rosario/Desktop/Sensors/LAB6/install/landmark_msgs/share/landmark_msgs/environment/pythonpath.dsv
-- Up-to-date symlink: /home/rosario/Desktop/Sensors/LAB6/install/landmark_msgs/local/lib/python3.10/dist-packages/landmark_msgs-0.0.0-py3.10.egg-info/PKG-INFO
-- Up-to-date symlink: /home/rosario/Desktop/Sensors/LAB6/install/landmark_msgs/local/lib/python3.10/dist-packages/landmark_msgs-0.0.0-py3.10.egg-info/SOURCES.txt
-- Up-to-date symlink: /home/rosario/Desktop/Sensors/LAB6/install/landmark_msgs/local/lib/python3.10/dist-packages/landmark_msgs-0.0.0-py3.10.egg-info/dependency_links.txt
-- Up-to-date symlink: /home/rosario/Desktop/Sensors/LAB6/install/landmark_msgs/local/lib/python3.10/dist-packages/landmark_msgs-0.0.0-py3.10.egg-info/top_level.txt
-- Up-to-date symlink: /home/rosario/Desktop/Sensors/LAB6/install/landmark_msgs/local/lib/python3.10/dist-packages/landmark_msgs/__init__.py
-- Up-to-date symlink: /home/rosario/Desktop/Sensors/LAB6/install/landmark_msgs/local/lib/python3.10/dist-packages/landmark_msgs/_landmark_msgs_s.ep.rosidl_typesupport_c.c
-- Up-to-date symlink: /home/rosario/Desktop/Sensors/LAB6/install/landmark_msgs/local/lib/python3.10/dist-packages/landmark_msgs/_landmark_msgs_s.ep.rosidl_typesupport_fastrtps_c.c
-- Up-to-date symlink: /home/rosario/Desktop/Sensors/LAB6/install/landmark_msgs/local/lib/python3.10/dist-packages/landmark_msgs/_landmark_msgs_s.ep.rosidl_typesupport_introspection_c.c
-- Up-to-date symlink: /home/rosario/Desktop/Sensors/LAB6/install/landmark_msgs/local/lib/python3.10/dist-packages/landmark_msgs/landmark_msgs_s__rosidl_typesupport_c.cpython-310-x86_64-linux-gnu.so
-- Up-to-date symlink: /home/rosario/Desktop/Sensors/LAB6/install/landmark_msgs/local/lib/python3.10/dist-packages/landmark_msgs/landmark_msgs_s__rosidl_typesupport_fastrtps_c.cpython-310-x86_64-linux-gnu.so
-- Up-to-date symlink: /home/rosario/Desktop/Sensors/LAB6/install/landmark_msgs/local/lib/python3.10/dist-packages/landmark_msgs/landmark_msgs_s__rosidl_typesupport_introspection_c.cpython-310-x86_64-linux-gnu.so
-- Up-to-date symlink: /home/rosario/Desktop/Sensors/LAB6/install/landmark_msgs/local/lib/python3.10/dist-packages/landmark_msgs/liblandmark_msgs__rosidl_generator_py.so
-- Up-to-date symlink: /home/rosario/Desktop/Sensors/LAB6/install/landmark_msgs/local/lib/python3.10/dist-packages/landmark_msgs/msg/__init__.py
-- Up-to-date symlink: /home/rosario/Desktop/Sensors/LAB6/install/landmark_msgs/local/lib/python3.10/dist-packages/landmark_msgs/msg/_landmark.py
-- Up-to-date symlink: /home/rosario/Desktop/Sensors/LAB6/install/landmark_msgs/local/lib/python3.10/dist-packages/landmark_msgs/msg/_landmark_array.py
-- Up-to-date symlink: /home/rosario/Desktop/Sensors/LAB6/install/landmark_msgs/local/lib/python3.10/dist-packages/landmark_msgs/msg/_landmark_array_s.c
-- Up-to-date symlink: /home/rosario/Desktop/Sensors/LAB6/install/landmark_msgs/local/lib/python3.10/dist-packages/landmark_msgs/msg/_landmark_s.c
-- Up-to-date symlink: /home/rosario/Desktop/Sensors/LAB6/install/landmark_msgs/local/lib/python3.10/dist-packages/landmark_msgs/landmark_msgs_s__rosidl_typesupport_fastrtps_c.cpython-310-x86_64-linux-gnu.so
-- Up-to-date symlink: /home/rosario/Desktop/Sensors/LAB6/install/landmark_msgs/local/lib/python3.10/dist-packages/landmark_msgs/landmark_msgs_s__rosidl_typesupport_introspection_c.cpython-310-x86_64-linux-gnu.so
-- Up-to-date symlink: /home/rosario/Desktop/Sensors/LAB6/install/landmark_msgs/local/lib/python3.10/dist-packages/landmark_msgs/landmark_msgs_s__rosidl_typesupport_c.cpython-310-x86_64-linux-gnu.so
-- Up-to-date symlink: /home/rosario/Desktop/Sensors/LAB6/install/landmark_msgs/share/landmark_msgs/msg/Landmark.idl
-- Up-to-date symlink: /home/rosario/Desktop/Sensors/LAB6/install/landmark_msgs/share/landmark_msgs/msg/LandmarkArray.idl
-- Up-to-date symlink: /home/rosario/Desktop/Sensors/LAB6/install/landmark_msgs/share/landmark_msgs/msg/Landmark.msg
-- Up-to-date symlink: /home/rosario/Desktop/Sensors/LAB6/install/landmark_msgs/share/landmark_msgs/msg/LandmarkArray.msg
-- Up-to-date symlink: /home/rosario/Desktop/Sensors/LAB6/install/landmark_msgs/share/ament_index/resource_index/package_run_dependencies/landmark_msgs
-- Up-to-date symlink: /home/rosario/Desktop/Sensors/LAB6/install/landmark_msgs/share/ament_index/resource_index/parent_prefix_path/landmark_msgs
-- Up-to-date symlink: /home/rosario/Desktop/Sensors/LAB6/install/landmark_msgs/share/landmark_msgs/environment/ament_prefix_path.sh
-- Up-to-date symlink: /home/rosario/Desktop/Sensors/LAB6/install/landmark_msgs/share/landmark_msgs/environment/ament_prefix_path.dsv
-- Up-to-date symlink: /home/rosario/Desktop/Sensors/LAB6/install/landmark_msgs/share/landmark_msgs/environment/path.sh
-- Up-to-date symlink: /home/rosario/Desktop/Sensors/LAB6/install/landmark_msgs/share/landmark_msgs/environment/path.dsv
-- Up-to-date symlink: /home/rosario/Desktop/Sensors/LAB6/install/landmark_msgs/share/landmark_msgs/local_setup.bash
-- Up-to-date symlink: /home/rosario/Desktop/Sensors/LAB6/install/landmark_msgs/share/landmark_msgs/local_setup.sh
-- Up-to-date symlink: /home/rosario/Desktop/Sensors/LAB6/install/landmark_msgs/share/landmark_msgs/local_setup.zsh
-- Up-to-date symlink: /home/rosario/Desktop/Sensors/LAB6/install/landmark_msgs/share/landmark_msgs/local_setup.dsv
-- Symlinking: /home/rosario/Desktop/Sensors/LAB6/install/landmark_msgs/share/landmark_msgs/package.dsv
-- Up-to-date symlink: /home/rosario/Desktop/Sensors/LAB6/install/landmark_msgs/share/ament_index/resource_index/packages/landmark_msgs
-- Up-to-date symlink: /home/rosario/Desktop/Sensors/LAB6/install/landmark_msgs/share/landmark_msgs/cmake/rosidl_cmake-extras.cmake
-- Up-to-date symlink: /home/rosario/Desktop/Sensors/LAB6/install/landmark_msgs/share/landmark_msgs/cmake/ament_cmake_export_dependencies-extras.cmake
-- Up-to-date symlink: /home/rosario/Desktop/Sensors/LAB6/install/landmark_msgs/share/landmark_msgs/cmake/ament_cmake_export_include_directories-extras.cmake
-- Up-to-date symlink: /home/rosario/Desktop/Sensors/LAB6/install/landmark_msgs/share/landmark_msgs/cmake/ament_cmake_export_libraries-extras.cmake
-- Up-to-date symlink: /home/rosario/Desktop/Sensors/LAB6/install/landmark_msgs/share/landmark_msgs/cmake/ament_cmake_export_targets-extras.cmake
-- Up-to-date symlink: /home/rosario/Desktop/Sensors/LAB6/install/landmark_msgs/share/landmark_msgs/cmake/rosidl_cmake_export_typesupport_targets-extras.cmake
-- Up-to-date symlink: /home/rosario/Desktop/Sensors/LAB6/install/landmark_msgs/share/landmark_msgs/cmake/rosidl_cmake_export_typesupport_libraries-extras.cmake
-- Up-to-date symlink: /home/rosario/Desktop/Sensors/LAB6/install/landmark_msgs/share/landmark_msgs/cmake/landmark_msgsConfig.cmake
-- Up-to-date symlink: /home/rosario/Desktop/Sensors/LAB6/install/landmark_msgs/share/landmark_msgs/cmake/landmark_msgsConfig-version.cmake
-- Up-to-date symlink: /home/rosario/Desktop/Sensors/LAB6/install/landmark_msgs/share/landmark_msgs/package.xml
-- Up-to-date: /home/rosario/Desktop/Sensors/LAB6/install/landmark_msgs/lib/liblandmark_msgs__rosidl_generator_c.so
-- Up-to-date: /home/rosario/Desktop/Sensors/LAB6/install/landmark_msgs/lib/liblandmark_msgs__rosidl_typesupport_fastrtps_c.so
-- Up-to-date: /home/rosario/Desktop/Sensors/LAB6/install/landmark_msgs/lib/liblandmark_msgs__rosidl_typesupport_introspection_c.so
-- Up-to-date: /home/rosario/Desktop/Sensors/LAB6/install/landmark_msgs/lib/liblandmark_msgs__rosidl_typesupport_c.so
-- Up-to-date: /home/rosario/Desktop/Sensors/LAB6/install/landmark_msgs/lib/liblandmark_msgs__rosidl_typesupport_fastrtps_cpp.so
-- Up-to-date: /home/rosario/Desktop/Sensors/LAB6/install/landmark_msgs/lib/liblandmark_msgs__rosidl_typesupport_introspection_cpp.so
-- Up-to-date: /home/rosario/Desktop/Sensors/LAB6/install/landmark_msgs/lib/liblandmark_msgs__rosidl_typesupport_cpp.so
Listing '/home/rosario/Desktop/Sensors/LAB6/install/landmark_msgs/local/lib/python3.10/dist-packages/landmark_msgs'...
Compiling '/home/rosario/Desktop/Sensors/LAB6/install/landmark_msgs/local/lib/python3.10/dist-packages/landmark_msgs/__init__.py'...
Listing '/home/rosario/Desktop/Sensors/LAB6/install/landmark_msgs/local/lib/python3.10/dist-packages/landmark_msgs/msg'...
-- Up-to-date: /home/rosario/Desktop/Sensors/LAB6/install/landmark_msgs/lib/liblandmark_msgs__rosidl_generator_py.so
-- Up-to-date: /home/rosario/Desktop/Sensors/LAB6/install/landmark_msgs/share/landmark_msgs/cmake/export_landmark_msgs__rosidl_generator_cExport.cmake
-- Up-to-date: /home/rosario/Desktop/Sensors/LAB6/install/landmark_msgs/share/landmark_msgs/cmake/export_landmark_msgs__rosidl_generator_cExport-noconfig.cmake
-- Up-to-date: /home/rosario/Desktop/Sensors/LAB6/install/landmark_msgs/share/landmark_msgs/cmake/export_landmark_msgs__rosidl_typesupport_fastrtps_cExport.cmake
-- Up-to-date: /home/rosario/Desktop/Sensors/LAB6/install/landmark_msgs/share/landmark_msgs/cmake/export_landmark_msgs__rosidl_typesupport_fastrtps_cExport-noconfig.cmake
-- Up-to-date: /home/rosario/Desktop/Sensors/LAB6/install/landmark_msgs/share/landmark_msgs/cmake/landmark_msgs__rosidl_typesupport_introspection_cExport.cmake
-- Up-to-date: /home/rosario/Desktop/Sensors/LAB6/install/landmark_msgs/share/landmark_msgs/cmake/landmark_msgs__rosidl_typesupport_introspection_cExport-noconfig.cmake
-- Up-to-date: /home/rosario/Desktop/Sensors/LAB6/install/landmark_msgs/share/landmark_msgs/cmake/landmark_msgs__rosidl_typesupport_cExport.cmake
-- Up-to-date: /home/rosario/Desktop/Sensors/LAB6/install/landmark_msgs/share/landmark_msgs/cmake/landmark_msgs__rosidl_typesupport_cExport-noconfig.cmake
-- Up-to-date: /home/rosario/Desktop/Sensors/LAB6/install/landmark_msgs/share/landmark_msgs/cmake/export_landmark_msgs__rosidl_generator_cppExport.cmake
-- Up-to-date: /home/rosario/Desktop/Sensors/LAB6/install/landmark_msgs/share/landmark_msgs/cmake/export_landmark_msgs__rosidl_typesupport_fastrtps_cppExport.cmake
-- Up-to-date: /home/rosario/Desktop/Sensors/LAB6/install/landmark_msgs/share/landmark_msgs/cmake/export_landmark_msgs__rosidl_typesupport_fastrtps_cppExport-noconfig.cmake
-- Up-to-date: /home/rosario/Desktop/Sensors/LAB6/install/landmark_msgs/share/landmark_msgs/cmake/landmark_msgs__rosidl_typesupport_introspection_cppExport.cmake
-- Up-to-date: /home/rosario/Desktop/Sensors/LAB6/install/landmark_msgs/share/landmark_msgs/cmake/landmark_msgs__rosidl_typesupport_introspection_cppExport-noconfig.cmake
-- Up-to-date: /home/rosario/Desktop/Sensors/LAB6/install/landmark_msgs/share/landmark_msgs/cmake/landmark_msgs__rosidl_typesupport_cppExport.cmake
-- Up-to-date: /home/rosario/Desktop/Sensors/LAB6/install/landmark_msgs/share/landmark_msgs/cmake/landmark_msgs__rosidl_typesupport_cppExport-noconfig.cmake
-- Up-to-date: /home/rosario/Desktop/Sensors/LAB6/install/landmark_msgs/share/landmark_msgs/cmake/export_landmark_msgs__rosidl_generator_pyExport.cmake
-- Up-to-date: /home/rosario/Desktop/Sensors/LAB6/install/landmark_msgs/share/landmark_msgs/cmake/export_landmark_msgs__rosidl_generator_pyExport-noconfig.cmake
