running develop
running egg_info
writing turtlebot3_perception.egg-info/PKG-INFO
writing dependency_links to turtlebot3_perception.egg-info/dependency_links.txt
writing entry points to turtlebot3_perception.egg-info/entry_points.txt
writing requirements to turtlebot3_perception.egg-info/requires.txt
writing top-level names to turtlebot3_perception.egg-info/top_level.txt
reading manifest file 'turtlebot3_perception.egg-info/SOURCES.txt'
writing manifest file 'turtlebot3_perception.egg-info/SOURCES.txt'
running build_ext
Creating /home/rosario/Desktop/Sensors/LAB6/install/turtlebot3_perception/lib/python3.10/site-packages/turtlebot3-perception.egg-link (link to .)
Installing detection2landmark script to /home/rosario/Desktop/Sensors/LAB6/install/turtlebot3_perception/lib/turtlebot3_perception
Installing landmark_simulator script to /home/rosario/Desktop/Sensors/LAB6/install/turtlebot3_perception/lib/turtlebot3_perception
Installing laserscan2lines script to /home/rosario/Desktop/Sensors/LAB6/install/turtlebot3_perception/lib/turtlebot3_perception

Installed /home/rosario/Desktop/Sensors/LAB6/build/turtlebot3_perception
running symlink_data
symbolically linking /home/rosario/Desktop/Sensors/LAB6/build/turtlebot3_perception/resource/turtlebot3_perception -> /home/rosario/Desktop/Sensors/LAB6/install/turtlebot3_perception/share/ament_index/resource_index/packages
symbolically linking /home/rosario/Desktop/Sensors/LAB6/build/turtlebot3_perception/package.xml -> /home/rosario/Desktop/Sensors/LAB6/install/turtlebot3_perception/share/turtlebot3_perception
symbolically linking /home/rosario/Desktop/Sensors/LAB6/build/turtlebot3_perception/launch/apriltag.launch.py -> /home/rosario/Desktop/Sensors/LAB6/install/turtlebot3_perception/share/turtlebot3_perception/launch
symbolically linking /home/rosario/Desktop/Sensors/LAB6/build/turtlebot3_perception/launch/camera.launch.py -> /home/rosario/Desktop/Sensors/LAB6/install/turtlebot3_perception/share/turtlebot3_perception/launch
symbolically linking /home/rosario/Desktop/Sensors/LAB6/build/turtlebot3_perception/launch/rs_launch_composable.launch.py -> /home/rosario/Desktop/Sensors/LAB6/install/turtlebot3_perception/share/turtlebot3_perception/launch
symbolically linking /home/rosario/Desktop/Sensors/LAB6/build/turtlebot3_perception/config/apriltag.yaml -> /home/rosario/Desktop/Sensors/LAB6/install/turtlebot3_perception/share/turtlebot3_perception/config
symbolically linking /home/rosario/Desktop/Sensors/LAB6/build/turtlebot3_perception/config/default.rviz -> /home/rosario/Desktop/Sensors/LAB6/install/turtlebot3_perception/share/turtlebot3_perception/config
symbolically linking /home/rosario/Desktop/Sensors/LAB6/build/turtlebot3_perception/config/landmarks.yaml -> /home/rosario/Desktop/Sensors/LAB6/install/turtlebot3_perception/share/turtlebot3_perception/config
symbolically linking /home/rosario/Desktop/Sensors/LAB6/build/turtlebot3_perception/config/oakd_config.yaml -> /home/rosario/Desktop/Sensors/LAB6/install/turtlebot3_perception/share/turtlebot3_perception/config
