[0.069s] DEBUG:colcon:Command line arguments: ['/usr/bin/colcon', 'build']
[0.069s] DEBUG:colcon:Parsed command line arguments: Namespace(log_base=None, log_level=None, verb_name='build', build_base='build', install_base='install', merge_install=False, symlink_install=False, test_result_base=None, continue_on_error=False, executor='parallel', parallel_workers=16, event_handlers=None, ignore_user_meta=False, metas=['./colcon.meta'], base_paths=['.'], packages_ignore=None, packages_ignore_regex=None, paths=None, packages_up_to=None, packages_up_to_regex=None, packages_above=None, packages_above_and_dependencies=None, packages_above_depth=None, packages_select_by_dep=None, packages_skip_by_dep=None, packages_skip_up_to=None, packages_select_build_failed=False, packages_skip_build_finished=False, packages_select_test_failures=False, packages_skip_test_passed=False, packages_select=None, packages_skip=None, packages_select_regex=None, packages_skip_regex=None, packages_start=None, packages_end=None, allow_overriding=[], cmake_args=None, cmake_target=None, cmake_target_skip_unavailable=False, cmake_clean_cache=False, cmake_clean_first=False, cmake_force_configure=False, ament_cmake_args=None, catkin_cmake_args=None, catkin_skip_building_tests=False, mixin_files=None, mixin=None, verb_parser=<colcon_mixin.mixin.mixin_argument.MixinArgumentDecorator object at 0x759f64a7c850>, verb_extension=<colcon_core.verb.build.BuildVerb object at 0x759f64bf0c40>, main=<bound method BuildVerb.main of <colcon_core.verb.build.BuildVerb object at 0x759f64bf0c40>>, mixin_verb=('build',))
[0.176s] Level 1:colcon.colcon_core.package_discovery:discover_packages(colcon_meta) check parameters
[0.176s] Level 1:colcon.colcon_core.package_discovery:discover_packages(recursive) check parameters
[0.176s] Level 1:colcon.colcon_core.package_discovery:discover_packages(ignore) check parameters
[0.176s] Level 1:colcon.colcon_core.package_discovery:discover_packages(path) check parameters
[0.176s] Level 1:colcon.colcon_core.package_discovery:discover_packages(colcon_meta) discover
[0.176s] Level 1:colcon.colcon_core.package_discovery:discover_packages(recursive) discover
[0.176s] INFO:colcon.colcon_core.package_discovery:Crawling recursively for packages in '/home/rosario/Desktop/Sensors/LAB6'
[0.176s] Level 1:colcon.colcon_core.package_identification:_identify(.) by extensions ['ignore', 'ignore_ament_install']
[0.176s] Level 1:colcon.colcon_core.package_identification:_identify(.) by extension 'ignore'
[0.176s] Level 1:colcon.colcon_core.package_identification:_identify(.) by extension 'ignore_ament_install'
[0.176s] Level 1:colcon.colcon_core.package_identification:_identify(.) by extensions ['colcon_pkg']
[0.177s] Level 1:colcon.colcon_core.package_identification:_identify(.) by extension 'colcon_pkg'
[0.177s] Level 1:colcon.colcon_core.package_identification:_identify(.) by extensions ['colcon_meta']
[0.177s] Level 1:colcon.colcon_core.package_identification:_identify(.) by extension 'colcon_meta'
[0.177s] Level 1:colcon.colcon_core.package_identification:_identify(.) by extensions ['ros']
[0.177s] Level 1:colcon.colcon_core.package_identification:_identify(.) by extension 'ros'
[0.199s] Level 1:colcon.colcon_core.package_identification:_identify(.) by extensions ['cmake', 'python']
[0.199s] Level 1:colcon.colcon_core.package_identification:_identify(.) by extension 'cmake'
[0.199s] Level 1:colcon.colcon_core.package_identification:_identify(.) by extension 'python'
[0.199s] Level 1:colcon.colcon_core.package_identification:_identify(.) by extensions ['python_setup_py']
[0.199s] Level 1:colcon.colcon_core.package_identification:_identify(.) by extension 'python_setup_py'
[0.199s] Level 1:colcon.colcon_core.package_identification:_identify(build) by extensions ['ignore', 'ignore_ament_install']
[0.199s] Level 1:colcon.colcon_core.package_identification:_identify(build) by extension 'ignore'
[0.199s] Level 1:colcon.colcon_core.package_identification:_identify(build) ignored
[0.199s] Level 1:colcon.colcon_core.package_identification:_identify(install) by extensions ['ignore', 'ignore_ament_install']
[0.200s] Level 1:colcon.colcon_core.package_identification:_identify(install) by extension 'ignore'
[0.200s] Level 1:colcon.colcon_core.package_identification:_identify(install) ignored
[0.200s] Level 1:colcon.colcon_core.package_identification:_identify(log) by extensions ['ignore', 'ignore_ament_install']
[0.200s] Level 1:colcon.colcon_core.package_identification:_identify(log) by extension 'ignore'
[0.200s] Level 1:colcon.colcon_core.package_identification:_identify(log) ignored
[0.200s] Level 1:colcon.colcon_core.package_identification:_identify(prova1) by extensions ['ignore', 'ignore_ament_install']
[0.200s] Level 1:colcon.colcon_core.package_identification:_identify(prova1) by extension 'ignore'
[0.200s] Level 1:colcon.colcon_core.package_identification:_identify(prova1) by extension 'ignore_ament_install'
[0.200s] Level 1:colcon.colcon_core.package_identification:_identify(prova1) by extensions ['colcon_pkg']
[0.200s] Level 1:colcon.colcon_core.package_identification:_identify(prova1) by extension 'colcon_pkg'
[0.200s] Level 1:colcon.colcon_core.package_identification:_identify(prova1) by extensions ['colcon_meta']
[0.200s] Level 1:colcon.colcon_core.package_identification:_identify(prova1) by extension 'colcon_meta'
[0.200s] Level 1:colcon.colcon_core.package_identification:_identify(prova1) by extensions ['ros']
[0.200s] Level 1:colcon.colcon_core.package_identification:_identify(prova1) by extension 'ros'
[0.200s] Level 1:colcon.colcon_core.package_identification:_identify(prova1) by extensions ['cmake', 'python']
[0.200s] Level 1:colcon.colcon_core.package_identification:_identify(prova1) by extension 'cmake'
[0.200s] Level 1:colcon.colcon_core.package_identification:_identify(prova1) by extension 'python'
[0.200s] Level 1:colcon.colcon_core.package_identification:_identify(prova1) by extensions ['python_setup_py']
[0.200s] Level 1:colcon.colcon_core.package_identification:_identify(prova1) by extension 'python_setup_py'
[0.200s] Level 1:colcon.colcon_core.package_identification:_identify(prova2) by extensions ['ignore', 'ignore_ament_install']
[0.200s] Level 1:colcon.colcon_core.package_identification:_identify(prova2) by extension 'ignore'
[0.200s] Level 1:colcon.colcon_core.package_identification:_identify(prova2) by extension 'ignore_ament_install'
[0.200s] Level 1:colcon.colcon_core.package_identification:_identify(prova2) by extensions ['colcon_pkg']
[0.200s] Level 1:colcon.colcon_core.package_identification:_identify(prova2) by extension 'colcon_pkg'
[0.200s] Level 1:colcon.colcon_core.package_identification:_identify(prova2) by extensions ['colcon_meta']
[0.200s] Level 1:colcon.colcon_core.package_identification:_identify(prova2) by extension 'colcon_meta'
[0.200s] Level 1:colcon.colcon_core.package_identification:_identify(prova2) by extensions ['ros']
[0.200s] Level 1:colcon.colcon_core.package_identification:_identify(prova2) by extension 'ros'
[0.200s] Level 1:colcon.colcon_core.package_identification:_identify(prova2) by extensions ['cmake', 'python']
[0.200s] Level 1:colcon.colcon_core.package_identification:_identify(prova2) by extension 'cmake'
[0.200s] Level 1:colcon.colcon_core.package_identification:_identify(prova2) by extension 'python'
[0.200s] Level 1:colcon.colcon_core.package_identification:_identify(prova2) by extensions ['python_setup_py']
[0.200s] Level 1:colcon.colcon_core.package_identification:_identify(prova2) by extension 'python_setup_py'
[0.200s] Level 1:colcon.colcon_core.package_identification:_identify(pursuit1) by extensions ['ignore', 'ignore_ament_install']
[0.200s] Level 1:colcon.colcon_core.package_identification:_identify(pursuit1) by extension 'ignore'
[0.201s] Level 1:colcon.colcon_core.package_identification:_identify(pursuit1) by extension 'ignore_ament_install'
[0.201s] Level 1:colcon.colcon_core.package_identification:_identify(pursuit1) by extensions ['colcon_pkg']
[0.201s] Level 1:colcon.colcon_core.package_identification:_identify(pursuit1) by extension 'colcon_pkg'
[0.201s] Level 1:colcon.colcon_core.package_identification:_identify(pursuit1) by extensions ['colcon_meta']
[0.201s] Level 1:colcon.colcon_core.package_identification:_identify(pursuit1) by extension 'colcon_meta'
[0.201s] Level 1:colcon.colcon_core.package_identification:_identify(pursuit1) by extensions ['ros']
[0.201s] Level 1:colcon.colcon_core.package_identification:_identify(pursuit1) by extension 'ros'
[0.201s] Level 1:colcon.colcon_core.package_identification:_identify(pursuit1) by extensions ['cmake', 'python']
[0.201s] Level 1:colcon.colcon_core.package_identification:_identify(pursuit1) by extension 'cmake'
[0.201s] Level 1:colcon.colcon_core.package_identification:_identify(pursuit1) by extension 'python'
[0.201s] Level 1:colcon.colcon_core.package_identification:_identify(pursuit1) by extensions ['python_setup_py']
[0.201s] Level 1:colcon.colcon_core.package_identification:_identify(pursuit1) by extension 'python_setup_py'
[0.201s] Level 1:colcon.colcon_core.package_identification:_identify(pursuit2) by extensions ['ignore', 'ignore_ament_install']
[0.201s] Level 1:colcon.colcon_core.package_identification:_identify(pursuit2) by extension 'ignore'
[0.201s] Level 1:colcon.colcon_core.package_identification:_identify(pursuit2) by extension 'ignore_ament_install'
[0.201s] Level 1:colcon.colcon_core.package_identification:_identify(pursuit2) by extensions ['colcon_pkg']
[0.201s] Level 1:colcon.colcon_core.package_identification:_identify(pursuit2) by extension 'colcon_pkg'
[0.201s] Level 1:colcon.colcon_core.package_identification:_identify(pursuit2) by extensions ['colcon_meta']
[0.201s] Level 1:colcon.colcon_core.package_identification:_identify(pursuit2) by extension 'colcon_meta'
[0.201s] Level 1:colcon.colcon_core.package_identification:_identify(pursuit2) by extensions ['ros']
[0.201s] Level 1:colcon.colcon_core.package_identification:_identify(pursuit2) by extension 'ros'
[0.201s] Level 1:colcon.colcon_core.package_identification:_identify(pursuit2) by extensions ['cmake', 'python']
[0.201s] Level 1:colcon.colcon_core.package_identification:_identify(pursuit2) by extension 'cmake'
[0.201s] Level 1:colcon.colcon_core.package_identification:_identify(pursuit2) by extension 'python'
[0.201s] Level 1:colcon.colcon_core.package_identification:_identify(pursuit2) by extensions ['python_setup_py']
[0.201s] Level 1:colcon.colcon_core.package_identification:_identify(pursuit2) by extension 'python_setup_py'
[0.201s] Level 1:colcon.colcon_core.package_identification:_identify(pursuit3) by extensions ['ignore', 'ignore_ament_install']
[0.201s] Level 1:colcon.colcon_core.package_identification:_identify(pursuit3) by extension 'ignore'
[0.201s] Level 1:colcon.colcon_core.package_identification:_identify(pursuit3) by extension 'ignore_ament_install'
[0.201s] Level 1:colcon.colcon_core.package_identification:_identify(pursuit3) by extensions ['colcon_pkg']
[0.201s] Level 1:colcon.colcon_core.package_identification:_identify(pursuit3) by extension 'colcon_pkg'
[0.201s] Level 1:colcon.colcon_core.package_identification:_identify(pursuit3) by extensions ['colcon_meta']
[0.201s] Level 1:colcon.colcon_core.package_identification:_identify(pursuit3) by extension 'colcon_meta'
[0.201s] Level 1:colcon.colcon_core.package_identification:_identify(pursuit3) by extensions ['ros']
[0.201s] Level 1:colcon.colcon_core.package_identification:_identify(pursuit3) by extension 'ros'
[0.201s] Level 1:colcon.colcon_core.package_identification:_identify(pursuit3) by extensions ['cmake', 'python']
[0.201s] Level 1:colcon.colcon_core.package_identification:_identify(pursuit3) by extension 'cmake'
[0.201s] Level 1:colcon.colcon_core.package_identification:_identify(pursuit3) by extension 'python'
[0.201s] Level 1:colcon.colcon_core.package_identification:_identify(pursuit3) by extensions ['python_setup_py']
[0.201s] Level 1:colcon.colcon_core.package_identification:_identify(pursuit3) by extension 'python_setup_py'
[0.201s] Level 1:colcon.colcon_core.package_identification:_identify(src) by extensions ['ignore', 'ignore_ament_install']
[0.201s] Level 1:colcon.colcon_core.package_identification:_identify(src) by extension 'ignore'
[0.201s] Level 1:colcon.colcon_core.package_identification:_identify(src) by extension 'ignore_ament_install'
[0.201s] Level 1:colcon.colcon_core.package_identification:_identify(src) by extensions ['colcon_pkg']
[0.201s] Level 1:colcon.colcon_core.package_identification:_identify(src) by extension 'colcon_pkg'
[0.201s] Level 1:colcon.colcon_core.package_identification:_identify(src) by extensions ['colcon_meta']
[0.201s] Level 1:colcon.colcon_core.package_identification:_identify(src) by extension 'colcon_meta'
[0.202s] Level 1:colcon.colcon_core.package_identification:_identify(src) by extensions ['ros']
[0.202s] Level 1:colcon.colcon_core.package_identification:_identify(src) by extension 'ros'
[0.202s] Level 1:colcon.colcon_core.package_identification:_identify(src) by extensions ['cmake', 'python']
[0.202s] Level 1:colcon.colcon_core.package_identification:_identify(src) by extension 'cmake'
[0.202s] Level 1:colcon.colcon_core.package_identification:_identify(src) by extension 'python'
[0.202s] Level 1:colcon.colcon_core.package_identification:_identify(src) by extensions ['python_setup_py']
[0.202s] Level 1:colcon.colcon_core.package_identification:_identify(src) by extension 'python_setup_py'
[0.202s] Level 1:colcon.colcon_core.package_identification:_identify(src/a_star) by extensions ['ignore', 'ignore_ament_install']
[0.202s] Level 1:colcon.colcon_core.package_identification:_identify(src/a_star) by extension 'ignore'
[0.202s] Level 1:colcon.colcon_core.package_identification:_identify(src/a_star) by extension 'ignore_ament_install'
[0.202s] Level 1:colcon.colcon_core.package_identification:_identify(src/a_star) by extensions ['colcon_pkg']
[0.202s] Level 1:colcon.colcon_core.package_identification:_identify(src/a_star) by extension 'colcon_pkg'
[0.202s] Level 1:colcon.colcon_core.package_identification:_identify(src/a_star) by extensions ['colcon_meta']
[0.202s] Level 1:colcon.colcon_core.package_identification:_identify(src/a_star) by extension 'colcon_meta'
[0.202s] Level 1:colcon.colcon_core.package_identification:_identify(src/a_star) by extensions ['ros']
[0.202s] Level 1:colcon.colcon_core.package_identification:_identify(src/a_star) by extension 'ros'
[0.204s] DEBUG:colcon.colcon_core.package_identification:Package 'src/a_star' with type 'ros.ament_python' and name 'a_star'
[0.204s] Level 1:colcon.colcon_core.package_identification:_identify(src/turtlebot3_perception) by extensions ['ignore', 'ignore_ament_install']
[0.204s] Level 1:colcon.colcon_core.package_identification:_identify(src/turtlebot3_perception) by extension 'ignore'
[0.204s] Level 1:colcon.colcon_core.package_identification:_identify(src/turtlebot3_perception) by extension 'ignore_ament_install'
[0.204s] Level 1:colcon.colcon_core.package_identification:_identify(src/turtlebot3_perception) by extensions ['colcon_pkg']
[0.204s] Level 1:colcon.colcon_core.package_identification:_identify(src/turtlebot3_perception) by extension 'colcon_pkg'
[0.204s] Level 1:colcon.colcon_core.package_identification:_identify(src/turtlebot3_perception) by extensions ['colcon_meta']
[0.204s] Level 1:colcon.colcon_core.package_identification:_identify(src/turtlebot3_perception) by extension 'colcon_meta'
[0.204s] Level 1:colcon.colcon_core.package_identification:_identify(src/turtlebot3_perception) by extensions ['ros']
[0.204s] Level 1:colcon.colcon_core.package_identification:_identify(src/turtlebot3_perception) by extension 'ros'
[0.204s] Level 1:colcon.colcon_core.package_identification:_identify(src/turtlebot3_perception) by extensions ['cmake', 'python']
[0.204s] Level 1:colcon.colcon_core.package_identification:_identify(src/turtlebot3_perception) by extension 'cmake'
[0.204s] Level 1:colcon.colcon_core.package_identification:_identify(src/turtlebot3_perception) by extension 'python'
[0.204s] Level 1:colcon.colcon_core.package_identification:_identify(src/turtlebot3_perception) by extensions ['python_setup_py']
[0.204s] Level 1:colcon.colcon_core.package_identification:_identify(src/turtlebot3_perception) by extension 'python_setup_py'
[0.204s] Level 1:colcon.colcon_core.package_identification:_identify(src/turtlebot3_perception/landmark_msgs) by extensions ['ignore', 'ignore_ament_install']
[0.204s] Level 1:colcon.colcon_core.package_identification:_identify(src/turtlebot3_perception/landmark_msgs) by extension 'ignore'
[0.204s] Level 1:colcon.colcon_core.package_identification:_identify(src/turtlebot3_perception/landmark_msgs) by extension 'ignore_ament_install'
[0.204s] Level 1:colcon.colcon_core.package_identification:_identify(src/turtlebot3_perception/landmark_msgs) by extensions ['colcon_pkg']
[0.204s] Level 1:colcon.colcon_core.package_identification:_identify(src/turtlebot3_perception/landmark_msgs) by extension 'colcon_pkg'
[0.204s] Level 1:colcon.colcon_core.package_identification:_identify(src/turtlebot3_perception/landmark_msgs) by extensions ['colcon_meta']
[0.204s] Level 1:colcon.colcon_core.package_identification:_identify(src/turtlebot3_perception/landmark_msgs) by extension 'colcon_meta'
[0.204s] Level 1:colcon.colcon_core.package_identification:_identify(src/turtlebot3_perception/landmark_msgs) by extensions ['ros']
[0.204s] Level 1:colcon.colcon_core.package_identification:_identify(src/turtlebot3_perception/landmark_msgs) by extension 'ros'
[0.205s] DEBUG:colcon.colcon_core.package_identification:Package 'src/turtlebot3_perception/landmark_msgs' with type 'ros.ament_cmake' and name 'landmark_msgs'
[0.205s] Level 1:colcon.colcon_core.package_identification:_identify(src/turtlebot3_perception/turtlebot3_perception) by extensions ['ignore', 'ignore_ament_install']
[0.205s] Level 1:colcon.colcon_core.package_identification:_identify(src/turtlebot3_perception/turtlebot3_perception) by extension 'ignore'
[0.205s] Level 1:colcon.colcon_core.package_identification:_identify(src/turtlebot3_perception/turtlebot3_perception) by extension 'ignore_ament_install'
[0.205s] Level 1:colcon.colcon_core.package_identification:_identify(src/turtlebot3_perception/turtlebot3_perception) by extensions ['colcon_pkg']
[0.205s] Level 1:colcon.colcon_core.package_identification:_identify(src/turtlebot3_perception/turtlebot3_perception) by extension 'colcon_pkg'
[0.205s] Level 1:colcon.colcon_core.package_identification:_identify(src/turtlebot3_perception/turtlebot3_perception) by extensions ['colcon_meta']
[0.205s] Level 1:colcon.colcon_core.package_identification:_identify(src/turtlebot3_perception/turtlebot3_perception) by extension 'colcon_meta'
[0.205s] Level 1:colcon.colcon_core.package_identification:_identify(src/turtlebot3_perception/turtlebot3_perception) by extensions ['ros']
[0.205s] Level 1:colcon.colcon_core.package_identification:_identify(src/turtlebot3_perception/turtlebot3_perception) by extension 'ros'
[0.206s] DEBUG:colcon.colcon_core.package_identification:Package 'src/turtlebot3_perception/turtlebot3_perception' with type 'ros.ament_python' and name 'turtlebot3_perception'
[0.206s] Level 1:colcon.colcon_core.package_identification:_identify(src/turtlebot3_simulations) by extensions ['ignore', 'ignore_ament_install']
[0.206s] Level 1:colcon.colcon_core.package_identification:_identify(src/turtlebot3_simulations) by extension 'ignore'
[0.206s] Level 1:colcon.colcon_core.package_identification:_identify(src/turtlebot3_simulations) by extension 'ignore_ament_install'
[0.206s] Level 1:colcon.colcon_core.package_identification:_identify(src/turtlebot3_simulations) by extensions ['colcon_pkg']
[0.206s] Level 1:colcon.colcon_core.package_identification:_identify(src/turtlebot3_simulations) by extension 'colcon_pkg'
[0.206s] Level 1:colcon.colcon_core.package_identification:_identify(src/turtlebot3_simulations) by extensions ['colcon_meta']
[0.206s] Level 1:colcon.colcon_core.package_identification:_identify(src/turtlebot3_simulations) by extension 'colcon_meta'
[0.206s] Level 1:colcon.colcon_core.package_identification:_identify(src/turtlebot3_simulations) by extensions ['ros']
[0.206s] Level 1:colcon.colcon_core.package_identification:_identify(src/turtlebot3_simulations) by extension 'ros'
[0.206s] Level 1:colcon.colcon_core.package_identification:_identify(src/turtlebot3_simulations) by extensions ['cmake', 'python']
[0.206s] Level 1:colcon.colcon_core.package_identification:_identify(src/turtlebot3_simulations) by extension 'cmake'
[0.206s] Level 1:colcon.colcon_core.package_identification:_identify(src/turtlebot3_simulations) by extension 'python'
[0.206s] Level 1:colcon.colcon_core.package_identification:_identify(src/turtlebot3_simulations) by extensions ['python_setup_py']
[0.206s] Level 1:colcon.colcon_core.package_identification:_identify(src/turtlebot3_simulations) by extension 'python_setup_py'
[0.206s] Level 1:colcon.colcon_core.package_identification:_identify(src/turtlebot3_simulations/turtlebot3_fake_node) by extensions ['ignore', 'ignore_ament_install']
[0.206s] Level 1:colcon.colcon_core.package_identification:_identify(src/turtlebot3_simulations/turtlebot3_fake_node) by extension 'ignore'
[0.206s] Level 1:colcon.colcon_core.package_identification:_identify(src/turtlebot3_simulations/turtlebot3_fake_node) by extension 'ignore_ament_install'
[0.206s] Level 1:colcon.colcon_core.package_identification:_identify(src/turtlebot3_simulations/turtlebot3_fake_node) by extensions ['colcon_pkg']
[0.206s] Level 1:colcon.colcon_core.package_identification:_identify(src/turtlebot3_simulations/turtlebot3_fake_node) by extension 'colcon_pkg'
[0.206s] Level 1:colcon.colcon_core.package_identification:_identify(src/turtlebot3_simulations/turtlebot3_fake_node) by extensions ['colcon_meta']
[0.206s] Level 1:colcon.colcon_core.package_identification:_identify(src/turtlebot3_simulations/turtlebot3_fake_node) by extension 'colcon_meta'
[0.206s] Level 1:colcon.colcon_core.package_identification:_identify(src/turtlebot3_simulations/turtlebot3_fake_node) by extensions ['ros']
[0.206s] Level 1:colcon.colcon_core.package_identification:_identify(src/turtlebot3_simulations/turtlebot3_fake_node) by extension 'ros'
[0.207s] DEBUG:colcon.colcon_core.package_identification:Package 'src/turtlebot3_simulations/turtlebot3_fake_node' with type 'ros.ament_cmake' and name 'turtlebot3_fake_node'
[0.207s] Level 1:colcon.colcon_core.package_identification:_identify(src/turtlebot3_simulations/turtlebot3_gazebo) by extensions ['ignore', 'ignore_ament_install']
[0.207s] Level 1:colcon.colcon_core.package_identification:_identify(src/turtlebot3_simulations/turtlebot3_gazebo) by extension 'ignore'
[0.207s] Level 1:colcon.colcon_core.package_identification:_identify(src/turtlebot3_simulations/turtlebot3_gazebo) by extension 'ignore_ament_install'
[0.207s] Level 1:colcon.colcon_core.package_identification:_identify(src/turtlebot3_simulations/turtlebot3_gazebo) by extensions ['colcon_pkg']
[0.207s] Level 1:colcon.colcon_core.package_identification:_identify(src/turtlebot3_simulations/turtlebot3_gazebo) by extension 'colcon_pkg'
[0.207s] Level 1:colcon.colcon_core.package_identification:_identify(src/turtlebot3_simulations/turtlebot3_gazebo) by extensions ['colcon_meta']
[0.207s] Level 1:colcon.colcon_core.package_identification:_identify(src/turtlebot3_simulations/turtlebot3_gazebo) by extension 'colcon_meta'
[0.207s] Level 1:colcon.colcon_core.package_identification:_identify(src/turtlebot3_simulations/turtlebot3_gazebo) by extensions ['ros']
[0.207s] Level 1:colcon.colcon_core.package_identification:_identify(src/turtlebot3_simulations/turtlebot3_gazebo) by extension 'ros'
[0.208s] DEBUG:colcon.colcon_core.package_identification:Package 'src/turtlebot3_simulations/turtlebot3_gazebo' with type 'ros.ament_cmake' and name 'turtlebot3_gazebo'
[0.208s] Level 1:colcon.colcon_core.package_identification:_identify(src/turtlebot3_simulations/turtlebot3_ignition) by extensions ['ignore', 'ignore_ament_install']
[0.208s] Level 1:colcon.colcon_core.package_identification:_identify(src/turtlebot3_simulations/turtlebot3_ignition) by extension 'ignore'
[0.208s] Level 1:colcon.colcon_core.package_identification:_identify(src/turtlebot3_simulations/turtlebot3_ignition) ignored
[0.208s] Level 1:colcon.colcon_core.package_identification:_identify(src/turtlebot3_simulations/turtlebot3_simulations) by extensions ['ignore', 'ignore_ament_install']
[0.208s] Level 1:colcon.colcon_core.package_identification:_identify(src/turtlebot3_simulations/turtlebot3_simulations) by extension 'ignore'
[0.208s] Level 1:colcon.colcon_core.package_identification:_identify(src/turtlebot3_simulations/turtlebot3_simulations) by extension 'ignore_ament_install'
[0.208s] Level 1:colcon.colcon_core.package_identification:_identify(src/turtlebot3_simulations/turtlebot3_simulations) by extensions ['colcon_pkg']
[0.208s] Level 1:colcon.colcon_core.package_identification:_identify(src/turtlebot3_simulations/turtlebot3_simulations) by extension 'colcon_pkg'
[0.208s] Level 1:colcon.colcon_core.package_identification:_identify(src/turtlebot3_simulations/turtlebot3_simulations) by extensions ['colcon_meta']
[0.208s] Level 1:colcon.colcon_core.package_identification:_identify(src/turtlebot3_simulations/turtlebot3_simulations) by extension 'colcon_meta'
[0.208s] Level 1:colcon.colcon_core.package_identification:_identify(src/turtlebot3_simulations/turtlebot3_simulations) by extensions ['ros']
[0.208s] Level 1:colcon.colcon_core.package_identification:_identify(src/turtlebot3_simulations/turtlebot3_simulations) by extension 'ros'
[0.208s] DEBUG:colcon.colcon_core.package_identification:Package 'src/turtlebot3_simulations/turtlebot3_simulations' with type 'ros.ament_cmake' and name 'turtlebot3_simulations'
[0.208s] Level 1:colcon.colcon_core.package_discovery:discover_packages(recursive) using defaults
[0.208s] Level 1:colcon.colcon_core.package_discovery:discover_packages(ignore) discover
[0.208s] Level 1:colcon.colcon_core.package_discovery:discover_packages(ignore) using defaults
[0.208s] Level 1:colcon.colcon_core.package_discovery:discover_packages(path) discover
[0.209s] Level 1:colcon.colcon_core.package_discovery:discover_packages(path) using defaults
[0.221s] Level 1:colcon.colcon_core.package_discovery:discover_packages(prefix_path) check parameters
[0.221s] Level 1:colcon.colcon_core.package_discovery:discover_packages(prefix_path) discover
[0.223s] DEBUG:colcon.colcon_installed_package_information.package_discovery:Found 396 installed packages in /opt/ros/humble
[0.224s] Level 1:colcon.colcon_core.package_discovery:discover_packages(prefix_path) using defaults
[0.252s] Level 5:colcon.colcon_core.verb:set package 'landmark_msgs' build argument 'cmake_args' from command line to 'None'
[0.252s] Level 5:colcon.colcon_core.verb:set package 'landmark_msgs' build argument 'cmake_target' from command line to 'None'
[0.252s] Level 5:colcon.colcon_core.verb:set package 'landmark_msgs' build argument 'cmake_target_skip_unavailable' from command line to 'False'
[0.252s] Level 5:colcon.colcon_core.verb:set package 'landmark_msgs' build argument 'cmake_clean_cache' from command line to 'False'
[0.252s] Level 5:colcon.colcon_core.verb:set package 'landmark_msgs' build argument 'cmake_clean_first' from command line to 'False'
[0.252s] Level 5:colcon.colcon_core.verb:set package 'landmark_msgs' build argument 'cmake_force_configure' from command line to 'False'
[0.252s] Level 5:colcon.colcon_core.verb:set package 'landmark_msgs' build argument 'ament_cmake_args' from command line to 'None'
[0.252s] Level 5:colcon.colcon_core.verb:set package 'landmark_msgs' build argument 'catkin_cmake_args' from command line to 'None'
[0.252s] Level 5:colcon.colcon_core.verb:set package 'landmark_msgs' build argument 'catkin_skip_building_tests' from command line to 'False'
[0.252s] DEBUG:colcon.colcon_core.verb:Building package 'landmark_msgs' with the following arguments: {'ament_cmake_args': None, 'build_base': '/home/rosario/Desktop/Sensors/LAB6/build/landmark_msgs', 'catkin_cmake_args': None, 'catkin_skip_building_tests': False, 'cmake_args': None, 'cmake_clean_cache': False, 'cmake_clean_first': False, 'cmake_force_configure': False, 'cmake_target': None, 'cmake_target_skip_unavailable': False, 'install_base': '/home/rosario/Desktop/Sensors/LAB6/install/landmark_msgs', 'merge_install': False, 'path': '/home/rosario/Desktop/Sensors/LAB6/src/turtlebot3_perception/landmark_msgs', 'symlink_install': False, 'test_result_base': None}
[0.252s] Level 5:colcon.colcon_core.verb:set package 'turtlebot3_fake_node' build argument 'cmake_args' from command line to 'None'
[0.252s] Level 5:colcon.colcon_core.verb:set package 'turtlebot3_fake_node' build argument 'cmake_target' from command line to 'None'
[0.252s] Level 5:colcon.colcon_core.verb:set package 'turtlebot3_fake_node' build argument 'cmake_target_skip_unavailable' from command line to 'False'
[0.252s] Level 5:colcon.colcon_core.verb:set package 'turtlebot3_fake_node' build argument 'cmake_clean_cache' from command line to 'False'
[0.252s] Level 5:colcon.colcon_core.verb:set package 'turtlebot3_fake_node' build argument 'cmake_clean_first' from command line to 'False'
[0.252s] Level 5:colcon.colcon_core.verb:set package 'turtlebot3_fake_node' build argument 'cmake_force_configure' from command line to 'False'
[0.252s] Level 5:colcon.colcon_core.verb:set package 'turtlebot3_fake_node' build argument 'ament_cmake_args' from command line to 'None'
[0.252s] Level 5:colcon.colcon_core.verb:set package 'turtlebot3_fake_node' build argument 'catkin_cmake_args' from command line to 'None'
[0.252s] Level 5:colcon.colcon_core.verb:set package 'turtlebot3_fake_node' build argument 'catkin_skip_building_tests' from command line to 'False'
[0.252s] DEBUG:colcon.colcon_core.verb:Building package 'turtlebot3_fake_node' with the following arguments: {'ament_cmake_args': None, 'build_base': '/home/rosario/Desktop/Sensors/LAB6/build/turtlebot3_fake_node', 'catkin_cmake_args': None, 'catkin_skip_building_tests': False, 'cmake_args': None, 'cmake_clean_cache': False, 'cmake_clean_first': False, 'cmake_force_configure': False, 'cmake_target': None, 'cmake_target_skip_unavailable': False, 'install_base': '/home/rosario/Desktop/Sensors/LAB6/install/turtlebot3_fake_node', 'merge_install': False, 'path': '/home/rosario/Desktop/Sensors/LAB6/src/turtlebot3_simulations/turtlebot3_fake_node', 'symlink_install': False, 'test_result_base': None}
[0.252s] Level 5:colcon.colcon_core.verb:set package 'turtlebot3_gazebo' build argument 'cmake_args' from command line to 'None'
[0.252s] Level 5:colcon.colcon_core.verb:set package 'turtlebot3_gazebo' build argument 'cmake_target' from command line to 'None'
[0.252s] Level 5:colcon.colcon_core.verb:set package 'turtlebot3_gazebo' build argument 'cmake_target_skip_unavailable' from command line to 'False'
[0.252s] Level 5:colcon.colcon_core.verb:set package 'turtlebot3_gazebo' build argument 'cmake_clean_cache' from command line to 'False'
[0.252s] Level 5:colcon.colcon_core.verb:set package 'turtlebot3_gazebo' build argument 'cmake_clean_first' from command line to 'False'
[0.252s] Level 5:colcon.colcon_core.verb:set package 'turtlebot3_gazebo' build argument 'cmake_force_configure' from command line to 'False'
[0.252s] Level 5:colcon.colcon_core.verb:set package 'turtlebot3_gazebo' build argument 'ament_cmake_args' from command line to 'None'
[0.252s] Level 5:colcon.colcon_core.verb:set package 'turtlebot3_gazebo' build argument 'catkin_cmake_args' from command line to 'None'
[0.252s] Level 5:colcon.colcon_core.verb:set package 'turtlebot3_gazebo' build argument 'catkin_skip_building_tests' from command line to 'False'
[0.252s] DEBUG:colcon.colcon_core.verb:Building package 'turtlebot3_gazebo' with the following arguments: {'ament_cmake_args': None, 'build_base': '/home/rosario/Desktop/Sensors/LAB6/build/turtlebot3_gazebo', 'catkin_cmake_args': None, 'catkin_skip_building_tests': False, 'cmake_args': None, 'cmake_clean_cache': False, 'cmake_clean_first': False, 'cmake_force_configure': False, 'cmake_target': None, 'cmake_target_skip_unavailable': False, 'install_base': '/home/rosario/Desktop/Sensors/LAB6/install/turtlebot3_gazebo', 'merge_install': False, 'path': '/home/rosario/Desktop/Sensors/LAB6/src/turtlebot3_simulations/turtlebot3_gazebo', 'symlink_install': False, 'test_result_base': None}
[0.253s] Level 5:colcon.colcon_core.verb:set package 'turtlebot3_perception' build argument 'cmake_args' from command line to 'None'
[0.253s] Level 5:colcon.colcon_core.verb:set package 'turtlebot3_perception' build argument 'cmake_target' from command line to 'None'
[0.253s] Level 5:colcon.colcon_core.verb:set package 'turtlebot3_perception' build argument 'cmake_target_skip_unavailable' from command line to 'False'
[0.253s] Level 5:colcon.colcon_core.verb:set package 'turtlebot3_perception' build argument 'cmake_clean_cache' from command line to 'False'
[0.253s] Level 5:colcon.colcon_core.verb:set package 'turtlebot3_perception' build argument 'cmake_clean_first' from command line to 'False'
[0.253s] Level 5:colcon.colcon_core.verb:set package 'turtlebot3_perception' build argument 'cmake_force_configure' from command line to 'False'
[0.253s] Level 5:colcon.colcon_core.verb:set package 'turtlebot3_perception' build argument 'ament_cmake_args' from command line to 'None'
[0.253s] Level 5:colcon.colcon_core.verb:set package 'turtlebot3_perception' build argument 'catkin_cmake_args' from command line to 'None'
[0.253s] Level 5:colcon.colcon_core.verb:set package 'turtlebot3_perception' build argument 'catkin_skip_building_tests' from command line to 'False'
[0.253s] DEBUG:colcon.colcon_core.verb:Building package 'turtlebot3_perception' with the following arguments: {'ament_cmake_args': None, 'build_base': '/home/rosario/Desktop/Sensors/LAB6/build/turtlebot3_perception', 'catkin_cmake_args': None, 'catkin_skip_building_tests': False, 'cmake_args': None, 'cmake_clean_cache': False, 'cmake_clean_first': False, 'cmake_force_configure': False, 'cmake_target': None, 'cmake_target_skip_unavailable': False, 'install_base': '/home/rosario/Desktop/Sensors/LAB6/install/turtlebot3_perception', 'merge_install': False, 'path': '/home/rosario/Desktop/Sensors/LAB6/src/turtlebot3_perception/turtlebot3_perception', 'symlink_install': False, 'test_result_base': None}
[0.253s] Level 5:colcon.colcon_core.verb:set package 'turtlebot3_simulations' build argument 'cmake_args' from command line to 'None'
[0.253s] Level 5:colcon.colcon_core.verb:set package 'turtlebot3_simulations' build argument 'cmake_target' from command line to 'None'
[0.253s] Level 5:colcon.colcon_core.verb:set package 'turtlebot3_simulations' build argument 'cmake_target_skip_unavailable' from command line to 'False'
[0.253s] Level 5:colcon.colcon_core.verb:set package 'turtlebot3_simulations' build argument 'cmake_clean_cache' from command line to 'False'
[0.253s] Level 5:colcon.colcon_core.verb:set package 'turtlebot3_simulations' build argument 'cmake_clean_first' from command line to 'False'
[0.253s] Level 5:colcon.colcon_core.verb:set package 'turtlebot3_simulations' build argument 'cmake_force_configure' from command line to 'False'
[0.253s] Level 5:colcon.colcon_core.verb:set package 'turtlebot3_simulations' build argument 'ament_cmake_args' from command line to 'None'
[0.253s] Level 5:colcon.colcon_core.verb:set package 'turtlebot3_simulations' build argument 'catkin_cmake_args' from command line to 'None'
[0.253s] Level 5:colcon.colcon_core.verb:set package 'turtlebot3_simulations' build argument 'catkin_skip_building_tests' from command line to 'False'
[0.253s] DEBUG:colcon.colcon_core.verb:Building package 'turtlebot3_simulations' with the following arguments: {'ament_cmake_args': None, 'build_base': '/home/rosario/Desktop/Sensors/LAB6/build/turtlebot3_simulations', 'catkin_cmake_args': None, 'catkin_skip_building_tests': False, 'cmake_args': None, 'cmake_clean_cache': False, 'cmake_clean_first': False, 'cmake_force_configure': False, 'cmake_target': None, 'cmake_target_skip_unavailable': False, 'install_base': '/home/rosario/Desktop/Sensors/LAB6/install/turtlebot3_simulations', 'merge_install': False, 'path': '/home/rosario/Desktop/Sensors/LAB6/src/turtlebot3_simulations/turtlebot3_simulations', 'symlink_install': False, 'test_result_base': None}
[0.253s] Level 5:colcon.colcon_core.verb:set package 'a_star' build argument 'cmake_args' from command line to 'None'
[0.253s] Level 5:colcon.colcon_core.verb:set package 'a_star' build argument 'cmake_target' from command line to 'None'
[0.253s] Level 5:colcon.colcon_core.verb:set package 'a_star' build argument 'cmake_target_skip_unavailable' from command line to 'False'
[0.253s] Level 5:colcon.colcon_core.verb:set package 'a_star' build argument 'cmake_clean_cache' from command line to 'False'
[0.253s] Level 5:colcon.colcon_core.verb:set package 'a_star' build argument 'cmake_clean_first' from command line to 'False'
[0.253s] Level 5:colcon.colcon_core.verb:set package 'a_star' build argument 'cmake_force_configure' from command line to 'False'
[0.253s] Level 5:colcon.colcon_core.verb:set package 'a_star' build argument 'ament_cmake_args' from command line to 'None'
[0.253s] Level 5:colcon.colcon_core.verb:set package 'a_star' build argument 'catkin_cmake_args' from command line to 'None'
[0.253s] Level 5:colcon.colcon_core.verb:set package 'a_star' build argument 'catkin_skip_building_tests' from command line to 'False'
[0.253s] DEBUG:colcon.colcon_core.verb:Building package 'a_star' with the following arguments: {'ament_cmake_args': None, 'build_base': '/home/rosario/Desktop/Sensors/LAB6/build/a_star', 'catkin_cmake_args': None, 'catkin_skip_building_tests': False, 'cmake_args': None, 'cmake_clean_cache': False, 'cmake_clean_first': False, 'cmake_force_configure': False, 'cmake_target': None, 'cmake_target_skip_unavailable': False, 'install_base': '/home/rosario/Desktop/Sensors/LAB6/install/a_star', 'merge_install': False, 'path': '/home/rosario/Desktop/Sensors/LAB6/src/a_star', 'symlink_install': False, 'test_result_base': None}
[0.253s] INFO:colcon.colcon_core.executor:Executing jobs using 'parallel' executor
[0.254s] DEBUG:colcon.colcon_parallel_executor.executor.parallel:run_until_complete
[0.255s] INFO:colcon.colcon_ros.task.ament_cmake.build:Building ROS package in '/home/rosario/Desktop/Sensors/LAB6/src/turtlebot3_perception/landmark_msgs' with build type 'ament_cmake'
[0.255s] INFO:colcon.colcon_cmake.task.cmake.build:Building CMake package in '/home/rosario/Desktop/Sensors/LAB6/src/turtlebot3_perception/landmark_msgs'
[0.256s] INFO:colcon.colcon_core.plugin_system:Skipping extension 'colcon_core.shell.bat': Not used on non-Windows systems
[0.256s] INFO:colcon.colcon_core.shell:Skip shell extension 'powershell' for command environment: Not usable outside of PowerShell
[0.256s] DEBUG:colcon.colcon_core.shell:Skip shell extension 'dsv' for command environment
[0.259s] INFO:colcon.colcon_ros.task.ament_cmake.build:Building ROS package in '/home/rosario/Desktop/Sensors/LAB6/src/turtlebot3_simulations/turtlebot3_fake_node' with build type 'ament_cmake'
[0.259s] INFO:colcon.colcon_cmake.task.cmake.build:Building CMake package in '/home/rosario/Desktop/Sensors/LAB6/src/turtlebot3_simulations/turtlebot3_fake_node'
[0.259s] INFO:colcon.colcon_core.shell:Skip shell extension 'powershell' for command environment: Not usable outside of PowerShell
[0.259s] DEBUG:colcon.colcon_core.shell:Skip shell extension 'dsv' for command environment
[0.262s] INFO:colcon.colcon_ros.task.ament_cmake.build:Building ROS package in '/home/rosario/Desktop/Sensors/LAB6/src/turtlebot3_simulations/turtlebot3_gazebo' with build type 'ament_cmake'
[0.262s] INFO:colcon.colcon_cmake.task.cmake.build:Building CMake package in '/home/rosario/Desktop/Sensors/LAB6/src/turtlebot3_simulations/turtlebot3_gazebo'
[0.262s] INFO:colcon.colcon_core.shell:Skip shell extension 'powershell' for command environment: Not usable outside of PowerShell
[0.262s] DEBUG:colcon.colcon_core.shell:Skip shell extension 'dsv' for command environment
[0.269s] DEBUG:colcon.colcon_core.event_handler.log_command:Invoking command in '/home/rosario/Desktop/Sensors/LAB6/build/landmark_msgs': CMAKE_PREFIX_PATH=/opt/ros/humble /usr/bin/cmake --build /home/rosario/Desktop/Sensors/LAB6/build/landmark_msgs -- -j16 -l16
[0.273s] DEBUG:colcon.colcon_core.event_handler.log_command:Invoking command in '/home/rosario/Desktop/Sensors/LAB6/build/turtlebot3_fake_node': CMAKE_PREFIX_PATH=/opt/ros/humble /usr/bin/cmake --build /home/rosario/Desktop/Sensors/LAB6/build/turtlebot3_fake_node -- -j16 -l16
[0.275s] DEBUG:colcon.colcon_core.event_handler.log_command:Invoking command in '/home/rosario/Desktop/Sensors/LAB6/build/turtlebot3_gazebo': CMAKE_PREFIX_PATH=/opt/ros/humble /usr/bin/cmake --build /home/rosario/Desktop/Sensors/LAB6/build/turtlebot3_gazebo -- -j16 -l16
[0.341s] DEBUG:colcon.colcon_core.event_handler.log_command:Invoked command in '/home/rosario/Desktop/Sensors/LAB6/build/turtlebot3_fake_node' returned '0': CMAKE_PREFIX_PATH=/opt/ros/humble /usr/bin/cmake --build /home/rosario/Desktop/Sensors/LAB6/build/turtlebot3_fake_node -- -j16 -l16
[0.379s] DEBUG:colcon.colcon_core.event_handler.log_command:Invoking command in '/home/rosario/Desktop/Sensors/LAB6/build/turtlebot3_fake_node': CMAKE_PREFIX_PATH=/opt/ros/humble /usr/bin/cmake --install /home/rosario/Desktop/Sensors/LAB6/build/turtlebot3_fake_node
[0.381s] DEBUG:colcon.colcon_core.event_handler.log_command:Invoked command in '/home/rosario/Desktop/Sensors/LAB6/build/turtlebot3_gazebo' returned '0': CMAKE_PREFIX_PATH=/opt/ros/humble /usr/bin/cmake --build /home/rosario/Desktop/Sensors/LAB6/build/turtlebot3_gazebo -- -j16 -l16
[0.400s] Level 1:colcon.colcon_core.environment:create_environment_scripts_only(turtlebot3_fake_node)
[0.401s] DEBUG:colcon.colcon_core.event_handler.log_command:Invoked command in '/home/rosario/Desktop/Sensors/LAB6/build/turtlebot3_fake_node' returned '0': CMAKE_PREFIX_PATH=/opt/ros/humble /usr/bin/cmake --install /home/rosario/Desktop/Sensors/LAB6/build/turtlebot3_fake_node
[0.402s] Level 1:colcon.colcon_core.environment:checking '/home/rosario/Desktop/Sensors/LAB6/install/turtlebot3_fake_node' for CMake module files
[0.403s] Level 1:colcon.colcon_core.environment:checking '/home/rosario/Desktop/Sensors/LAB6/install/turtlebot3_fake_node' for CMake config files
[0.403s] Level 1:colcon.colcon_core.shell:create_environment_hook('turtlebot3_fake_node', 'cmake_prefix_path')
[0.404s] INFO:colcon.colcon_core.shell:Creating environment hook '/home/rosario/Desktop/Sensors/LAB6/install/turtlebot3_fake_node/share/turtlebot3_fake_node/hook/cmake_prefix_path.ps1'
[0.404s] INFO:colcon.colcon_core.shell:Creating environment descriptor '/home/rosario/Desktop/Sensors/LAB6/install/turtlebot3_fake_node/share/turtlebot3_fake_node/hook/cmake_prefix_path.dsv'
[0.404s] INFO:colcon.colcon_core.shell:Creating environment hook '/home/rosario/Desktop/Sensors/LAB6/install/turtlebot3_fake_node/share/turtlebot3_fake_node/hook/cmake_prefix_path.sh'
[0.405s] Level 1:colcon.colcon_core.environment:checking '/home/rosario/Desktop/Sensors/LAB6/install/turtlebot3_fake_node/lib'
[0.405s] Level 1:colcon.colcon_core.environment:checking '/home/rosario/Desktop/Sensors/LAB6/install/turtlebot3_fake_node/bin'
[0.405s] Level 1:colcon.colcon_core.environment:checking '/home/rosario/Desktop/Sensors/LAB6/install/turtlebot3_fake_node/lib/pkgconfig/turtlebot3_fake_node.pc'
[0.406s] Level 1:colcon.colcon_core.environment:checking '/home/rosario/Desktop/Sensors/LAB6/install/turtlebot3_fake_node/lib/python3.10/site-packages'
[0.406s] Level 1:colcon.colcon_core.environment:checking '/home/rosario/Desktop/Sensors/LAB6/install/turtlebot3_fake_node/bin'
[0.406s] INFO:colcon.colcon_core.shell:Creating package script '/home/rosario/Desktop/Sensors/LAB6/install/turtlebot3_fake_node/share/turtlebot3_fake_node/package.ps1'
[0.406s] INFO:colcon.colcon_core.shell:Creating package descriptor '/home/rosario/Desktop/Sensors/LAB6/install/turtlebot3_fake_node/share/turtlebot3_fake_node/package.dsv'
[0.407s] INFO:colcon.colcon_core.shell:Creating package script '/home/rosario/Desktop/Sensors/LAB6/install/turtlebot3_fake_node/share/turtlebot3_fake_node/package.sh'
[0.407s] INFO:colcon.colcon_core.shell:Creating package script '/home/rosario/Desktop/Sensors/LAB6/install/turtlebot3_fake_node/share/turtlebot3_fake_node/package.bash'
[0.408s] INFO:colcon.colcon_core.shell:Creating package script '/home/rosario/Desktop/Sensors/LAB6/install/turtlebot3_fake_node/share/turtlebot3_fake_node/package.zsh'
[0.408s] Level 1:colcon.colcon_core.environment:create_file_with_runtime_dependencies(/home/rosario/Desktop/Sensors/LAB6/install/turtlebot3_fake_node/share/colcon-core/packages/turtlebot3_fake_node)
[0.419s] DEBUG:colcon.colcon_core.event_handler.log_command:Invoking command in '/home/rosario/Desktop/Sensors/LAB6/build/turtlebot3_gazebo': CMAKE_PREFIX_PATH=/opt/ros/humble /usr/bin/cmake --install /home/rosario/Desktop/Sensors/LAB6/build/turtlebot3_gazebo
[0.435s] Level 1:colcon.colcon_core.environment:create_environment_scripts_only(turtlebot3_fake_node)
[0.435s] Level 1:colcon.colcon_core.environment:checking '/home/rosario/Desktop/Sensors/LAB6/install/turtlebot3_fake_node' for CMake module files
[0.437s] Level 1:colcon.colcon_core.environment:checking '/home/rosario/Desktop/Sensors/LAB6/install/turtlebot3_fake_node' for CMake config files
[0.437s] Level 1:colcon.colcon_core.shell:create_environment_hook('turtlebot3_fake_node', 'cmake_prefix_path')
[0.437s] INFO:colcon.colcon_core.shell:Creating environment hook '/home/rosario/Desktop/Sensors/LAB6/install/turtlebot3_fake_node/share/turtlebot3_fake_node/hook/cmake_prefix_path.ps1'
[0.438s] INFO:colcon.colcon_core.shell:Creating environment descriptor '/home/rosario/Desktop/Sensors/LAB6/install/turtlebot3_fake_node/share/turtlebot3_fake_node/hook/cmake_prefix_path.dsv'
[0.439s] INFO:colcon.colcon_core.shell:Creating environment hook '/home/rosario/Desktop/Sensors/LAB6/install/turtlebot3_fake_node/share/turtlebot3_fake_node/hook/cmake_prefix_path.sh'
[0.439s] Level 1:colcon.colcon_core.environment:checking '/home/rosario/Desktop/Sensors/LAB6/install/turtlebot3_fake_node/lib'
[0.439s] Level 1:colcon.colcon_core.environment:checking '/home/rosario/Desktop/Sensors/LAB6/install/turtlebot3_fake_node/bin'
[0.439s] Level 1:colcon.colcon_core.environment:checking '/home/rosario/Desktop/Sensors/LAB6/install/turtlebot3_fake_node/lib/pkgconfig/turtlebot3_fake_node.pc'
[0.439s] Level 1:colcon.colcon_core.environment:checking '/home/rosario/Desktop/Sensors/LAB6/install/turtlebot3_fake_node/lib/python3.10/site-packages'
[0.439s] Level 1:colcon.colcon_core.environment:checking '/home/rosario/Desktop/Sensors/LAB6/install/turtlebot3_fake_node/bin'
[0.440s] INFO:colcon.colcon_core.shell:Creating package script '/home/rosario/Desktop/Sensors/LAB6/install/turtlebot3_fake_node/share/turtlebot3_fake_node/package.ps1'
[0.440s] INFO:colcon.colcon_core.shell:Creating package descriptor '/home/rosario/Desktop/Sensors/LAB6/install/turtlebot3_fake_node/share/turtlebot3_fake_node/package.dsv'
[0.440s] INFO:colcon.colcon_core.shell:Creating package script '/home/rosario/Desktop/Sensors/LAB6/install/turtlebot3_fake_node/share/turtlebot3_fake_node/package.sh'
[0.440s] INFO:colcon.colcon_core.shell:Creating package script '/home/rosario/Desktop/Sensors/LAB6/install/turtlebot3_fake_node/share/turtlebot3_fake_node/package.bash'
[0.441s] INFO:colcon.colcon_core.shell:Creating package script '/home/rosario/Desktop/Sensors/LAB6/install/turtlebot3_fake_node/share/turtlebot3_fake_node/package.zsh'
[0.441s] Level 1:colcon.colcon_core.environment:create_file_with_runtime_dependencies(/home/rosario/Desktop/Sensors/LAB6/install/turtlebot3_fake_node/share/colcon-core/packages/turtlebot3_fake_node)
[0.441s] INFO:colcon.colcon_ros.task.ament_cmake.build:Building ROS package in '/home/rosario/Desktop/Sensors/LAB6/src/turtlebot3_simulations/turtlebot3_simulations' with build type 'ament_cmake'
[0.442s] INFO:colcon.colcon_cmake.task.cmake.build:Building CMake package in '/home/rosario/Desktop/Sensors/LAB6/src/turtlebot3_simulations/turtlebot3_simulations'
[0.442s] INFO:colcon.colcon_core.shell:Skip shell extension 'powershell' for command environment: Not usable outside of PowerShell
[0.442s] DEBUG:colcon.colcon_core.shell:Skip shell extension 'dsv' for command environment
[0.451s] Level 1:colcon.colcon_core.environment:create_environment_scripts_only(turtlebot3_gazebo)
[0.451s] Level 1:colcon.colcon_core.environment:checking '/home/rosario/Desktop/Sensors/LAB6/install/turtlebot3_gazebo' for CMake module files
[0.452s] DEBUG:colcon.colcon_core.event_handler.log_command:Invoking command in '/home/rosario/Desktop/Sensors/LAB6/build/turtlebot3_simulations': AMENT_PREFIX_PATH=/home/rosario/Desktop/Sensors/LAB6/install/turtlebot3_fake_node:${AMENT_PREFIX_PATH} CMAKE_PREFIX_PATH=/home/rosario/Desktop/Sensors/LAB6/install/turtlebot3_fake_node:/opt/ros/humble /usr/bin/cmake --build /home/rosario/Desktop/Sensors/LAB6/build/turtlebot3_simulations -- -j16 -l16
[0.452s] DEBUG:colcon.colcon_core.event_handler.log_command:Invoked command in '/home/rosario/Desktop/Sensors/LAB6/build/turtlebot3_gazebo' returned '0': CMAKE_PREFIX_PATH=/opt/ros/humble /usr/bin/cmake --install /home/rosario/Desktop/Sensors/LAB6/build/turtlebot3_gazebo
[0.452s] Level 1:colcon.colcon_core.environment:checking '/home/rosario/Desktop/Sensors/LAB6/install/turtlebot3_gazebo' for CMake config files
[0.453s] Level 1:colcon.colcon_core.shell:create_environment_hook('turtlebot3_gazebo', 'cmake_prefix_path')
[0.454s] INFO:colcon.colcon_core.shell:Creating environment hook '/home/rosario/Desktop/Sensors/LAB6/install/turtlebot3_gazebo/share/turtlebot3_gazebo/hook/cmake_prefix_path.ps1'
[0.454s] INFO:colcon.colcon_core.shell:Creating environment descriptor '/home/rosario/Desktop/Sensors/LAB6/install/turtlebot3_gazebo/share/turtlebot3_gazebo/hook/cmake_prefix_path.dsv'
[0.455s] INFO:colcon.colcon_core.shell:Creating environment hook '/home/rosario/Desktop/Sensors/LAB6/install/turtlebot3_gazebo/share/turtlebot3_gazebo/hook/cmake_prefix_path.sh'
[0.455s] Level 1:colcon.colcon_core.environment:checking '/home/rosario/Desktop/Sensors/LAB6/install/turtlebot3_gazebo/lib'
[0.455s] Level 1:colcon.colcon_core.environment:checking '/home/rosario/Desktop/Sensors/LAB6/install/turtlebot3_gazebo/bin'
[0.455s] Level 1:colcon.colcon_core.environment:checking '/home/rosario/Desktop/Sensors/LAB6/install/turtlebot3_gazebo/lib/pkgconfig/turtlebot3_gazebo.pc'
[0.456s] Level 1:colcon.colcon_core.environment:checking '/home/rosario/Desktop/Sensors/LAB6/install/turtlebot3_gazebo/lib/python3.10/site-packages'
[0.456s] Level 1:colcon.colcon_core.environment:checking '/home/rosario/Desktop/Sensors/LAB6/install/turtlebot3_gazebo/bin'
[0.456s] INFO:colcon.colcon_core.shell:Creating package script '/home/rosario/Desktop/Sensors/LAB6/install/turtlebot3_gazebo/share/turtlebot3_gazebo/package.ps1'
[0.456s] INFO:colcon.colcon_core.shell:Creating package descriptor '/home/rosario/Desktop/Sensors/LAB6/install/turtlebot3_gazebo/share/turtlebot3_gazebo/package.dsv'
[0.457s] INFO:colcon.colcon_core.shell:Creating package script '/home/rosario/Desktop/Sensors/LAB6/install/turtlebot3_gazebo/share/turtlebot3_gazebo/package.sh'
[0.457s] INFO:colcon.colcon_core.shell:Creating package script '/home/rosario/Desktop/Sensors/LAB6/install/turtlebot3_gazebo/share/turtlebot3_gazebo/package.bash'
[0.457s] INFO:colcon.colcon_core.shell:Creating package script '/home/rosario/Desktop/Sensors/LAB6/install/turtlebot3_gazebo/share/turtlebot3_gazebo/package.zsh'
[0.457s] Level 1:colcon.colcon_core.environment:create_file_with_runtime_dependencies(/home/rosario/Desktop/Sensors/LAB6/install/turtlebot3_gazebo/share/colcon-core/packages/turtlebot3_gazebo)
[0.498s] DEBUG:colcon.colcon_core.event_handler.log_command:Invoked command in '/home/rosario/Desktop/Sensors/LAB6/build/turtlebot3_simulations' returned '0': AMENT_PREFIX_PATH=/home/rosario/Desktop/Sensors/LAB6/install/turtlebot3_fake_node:${AMENT_PREFIX_PATH} CMAKE_PREFIX_PATH=/home/rosario/Desktop/Sensors/LAB6/install/turtlebot3_fake_node:/opt/ros/humble /usr/bin/cmake --build /home/rosario/Desktop/Sensors/LAB6/build/turtlebot3_simulations -- -j16 -l16
[0.502s] Level 1:colcon.colcon_core.environment:create_environment_scripts_only(turtlebot3_gazebo)
[0.502s] Level 1:colcon.colcon_core.environment:checking '/home/rosario/Desktop/Sensors/LAB6/install/turtlebot3_gazebo' for CMake module files
[0.503s] Level 1:colcon.colcon_core.environment:checking '/home/rosario/Desktop/Sensors/LAB6/install/turtlebot3_gazebo' for CMake config files
[0.504s] Level 1:colcon.colcon_core.shell:create_environment_hook('turtlebot3_gazebo', 'cmake_prefix_path')
[0.504s] INFO:colcon.colcon_core.shell:Creating environment hook '/home/rosario/Desktop/Sensors/LAB6/install/turtlebot3_gazebo/share/turtlebot3_gazebo/hook/cmake_prefix_path.ps1'
[0.505s] INFO:colcon.colcon_core.shell:Creating environment descriptor '/home/rosario/Desktop/Sensors/LAB6/install/turtlebot3_gazebo/share/turtlebot3_gazebo/hook/cmake_prefix_path.dsv'
[0.505s] INFO:colcon.colcon_core.shell:Creating environment hook '/home/rosario/Desktop/Sensors/LAB6/install/turtlebot3_gazebo/share/turtlebot3_gazebo/hook/cmake_prefix_path.sh'
[0.505s] Level 1:colcon.colcon_core.environment:checking '/home/rosario/Desktop/Sensors/LAB6/install/turtlebot3_gazebo/lib'
[0.505s] Level 1:colcon.colcon_core.environment:checking '/home/rosario/Desktop/Sensors/LAB6/install/turtlebot3_gazebo/bin'
[0.505s] Level 1:colcon.colcon_core.environment:checking '/home/rosario/Desktop/Sensors/LAB6/install/turtlebot3_gazebo/lib/pkgconfig/turtlebot3_gazebo.pc'
[0.506s] Level 1:colcon.colcon_core.environment:checking '/home/rosario/Desktop/Sensors/LAB6/install/turtlebot3_gazebo/lib/python3.10/site-packages'
[0.506s] Level 1:colcon.colcon_core.environment:checking '/home/rosario/Desktop/Sensors/LAB6/install/turtlebot3_gazebo/bin'
[0.506s] INFO:colcon.colcon_core.shell:Creating package script '/home/rosario/Desktop/Sensors/LAB6/install/turtlebot3_gazebo/share/turtlebot3_gazebo/package.ps1'
[0.506s] INFO:colcon.colcon_core.shell:Creating package descriptor '/home/rosario/Desktop/Sensors/LAB6/install/turtlebot3_gazebo/share/turtlebot3_gazebo/package.dsv'
[0.506s] INFO:colcon.colcon_core.shell:Creating package script '/home/rosario/Desktop/Sensors/LAB6/install/turtlebot3_gazebo/share/turtlebot3_gazebo/package.sh'
[0.507s] INFO:colcon.colcon_core.shell:Creating package script '/home/rosario/Desktop/Sensors/LAB6/install/turtlebot3_gazebo/share/turtlebot3_gazebo/package.bash'
[0.507s] INFO:colcon.colcon_core.shell:Creating package script '/home/rosario/Desktop/Sensors/LAB6/install/turtlebot3_gazebo/share/turtlebot3_gazebo/package.zsh'
[0.507s] Level 1:colcon.colcon_core.environment:create_file_with_runtime_dependencies(/home/rosario/Desktop/Sensors/LAB6/install/turtlebot3_gazebo/share/colcon-core/packages/turtlebot3_gazebo)
[0.526s] DEBUG:colcon.colcon_core.event_handler.log_command:Invoking command in '/home/rosario/Desktop/Sensors/LAB6/build/turtlebot3_simulations': AMENT_PREFIX_PATH=/home/rosario/Desktop/Sensors/LAB6/install/turtlebot3_fake_node:${AMENT_PREFIX_PATH} CMAKE_PREFIX_PATH=/home/rosario/Desktop/Sensors/LAB6/install/turtlebot3_fake_node:/opt/ros/humble /usr/bin/cmake --install /home/rosario/Desktop/Sensors/LAB6/build/turtlebot3_simulations
[0.550s] Level 1:colcon.colcon_core.environment:create_environment_scripts_only(turtlebot3_simulations)
[0.551s] Level 1:colcon.colcon_core.environment:checking '/home/rosario/Desktop/Sensors/LAB6/install/turtlebot3_simulations' for CMake module files
[0.552s] DEBUG:colcon.colcon_core.event_handler.log_command:Invoked command in '/home/rosario/Desktop/Sensors/LAB6/build/turtlebot3_simulations' returned '0': AMENT_PREFIX_PATH=/home/rosario/Desktop/Sensors/LAB6/install/turtlebot3_fake_node:${AMENT_PREFIX_PATH} CMAKE_PREFIX_PATH=/home/rosario/Desktop/Sensors/LAB6/install/turtlebot3_fake_node:/opt/ros/humble /usr/bin/cmake --install /home/rosario/Desktop/Sensors/LAB6/build/turtlebot3_simulations
[0.552s] Level 1:colcon.colcon_core.environment:checking '/home/rosario/Desktop/Sensors/LAB6/install/turtlebot3_simulations' for CMake config files
[0.553s] Level 1:colcon.colcon_core.shell:create_environment_hook('turtlebot3_simulations', 'cmake_prefix_path')
[0.554s] INFO:colcon.colcon_core.shell:Creating environment hook '/home/rosario/Desktop/Sensors/LAB6/install/turtlebot3_simulations/share/turtlebot3_simulations/hook/cmake_prefix_path.ps1'
[0.555s] INFO:colcon.colcon_core.shell:Creating environment descriptor '/home/rosario/Desktop/Sensors/LAB6/install/turtlebot3_simulations/share/turtlebot3_simulations/hook/cmake_prefix_path.dsv'
[0.555s] INFO:colcon.colcon_core.shell:Creating environment hook '/home/rosario/Desktop/Sensors/LAB6/install/turtlebot3_simulations/share/turtlebot3_simulations/hook/cmake_prefix_path.sh'
[0.556s] Level 1:colcon.colcon_core.environment:checking '/home/rosario/Desktop/Sensors/LAB6/install/turtlebot3_simulations/bin'
[0.556s] Level 1:colcon.colcon_core.environment:checking '/home/rosario/Desktop/Sensors/LAB6/install/turtlebot3_simulations/lib/pkgconfig/turtlebot3_simulations.pc'
[0.557s] Level 1:colcon.colcon_core.environment:checking '/home/rosario/Desktop/Sensors/LAB6/install/turtlebot3_simulations/lib/python3.10/site-packages'
[0.557s] Level 1:colcon.colcon_core.environment:checking '/home/rosario/Desktop/Sensors/LAB6/install/turtlebot3_simulations/bin'
[0.557s] INFO:colcon.colcon_core.shell:Creating package script '/home/rosario/Desktop/Sensors/LAB6/install/turtlebot3_simulations/share/turtlebot3_simulations/package.ps1'
[0.558s] INFO:colcon.colcon_core.shell:Creating package descriptor '/home/rosario/Desktop/Sensors/LAB6/install/turtlebot3_simulations/share/turtlebot3_simulations/package.dsv'
[0.558s] INFO:colcon.colcon_core.shell:Creating package script '/home/rosario/Desktop/Sensors/LAB6/install/turtlebot3_simulations/share/turtlebot3_simulations/package.sh'
[0.559s] INFO:colcon.colcon_core.shell:Creating package script '/home/rosario/Desktop/Sensors/LAB6/install/turtlebot3_simulations/share/turtlebot3_simulations/package.bash'
[0.559s] INFO:colcon.colcon_core.shell:Creating package script '/home/rosario/Desktop/Sensors/LAB6/install/turtlebot3_simulations/share/turtlebot3_simulations/package.zsh'
[0.560s] Level 1:colcon.colcon_core.environment:create_file_with_runtime_dependencies(/home/rosario/Desktop/Sensors/LAB6/install/turtlebot3_simulations/share/colcon-core/packages/turtlebot3_simulations)
[0.591s] Level 1:colcon.colcon_core.environment:create_environment_scripts_only(turtlebot3_simulations)
[0.591s] Level 1:colcon.colcon_core.environment:checking '/home/rosario/Desktop/Sensors/LAB6/install/turtlebot3_simulations' for CMake module files
[0.592s] Level 1:colcon.colcon_core.environment:checking '/home/rosario/Desktop/Sensors/LAB6/install/turtlebot3_simulations' for CMake config files
[0.593s] Level 1:colcon.colcon_core.shell:create_environment_hook('turtlebot3_simulations', 'cmake_prefix_path')
[0.593s] INFO:colcon.colcon_core.shell:Creating environment hook '/home/rosario/Desktop/Sensors/LAB6/install/turtlebot3_simulations/share/turtlebot3_simulations/hook/cmake_prefix_path.ps1'
[0.594s] INFO:colcon.colcon_core.shell:Creating environment descriptor '/home/rosario/Desktop/Sensors/LAB6/install/turtlebot3_simulations/share/turtlebot3_simulations/hook/cmake_prefix_path.dsv'
[0.595s] INFO:colcon.colcon_core.shell:Creating environment hook '/home/rosario/Desktop/Sensors/LAB6/install/turtlebot3_simulations/share/turtlebot3_simulations/hook/cmake_prefix_path.sh'
[0.595s] Level 1:colcon.colcon_core.environment:checking '/home/rosario/Desktop/Sensors/LAB6/install/turtlebot3_simulations/bin'
[0.595s] Level 1:colcon.colcon_core.environment:checking '/home/rosario/Desktop/Sensors/LAB6/install/turtlebot3_simulations/lib/pkgconfig/turtlebot3_simulations.pc'
[0.596s] Level 1:colcon.colcon_core.environment:checking '/home/rosario/Desktop/Sensors/LAB6/install/turtlebot3_simulations/lib/python3.10/site-packages'
[0.596s] Level 1:colcon.colcon_core.environment:checking '/home/rosario/Desktop/Sensors/LAB6/install/turtlebot3_simulations/bin'
[0.596s] INFO:colcon.colcon_core.shell:Creating package script '/home/rosario/Desktop/Sensors/LAB6/install/turtlebot3_simulations/share/turtlebot3_simulations/package.ps1'
[0.597s] INFO:colcon.colcon_core.shell:Creating package descriptor '/home/rosario/Desktop/Sensors/LAB6/install/turtlebot3_simulations/share/turtlebot3_simulations/package.dsv'
[0.598s] INFO:colcon.colcon_core.shell:Creating package script '/home/rosario/Desktop/Sensors/LAB6/install/turtlebot3_simulations/share/turtlebot3_simulations/package.sh'
[0.598s] INFO:colcon.colcon_core.shell:Creating package script '/home/rosario/Desktop/Sensors/LAB6/install/turtlebot3_simulations/share/turtlebot3_simulations/package.bash'
[0.599s] INFO:colcon.colcon_core.shell:Creating package script '/home/rosario/Desktop/Sensors/LAB6/install/turtlebot3_simulations/share/turtlebot3_simulations/package.zsh'
[0.599s] Level 1:colcon.colcon_core.environment:create_file_with_runtime_dependencies(/home/rosario/Desktop/Sensors/LAB6/install/turtlebot3_simulations/share/colcon-core/packages/turtlebot3_simulations)
[0.606s] DEBUG:colcon.colcon_core.event_handler.log_command:Invoked command in '/home/rosario/Desktop/Sensors/LAB6/build/landmark_msgs' returned '0': CMAKE_PREFIX_PATH=/opt/ros/humble /usr/bin/cmake --build /home/rosario/Desktop/Sensors/LAB6/build/landmark_msgs -- -j16 -l16
[0.714s] DEBUG:colcon.colcon_core.event_handler.log_command:Invoking command in '/home/rosario/Desktop/Sensors/LAB6/build/landmark_msgs': CMAKE_PREFIX_PATH=/opt/ros/humble /usr/bin/cmake --install /home/rosario/Desktop/Sensors/LAB6/build/landmark_msgs
[0.784s] Level 1:colcon.colcon_core.environment:create_environment_scripts_only(landmark_msgs)
[0.785s] Level 1:colcon.colcon_core.environment:checking '/home/rosario/Desktop/Sensors/LAB6/install/landmark_msgs' for CMake module files
[0.786s] DEBUG:colcon.colcon_core.event_handler.log_command:Invoked command in '/home/rosario/Desktop/Sensors/LAB6/build/landmark_msgs' returned '0': CMAKE_PREFIX_PATH=/opt/ros/humble /usr/bin/cmake --install /home/rosario/Desktop/Sensors/LAB6/build/landmark_msgs
[0.786s] Level 1:colcon.colcon_core.environment:checking '/home/rosario/Desktop/Sensors/LAB6/install/landmark_msgs' for CMake config files
[0.787s] Level 1:colcon.colcon_core.shell:create_environment_hook('landmark_msgs', 'cmake_prefix_path')
[0.787s] INFO:colcon.colcon_core.shell:Creating environment hook '/home/rosario/Desktop/Sensors/LAB6/install/landmark_msgs/share/landmark_msgs/hook/cmake_prefix_path.ps1'
[0.787s] INFO:colcon.colcon_core.shell:Creating environment descriptor '/home/rosario/Desktop/Sensors/LAB6/install/landmark_msgs/share/landmark_msgs/hook/cmake_prefix_path.dsv'
[0.788s] INFO:colcon.colcon_core.shell:Creating environment hook '/home/rosario/Desktop/Sensors/LAB6/install/landmark_msgs/share/landmark_msgs/hook/cmake_prefix_path.sh'
[0.788s] Level 1:colcon.colcon_core.environment:checking '/home/rosario/Desktop/Sensors/LAB6/install/landmark_msgs/lib'
[0.788s] Level 1:colcon.colcon_core.shell:create_environment_hook('landmark_msgs', 'ld_library_path_lib')
[0.788s] INFO:colcon.colcon_core.shell:Creating environment hook '/home/rosario/Desktop/Sensors/LAB6/install/landmark_msgs/share/landmark_msgs/hook/ld_library_path_lib.ps1'
[0.788s] INFO:colcon.colcon_core.shell:Creating environment descriptor '/home/rosario/Desktop/Sensors/LAB6/install/landmark_msgs/share/landmark_msgs/hook/ld_library_path_lib.dsv'
[0.789s] INFO:colcon.colcon_core.shell:Creating environment hook '/home/rosario/Desktop/Sensors/LAB6/install/landmark_msgs/share/landmark_msgs/hook/ld_library_path_lib.sh'
[0.789s] Level 1:colcon.colcon_core.environment:checking '/home/rosario/Desktop/Sensors/LAB6/install/landmark_msgs/bin'
[0.789s] Level 1:colcon.colcon_core.environment:checking '/home/rosario/Desktop/Sensors/LAB6/install/landmark_msgs/lib/pkgconfig/landmark_msgs.pc'
[0.789s] Level 1:colcon.colcon_core.environment:checking '/home/rosario/Desktop/Sensors/LAB6/install/landmark_msgs/lib/python3.10/site-packages'
[0.789s] Level 1:colcon.colcon_core.environment:checking '/home/rosario/Desktop/Sensors/LAB6/install/landmark_msgs/bin'
[0.789s] INFO:colcon.colcon_core.shell:Creating package script '/home/rosario/Desktop/Sensors/LAB6/install/landmark_msgs/share/landmark_msgs/package.ps1'
[0.790s] INFO:colcon.colcon_core.shell:Creating package descriptor '/home/rosario/Desktop/Sensors/LAB6/install/landmark_msgs/share/landmark_msgs/package.dsv'
[0.790s] INFO:colcon.colcon_core.shell:Creating package script '/home/rosario/Desktop/Sensors/LAB6/install/landmark_msgs/share/landmark_msgs/package.sh'
[0.790s] INFO:colcon.colcon_core.shell:Creating package script '/home/rosario/Desktop/Sensors/LAB6/install/landmark_msgs/share/landmark_msgs/package.bash'
[0.791s] INFO:colcon.colcon_core.shell:Creating package script '/home/rosario/Desktop/Sensors/LAB6/install/landmark_msgs/share/landmark_msgs/package.zsh'
[0.791s] Level 1:colcon.colcon_core.environment:create_file_with_runtime_dependencies(/home/rosario/Desktop/Sensors/LAB6/install/landmark_msgs/share/colcon-core/packages/landmark_msgs)
[0.904s] Level 1:colcon.colcon_core.environment:create_environment_scripts_only(landmark_msgs)
[0.904s] Level 1:colcon.colcon_core.environment:checking '/home/rosario/Desktop/Sensors/LAB6/install/landmark_msgs' for CMake module files
[0.905s] Level 1:colcon.colcon_core.environment:checking '/home/rosario/Desktop/Sensors/LAB6/install/landmark_msgs' for CMake config files
[0.906s] Level 1:colcon.colcon_core.shell:create_environment_hook('landmark_msgs', 'cmake_prefix_path')
[0.907s] INFO:colcon.colcon_core.shell:Creating environment hook '/home/rosario/Desktop/Sensors/LAB6/install/landmark_msgs/share/landmark_msgs/hook/cmake_prefix_path.ps1'
[0.908s] INFO:colcon.colcon_core.shell:Creating environment descriptor '/home/rosario/Desktop/Sensors/LAB6/install/landmark_msgs/share/landmark_msgs/hook/cmake_prefix_path.dsv'
[0.909s] INFO:colcon.colcon_core.shell:Creating environment hook '/home/rosario/Desktop/Sensors/LAB6/install/landmark_msgs/share/landmark_msgs/hook/cmake_prefix_path.sh'
[0.910s] Level 1:colcon.colcon_core.environment:checking '/home/rosario/Desktop/Sensors/LAB6/install/landmark_msgs/lib'
[0.910s] Level 1:colcon.colcon_core.shell:create_environment_hook('landmark_msgs', 'ld_library_path_lib')
[0.910s] INFO:colcon.colcon_core.shell:Creating environment hook '/home/rosario/Desktop/Sensors/LAB6/install/landmark_msgs/share/landmark_msgs/hook/ld_library_path_lib.ps1'
[0.911s] INFO:colcon.colcon_core.shell:Creating environment descriptor '/home/rosario/Desktop/Sensors/LAB6/install/landmark_msgs/share/landmark_msgs/hook/ld_library_path_lib.dsv'
[0.912s] INFO:colcon.colcon_core.shell:Creating environment hook '/home/rosario/Desktop/Sensors/LAB6/install/landmark_msgs/share/landmark_msgs/hook/ld_library_path_lib.sh'
[0.913s] Level 1:colcon.colcon_core.environment:checking '/home/rosario/Desktop/Sensors/LAB6/install/landmark_msgs/bin'
[0.913s] Level 1:colcon.colcon_core.environment:checking '/home/rosario/Desktop/Sensors/LAB6/install/landmark_msgs/lib/pkgconfig/landmark_msgs.pc'
[0.913s] Level 1:colcon.colcon_core.environment:checking '/home/rosario/Desktop/Sensors/LAB6/install/landmark_msgs/lib/python3.10/site-packages'
[0.913s] Level 1:colcon.colcon_core.environment:checking '/home/rosario/Desktop/Sensors/LAB6/install/landmark_msgs/bin'
[0.914s] INFO:colcon.colcon_core.shell:Creating package script '/home/rosario/Desktop/Sensors/LAB6/install/landmark_msgs/share/landmark_msgs/package.ps1'
[0.915s] INFO:colcon.colcon_core.shell:Creating package descriptor '/home/rosario/Desktop/Sensors/LAB6/install/landmark_msgs/share/landmark_msgs/package.dsv'
[0.916s] INFO:colcon.colcon_core.shell:Creating package script '/home/rosario/Desktop/Sensors/LAB6/install/landmark_msgs/share/landmark_msgs/package.sh'
[0.916s] INFO:colcon.colcon_core.shell:Creating package script '/home/rosario/Desktop/Sensors/LAB6/install/landmark_msgs/share/landmark_msgs/package.bash'
[0.917s] INFO:colcon.colcon_core.shell:Creating package script '/home/rosario/Desktop/Sensors/LAB6/install/landmark_msgs/share/landmark_msgs/package.zsh'
[0.918s] Level 1:colcon.colcon_core.environment:create_file_with_runtime_dependencies(/home/rosario/Desktop/Sensors/LAB6/install/landmark_msgs/share/colcon-core/packages/landmark_msgs)
[0.919s] INFO:colcon.colcon_ros.task.ament_python.build:Building ROS package in '/home/rosario/Desktop/Sensors/LAB6/src/turtlebot3_perception/turtlebot3_perception' with build type 'ament_python'
[0.919s] Level 1:colcon.colcon_core.shell:create_environment_hook('turtlebot3_perception', 'ament_prefix_path')
[0.919s] INFO:colcon.colcon_core.shell:Creating environment hook '/home/rosario/Desktop/Sensors/LAB6/install/turtlebot3_perception/share/turtlebot3_perception/hook/ament_prefix_path.ps1'
[0.920s] INFO:colcon.colcon_core.shell:Creating environment descriptor '/home/rosario/Desktop/Sensors/LAB6/install/turtlebot3_perception/share/turtlebot3_perception/hook/ament_prefix_path.dsv'
[0.921s] INFO:colcon.colcon_core.shell:Creating environment hook '/home/rosario/Desktop/Sensors/LAB6/install/turtlebot3_perception/share/turtlebot3_perception/hook/ament_prefix_path.sh'
[0.922s] INFO:colcon.colcon_core.shell:Skip shell extension 'powershell' for command environment: Not usable outside of PowerShell
[0.922s] DEBUG:colcon.colcon_core.shell:Skip shell extension 'dsv' for command environment
[1.138s] INFO:colcon.colcon_core.task.python.build:Building Python package in '/home/rosario/Desktop/Sensors/LAB6/src/turtlebot3_perception/turtlebot3_perception'
[1.138s] INFO:colcon.colcon_core.shell:Skip shell extension 'powershell' for command environment: Not usable outside of PowerShell
[1.139s] DEBUG:colcon.colcon_core.shell:Skip shell extension 'dsv' for command environment
[1.430s] DEBUG:colcon.colcon_core.event_handler.log_command:Invoking command in '/home/rosario/Desktop/Sensors/LAB6/src/turtlebot3_perception/turtlebot3_perception': AMENT_PREFIX_PATH=/home/rosario/Desktop/Sensors/LAB6/install/landmark_msgs:${AMENT_PREFIX_PATH} CMAKE_PREFIX_PATH=/home/rosario/Desktop/Sensors/LAB6/install/landmark_msgs LD_LIBRARY_PATH=/home/rosario/Desktop/Sensors/LAB6/install/landmark_msgs/lib:/usr/lib/x86_64-linux-gnu/gazebo-11/plugins:/opt/ros/humble/opt/rviz_ogre_vendor/lib:/opt/ros/humble/lib/x86_64-linux-gnu:/opt/ros/humble/lib:/usr/share/gazebo/../../lib/x86_64-linux-gnu/gazebo-11/plugins:/usr/share/gazebo/../../lib/x86_64-linux-gnu/gazebo-11/plugins:/usr/share/gazebo/../../lib/x86_64-linux-gnu/gazebo-11/plugins PYTHONPATH=/home/rosario/Desktop/Sensors/LAB6/build/turtlebot3_perception/prefix_override:/usr/lib/python3/dist-packages/colcon_core/task/python/colcon_distutils_commands:/home/rosario/Desktop/Sensors/LAB6/install/turtlebot3_perception/lib/python3.10/site-packages:/home/rosario/Desktop/Sensors/LAB6/install/landmark_msgs/local/lib/python3.10/dist-packages:${PYTHONPATH} /usr/bin/python3 -W ignore:setup.py install is deprecated setup.py egg_info --egg-base ../../../build/turtlebot3_perception build --build-base /home/rosario/Desktop/Sensors/LAB6/build/turtlebot3_perception/build install --record /home/rosario/Desktop/Sensors/LAB6/build/turtlebot3_perception/install.log --single-version-externally-managed install_data
[1.645s] Level 1:colcon.colcon_core.environment:checking '/home/rosario/Desktop/Sensors/LAB6/install/turtlebot3_perception' for CMake module files
[1.646s] DEBUG:colcon.colcon_core.event_handler.log_command:Invoked command in '/home/rosario/Desktop/Sensors/LAB6/src/turtlebot3_perception/turtlebot3_perception' returned '0': AMENT_PREFIX_PATH=/home/rosario/Desktop/Sensors/LAB6/install/landmark_msgs:${AMENT_PREFIX_PATH} CMAKE_PREFIX_PATH=/home/rosario/Desktop/Sensors/LAB6/install/landmark_msgs LD_LIBRARY_PATH=/home/rosario/Desktop/Sensors/LAB6/install/landmark_msgs/lib:/usr/lib/x86_64-linux-gnu/gazebo-11/plugins:/opt/ros/humble/opt/rviz_ogre_vendor/lib:/opt/ros/humble/lib/x86_64-linux-gnu:/opt/ros/humble/lib:/usr/share/gazebo/../../lib/x86_64-linux-gnu/gazebo-11/plugins:/usr/share/gazebo/../../lib/x86_64-linux-gnu/gazebo-11/plugins:/usr/share/gazebo/../../lib/x86_64-linux-gnu/gazebo-11/plugins PYTHONPATH=/home/rosario/Desktop/Sensors/LAB6/build/turtlebot3_perception/prefix_override:/usr/lib/python3/dist-packages/colcon_core/task/python/colcon_distutils_commands:/home/rosario/Desktop/Sensors/LAB6/install/turtlebot3_perception/lib/python3.10/site-packages:/home/rosario/Desktop/Sensors/LAB6/install/landmark_msgs/local/lib/python3.10/dist-packages:${PYTHONPATH} /usr/bin/python3 -W ignore:setup.py install is deprecated setup.py egg_info --egg-base ../../../build/turtlebot3_perception build --build-base /home/rosario/Desktop/Sensors/LAB6/build/turtlebot3_perception/build install --record /home/rosario/Desktop/Sensors/LAB6/build/turtlebot3_perception/install.log --single-version-externally-managed install_data
[1.647s] Level 1:colcon.colcon_core.environment:checking '/home/rosario/Desktop/Sensors/LAB6/install/turtlebot3_perception' for CMake config files
[1.648s] Level 1:colcon.colcon_core.environment:checking '/home/rosario/Desktop/Sensors/LAB6/install/turtlebot3_perception/lib'
[1.648s] Level 1:colcon.colcon_core.environment:checking '/home/rosario/Desktop/Sensors/LAB6/install/turtlebot3_perception/bin'
[1.648s] Level 1:colcon.colcon_core.environment:checking '/home/rosario/Desktop/Sensors/LAB6/install/turtlebot3_perception/lib/pkgconfig/turtlebot3_perception.pc'
[1.649s] Level 1:colcon.colcon_core.environment:checking '/home/rosario/Desktop/Sensors/LAB6/install/turtlebot3_perception/lib/python3.10/site-packages'
[1.649s] Level 1:colcon.colcon_core.shell:create_environment_hook('turtlebot3_perception', 'pythonpath')
[1.649s] INFO:colcon.colcon_core.shell:Creating environment hook '/home/rosario/Desktop/Sensors/LAB6/install/turtlebot3_perception/share/turtlebot3_perception/hook/pythonpath.ps1'
[1.650s] INFO:colcon.colcon_core.shell:Creating environment descriptor '/home/rosario/Desktop/Sensors/LAB6/install/turtlebot3_perception/share/turtlebot3_perception/hook/pythonpath.dsv'
[1.651s] INFO:colcon.colcon_core.shell:Creating environment hook '/home/rosario/Desktop/Sensors/LAB6/install/turtlebot3_perception/share/turtlebot3_perception/hook/pythonpath.sh'
[1.652s] Level 1:colcon.colcon_core.environment:checking '/home/rosario/Desktop/Sensors/LAB6/install/turtlebot3_perception/bin'
[1.652s] Level 1:colcon.colcon_core.environment:create_environment_scripts_only(turtlebot3_perception)
[1.652s] INFO:colcon.colcon_core.shell:Creating package script '/home/rosario/Desktop/Sensors/LAB6/install/turtlebot3_perception/share/turtlebot3_perception/package.ps1'
[1.653s] INFO:colcon.colcon_core.shell:Creating package descriptor '/home/rosario/Desktop/Sensors/LAB6/install/turtlebot3_perception/share/turtlebot3_perception/package.dsv'
[1.654s] INFO:colcon.colcon_core.shell:Creating package script '/home/rosario/Desktop/Sensors/LAB6/install/turtlebot3_perception/share/turtlebot3_perception/package.sh'
[1.655s] INFO:colcon.colcon_core.shell:Creating package script '/home/rosario/Desktop/Sensors/LAB6/install/turtlebot3_perception/share/turtlebot3_perception/package.bash'
[1.655s] INFO:colcon.colcon_core.shell:Creating package script '/home/rosario/Desktop/Sensors/LAB6/install/turtlebot3_perception/share/turtlebot3_perception/package.zsh'
[1.656s] Level 1:colcon.colcon_core.environment:create_file_with_runtime_dependencies(/home/rosario/Desktop/Sensors/LAB6/install/turtlebot3_perception/share/colcon-core/packages/turtlebot3_perception)
[1.657s] INFO:colcon.colcon_ros.task.ament_python.build:Building ROS package in '/home/rosario/Desktop/Sensors/LAB6/src/a_star' with build type 'ament_python'
[1.657s] Level 1:colcon.colcon_core.shell:create_environment_hook('a_star', 'ament_prefix_path')
[1.657s] INFO:colcon.colcon_core.shell:Creating environment hook '/home/rosario/Desktop/Sensors/LAB6/install/a_star/share/a_star/hook/ament_prefix_path.ps1'
[1.659s] INFO:colcon.colcon_core.shell:Creating environment descriptor '/home/rosario/Desktop/Sensors/LAB6/install/a_star/share/a_star/hook/ament_prefix_path.dsv'
[1.659s] INFO:colcon.colcon_core.shell:Creating environment hook '/home/rosario/Desktop/Sensors/LAB6/install/a_star/share/a_star/hook/ament_prefix_path.sh'
[1.660s] INFO:colcon.colcon_core.shell:Skip shell extension 'powershell' for command environment: Not usable outside of PowerShell
[1.660s] DEBUG:colcon.colcon_core.shell:Skip shell extension 'dsv' for command environment
[1.877s] INFO:colcon.colcon_core.task.python.build:Building Python package in '/home/rosario/Desktop/Sensors/LAB6/src/a_star'
[1.878s] INFO:colcon.colcon_core.shell:Skip shell extension 'powershell' for command environment: Not usable outside of PowerShell
[1.878s] DEBUG:colcon.colcon_core.shell:Skip shell extension 'dsv' for command environment
[2.173s] DEBUG:colcon.colcon_core.event_handler.log_command:Invoking command in '/home/rosario/Desktop/Sensors/LAB6/src/a_star': AMENT_PREFIX_PATH=/home/rosario/Desktop/Sensors/LAB6/install/turtlebot3_perception:/home/rosario/Desktop/Sensors/LAB6/install/landmark_msgs:${AMENT_PREFIX_PATH} CMAKE_PREFIX_PATH=/home/rosario/Desktop/Sensors/LAB6/install/landmark_msgs LD_LIBRARY_PATH=/home/rosario/Desktop/Sensors/LAB6/install/landmark_msgs/lib:/usr/lib/x86_64-linux-gnu/gazebo-11/plugins:/opt/ros/humble/opt/rviz_ogre_vendor/lib:/opt/ros/humble/lib/x86_64-linux-gnu:/opt/ros/humble/lib:/usr/share/gazebo/../../lib/x86_64-linux-gnu/gazebo-11/plugins:/usr/share/gazebo/../../lib/x86_64-linux-gnu/gazebo-11/plugins:/usr/share/gazebo/../../lib/x86_64-linux-gnu/gazebo-11/plugins PYTHONPATH=/home/rosario/Desktop/Sensors/LAB6/build/a_star/prefix_override:/usr/lib/python3/dist-packages/colcon_core/task/python/colcon_distutils_commands:/home/rosario/Desktop/Sensors/LAB6/install/a_star/lib/python3.10/site-packages:/home/rosario/Desktop/Sensors/LAB6/install/turtlebot3_perception/lib/python3.10/site-packages:/home/rosario/Desktop/Sensors/LAB6/install/landmark_msgs/local/lib/python3.10/dist-packages:${PYTHONPATH} /usr/bin/python3 -W ignore:setup.py install is deprecated setup.py egg_info --egg-base ../../build/a_star build --build-base /home/rosario/Desktop/Sensors/LAB6/build/a_star/build install --record /home/rosario/Desktop/Sensors/LAB6/build/a_star/install.log --single-version-externally-managed install_data
[2.359s] Level 1:colcon.colcon_core.environment:checking '/home/rosario/Desktop/Sensors/LAB6/install/a_star' for CMake module files
[2.360s] DEBUG:colcon.colcon_core.event_handler.log_command:Invoked command in '/home/rosario/Desktop/Sensors/LAB6/src/a_star' returned '0': AMENT_PREFIX_PATH=/home/rosario/Desktop/Sensors/LAB6/install/turtlebot3_perception:/home/rosario/Desktop/Sensors/LAB6/install/landmark_msgs:${AMENT_PREFIX_PATH} CMAKE_PREFIX_PATH=/home/rosario/Desktop/Sensors/LAB6/install/landmark_msgs LD_LIBRARY_PATH=/home/rosario/Desktop/Sensors/LAB6/install/landmark_msgs/lib:/usr/lib/x86_64-linux-gnu/gazebo-11/plugins:/opt/ros/humble/opt/rviz_ogre_vendor/lib:/opt/ros/humble/lib/x86_64-linux-gnu:/opt/ros/humble/lib:/usr/share/gazebo/../../lib/x86_64-linux-gnu/gazebo-11/plugins:/usr/share/gazebo/../../lib/x86_64-linux-gnu/gazebo-11/plugins:/usr/share/gazebo/../../lib/x86_64-linux-gnu/gazebo-11/plugins PYTHONPATH=/home/rosario/Desktop/Sensors/LAB6/build/a_star/prefix_override:/usr/lib/python3/dist-packages/colcon_core/task/python/colcon_distutils_commands:/home/rosario/Desktop/Sensors/LAB6/install/a_star/lib/python3.10/site-packages:/home/rosario/Desktop/Sensors/LAB6/install/turtlebot3_perception/lib/python3.10/site-packages:/home/rosario/Desktop/Sensors/LAB6/install/landmark_msgs/local/lib/python3.10/dist-packages:${PYTHONPATH} /usr/bin/python3 -W ignore:setup.py install is deprecated setup.py egg_info --egg-base ../../build/a_star build --build-base /home/rosario/Desktop/Sensors/LAB6/build/a_star/build install --record /home/rosario/Desktop/Sensors/LAB6/build/a_star/install.log --single-version-externally-managed install_data
[2.360s] Level 1:colcon.colcon_core.environment:checking '/home/rosario/Desktop/Sensors/LAB6/install/a_star' for CMake config files
[2.362s] Level 1:colcon.colcon_core.environment:checking '/home/rosario/Desktop/Sensors/LAB6/install/a_star/lib'
[2.362s] Level 1:colcon.colcon_core.environment:checking '/home/rosario/Desktop/Sensors/LAB6/install/a_star/bin'
[2.362s] Level 1:colcon.colcon_core.environment:checking '/home/rosario/Desktop/Sensors/LAB6/install/a_star/lib/pkgconfig/a_star.pc'
[2.362s] Level 1:colcon.colcon_core.environment:checking '/home/rosario/Desktop/Sensors/LAB6/install/a_star/lib/python3.10/site-packages'
[2.362s] Level 1:colcon.colcon_core.shell:create_environment_hook('a_star', 'pythonpath')
[2.363s] INFO:colcon.colcon_core.shell:Creating environment hook '/home/rosario/Desktop/Sensors/LAB6/install/a_star/share/a_star/hook/pythonpath.ps1'
[2.364s] INFO:colcon.colcon_core.shell:Creating environment descriptor '/home/rosario/Desktop/Sensors/LAB6/install/a_star/share/a_star/hook/pythonpath.dsv'
[2.364s] INFO:colcon.colcon_core.shell:Creating environment hook '/home/rosario/Desktop/Sensors/LAB6/install/a_star/share/a_star/hook/pythonpath.sh'
[2.365s] Level 1:colcon.colcon_core.environment:checking '/home/rosario/Desktop/Sensors/LAB6/install/a_star/bin'
[2.365s] Level 1:colcon.colcon_core.environment:create_environment_scripts_only(a_star)
[2.366s] INFO:colcon.colcon_core.shell:Creating package script '/home/rosario/Desktop/Sensors/LAB6/install/a_star/share/a_star/package.ps1'
[2.367s] INFO:colcon.colcon_core.shell:Creating package descriptor '/home/rosario/Desktop/Sensors/LAB6/install/a_star/share/a_star/package.dsv'
[2.368s] INFO:colcon.colcon_core.shell:Creating package script '/home/rosario/Desktop/Sensors/LAB6/install/a_star/share/a_star/package.sh'
[2.369s] INFO:colcon.colcon_core.shell:Creating package script '/home/rosario/Desktop/Sensors/LAB6/install/a_star/share/a_star/package.bash'
[2.369s] INFO:colcon.colcon_core.shell:Creating package script '/home/rosario/Desktop/Sensors/LAB6/install/a_star/share/a_star/package.zsh'
[2.370s] Level 1:colcon.colcon_core.environment:create_file_with_runtime_dependencies(/home/rosario/Desktop/Sensors/LAB6/install/a_star/share/colcon-core/packages/a_star)
[2.370s] DEBUG:colcon.colcon_parallel_executor.executor.parallel:closing loop
[2.371s] DEBUG:colcon.colcon_parallel_executor.executor.parallel:loop closed
[2.371s] DEBUG:colcon.colcon_parallel_executor.executor.parallel:run_until_complete finished with '0'
[2.371s] DEBUG:colcon.colcon_core.event_reactor:joining thread
[2.381s] INFO:colcon.colcon_core.plugin_system:Skipping extension 'colcon_notification.desktop_notification.terminal_notifier': Not used on non-Darwin systems
[2.381s] INFO:colcon.colcon_core.plugin_system:Skipping extension 'colcon_notification.desktop_notification.win32': Not used on non-Windows systems
[2.381s] INFO:colcon.colcon_notification.desktop_notification:Sending desktop notification using 'notify2'
[2.397s] DEBUG:colcon.colcon_core.event_reactor:joined thread
[2.397s] INFO:colcon.colcon_core.shell:Creating prefix script '/home/rosario/Desktop/Sensors/LAB6/install/local_setup.ps1'
[2.399s] INFO:colcon.colcon_core.shell:Creating prefix util module '/home/rosario/Desktop/Sensors/LAB6/install/_local_setup_util_ps1.py'
[2.401s] INFO:colcon.colcon_core.shell:Creating prefix chain script '/home/rosario/Desktop/Sensors/LAB6/install/setup.ps1'
[2.403s] INFO:colcon.colcon_core.shell:Creating prefix script '/home/rosario/Desktop/Sensors/LAB6/install/local_setup.sh'
[2.404s] INFO:colcon.colcon_core.shell:Creating prefix util module '/home/rosario/Desktop/Sensors/LAB6/install/_local_setup_util_sh.py'
[2.405s] INFO:colcon.colcon_core.shell:Creating prefix chain script '/home/rosario/Desktop/Sensors/LAB6/install/setup.sh'
[2.407s] INFO:colcon.colcon_core.shell:Creating prefix script '/home/rosario/Desktop/Sensors/LAB6/install/local_setup.bash'
[2.408s] INFO:colcon.colcon_core.shell:Creating prefix chain script '/home/rosario/Desktop/Sensors/LAB6/install/setup.bash'
[2.409s] INFO:colcon.colcon_core.shell:Creating prefix script '/home/rosario/Desktop/Sensors/LAB6/install/local_setup.zsh'
[2.410s] INFO:colcon.colcon_core.shell:Creating prefix chain script '/home/rosario/Desktop/Sensors/LAB6/install/setup.zsh'
