[0.008s] Invoking command in '/home/rosario/Desktop/Sensors/LAB5_robot/build/turtlebot3_simulations': AMENT_PREFIX_PATH=/home/rosario/Desktop/Sensors/LAB5_robot/install/turtlebot3_fake_node:${AMENT_PREFIX_PATH} CMAKE_PREFIX_PATH=/home/rosario/Desktop/Sensors/LAB5_robot/install/turtlebot3_fake_node:/opt/ros/humble /usr/bin/cmake /home/rosario/Desktop/Sensors/LAB5_robot/src/turtlebot3_simulations/turtlebot3_simulations -DCMAKE_INSTALL_PREFIX=/home/rosario/Desktop/Sensors/LAB5_robot/install/turtlebot3_simulations
[0.058s] -- The C compiler identification is GNU 11.4.0
[0.105s] -- The CXX compiler identification is GNU 11.4.0
[0.111s] -- Detecting C compiler ABI info
[0.175s] -- Detecting C compiler ABI info - done
[0.180s] -- Check for working C compiler: /usr/bin/cc - skipped
[0.180s] -- Detecting C compile features
[0.180s] -- Detecting C compile features - done
[0.182s] -- Detecting CXX compiler ABI info
[0.258s] -- Detecting CXX compiler ABI info - done
[0.262s] -- Check for working CXX compiler: /usr/bin/c++ - skipped
[0.263s] -- Detecting CXX compile features
[0.263s] -- Detecting CXX compile features - done
[0.265s] -- Found ament_cmake: 1.3.10 (/opt/ros/humble/share/ament_cmake/cmake)
[0.381s] -- Found Python3: /usr/bin/python3 (found version "3.10.12") found components: Interpreter 
[0.499s] -- Configuring done
[0.501s] -- Generating done
[0.502s] -- Build files have been written to: /home/rosario/Desktop/Sensors/LAB5_robot/build/turtlebot3_simulations
[0.506s] Invoked command in '/home/rosario/Desktop/Sensors/LAB5_robot/build/turtlebot3_simulations' returned '0': AMENT_PREFIX_PATH=/home/rosario/Desktop/Sensors/LAB5_robot/install/turtlebot3_fake_node:${AMENT_PREFIX_PATH} CMAKE_PREFIX_PATH=/home/rosario/Desktop/Sensors/LAB5_robot/install/turtlebot3_fake_node:/opt/ros/humble /usr/bin/cmake /home/rosario/Desktop/Sensors/LAB5_robot/src/turtlebot3_simulations/turtlebot3_simulations -DCMAKE_INSTALL_PREFIX=/home/rosario/Desktop/Sensors/LAB5_robot/install/turtlebot3_simulations
[0.507s] Invoking command in '/home/rosario/Desktop/Sensors/LAB5_robot/build/turtlebot3_simulations': AMENT_PREFIX_PATH=/home/rosario/Desktop/Sensors/LAB5_robot/install/turtlebot3_fake_node:${AMENT_PREFIX_PATH} CMAKE_PREFIX_PATH=/home/rosario/Desktop/Sensors/LAB5_robot/install/turtlebot3_fake_node:/opt/ros/humble /usr/bin/cmake --build /home/rosario/Desktop/Sensors/LAB5_robot/build/turtlebot3_simulations -- -j16 -l16
[0.551s] Invoked command in '/home/rosario/Desktop/Sensors/LAB5_robot/build/turtlebot3_simulations' returned '0': AMENT_PREFIX_PATH=/home/rosario/Desktop/Sensors/LAB5_robot/install/turtlebot3_fake_node:${AMENT_PREFIX_PATH} CMAKE_PREFIX_PATH=/home/rosario/Desktop/Sensors/LAB5_robot/install/turtlebot3_fake_node:/opt/ros/humble /usr/bin/cmake --build /home/rosario/Desktop/Sensors/LAB5_robot/build/turtlebot3_simulations -- -j16 -l16
[0.577s] Invoking command in '/home/rosario/Desktop/Sensors/LAB5_robot/build/turtlebot3_simulations': AMENT_PREFIX_PATH=/home/rosario/Desktop/Sensors/LAB5_robot/install/turtlebot3_fake_node:${AMENT_PREFIX_PATH} CMAKE_PREFIX_PATH=/home/rosario/Desktop/Sensors/LAB5_robot/install/turtlebot3_fake_node:/opt/ros/humble /usr/bin/cmake --install /home/rosario/Desktop/Sensors/LAB5_robot/build/turtlebot3_simulations
[0.584s] -- Install configuration: ""
[0.584s] -- Installing: /home/rosario/Desktop/Sensors/LAB5_robot/install/turtlebot3_simulations/share/ament_index/resource_index/package_run_dependencies/turtlebot3_simulations
[0.585s] -- Installing: /home/rosario/Desktop/Sensors/LAB5_robot/install/turtlebot3_simulations/share/ament_index/resource_index/parent_prefix_path/turtlebot3_simulations
[0.585s] -- Installing: /home/rosario/Desktop/Sensors/LAB5_robot/install/turtlebot3_simulations/share/turtlebot3_simulations/environment/ament_prefix_path.sh
[0.585s] -- Installing: /home/rosario/Desktop/Sensors/LAB5_robot/install/turtlebot3_simulations/share/turtlebot3_simulations/environment/ament_prefix_path.dsv
[0.585s] -- Installing: /home/rosario/Desktop/Sensors/LAB5_robot/install/turtlebot3_simulations/share/turtlebot3_simulations/environment/path.sh
[0.585s] -- Installing: /home/rosario/Desktop/Sensors/LAB5_robot/install/turtlebot3_simulations/share/turtlebot3_simulations/environment/path.dsv
[0.585s] -- Installing: /home/rosario/Desktop/Sensors/LAB5_robot/install/turtlebot3_simulations/share/turtlebot3_simulations/local_setup.bash
[0.585s] -- Installing: /home/rosario/Desktop/Sensors/LAB5_robot/install/turtlebot3_simulations/share/turtlebot3_simulations/local_setup.sh
[0.585s] -- Installing: /home/rosario/Desktop/Sensors/LAB5_robot/install/turtlebot3_simulations/share/turtlebot3_simulations/local_setup.zsh
[0.585s] -- Installing: /home/rosario/Desktop/Sensors/LAB5_robot/install/turtlebot3_simulations/share/turtlebot3_simulations/local_setup.dsv
[0.586s] -- Installing: /home/rosario/Desktop/Sensors/LAB5_robot/install/turtlebot3_simulations/share/turtlebot3_simulations/package.dsv
[0.586s] -- Installing: /home/rosario/Desktop/Sensors/LAB5_robot/install/turtlebot3_simulations/share/ament_index/resource_index/packages/turtlebot3_simulations
[0.586s] -- Installing: /home/rosario/Desktop/Sensors/LAB5_robot/install/turtlebot3_simulations/share/turtlebot3_simulations/cmake/turtlebot3_simulationsConfig.cmake
[0.586s] -- Installing: /home/rosario/Desktop/Sensors/LAB5_robot/install/turtlebot3_simulations/share/turtlebot3_simulations/cmake/turtlebot3_simulationsConfig-version.cmake
[0.586s] -- Installing: /home/rosario/Desktop/Sensors/LAB5_robot/install/turtlebot3_simulations/share/turtlebot3_simulations/package.xml
[0.589s] Invoked command in '/home/rosario/Desktop/Sensors/LAB5_robot/build/turtlebot3_simulations' returned '0': AMENT_PREFIX_PATH=/home/rosario/Desktop/Sensors/LAB5_robot/install/turtlebot3_fake_node:${AMENT_PREFIX_PATH} CMAKE_PREFIX_PATH=/home/rosario/Desktop/Sensors/LAB5_robot/install/turtlebot3_fake_node:/opt/ros/humble /usr/bin/cmake --install /home/rosario/Desktop/Sensors/LAB5_robot/build/turtlebot3_simulations
