[0.479s] Invoking command in '/home/rosario/Desktop/Sensors/LAB1/ex1/src/lab01_pkg': PYTHONPATH=/home/rosario/Desktop/Sensors/LAB1/ex1/src/build/lab01_pkg/prefix_override:/usr/lib/python3/dist-packages/colcon_core/task/python/colcon_distutils_commands:/home/rosario/Desktop/Sensors/LAB1/ex1/src/install/lab01_pkg/lib/python3.10/site-packages:${PYTHONPATH} /usr/bin/python3 -W ignore:setup.py install is deprecated setup.py egg_info --egg-base ../build/lab01_pkg build --build-base /home/rosario/Desktop/Sensors/LAB1/ex1/src/build/lab01_pkg/build install --record /home/rosario/Desktop/Sensors/LAB1/ex1/src/build/lab01_pkg/install.log --single-version-externally-managed install_data
[0.635s] running egg_info
[0.635s] writing ../build/lab01_pkg/lab01_pkg.egg-info/PKG-INFO
[0.635s] writing dependency_links to ../build/lab01_pkg/lab01_pkg.egg-info/dependency_links.txt
[0.635s] writing entry points to ../build/lab01_pkg/lab01_pkg.egg-info/entry_points.txt
[0.635s] writing requirements to ../build/lab01_pkg/lab01_pkg.egg-info/requires.txt
[0.635s] writing top-level names to ../build/lab01_pkg/lab01_pkg.egg-info/top_level.txt
[0.636s] reading manifest file '../build/lab01_pkg/lab01_pkg.egg-info/SOURCES.txt'
[0.639s] adding license file 'LICENSE'
[0.640s] writing manifest file '../build/lab01_pkg/lab01_pkg.egg-info/SOURCES.txt'
[0.641s] running build
[0.641s] running build_py
[0.641s] copying lab01_pkg/controller.py -> /home/rosario/Desktop/Sensors/LAB1/ex1/src/build/lab01_pkg/build/lib/lab01_pkg
[0.641s] running install
[0.642s] running install_lib
[0.643s] copying /home/rosario/Desktop/Sensors/LAB1/ex1/src/build/lab01_pkg/build/lib/lab01_pkg/controller.py -> /home/rosario/Desktop/Sensors/LAB1/ex1/src/install/lab01_pkg/lib/python3.10/site-packages/lab01_pkg
[0.643s] byte-compiling /home/rosario/Desktop/Sensors/LAB1/ex1/src/install/lab01_pkg/lib/python3.10/site-packages/lab01_pkg/controller.py to controller.cpython-310.pyc
[0.644s] running install_data
[0.644s] copying package.xml -> /home/rosario/Desktop/Sensors/LAB1/ex1/src/install/lab01_pkg/share/lab01_pkg
[0.644s] running install_egg_info
[0.645s] removing '/home/rosario/Desktop/Sensors/LAB1/ex1/src/install/lab01_pkg/lib/python3.10/site-packages/lab01_pkg-0.0.0-py3.10.egg-info' (and everything under it)
[0.645s] Copying ../build/lab01_pkg/lab01_pkg.egg-info to /home/rosario/Desktop/Sensors/LAB1/ex1/src/install/lab01_pkg/lib/python3.10/site-packages/lab01_pkg-0.0.0-py3.10.egg-info
[0.646s] running install_scripts
[0.659s] Installing controller script to /home/rosario/Desktop/Sensors/LAB1/ex1/src/install/lab01_pkg/lib/lab01_pkg
[0.660s] writing list of installed files to '/home/rosario/Desktop/Sensors/LAB1/ex1/src/build/lab01_pkg/install.log'
[0.681s] Invoked command in '/home/rosario/Desktop/Sensors/LAB1/ex1/src/lab01_pkg' returned '0': PYTHONPATH=/home/rosario/Desktop/Sensors/LAB1/ex1/src/build/lab01_pkg/prefix_override:/usr/lib/python3/dist-packages/colcon_core/task/python/colcon_distutils_commands:/home/rosario/Desktop/Sensors/LAB1/ex1/src/install/lab01_pkg/lib/python3.10/site-packages:${PYTHONPATH} /usr/bin/python3 -W ignore:setup.py install is deprecated setup.py egg_info --egg-base ../build/lab01_pkg build --build-base /home/rosario/Desktop/Sensors/LAB1/ex1/src/build/lab01_pkg/build install --record /home/rosario/Desktop/Sensors/LAB1/ex1/src/build/lab01_pkg/install.log --single-version-externally-managed install_data
