[0.444s] Invoking command in '/home/rosario/Desktop/Sensors/LAB1/ex1/src/lab01_pkg': PYTHONPATH=/home/rosario/Desktop/Sensors/LAB1/ex1/build/lab01_pkg/prefix_override:/usr/lib/python3/dist-packages/colcon_core/task/python/colcon_distutils_commands:/home/rosario/Desktop/Sensors/LAB1/ex1/install/lab01_pkg/lib/python3.10/site-packages:${PYTHONPATH} /usr/bin/python3 -W ignore:setup.py install is deprecated setup.py egg_info --egg-base ../../build/lab01_pkg build --build-base /home/rosario/Desktop/Sensors/LAB1/ex1/build/lab01_pkg/build install --record /home/rosario/Desktop/Sensors/LAB1/ex1/build/lab01_pkg/install.log --single-version-externally-managed install_data
[0.596s] running egg_info
[0.596s] creating ../../build/lab01_pkg/lab01_pkg.egg-info
[0.596s] writing ../../build/lab01_pkg/lab01_pkg.egg-info/PKG-INFO
[0.596s] writing dependency_links to ../../build/lab01_pkg/lab01_pkg.egg-info/dependency_links.txt
[0.596s] writing entry points to ../../build/lab01_pkg/lab01_pkg.egg-info/entry_points.txt
[0.596s] writing requirements to ../../build/lab01_pkg/lab01_pkg.egg-info/requires.txt
[0.596s] writing top-level names to ../../build/lab01_pkg/lab01_pkg.egg-info/top_level.txt
[0.597s] writing manifest file '../../build/lab01_pkg/lab01_pkg.egg-info/SOURCES.txt'
[0.597s] reading manifest file '../../build/lab01_pkg/lab01_pkg.egg-info/SOURCES.txt'
[0.598s] adding license file 'LICENSE'
[0.598s] writing manifest file '../../build/lab01_pkg/lab01_pkg.egg-info/SOURCES.txt'
[0.598s] running build
[0.598s] running build_py
[0.598s] creating /home/rosario/Desktop/Sensors/LAB1/ex1/build/lab01_pkg/build
[0.598s] creating /home/rosario/Desktop/Sensors/LAB1/ex1/build/lab01_pkg/build/lib
[0.599s] creating /home/rosario/Desktop/Sensors/LAB1/ex1/build/lab01_pkg/build/lib/lab01_pkg
[0.599s] copying lab01_pkg/localization.py -> /home/rosario/Desktop/Sensors/LAB1/ex1/build/lab01_pkg/build/lib/lab01_pkg
[0.599s] copying lab01_pkg/controller.py -> /home/rosario/Desktop/Sensors/LAB1/ex1/build/lab01_pkg/build/lib/lab01_pkg
[0.599s] copying lab01_pkg/__init__.py -> /home/rosario/Desktop/Sensors/LAB1/ex1/build/lab01_pkg/build/lib/lab01_pkg
[0.599s] running install
[0.599s] running install_lib
[0.599s] creating /home/rosario/Desktop/Sensors/LAB1/ex1/install/lab01_pkg/lib/python3.10/site-packages/lab01_pkg
[0.599s] copying /home/rosario/Desktop/Sensors/LAB1/ex1/build/lab01_pkg/build/lib/lab01_pkg/localization.py -> /home/rosario/Desktop/Sensors/LAB1/ex1/install/lab01_pkg/lib/python3.10/site-packages/lab01_pkg
[0.599s] copying /home/rosario/Desktop/Sensors/LAB1/ex1/build/lab01_pkg/build/lib/lab01_pkg/controller.py -> /home/rosario/Desktop/Sensors/LAB1/ex1/install/lab01_pkg/lib/python3.10/site-packages/lab01_pkg
[0.599s] copying /home/rosario/Desktop/Sensors/LAB1/ex1/build/lab01_pkg/build/lib/lab01_pkg/__init__.py -> /home/rosario/Desktop/Sensors/LAB1/ex1/install/lab01_pkg/lib/python3.10/site-packages/lab01_pkg
[0.600s] byte-compiling /home/rosario/Desktop/Sensors/LAB1/ex1/install/lab01_pkg/lib/python3.10/site-packages/lab01_pkg/localization.py to localization.cpython-310.pyc
[0.600s] byte-compiling /home/rosario/Desktop/Sensors/LAB1/ex1/install/lab01_pkg/lib/python3.10/site-packages/lab01_pkg/controller.py to controller.cpython-310.pyc
[0.601s] byte-compiling /home/rosario/Desktop/Sensors/LAB1/ex1/install/lab01_pkg/lib/python3.10/site-packages/lab01_pkg/__init__.py to __init__.cpython-310.pyc
[0.601s] running install_data
[0.601s] creating /home/rosario/Desktop/Sensors/LAB1/ex1/install/lab01_pkg/share/ament_index
[0.601s] creating /home/rosario/Desktop/Sensors/LAB1/ex1/install/lab01_pkg/share/ament_index/resource_index
[0.601s] creating /home/rosario/Desktop/Sensors/LAB1/ex1/install/lab01_pkg/share/ament_index/resource_index/packages
[0.601s] copying resource/lab01_pkg -> /home/rosario/Desktop/Sensors/LAB1/ex1/install/lab01_pkg/share/ament_index/resource_index/packages
[0.601s] copying package.xml -> /home/rosario/Desktop/Sensors/LAB1/ex1/install/lab01_pkg/share/lab01_pkg
[0.602s] running install_egg_info
[0.602s] Copying ../../build/lab01_pkg/lab01_pkg.egg-info to /home/rosario/Desktop/Sensors/LAB1/ex1/install/lab01_pkg/lib/python3.10/site-packages/lab01_pkg-0.0.0-py3.10.egg-info
[0.603s] running install_scripts
[0.621s] Installing controller script to /home/rosario/Desktop/Sensors/LAB1/ex1/install/lab01_pkg/lib/lab01_pkg
[0.621s] writing list of installed files to '/home/rosario/Desktop/Sensors/LAB1/ex1/build/lab01_pkg/install.log'
[0.655s] Invoked command in '/home/rosario/Desktop/Sensors/LAB1/ex1/src/lab01_pkg' returned '0': PYTHONPATH=/home/rosario/Desktop/Sensors/LAB1/ex1/build/lab01_pkg/prefix_override:/usr/lib/python3/dist-packages/colcon_core/task/python/colcon_distutils_commands:/home/rosario/Desktop/Sensors/LAB1/ex1/install/lab01_pkg/lib/python3.10/site-packages:${PYTHONPATH} /usr/bin/python3 -W ignore:setup.py install is deprecated setup.py egg_info --egg-base ../../build/lab01_pkg build --build-base /home/rosario/Desktop/Sensors/LAB1/ex1/build/lab01_pkg/build install --record /home/rosario/Desktop/Sensors/LAB1/ex1/build/lab01_pkg/install.log --single-version-externally-managed install_data
