[0.015s] Invoking command in '/home/rosario/Desktop/Sensors/LAB6/build/landmark_msgs': CMAKE_PREFIX_PATH=${CMAKE_PREFIX_PATH}:/home/rosario/Desktop/Sensors/LAB6/install/a_star:/home/rosario/Desktop/Sensors/LAB6/install/turtlebot3_perception:/opt/ros/humble /usr/bin/cmake /home/rosario/Desktop/Sensors/LAB6/src/turtlebot3_perception/landmark_msgs -DCMAKE_INSTALL_PREFIX=/home/rosario/Desktop/Sensors/LAB6/install/landmark_msgs
[0.030s] -- Found ament_cmake: 1.3.10 (/opt/ros/humble/share/ament_cmake/cmake)
[0.143s] -- Override CMake install command with custom implementation using symlinks instead of copying resources
[0.148s] -- Found rosidl_default_generators: 1.2.0 (/opt/ros/humble/share/rosidl_default_generators/cmake)
[0.149s] -- Using all available rosidl_typesupport_c: rosidl_typesupport_fastrtps_c;rosidl_typesupport_introspection_c
[0.151s] -- Found rosidl_adapter: 3.1.5 (/opt/ros/humble/share/rosidl_adapter/cmake)
[0.170s] -- Using all available rosidl_typesupport_cpp: rosidl_typesupport_fastrtps_cpp;rosidl_typesupport_introspection_cpp
[0.184s] -- Found std_msgs: 4.2.4 (/opt/ros/humble/share/std_msgs/cmake)
[0.412s] -- Found ament_cmake_ros: 0.10.0 (/opt/ros/humble/share/ament_cmake_ros/cmake)
[0.604s] -- Using all available rosidl_typesupport_c: rosidl_typesupport_fastrtps_c;rosidl_typesupport_introspection_c
[0.834s] -- Using all available rosidl_typesupport_cpp: rosidl_typesupport_fastrtps_cpp;rosidl_typesupport_introspection_cpp
[0.854s] -- Found python_cmake_module: 0.10.0 (/opt/ros/humble/share/python_cmake_module/cmake)
[0.875s] -- Using PYTHON_EXECUTABLE: /usr/bin/python3
[0.875s] -- Using PYTHON_INCLUDE_DIRS: /usr/include/python3.10
[0.875s] -- Using PYTHON_LIBRARIES: /usr/lib/x86_64-linux-gnu/libpython3.10.so
[0.897s] -- Configuring done
[0.925s] -- Generating done
[0.928s] -- Build files have been written to: /home/rosario/Desktop/Sensors/LAB6/build/landmark_msgs
[0.947s] Invoked command in '/home/rosario/Desktop/Sensors/LAB6/build/landmark_msgs' returned '0': CMAKE_PREFIX_PATH=${CMAKE_PREFIX_PATH}:/home/rosario/Desktop/Sensors/LAB6/install/a_star:/home/rosario/Desktop/Sensors/LAB6/install/turtlebot3_perception:/opt/ros/humble /usr/bin/cmake /home/rosario/Desktop/Sensors/LAB6/src/turtlebot3_perception/landmark_msgs -DCMAKE_INSTALL_PREFIX=/home/rosario/Desktop/Sensors/LAB6/install/landmark_msgs
[0.948s] Invoking command in '/home/rosario/Desktop/Sensors/LAB6/build/landmark_msgs': CMAKE_PREFIX_PATH=${CMAKE_PREFIX_PATH}:/home/rosario/Desktop/Sensors/LAB6/install/a_star:/home/rosario/Desktop/Sensors/LAB6/install/turtlebot3_perception:/opt/ros/humble /usr/bin/cmake --build /home/rosario/Desktop/Sensors/LAB6/build/landmark_msgs -- -j16 -l16
[0.991s] [35m[1mConsolidate compiler generated dependencies of target landmark_msgs__rosidl_generator_c[0m
[1.000s] [  2%] Built target landmark_msgs__cpp
[1.000s] [ 12%] Built target landmark_msgs__rosidl_generator_c
[1.008s] [ 12%] Built target ament_cmake_python_symlink_landmark_msgs
[1.010s] [35m[1mConsolidate compiler generated dependencies of target landmark_msgs__rosidl_typesupport_cpp[0m
[1.010s] [35m[1mConsolidate compiler generated dependencies of target landmark_msgs__rosidl_typesupport_fastrtps_cpp[0m
[1.010s] [35m[1mConsolidate compiler generated dependencies of target landmark_msgs__rosidl_typesupport_introspection_cpp[0m
[1.023s] [35m[1mConsolidate compiler generated dependencies of target landmark_msgs__rosidl_typesupport_c[0m
[1.023s] [35m[1mConsolidate compiler generated dependencies of target landmark_msgs__rosidl_typesupport_introspection_c[0m
[1.023s] [35m[1mConsolidate compiler generated dependencies of target landmark_msgs__rosidl_typesupport_fastrtps_c[0m
[1.029s] [ 43%] Built target landmark_msgs__rosidl_typesupport_fastrtps_cpp
[1.029s] [ 43%] Built target landmark_msgs__rosidl_typesupport_cpp
[1.029s] [ 43%] Built target landmark_msgs__rosidl_typesupport_introspection_cpp
[1.036s] [ 64%] Built target landmark_msgs__rosidl_typesupport_introspection_c
[1.036s] [ 64%] Built target landmark_msgs__rosidl_typesupport_c
[1.040s] [ 74%] Built target landmark_msgs__rosidl_typesupport_fastrtps_c
[1.067s] [ 74%] Built target landmark_msgs
[1.091s] [ 76%] Built target landmark_msgs__py
[1.104s] [35m[1mConsolidate compiler generated dependencies of target landmark_msgs__rosidl_generator_py[0m
[1.121s] [ 84%] Built target landmark_msgs__rosidl_generator_py
[1.136s] [35m[1mConsolidate compiler generated dependencies of target landmark_msgs__rosidl_typesupport_c__pyext[0m
[1.136s] [35m[1mConsolidate compiler generated dependencies of target landmark_msgs__rosidl_typesupport_introspection_c__pyext[0m
[1.136s] [35m[1mConsolidate compiler generated dependencies of target landmark_msgs__rosidl_typesupport_fastrtps_c__pyext[0m
[1.150s] [ 94%] Built target landmark_msgs__rosidl_typesupport_introspection_c__pyext
[1.151s] [ 94%] Built target landmark_msgs__rosidl_typesupport_c__pyext
[1.151s] [100%] Built target landmark_msgs__rosidl_typesupport_fastrtps_c__pyext
[1.224s] running egg_info
[1.224s] writing landmark_msgs.egg-info/PKG-INFO
[1.225s] writing dependency_links to landmark_msgs.egg-info/dependency_links.txt
[1.225s] writing top-level names to landmark_msgs.egg-info/top_level.txt
[1.227s] reading manifest file 'landmark_msgs.egg-info/SOURCES.txt'
[1.227s] writing manifest file 'landmark_msgs.egg-info/SOURCES.txt'
[1.274s] [100%] Built target ament_cmake_python_build_landmark_msgs_egg
[1.286s] Invoked command in '/home/rosario/Desktop/Sensors/LAB6/build/landmark_msgs' returned '0': CMAKE_PREFIX_PATH=${CMAKE_PREFIX_PATH}:/home/rosario/Desktop/Sensors/LAB6/install/a_star:/home/rosario/Desktop/Sensors/LAB6/install/turtlebot3_perception:/opt/ros/humble /usr/bin/cmake --build /home/rosario/Desktop/Sensors/LAB6/build/landmark_msgs -- -j16 -l16
[1.389s] Invoking command in '/home/rosario/Desktop/Sensors/LAB6/build/landmark_msgs': CMAKE_PREFIX_PATH=${CMAKE_PREFIX_PATH}:/home/rosario/Desktop/Sensors/LAB6/install/a_star:/home/rosario/Desktop/Sensors/LAB6/install/turtlebot3_perception:/opt/ros/humble /usr/bin/cmake --install /home/rosario/Desktop/Sensors/LAB6/build/landmark_msgs
[1.398s] -- Install configuration: ""
[1.398s] -- Execute custom install script
[1.399s] -- Up-to-date symlink: /home/rosario/Desktop/Sensors/LAB6/install/landmark_msgs/share/ament_index/resource_index/rosidl_interfaces/landmark_msgs
[1.399s] -- Up-to-date symlink: /home/rosario/Desktop/Sensors/LAB6/install/landmark_msgs/include/landmark_msgs/landmark_msgs/msg/detail/landmark__functions.h
[1.399s] -- Up-to-date symlink: /home/rosario/Desktop/Sensors/LAB6/install/landmark_msgs/include/landmark_msgs/landmark_msgs/msg/detail/landmark__struct.h
[1.399s] -- Up-to-date symlink: /home/rosario/Desktop/Sensors/LAB6/install/landmark_msgs/include/landmark_msgs/landmark_msgs/msg/detail/landmark__type_support.h
[1.399s] -- Up-to-date symlink: /home/rosario/Desktop/Sensors/LAB6/install/landmark_msgs/include/landmark_msgs/landmark_msgs/msg/detail/landmark_array__functions.h
[1.399s] -- Up-to-date symlink: /home/rosario/Desktop/Sensors/LAB6/install/landmark_msgs/include/landmark_msgs/landmark_msgs/msg/detail/landmark_array__struct.h
[1.399s] -- Up-to-date symlink: /home/rosario/Desktop/Sensors/LAB6/install/landmark_msgs/include/landmark_msgs/landmark_msgs/msg/detail/landmark_array__type_support.h
[1.400s] -- Up-to-date symlink: /home/rosario/Desktop/Sensors/LAB6/install/landmark_msgs/include/landmark_msgs/landmark_msgs/msg/landmark.h
[1.400s] -- Up-to-date symlink: /home/rosario/Desktop/Sensors/LAB6/install/landmark_msgs/include/landmark_msgs/landmark_msgs/msg/landmark_array.h
[1.400s] -- Up-to-date symlink: /home/rosario/Desktop/Sensors/LAB6/install/landmark_msgs/include/landmark_msgs/landmark_msgs/msg/rosidl_generator_c__visibility_control.h
[1.400s] -- Up-to-date symlink: /home/rosario/Desktop/Sensors/LAB6/install/landmark_msgs/share/landmark_msgs/environment/library_path.sh
[1.400s] -- Up-to-date symlink: /home/rosario/Desktop/Sensors/LAB6/install/landmark_msgs/share/landmark_msgs/environment/library_path.dsv
[1.400s] -- Up-to-date symlink: /home/rosario/Desktop/Sensors/LAB6/install/landmark_msgs/include/landmark_msgs/landmark_msgs/msg/detail/landmark__rosidl_typesupport_fastrtps_c.h
[1.400s] -- Up-to-date symlink: /home/rosario/Desktop/Sensors/LAB6/install/landmark_msgs/include/landmark_msgs/landmark_msgs/msg/detail/landmark_array__rosidl_typesupport_fastrtps_c.h
[1.401s] -- Up-to-date symlink: /home/rosario/Desktop/Sensors/LAB6/install/landmark_msgs/include/landmark_msgs/landmark_msgs/msg/rosidl_typesupport_fastrtps_c__visibility_control.h
[1.401s] -- Up-to-date symlink: /home/rosario/Desktop/Sensors/LAB6/install/landmark_msgs/include/landmark_msgs/landmark_msgs/msg/detail/landmark__rosidl_typesupport_introspection_c.h
[1.401s] -- Up-to-date symlink: /home/rosario/Desktop/Sensors/LAB6/install/landmark_msgs/include/landmark_msgs/landmark_msgs/msg/detail/landmark_array__rosidl_typesupport_introspection_c.h
[1.401s] -- Up-to-date symlink: /home/rosario/Desktop/Sensors/LAB6/install/landmark_msgs/include/landmark_msgs/landmark_msgs/msg/rosidl_typesupport_introspection_c__visibility_control.h
[1.401s] -- Up-to-date symlink: /home/rosario/Desktop/Sensors/LAB6/install/landmark_msgs/include/landmark_msgs/landmark_msgs/msg/detail/landmark__builder.hpp
[1.401s] -- Up-to-date symlink: /home/rosario/Desktop/Sensors/LAB6/install/landmark_msgs/include/landmark_msgs/landmark_msgs/msg/detail/landmark__struct.hpp
[1.402s] -- Up-to-date symlink: /home/rosario/Desktop/Sensors/LAB6/install/landmark_msgs/include/landmark_msgs/landmark_msgs/msg/detail/landmark__traits.hpp
[1.402s] -- Up-to-date symlink: /home/rosario/Desktop/Sensors/LAB6/install/landmark_msgs/include/landmark_msgs/landmark_msgs/msg/detail/landmark_array__builder.hpp
[1.402s] -- Up-to-date symlink: /home/rosario/Desktop/Sensors/LAB6/install/landmark_msgs/include/landmark_msgs/landmark_msgs/msg/detail/landmark_array__struct.hpp
[1.402s] -- Up-to-date symlink: /home/rosario/Desktop/Sensors/LAB6/install/landmark_msgs/include/landmark_msgs/landmark_msgs/msg/detail/landmark_array__traits.hpp
[1.402s] -- Up-to-date symlink: /home/rosario/Desktop/Sensors/LAB6/install/landmark_msgs/include/landmark_msgs/landmark_msgs/msg/landmark.hpp
[1.402s] -- Up-to-date symlink: /home/rosario/Desktop/Sensors/LAB6/install/landmark_msgs/include/landmark_msgs/landmark_msgs/msg/landmark_array.hpp
[1.402s] -- Up-to-date symlink: /home/rosario/Desktop/Sensors/LAB6/install/landmark_msgs/include/landmark_msgs/landmark_msgs/msg/detail/landmark__rosidl_typesupport_fastrtps_cpp.hpp
[1.403s] -- Up-to-date symlink: /home/rosario/Desktop/Sensors/LAB6/install/landmark_msgs/include/landmark_msgs/landmark_msgs/msg/detail/landmark_array__rosidl_typesupport_fastrtps_cpp.hpp
[1.403s] -- Up-to-date symlink: /home/rosario/Desktop/Sensors/LAB6/install/landmark_msgs/include/landmark_msgs/landmark_msgs/msg/rosidl_typesupport_fastrtps_cpp__visibility_control.h
[1.403s] -- Up-to-date symlink: /home/rosario/Desktop/Sensors/LAB6/install/landmark_msgs/include/landmark_msgs/landmark_msgs/msg/detail/landmark__rosidl_typesupport_introspection_cpp.hpp
[1.403s] -- Up-to-date symlink: /home/rosario/Desktop/Sensors/LAB6/install/landmark_msgs/include/landmark_msgs/landmark_msgs/msg/detail/landmark_array__rosidl_typesupport_introspection_cpp.hpp
[1.403s] -- Up-to-date symlink: /home/rosario/Desktop/Sensors/LAB6/install/landmark_msgs/share/landmark_msgs/environment/pythonpath.sh
[1.403s] -- Up-to-date symlink: /home/rosario/Desktop/Sensors/LAB6/install/landmark_msgs/share/landmark_msgs/environment/pythonpath.dsv
[1.404s] -- Up-to-date symlink: /home/rosario/Desktop/Sensors/LAB6/install/landmark_msgs/local/lib/python3.10/dist-packages/landmark_msgs-0.0.0-py3.10.egg-info/PKG-INFO
[1.404s] -- Up-to-date symlink: /home/rosario/Desktop/Sensors/LAB6/install/landmark_msgs/local/lib/python3.10/dist-packages/landmark_msgs-0.0.0-py3.10.egg-info/SOURCES.txt
[1.404s] -- Up-to-date symlink: /home/rosario/Desktop/Sensors/LAB6/install/landmark_msgs/local/lib/python3.10/dist-packages/landmark_msgs-0.0.0-py3.10.egg-info/dependency_links.txt
[1.404s] -- Up-to-date symlink: /home/rosario/Desktop/Sensors/LAB6/install/landmark_msgs/local/lib/python3.10/dist-packages/landmark_msgs-0.0.0-py3.10.egg-info/top_level.txt
[1.405s] -- Up-to-date symlink: /home/rosario/Desktop/Sensors/LAB6/install/landmark_msgs/local/lib/python3.10/dist-packages/landmark_msgs/__init__.py
[1.405s] -- Up-to-date symlink: /home/rosario/Desktop/Sensors/LAB6/install/landmark_msgs/local/lib/python3.10/dist-packages/landmark_msgs/_landmark_msgs_s.ep.rosidl_typesupport_c.c
[1.405s] -- Up-to-date symlink: /home/rosario/Desktop/Sensors/LAB6/install/landmark_msgs/local/lib/python3.10/dist-packages/landmark_msgs/_landmark_msgs_s.ep.rosidl_typesupport_fastrtps_c.c
[1.405s] -- Up-to-date symlink: /home/rosario/Desktop/Sensors/LAB6/install/landmark_msgs/local/lib/python3.10/dist-packages/landmark_msgs/_landmark_msgs_s.ep.rosidl_typesupport_introspection_c.c
[1.405s] -- Up-to-date symlink: /home/rosario/Desktop/Sensors/LAB6/install/landmark_msgs/local/lib/python3.10/dist-packages/landmark_msgs/landmark_msgs_s__rosidl_typesupport_c.cpython-310-x86_64-linux-gnu.so
[1.405s] -- Up-to-date symlink: /home/rosario/Desktop/Sensors/LAB6/install/landmark_msgs/local/lib/python3.10/dist-packages/landmark_msgs/landmark_msgs_s__rosidl_typesupport_fastrtps_c.cpython-310-x86_64-linux-gnu.so
[1.405s] -- Up-to-date symlink: /home/rosario/Desktop/Sensors/LAB6/install/landmark_msgs/local/lib/python3.10/dist-packages/landmark_msgs/landmark_msgs_s__rosidl_typesupport_introspection_c.cpython-310-x86_64-linux-gnu.so
[1.405s] -- Up-to-date symlink: /home/rosario/Desktop/Sensors/LAB6/install/landmark_msgs/local/lib/python3.10/dist-packages/landmark_msgs/liblandmark_msgs__rosidl_generator_py.so
[1.405s] -- Up-to-date symlink: /home/rosario/Desktop/Sensors/LAB6/install/landmark_msgs/local/lib/python3.10/dist-packages/landmark_msgs/msg/__init__.py
[1.405s] -- Up-to-date symlink: /home/rosario/Desktop/Sensors/LAB6/install/landmark_msgs/local/lib/python3.10/dist-packages/landmark_msgs/msg/_landmark.py
[1.406s] -- Up-to-date symlink: /home/rosario/Desktop/Sensors/LAB6/install/landmark_msgs/local/lib/python3.10/dist-packages/landmark_msgs/msg/_landmark_array.py
[1.406s] -- Up-to-date symlink: /home/rosario/Desktop/Sensors/LAB6/install/landmark_msgs/local/lib/python3.10/dist-packages/landmark_msgs/msg/_landmark_array_s.c
[1.406s] -- Up-to-date symlink: /home/rosario/Desktop/Sensors/LAB6/install/landmark_msgs/local/lib/python3.10/dist-packages/landmark_msgs/msg/_landmark_s.c
[1.406s] -- Up-to-date symlink: /home/rosario/Desktop/Sensors/LAB6/install/landmark_msgs/local/lib/python3.10/dist-packages/landmark_msgs/landmark_msgs_s__rosidl_typesupport_fastrtps_c.cpython-310-x86_64-linux-gnu.so
[1.406s] -- Up-to-date symlink: /home/rosario/Desktop/Sensors/LAB6/install/landmark_msgs/local/lib/python3.10/dist-packages/landmark_msgs/landmark_msgs_s__rosidl_typesupport_introspection_c.cpython-310-x86_64-linux-gnu.so
[1.406s] -- Up-to-date symlink: /home/rosario/Desktop/Sensors/LAB6/install/landmark_msgs/local/lib/python3.10/dist-packages/landmark_msgs/landmark_msgs_s__rosidl_typesupport_c.cpython-310-x86_64-linux-gnu.so
[1.407s] -- Up-to-date symlink: /home/rosario/Desktop/Sensors/LAB6/install/landmark_msgs/share/landmark_msgs/msg/Landmark.idl
[1.407s] -- Up-to-date symlink: /home/rosario/Desktop/Sensors/LAB6/install/landmark_msgs/share/landmark_msgs/msg/LandmarkArray.idl
[1.407s] -- Up-to-date symlink: /home/rosario/Desktop/Sensors/LAB6/install/landmark_msgs/share/landmark_msgs/msg/Landmark.msg
[1.407s] -- Up-to-date symlink: /home/rosario/Desktop/Sensors/LAB6/install/landmark_msgs/share/landmark_msgs/msg/LandmarkArray.msg
[1.407s] -- Up-to-date symlink: /home/rosario/Desktop/Sensors/LAB6/install/landmark_msgs/share/ament_index/resource_index/package_run_dependencies/landmark_msgs
[1.407s] -- Up-to-date symlink: /home/rosario/Desktop/Sensors/LAB6/install/landmark_msgs/share/ament_index/resource_index/parent_prefix_path/landmark_msgs
[1.407s] -- Up-to-date symlink: /home/rosario/Desktop/Sensors/LAB6/install/landmark_msgs/share/landmark_msgs/environment/ament_prefix_path.sh
[1.407s] -- Up-to-date symlink: /home/rosario/Desktop/Sensors/LAB6/install/landmark_msgs/share/landmark_msgs/environment/ament_prefix_path.dsv
[1.407s] -- Up-to-date symlink: /home/rosario/Desktop/Sensors/LAB6/install/landmark_msgs/share/landmark_msgs/environment/path.sh
[1.408s] -- Up-to-date symlink: /home/rosario/Desktop/Sensors/LAB6/install/landmark_msgs/share/landmark_msgs/environment/path.dsv
[1.408s] -- Up-to-date symlink: /home/rosario/Desktop/Sensors/LAB6/install/landmark_msgs/share/landmark_msgs/local_setup.bash
[1.408s] -- Up-to-date symlink: /home/rosario/Desktop/Sensors/LAB6/install/landmark_msgs/share/landmark_msgs/local_setup.sh
[1.408s] -- Up-to-date symlink: /home/rosario/Desktop/Sensors/LAB6/install/landmark_msgs/share/landmark_msgs/local_setup.zsh
[1.408s] -- Up-to-date symlink: /home/rosario/Desktop/Sensors/LAB6/install/landmark_msgs/share/landmark_msgs/local_setup.dsv
[1.408s] -- Symlinking: /home/rosario/Desktop/Sensors/LAB6/install/landmark_msgs/share/landmark_msgs/package.dsv
[1.424s] -- Up-to-date symlink: /home/rosario/Desktop/Sensors/LAB6/install/landmark_msgs/share/ament_index/resource_index/packages/landmark_msgs
[1.424s] -- Up-to-date symlink: /home/rosario/Desktop/Sensors/LAB6/install/landmark_msgs/share/landmark_msgs/cmake/rosidl_cmake-extras.cmake
[1.424s] -- Up-to-date symlink: /home/rosario/Desktop/Sensors/LAB6/install/landmark_msgs/share/landmark_msgs/cmake/ament_cmake_export_dependencies-extras.cmake
[1.424s] -- Up-to-date symlink: /home/rosario/Desktop/Sensors/LAB6/install/landmark_msgs/share/landmark_msgs/cmake/ament_cmake_export_include_directories-extras.cmake
[1.424s] -- Up-to-date symlink: /home/rosario/Desktop/Sensors/LAB6/install/landmark_msgs/share/landmark_msgs/cmake/ament_cmake_export_libraries-extras.cmake
[1.424s] -- Up-to-date symlink: /home/rosario/Desktop/Sensors/LAB6/install/landmark_msgs/share/landmark_msgs/cmake/ament_cmake_export_targets-extras.cmake
[1.424s] -- Up-to-date symlink: /home/rosario/Desktop/Sensors/LAB6/install/landmark_msgs/share/landmark_msgs/cmake/rosidl_cmake_export_typesupport_targets-extras.cmake
[1.424s] -- Up-to-date symlink: /home/rosario/Desktop/Sensors/LAB6/install/landmark_msgs/share/landmark_msgs/cmake/rosidl_cmake_export_typesupport_libraries-extras.cmake
[1.425s] -- Up-to-date symlink: /home/rosario/Desktop/Sensors/LAB6/install/landmark_msgs/share/landmark_msgs/cmake/landmark_msgsConfig.cmake
[1.425s] -- Up-to-date symlink: /home/rosario/Desktop/Sensors/LAB6/install/landmark_msgs/share/landmark_msgs/cmake/landmark_msgsConfig-version.cmake
[1.425s] -- Up-to-date symlink: /home/rosario/Desktop/Sensors/LAB6/install/landmark_msgs/share/landmark_msgs/package.xml
[1.425s] -- Up-to-date: /home/rosario/Desktop/Sensors/LAB6/install/landmark_msgs/lib/liblandmark_msgs__rosidl_generator_c.so
[1.425s] -- Up-to-date: /home/rosario/Desktop/Sensors/LAB6/install/landmark_msgs/lib/liblandmark_msgs__rosidl_typesupport_fastrtps_c.so
[1.426s] -- Up-to-date: /home/rosario/Desktop/Sensors/LAB6/install/landmark_msgs/lib/liblandmark_msgs__rosidl_typesupport_introspection_c.so
[1.426s] -- Up-to-date: /home/rosario/Desktop/Sensors/LAB6/install/landmark_msgs/lib/liblandmark_msgs__rosidl_typesupport_c.so
[1.426s] -- Up-to-date: /home/rosario/Desktop/Sensors/LAB6/install/landmark_msgs/lib/liblandmark_msgs__rosidl_typesupport_fastrtps_cpp.so
[1.427s] -- Up-to-date: /home/rosario/Desktop/Sensors/LAB6/install/landmark_msgs/lib/liblandmark_msgs__rosidl_typesupport_introspection_cpp.so
[1.427s] -- Up-to-date: /home/rosario/Desktop/Sensors/LAB6/install/landmark_msgs/lib/liblandmark_msgs__rosidl_typesupport_cpp.so
[1.461s] Listing '/home/rosario/Desktop/Sensors/LAB6/install/landmark_msgs/local/lib/python3.10/dist-packages/landmark_msgs'...
[1.461s] Compiling '/home/rosario/Desktop/Sensors/LAB6/install/landmark_msgs/local/lib/python3.10/dist-packages/landmark_msgs/__init__.py'...
[1.461s] Listing '/home/rosario/Desktop/Sensors/LAB6/install/landmark_msgs/local/lib/python3.10/dist-packages/landmark_msgs/msg'...
[1.469s] -- Up-to-date: /home/rosario/Desktop/Sensors/LAB6/install/landmark_msgs/lib/liblandmark_msgs__rosidl_generator_py.so
[1.469s] -- Up-to-date: /home/rosario/Desktop/Sensors/LAB6/install/landmark_msgs/share/landmark_msgs/cmake/export_landmark_msgs__rosidl_generator_cExport.cmake
[1.469s] -- Up-to-date: /home/rosario/Desktop/Sensors/LAB6/install/landmark_msgs/share/landmark_msgs/cmake/export_landmark_msgs__rosidl_generator_cExport-noconfig.cmake
[1.469s] -- Up-to-date: /home/rosario/Desktop/Sensors/LAB6/install/landmark_msgs/share/landmark_msgs/cmake/export_landmark_msgs__rosidl_typesupport_fastrtps_cExport.cmake
[1.469s] -- Up-to-date: /home/rosario/Desktop/Sensors/LAB6/install/landmark_msgs/share/landmark_msgs/cmake/export_landmark_msgs__rosidl_typesupport_fastrtps_cExport-noconfig.cmake
[1.470s] -- Up-to-date: /home/rosario/Desktop/Sensors/LAB6/install/landmark_msgs/share/landmark_msgs/cmake/landmark_msgs__rosidl_typesupport_introspection_cExport.cmake
[1.470s] -- Up-to-date: /home/rosario/Desktop/Sensors/LAB6/install/landmark_msgs/share/landmark_msgs/cmake/landmark_msgs__rosidl_typesupport_introspection_cExport-noconfig.cmake
[1.470s] -- Up-to-date: /home/rosario/Desktop/Sensors/LAB6/install/landmark_msgs/share/landmark_msgs/cmake/landmark_msgs__rosidl_typesupport_cExport.cmake
[1.470s] -- Up-to-date: /home/rosario/Desktop/Sensors/LAB6/install/landmark_msgs/share/landmark_msgs/cmake/landmark_msgs__rosidl_typesupport_cExport-noconfig.cmake
[1.470s] -- Up-to-date: /home/rosario/Desktop/Sensors/LAB6/install/landmark_msgs/share/landmark_msgs/cmake/export_landmark_msgs__rosidl_generator_cppExport.cmake
[1.470s] -- Up-to-date: /home/rosario/Desktop/Sensors/LAB6/install/landmark_msgs/share/landmark_msgs/cmake/export_landmark_msgs__rosidl_typesupport_fastrtps_cppExport.cmake
[1.470s] -- Up-to-date: /home/rosario/Desktop/Sensors/LAB6/install/landmark_msgs/share/landmark_msgs/cmake/export_landmark_msgs__rosidl_typesupport_fastrtps_cppExport-noconfig.cmake
[1.470s] -- Up-to-date: /home/rosario/Desktop/Sensors/LAB6/install/landmark_msgs/share/landmark_msgs/cmake/landmark_msgs__rosidl_typesupport_introspection_cppExport.cmake
[1.470s] -- Up-to-date: /home/rosario/Desktop/Sensors/LAB6/install/landmark_msgs/share/landmark_msgs/cmake/landmark_msgs__rosidl_typesupport_introspection_cppExport-noconfig.cmake
[1.470s] -- Up-to-date: /home/rosario/Desktop/Sensors/LAB6/install/landmark_msgs/share/landmark_msgs/cmake/landmark_msgs__rosidl_typesupport_cppExport.cmake
[1.470s] -- Up-to-date: /home/rosario/Desktop/Sensors/LAB6/install/landmark_msgs/share/landmark_msgs/cmake/landmark_msgs__rosidl_typesupport_cppExport-noconfig.cmake
[1.471s] -- Up-to-date: /home/rosario/Desktop/Sensors/LAB6/install/landmark_msgs/share/landmark_msgs/cmake/export_landmark_msgs__rosidl_generator_pyExport.cmake
[1.471s] -- Up-to-date: /home/rosario/Desktop/Sensors/LAB6/install/landmark_msgs/share/landmark_msgs/cmake/export_landmark_msgs__rosidl_generator_pyExport-noconfig.cmake
[1.476s] Invoked command in '/home/rosario/Desktop/Sensors/LAB6/build/landmark_msgs' returned '0': CMAKE_PREFIX_PATH=${CMAKE_PREFIX_PATH}:/home/rosario/Desktop/Sensors/LAB6/install/a_star:/home/rosario/Desktop/Sensors/LAB6/install/turtlebot3_perception:/opt/ros/humble /usr/bin/cmake --install /home/rosario/Desktop/Sensors/LAB6/build/landmark_msgs
