running egg_info
writing ../../../build/turtlebot3_perception/turtlebot3_perception.egg-info/PKG-INFO
writing dependency_links to ../../../build/turtlebot3_perception/turtlebot3_perception.egg-info/dependency_links.txt
writing entry points to ../../../build/turtlebot3_perception/turtlebot3_perception.egg-info/entry_points.txt
writing requirements to ../../../build/turtlebot3_perception/turtlebot3_perception.egg-info/requires.txt
writing top-level names to ../../../build/turtlebot3_perception/turtlebot3_perception.egg-info/top_level.txt
reading manifest file '../../../build/turtlebot3_perception/turtlebot3_perception.egg-info/SOURCES.txt'
adding license file 'LICENSE'
writing manifest file '../../../build/turtlebot3_perception/turtlebot3_perception.egg-info/SOURCES.txt'
running build
running build_py
running install
running install_lib
running install_data
running install_egg_info
removing '/home/rosario/Desktop/Sensors/LAB4/lab04_pkg/install/turtlebot3_perception/lib/python3.10/site-packages/turtlebot3_perception-0.0.0-py3.10.egg-info' (and everything under it)
Copying ../../../build/turtlebot3_perception/turtlebot3_perception.egg-info to /home/rosario/Desktop/Sensors/LAB4/lab04_pkg/install/turtlebot3_perception/lib/python3.10/site-packages/turtlebot3_perception-0.0.0-py3.10.egg-info
running install_scripts
Installing detection2landmark script to /home/rosario/Desktop/Sensors/LAB4/lab04_pkg/install/turtlebot3_perception/lib/turtlebot3_perception
Installing landmark_simulator script to /home/rosario/Desktop/Sensors/LAB4/lab04_pkg/install/turtlebot3_perception/lib/turtlebot3_perception
Installing laserscan2lines script to /home/rosario/Desktop/Sensors/LAB4/lab04_pkg/install/turtlebot3_perception/lib/turtlebot3_perception
writing list of installed files to '/home/rosario/Desktop/Sensors/LAB4/lab04_pkg/build/turtlebot3_perception/install.log'
