[0.508s] Invoking command in '/home/rosario/Desktop/Sensors/LAB6/build/turtlebot3_perception': CMAKE_PREFIX_PATH=/home/rosario/Desktop/Sensors/LAB6/install/landmark_msgs:/home/rosario/Desktop/Sensors/LAB6/install/turtlebot3_simulations:/home/rosario/Desktop/Sensors/LAB6/install/turtlebot3_gazebo:/home/rosario/Desktop/Sensors/LAB6/install/turtlebot3_fake_node LD_LIBRARY_PATH=/home/rosario/Desktop/Sensors/LAB6/install/landmark_msgs/lib:/usr/lib/x86_64-linux-gnu/gazebo-11/plugins:/opt/ros/humble/opt/rviz_ogre_vendor/lib:/opt/ros/humble/lib/x86_64-linux-gnu:/opt/ros/humble/lib:/usr/share/gazebo/../../lib/x86_64-linux-gnu/gazebo-11/plugins:/usr/share/gazebo/../../lib/x86_64-linux-gnu/gazebo-11/plugins:/usr/share/gazebo/../../lib/x86_64-linux-gnu/gazebo-11/plugins PYTHONPATH=/home/rosario/Desktop/Sensors/LAB6/build/turtlebot3_perception/prefix_override:/usr/lib/python3/dist-packages/colcon_core/task/python/colcon_distutils_commands:/home/rosario/Desktop/Sensors/LAB6/install/turtlebot3_perception/lib/python3.10/site-packages:${PYTHONPATH} /usr/bin/python3 -W ignore:setup.py install is deprecated setup.py develop --editable --build-directory /home/rosario/Desktop/Sensors/LAB6/build/turtlebot3_perception/build --no-deps symlink_data
[0.695s] running develop
[0.696s] /usr/lib/python3/dist-packages/setuptools/command/easy_install.py:158: EasyInstallDeprecationWarning: easy_install command is deprecated. Use build and pip and other standards-based tools.
[0.696s]   warnings.warn(
[0.821s] running egg_info
[0.821s] creating turtlebot3_perception.egg-info
[0.821s] writing turtlebot3_perception.egg-info/PKG-INFO
[0.821s] writing dependency_links to turtlebot3_perception.egg-info/dependency_links.txt
[0.821s] writing entry points to turtlebot3_perception.egg-info/entry_points.txt
[0.821s] writing requirements to turtlebot3_perception.egg-info/requires.txt
[0.821s] writing top-level names to turtlebot3_perception.egg-info/top_level.txt
[0.821s] writing manifest file 'turtlebot3_perception.egg-info/SOURCES.txt'
[0.823s] reading manifest file 'turtlebot3_perception.egg-info/SOURCES.txt'
[0.823s] writing manifest file 'turtlebot3_perception.egg-info/SOURCES.txt'
[0.824s] running build_ext
[0.825s] Creating /home/rosario/Desktop/Sensors/LAB6/install/turtlebot3_perception/lib/python3.10/site-packages/turtlebot3-perception.egg-link (link to .)
[0.825s] Installing detection2landmark script to /home/rosario/Desktop/Sensors/LAB6/install/turtlebot3_perception/lib/turtlebot3_perception
[0.825s] Installing landmark_simulator script to /home/rosario/Desktop/Sensors/LAB6/install/turtlebot3_perception/lib/turtlebot3_perception
[0.825s] Installing laserscan2lines script to /home/rosario/Desktop/Sensors/LAB6/install/turtlebot3_perception/lib/turtlebot3_perception
[0.825s] 
[0.825s] Installed /home/rosario/Desktop/Sensors/LAB6/build/turtlebot3_perception
[0.826s] running symlink_data
[0.826s] creating /home/rosario/Desktop/Sensors/LAB6/install/turtlebot3_perception/share/ament_index
[0.826s] creating /home/rosario/Desktop/Sensors/LAB6/install/turtlebot3_perception/share/ament_index/resource_index
[0.826s] creating /home/rosario/Desktop/Sensors/LAB6/install/turtlebot3_perception/share/ament_index/resource_index/packages
[0.826s] symbolically linking /home/rosario/Desktop/Sensors/LAB6/build/turtlebot3_perception/resource/turtlebot3_perception -> /home/rosario/Desktop/Sensors/LAB6/install/turtlebot3_perception/share/ament_index/resource_index/packages
[0.826s] symbolically linking /home/rosario/Desktop/Sensors/LAB6/build/turtlebot3_perception/package.xml -> /home/rosario/Desktop/Sensors/LAB6/install/turtlebot3_perception/share/turtlebot3_perception
[0.826s] creating /home/rosario/Desktop/Sensors/LAB6/install/turtlebot3_perception/share/turtlebot3_perception/launch
[0.826s] symbolically linking /home/rosario/Desktop/Sensors/LAB6/build/turtlebot3_perception/launch/apriltag.launch.py -> /home/rosario/Desktop/Sensors/LAB6/install/turtlebot3_perception/share/turtlebot3_perception/launch
[0.826s] symbolically linking /home/rosario/Desktop/Sensors/LAB6/build/turtlebot3_perception/launch/camera.launch.py -> /home/rosario/Desktop/Sensors/LAB6/install/turtlebot3_perception/share/turtlebot3_perception/launch
[0.826s] symbolically linking /home/rosario/Desktop/Sensors/LAB6/build/turtlebot3_perception/launch/rs_launch_composable.launch.py -> /home/rosario/Desktop/Sensors/LAB6/install/turtlebot3_perception/share/turtlebot3_perception/launch
[0.826s] creating /home/rosario/Desktop/Sensors/LAB6/install/turtlebot3_perception/share/turtlebot3_perception/config
[0.826s] symbolically linking /home/rosario/Desktop/Sensors/LAB6/build/turtlebot3_perception/config/apriltag.yaml -> /home/rosario/Desktop/Sensors/LAB6/install/turtlebot3_perception/share/turtlebot3_perception/config
[0.826s] symbolically linking /home/rosario/Desktop/Sensors/LAB6/build/turtlebot3_perception/config/default.rviz -> /home/rosario/Desktop/Sensors/LAB6/install/turtlebot3_perception/share/turtlebot3_perception/config
[0.826s] symbolically linking /home/rosario/Desktop/Sensors/LAB6/build/turtlebot3_perception/config/landmarks.yaml -> /home/rosario/Desktop/Sensors/LAB6/install/turtlebot3_perception/share/turtlebot3_perception/config
[0.826s] symbolically linking /home/rosario/Desktop/Sensors/LAB6/build/turtlebot3_perception/config/oakd_config.yaml -> /home/rosario/Desktop/Sensors/LAB6/install/turtlebot3_perception/share/turtlebot3_perception/config
[0.858s] Invoked command in '/home/rosario/Desktop/Sensors/LAB6/build/turtlebot3_perception' returned '0': CMAKE_PREFIX_PATH=/home/rosario/Desktop/Sensors/LAB6/install/landmark_msgs:/home/rosario/Desktop/Sensors/LAB6/install/turtlebot3_simulations:/home/rosario/Desktop/Sensors/LAB6/install/turtlebot3_gazebo:/home/rosario/Desktop/Sensors/LAB6/install/turtlebot3_fake_node LD_LIBRARY_PATH=/home/rosario/Desktop/Sensors/LAB6/install/landmark_msgs/lib:/usr/lib/x86_64-linux-gnu/gazebo-11/plugins:/opt/ros/humble/opt/rviz_ogre_vendor/lib:/opt/ros/humble/lib/x86_64-linux-gnu:/opt/ros/humble/lib:/usr/share/gazebo/../../lib/x86_64-linux-gnu/gazebo-11/plugins:/usr/share/gazebo/../../lib/x86_64-linux-gnu/gazebo-11/plugins:/usr/share/gazebo/../../lib/x86_64-linux-gnu/gazebo-11/plugins PYTHONPATH=/home/rosario/Desktop/Sensors/LAB6/build/turtlebot3_perception/prefix_override:/usr/lib/python3/dist-packages/colcon_core/task/python/colcon_distutils_commands:/home/rosario/Desktop/Sensors/LAB6/install/turtlebot3_perception/lib/python3.10/site-packages:${PYTHONPATH} /usr/bin/python3 -W ignore:setup.py install is deprecated setup.py develop --editable --build-directory /home/rosario/Desktop/Sensors/LAB6/build/turtlebot3_perception/build --no-deps symlink_data
