[0.493s] Invoking command in '/home/rosario/Desktop/Sensors/LAB6/build/a_star': AMENT_PREFIX_PATH=/home/rosario/Desktop/Sensors/LAB6/install/turtlebot3_perception:/home/rosario/Desktop/Sensors/LAB6/install/turtlebot3_simulations:/home/rosario/Desktop/Sensors/LAB6/install/a_star:/home/rosario/Desktop/Sensors/LAB6/install/turtlebot3_gazebo:/home/rosario/Desktop/Sensors/LAB6/install/turtlebot3_fake_node:/home/rosario/Desktop/Sensors/LAB6/install/landmark_msgs:/opt/ros/humble CMAKE_PREFIX_PATH=/home/rosario/Desktop/Sensors/LAB6/install/landmark_msgs:/home/rosario/Desktop/Sensors/LAB6/install/turtlebot3_simulations:/home/rosario/Desktop/Sensors/LAB6/install/turtlebot3_gazebo:/home/rosario/Desktop/Sensors/LAB6/install/turtlebot3_fake_node LD_LIBRARY_PATH=/home/rosario/Desktop/Sensors/LAB6/install/landmark_msgs/lib:/usr/lib/x86_64-linux-gnu/gazebo-11/plugins:/opt/ros/humble/opt/rviz_ogre_vendor/lib:/opt/ros/humble/lib/x86_64-linux-gnu:/opt/ros/humble/lib:/usr/share/gazebo/../../lib/x86_64-linux-gnu/gazebo-11/plugins:/usr/share/gazebo/../../lib/x86_64-linux-gnu/gazebo-11/plugins:/usr/share/gazebo/../../lib/x86_64-linux-gnu/gazebo-11/plugins PYTHONPATH=/home/rosario/Desktop/Sensors/LAB6/build/a_star/prefix_override:/usr/lib/python3/dist-packages/colcon_core/task/python/colcon_distutils_commands:/home/rosario/Desktop/Sensors/LAB6/install/a_star/lib/python3.10/site-packages:/home/rosario/Desktop/Sensors/LAB6/install/turtlebot3_perception/lib/python3.10/site-packages:/home/rosario/Desktop/Sensors/LAB6/build/a_star:/home/rosario/Desktop/Sensors/LAB6/install/a_star/lib/python3.10/site-packages:/home/rosario/Desktop/Sensors/LAB6/build/turtlebot3_perception:/home/rosario/Desktop/Sensors/LAB6/install/landmark_msgs/local/lib/python3.10/dist-packages:/opt/ros/humble/lib/python3.10/site-packages:/opt/ros/humble/local/lib/python3.10/dist-packages /usr/bin/python3 -W ignore:setup.py install is deprecated setup.py develop --uninstall --editable --build-directory /home/rosario/Desktop/Sensors/LAB6/build/a_star/build
[0.675s] running develop
[0.675s] /usr/lib/python3/dist-packages/setuptools/command/easy_install.py:158: EasyInstallDeprecationWarning: easy_install command is deprecated. Use build and pip and other standards-based tools.
[0.675s]   warnings.warn(
[0.805s] Removing /home/rosario/Desktop/Sensors/LAB6/install/a_star/lib/python3.10/site-packages/a-star.egg-link (link to .)
[0.835s] Invoked command in '/home/rosario/Desktop/Sensors/LAB6/build/a_star' returned '0': AMENT_PREFIX_PATH=/home/rosario/Desktop/Sensors/LAB6/install/turtlebot3_perception:/home/rosario/Desktop/Sensors/LAB6/install/turtlebot3_simulations:/home/rosario/Desktop/Sensors/LAB6/install/a_star:/home/rosario/Desktop/Sensors/LAB6/install/turtlebot3_gazebo:/home/rosario/Desktop/Sensors/LAB6/install/turtlebot3_fake_node:/home/rosario/Desktop/Sensors/LAB6/install/landmark_msgs:/opt/ros/humble CMAKE_PREFIX_PATH=/home/rosario/Desktop/Sensors/LAB6/install/landmark_msgs:/home/rosario/Desktop/Sensors/LAB6/install/turtlebot3_simulations:/home/rosario/Desktop/Sensors/LAB6/install/turtlebot3_gazebo:/home/rosario/Desktop/Sensors/LAB6/install/turtlebot3_fake_node LD_LIBRARY_PATH=/home/rosario/Desktop/Sensors/LAB6/install/landmark_msgs/lib:/usr/lib/x86_64-linux-gnu/gazebo-11/plugins:/opt/ros/humble/opt/rviz_ogre_vendor/lib:/opt/ros/humble/lib/x86_64-linux-gnu:/opt/ros/humble/lib:/usr/share/gazebo/../../lib/x86_64-linux-gnu/gazebo-11/plugins:/usr/share/gazebo/../../lib/x86_64-linux-gnu/gazebo-11/plugins:/usr/share/gazebo/../../lib/x86_64-linux-gnu/gazebo-11/plugins PYTHONPATH=/home/rosario/Desktop/Sensors/LAB6/build/a_star/prefix_override:/usr/lib/python3/dist-packages/colcon_core/task/python/colcon_distutils_commands:/home/rosario/Desktop/Sensors/LAB6/install/a_star/lib/python3.10/site-packages:/home/rosario/Desktop/Sensors/LAB6/install/turtlebot3_perception/lib/python3.10/site-packages:/home/rosario/Desktop/Sensors/LAB6/build/a_star:/home/rosario/Desktop/Sensors/LAB6/install/a_star/lib/python3.10/site-packages:/home/rosario/Desktop/Sensors/LAB6/build/turtlebot3_perception:/home/rosario/Desktop/Sensors/LAB6/install/landmark_msgs/local/lib/python3.10/dist-packages:/opt/ros/humble/lib/python3.10/site-packages:/opt/ros/humble/local/lib/python3.10/dist-packages /usr/bin/python3 -W ignore:setup.py install is deprecated setup.py develop --uninstall --editable --build-directory /home/rosario/Desktop/Sensors/LAB6/build/a_star/build
[0.837s] Invoking command in '/home/rosario/Desktop/Sensors/LAB6/src/a_star': AMENT_PREFIX_PATH=/home/rosario/Desktop/Sensors/LAB6/install/turtlebot3_perception:/home/rosario/Desktop/Sensors/LAB6/install/turtlebot3_simulations:/home/rosario/Desktop/Sensors/LAB6/install/a_star:/home/rosario/Desktop/Sensors/LAB6/install/turtlebot3_gazebo:/home/rosario/Desktop/Sensors/LAB6/install/turtlebot3_fake_node:/home/rosario/Desktop/Sensors/LAB6/install/landmark_msgs:/opt/ros/humble CMAKE_PREFIX_PATH=/home/rosario/Desktop/Sensors/LAB6/install/landmark_msgs:/home/rosario/Desktop/Sensors/LAB6/install/turtlebot3_simulations:/home/rosario/Desktop/Sensors/LAB6/install/turtlebot3_gazebo:/home/rosario/Desktop/Sensors/LAB6/install/turtlebot3_fake_node LD_LIBRARY_PATH=/home/rosario/Desktop/Sensors/LAB6/install/landmark_msgs/lib:/usr/lib/x86_64-linux-gnu/gazebo-11/plugins:/opt/ros/humble/opt/rviz_ogre_vendor/lib:/opt/ros/humble/lib/x86_64-linux-gnu:/opt/ros/humble/lib:/usr/share/gazebo/../../lib/x86_64-linux-gnu/gazebo-11/plugins:/usr/share/gazebo/../../lib/x86_64-linux-gnu/gazebo-11/plugins:/usr/share/gazebo/../../lib/x86_64-linux-gnu/gazebo-11/plugins PYTHONPATH=/home/rosario/Desktop/Sensors/LAB6/build/a_star/prefix_override:/usr/lib/python3/dist-packages/colcon_core/task/python/colcon_distutils_commands:/home/rosario/Desktop/Sensors/LAB6/install/a_star/lib/python3.10/site-packages:/home/rosario/Desktop/Sensors/LAB6/install/turtlebot3_perception/lib/python3.10/site-packages:/home/rosario/Desktop/Sensors/LAB6/build/a_star:/home/rosario/Desktop/Sensors/LAB6/install/a_star/lib/python3.10/site-packages:/home/rosario/Desktop/Sensors/LAB6/build/turtlebot3_perception:/home/rosario/Desktop/Sensors/LAB6/install/landmark_msgs/local/lib/python3.10/dist-packages:/opt/ros/humble/lib/python3.10/site-packages:/opt/ros/humble/local/lib/python3.10/dist-packages /usr/bin/python3 -W ignore:setup.py install is deprecated setup.py egg_info --egg-base ../../build/a_star build --build-base /home/rosario/Desktop/Sensors/LAB6/build/a_star/build install --record /home/rosario/Desktop/Sensors/LAB6/build/a_star/install.log --single-version-externally-managed install_data --force
[1.001s] running egg_info
[1.001s] writing ../../build/a_star/a_star.egg-info/PKG-INFO
[1.001s] writing dependency_links to ../../build/a_star/a_star.egg-info/dependency_links.txt
[1.002s] writing entry points to ../../build/a_star/a_star.egg-info/entry_points.txt
[1.002s] writing requirements to ../../build/a_star/a_star.egg-info/requires.txt
[1.002s] writing top-level names to ../../build/a_star/a_star.egg-info/top_level.txt
[1.003s] reading manifest file '../../build/a_star/a_star.egg-info/SOURCES.txt'
[1.005s] adding license file 'LICENSE'
[1.006s] writing manifest file '../../build/a_star/a_star.egg-info/SOURCES.txt'
[1.006s] running build
[1.007s] running build_py
[1.007s] copying a_star/pure_pursuit.py -> /home/rosario/Desktop/Sensors/LAB6/build/a_star/build/lib/a_star
[1.007s] copying a_star/lab6_pure.py -> /home/rosario/Desktop/Sensors/LAB6/build/a_star/build/lib/a_star
[1.007s] copying a_star/lab6.py -> /home/rosario/Desktop/Sensors/LAB6/build/a_star/build/lib/a_star
[1.007s] running install
[1.007s] running install_lib
[1.008s] creating /home/rosario/Desktop/Sensors/LAB6/install/a_star/lib/python3.10/site-packages/a_star
[1.008s] copying /home/rosario/Desktop/Sensors/LAB6/build/a_star/build/lib/a_star/pure_pursuit.py -> /home/rosario/Desktop/Sensors/LAB6/install/a_star/lib/python3.10/site-packages/a_star
[1.008s] copying /home/rosario/Desktop/Sensors/LAB6/build/a_star/build/lib/a_star/dijkstra.py -> /home/rosario/Desktop/Sensors/LAB6/install/a_star/lib/python3.10/site-packages/a_star
[1.008s] copying /home/rosario/Desktop/Sensors/LAB6/build/a_star/build/lib/a_star/lab6_pure.py -> /home/rosario/Desktop/Sensors/LAB6/install/a_star/lib/python3.10/site-packages/a_star
[1.009s] copying /home/rosario/Desktop/Sensors/LAB6/build/a_star/build/lib/a_star/greedy.py -> /home/rosario/Desktop/Sensors/LAB6/install/a_star/lib/python3.10/site-packages/a_star
[1.009s] copying /home/rosario/Desktop/Sensors/LAB6/build/a_star/build/lib/a_star/utils.py -> /home/rosario/Desktop/Sensors/LAB6/install/a_star/lib/python3.10/site-packages/a_star
[1.009s] copying /home/rosario/Desktop/Sensors/LAB6/build/a_star/build/lib/a_star/a_star.py -> /home/rosario/Desktop/Sensors/LAB6/install/a_star/lib/python3.10/site-packages/a_star
[1.009s] copying /home/rosario/Desktop/Sensors/LAB6/build/a_star/build/lib/a_star/planner_2d.py -> /home/rosario/Desktop/Sensors/LAB6/install/a_star/lib/python3.10/site-packages/a_star
[1.009s] copying /home/rosario/Desktop/Sensors/LAB6/build/a_star/build/lib/a_star/lab6.py -> /home/rosario/Desktop/Sensors/LAB6/install/a_star/lib/python3.10/site-packages/a_star
[1.009s] copying /home/rosario/Desktop/Sensors/LAB6/build/a_star/build/lib/a_star/bfs.py -> /home/rosario/Desktop/Sensors/LAB6/install/a_star/lib/python3.10/site-packages/a_star
[1.009s] copying /home/rosario/Desktop/Sensors/LAB6/build/a_star/build/lib/a_star/__init__.py -> /home/rosario/Desktop/Sensors/LAB6/install/a_star/lib/python3.10/site-packages/a_star
[1.009s] byte-compiling /home/rosario/Desktop/Sensors/LAB6/install/a_star/lib/python3.10/site-packages/a_star/pure_pursuit.py to pure_pursuit.cpython-310.pyc
[1.010s] byte-compiling /home/rosario/Desktop/Sensors/LAB6/install/a_star/lib/python3.10/site-packages/a_star/dijkstra.py to dijkstra.cpython-310.pyc
[1.010s] byte-compiling /home/rosario/Desktop/Sensors/LAB6/install/a_star/lib/python3.10/site-packages/a_star/lab6_pure.py to lab6_pure.cpython-310.pyc
[1.010s] byte-compiling /home/rosario/Desktop/Sensors/LAB6/install/a_star/lib/python3.10/site-packages/a_star/greedy.py to greedy.cpython-310.pyc
[1.011s] byte-compiling /home/rosario/Desktop/Sensors/LAB6/install/a_star/lib/python3.10/site-packages/a_star/utils.py to utils.cpython-310.pyc
[1.013s] byte-compiling /home/rosario/Desktop/Sensors/LAB6/install/a_star/lib/python3.10/site-packages/a_star/a_star.py to a_star.cpython-310.pyc
[1.013s] byte-compiling /home/rosario/Desktop/Sensors/LAB6/install/a_star/lib/python3.10/site-packages/a_star/planner_2d.py to planner_2d.cpython-310.pyc
[1.013s] byte-compiling /home/rosario/Desktop/Sensors/LAB6/install/a_star/lib/python3.10/site-packages/a_star/lab6.py to lab6.cpython-310.pyc
[1.014s] byte-compiling /home/rosario/Desktop/Sensors/LAB6/install/a_star/lib/python3.10/site-packages/a_star/bfs.py to bfs.cpython-310.pyc
[1.014s] byte-compiling /home/rosario/Desktop/Sensors/LAB6/install/a_star/lib/python3.10/site-packages/a_star/__init__.py to __init__.cpython-310.pyc
[1.014s] running install_data
[1.014s] copying resource/a_star -> /home/rosario/Desktop/Sensors/LAB6/install/a_star/share/ament_index/resource_index/packages
[1.014s] copying package.xml -> /home/rosario/Desktop/Sensors/LAB6/install/a_star/share/a_star
[1.015s] running install_egg_info
[1.016s] Copying ../../build/a_star/a_star.egg-info to /home/rosario/Desktop/Sensors/LAB6/install/a_star/lib/python3.10/site-packages/a_star-0.0.0-py3.10.egg-info
[1.017s] running install_scripts
[1.031s] Installing lab6 script to /home/rosario/Desktop/Sensors/LAB6/install/a_star/lib/a_star
[1.031s] Installing lab6_pure script to /home/rosario/Desktop/Sensors/LAB6/install/a_star/lib/a_star
[1.032s] writing list of installed files to '/home/rosario/Desktop/Sensors/LAB6/build/a_star/install.log'
[1.055s] Invoked command in '/home/rosario/Desktop/Sensors/LAB6/src/a_star' returned '0': AMENT_PREFIX_PATH=/home/rosario/Desktop/Sensors/LAB6/install/turtlebot3_perception:/home/rosario/Desktop/Sensors/LAB6/install/turtlebot3_simulations:/home/rosario/Desktop/Sensors/LAB6/install/a_star:/home/rosario/Desktop/Sensors/LAB6/install/turtlebot3_gazebo:/home/rosario/Desktop/Sensors/LAB6/install/turtlebot3_fake_node:/home/rosario/Desktop/Sensors/LAB6/install/landmark_msgs:/opt/ros/humble CMAKE_PREFIX_PATH=/home/rosario/Desktop/Sensors/LAB6/install/landmark_msgs:/home/rosario/Desktop/Sensors/LAB6/install/turtlebot3_simulations:/home/rosario/Desktop/Sensors/LAB6/install/turtlebot3_gazebo:/home/rosario/Desktop/Sensors/LAB6/install/turtlebot3_fake_node LD_LIBRARY_PATH=/home/rosario/Desktop/Sensors/LAB6/install/landmark_msgs/lib:/usr/lib/x86_64-linux-gnu/gazebo-11/plugins:/opt/ros/humble/opt/rviz_ogre_vendor/lib:/opt/ros/humble/lib/x86_64-linux-gnu:/opt/ros/humble/lib:/usr/share/gazebo/../../lib/x86_64-linux-gnu/gazebo-11/plugins:/usr/share/gazebo/../../lib/x86_64-linux-gnu/gazebo-11/plugins:/usr/share/gazebo/../../lib/x86_64-linux-gnu/gazebo-11/plugins PYTHONPATH=/home/rosario/Desktop/Sensors/LAB6/build/a_star/prefix_override:/usr/lib/python3/dist-packages/colcon_core/task/python/colcon_distutils_commands:/home/rosario/Desktop/Sensors/LAB6/install/a_star/lib/python3.10/site-packages:/home/rosario/Desktop/Sensors/LAB6/install/turtlebot3_perception/lib/python3.10/site-packages:/home/rosario/Desktop/Sensors/LAB6/build/a_star:/home/rosario/Desktop/Sensors/LAB6/install/a_star/lib/python3.10/site-packages:/home/rosario/Desktop/Sensors/LAB6/build/turtlebot3_perception:/home/rosario/Desktop/Sensors/LAB6/install/landmark_msgs/local/lib/python3.10/dist-packages:/opt/ros/humble/lib/python3.10/site-packages:/opt/ros/humble/local/lib/python3.10/dist-packages /usr/bin/python3 -W ignore:setup.py install is deprecated setup.py egg_info --egg-base ../../build/a_star build --build-base /home/rosario/Desktop/Sensors/LAB6/build/a_star/build install --record /home/rosario/Desktop/Sensors/LAB6/build/a_star/install.log --single-version-externally-managed install_data --force
