[0.520s] Invoking command in '/home/rosario/Desktop/Sensors/LAB1/ex1/src/lab01_pkg': PYTHONPATH=/home/rosario/Desktop/Sensors/LAB1/ex1/build/lab01_pkg/prefix_override:/usr/lib/python3/dist-packages/colcon_core/task/python/colcon_distutils_commands:/home/rosario/Desktop/Sensors/LAB1/ex1/install/lab01_pkg/lib/python3.10/site-packages:${PYTHONPATH} /usr/bin/python3 -W ignore:setup.py install is deprecated setup.py egg_info --egg-base ../../build/lab01_pkg build --build-base /home/rosario/Desktop/Sensors/LAB1/ex1/build/lab01_pkg/build install --record /home/rosario/Desktop/Sensors/LAB1/ex1/build/lab01_pkg/install.log --single-version-externally-managed install_data
[0.692s] running egg_info
[0.692s] writing ../../build/lab01_pkg/lab01_pkg.egg-info/PKG-INFO
[0.692s] writing dependency_links to ../../build/lab01_pkg/lab01_pkg.egg-info/dependency_links.txt
[0.692s] writing entry points to ../../build/lab01_pkg/lab01_pkg.egg-info/entry_points.txt
[0.692s] writing requirements to ../../build/lab01_pkg/lab01_pkg.egg-info/requires.txt
[0.693s] writing top-level names to ../../build/lab01_pkg/lab01_pkg.egg-info/top_level.txt
[0.694s] reading manifest file '../../build/lab01_pkg/lab01_pkg.egg-info/SOURCES.txt'
[0.696s] adding license file 'LICENSE'
[0.697s] writing manifest file '../../build/lab01_pkg/lab01_pkg.egg-info/SOURCES.txt'
[0.698s] running build
[0.698s] running build_py
[0.698s] copying lab01_pkg/controller_reset.py -> /home/rosario/Desktop/Sensors/LAB1/ex1/build/lab01_pkg/build/lib/lab01_pkg
[0.698s] running install
[0.698s] running install_lib
[0.699s] copying /home/rosario/Desktop/Sensors/LAB1/ex1/build/lab01_pkg/build/lib/lab01_pkg/controller_reset.py -> /home/rosario/Desktop/Sensors/LAB1/ex1/install/lab01_pkg/lib/python3.10/site-packages/lab01_pkg
[0.700s] byte-compiling /home/rosario/Desktop/Sensors/LAB1/ex1/install/lab01_pkg/lib/python3.10/site-packages/lab01_pkg/controller_reset.py to controller_reset.cpython-310.pyc
[0.700s] running install_data
[0.701s] running install_egg_info
[0.702s] removing '/home/rosario/Desktop/Sensors/LAB1/ex1/install/lab01_pkg/lib/python3.10/site-packages/lab01_pkg-0.0.0-py3.10.egg-info' (and everything under it)
[0.702s] Copying ../../build/lab01_pkg/lab01_pkg.egg-info to /home/rosario/Desktop/Sensors/LAB1/ex1/install/lab01_pkg/lib/python3.10/site-packages/lab01_pkg-0.0.0-py3.10.egg-info
[0.703s] running install_scripts
[0.717s] Installing controller script to /home/rosario/Desktop/Sensors/LAB1/ex1/install/lab01_pkg/lib/lab01_pkg
[0.717s] Installing controller_reset script to /home/rosario/Desktop/Sensors/LAB1/ex1/install/lab01_pkg/lib/lab01_pkg
[0.717s] Installing localization script to /home/rosario/Desktop/Sensors/LAB1/ex1/install/lab01_pkg/lib/lab01_pkg
[0.717s] Installing localization_reset script to /home/rosario/Desktop/Sensors/LAB1/ex1/install/lab01_pkg/lib/lab01_pkg
[0.718s] Installing reset script to /home/rosario/Desktop/Sensors/LAB1/ex1/install/lab01_pkg/lib/lab01_pkg
[0.718s] writing list of installed files to '/home/rosario/Desktop/Sensors/LAB1/ex1/build/lab01_pkg/install.log'
[0.771s] Invoked command in '/home/rosario/Desktop/Sensors/LAB1/ex1/src/lab01_pkg' returned '0': PYTHONPATH=/home/rosario/Desktop/Sensors/LAB1/ex1/build/lab01_pkg/prefix_override:/usr/lib/python3/dist-packages/colcon_core/task/python/colcon_distutils_commands:/home/rosario/Desktop/Sensors/LAB1/ex1/install/lab01_pkg/lib/python3.10/site-packages:${PYTHONPATH} /usr/bin/python3 -W ignore:setup.py install is deprecated setup.py egg_info --egg-base ../../build/lab01_pkg build --build-base /home/rosario/Desktop/Sensors/LAB1/ex1/build/lab01_pkg/build install --record /home/rosario/Desktop/Sensors/LAB1/ex1/build/lab01_pkg/install.log --single-version-externally-managed install_data
