/home/rosario/Desktop/Sensors/LAB5_robot/install/particle/lib/python3.10/site-packages/particle/pf.py
/home/rosario/Desktop/Sensors/LAB5_robot/install/particle/lib/python3.10/site-packages/particle/probabilistic_models.py
/home/rosario/Desktop/Sensors/LAB5_robot/install/particle/lib/python3.10/site-packages/particle/utils.py
/home/rosario/Desktop/Sensors/LAB5_robot/install/particle/lib/python3.10/site-packages/particle/particle.py
/home/rosario/Desktop/Sensors/LAB5_robot/install/particle/lib/python3.10/site-packages/particle/__init__.py
/home/rosario/Desktop/Sensors/LAB5_robot/install/particle/lib/python3.10/site-packages/particle/__pycache__/pf.cpython-310.pyc
/home/rosario/Desktop/Sensors/LAB5_robot/install/particle/lib/python3.10/site-packages/particle/__pycache__/probabilistic_models.cpython-310.pyc
/home/rosario/Desktop/Sensors/LAB5_robot/install/particle/lib/python3.10/site-packages/particle/__pycache__/utils.cpython-310.pyc
/home/rosario/Desktop/Sensors/LAB5_robot/install/particle/lib/python3.10/site-packages/particle/__pycache__/particle.cpython-310.pyc
/home/rosario/Desktop/Sensors/LAB5_robot/install/particle/lib/python3.10/site-packages/particle/__pycache__/__init__.cpython-310.pyc
/home/rosario/Desktop/Sensors/LAB5_robot/install/particle/share/ament_index/resource_index/packages/particle
/home/rosario/Desktop/Sensors/LAB5_robot/install/particle/share/particle/package.xml
/home/rosario/Desktop/Sensors/LAB5_robot/install/particle/lib/python3.10/site-packages/particle-0.0.0-py3.10.egg-info/requires.txt
/home/rosario/Desktop/Sensors/LAB5_robot/install/particle/lib/python3.10/site-packages/particle-0.0.0-py3.10.egg-info/zip-safe
/home/rosario/Desktop/Sensors/LAB5_robot/install/particle/lib/python3.10/site-packages/particle-0.0.0-py3.10.egg-info/entry_points.txt
/home/rosario/Desktop/Sensors/LAB5_robot/install/particle/lib/python3.10/site-packages/particle-0.0.0-py3.10.egg-info/SOURCES.txt
/home/rosario/Desktop/Sensors/LAB5_robot/install/particle/lib/python3.10/site-packages/particle-0.0.0-py3.10.egg-info/PKG-INFO
/home/rosario/Desktop/Sensors/LAB5_robot/install/particle/lib/python3.10/site-packages/particle-0.0.0-py3.10.egg-info/top_level.txt
/home/rosario/Desktop/Sensors/LAB5_robot/install/particle/lib/python3.10/site-packages/particle-0.0.0-py3.10.egg-info/dependency_links.txt
/home/rosario/Desktop/Sensors/LAB5_robot/install/particle/lib/particle/particle
