[0.508s] Invoking command in '/home/rosario/Desktop/Sensors/LAB5/build/particle': AMENT_PREFIX_PATH=/home/rosario/Desktop/Sensors/LAB5/install/turtlebot3_perception:/home/rosario/Desktop/Sensors/LAB5/install/landmark_msgs:${AMENT_PREFIX_PATH} CMAKE_PREFIX_PATH=/home/rosario/Desktop/Sensors/LAB5/install/landmark_msgs LD_LIBRARY_PATH=/home/rosario/Desktop/Sensors/LAB5/install/landmark_msgs/lib:/usr/lib/x86_64-linux-gnu/gazebo-11/plugins:/opt/ros/humble/opt/rviz_ogre_vendor/lib:/opt/ros/humble/lib/x86_64-linux-gnu:/opt/ros/humble/lib:/usr/share/gazebo/../../lib/x86_64-linux-gnu/gazebo-11/plugins:/usr/share/gazebo/../../lib/x86_64-linux-gnu/gazebo-11/plugins:/usr/share/gazebo/../../lib/x86_64-linux-gnu/gazebo-11/plugins PYTHONPATH=/home/rosario/Desktop/Sensors/LAB5/build/particle/prefix_override:/usr/lib/python3/dist-packages/colcon_core/task/python/colcon_distutils_commands:/home/rosario/Desktop/Sensors/LAB5/install/particle/lib/python3.10/site-packages:/home/rosario/Desktop/Sensors/LAB5/install/turtlebot3_perception/lib/python3.10/site-packages:/home/rosario/Desktop/Sensors/LAB5/install/landmark_msgs/local/lib/python3.10/dist-packages:${PYTHONPATH} /usr/bin/python3 -W ignore:setup.py install is deprecated setup.py develop --uninstall --editable --build-directory /home/rosario/Desktop/Sensors/LAB5/build/particle/build
[0.684s] running develop
[0.684s] /usr/lib/python3/dist-packages/setuptools/command/easy_install.py:158: EasyInstallDeprecationWarning: easy_install command is deprecated. Use build and pip and other standards-based tools.
[0.684s]   warnings.warn(
[0.817s] Removing /home/rosario/Desktop/Sensors/LAB5/install/particle/lib/python3.10/site-packages/particle.egg-link (link to .)
[0.845s] Invoked command in '/home/rosario/Desktop/Sensors/LAB5/build/particle' returned '0': AMENT_PREFIX_PATH=/home/rosario/Desktop/Sensors/LAB5/install/turtlebot3_perception:/home/rosario/Desktop/Sensors/LAB5/install/landmark_msgs:${AMENT_PREFIX_PATH} CMAKE_PREFIX_PATH=/home/rosario/Desktop/Sensors/LAB5/install/landmark_msgs LD_LIBRARY_PATH=/home/rosario/Desktop/Sensors/LAB5/install/landmark_msgs/lib:/usr/lib/x86_64-linux-gnu/gazebo-11/plugins:/opt/ros/humble/opt/rviz_ogre_vendor/lib:/opt/ros/humble/lib/x86_64-linux-gnu:/opt/ros/humble/lib:/usr/share/gazebo/../../lib/x86_64-linux-gnu/gazebo-11/plugins:/usr/share/gazebo/../../lib/x86_64-linux-gnu/gazebo-11/plugins:/usr/share/gazebo/../../lib/x86_64-linux-gnu/gazebo-11/plugins PYTHONPATH=/home/rosario/Desktop/Sensors/LAB5/build/particle/prefix_override:/usr/lib/python3/dist-packages/colcon_core/task/python/colcon_distutils_commands:/home/rosario/Desktop/Sensors/LAB5/install/particle/lib/python3.10/site-packages:/home/rosario/Desktop/Sensors/LAB5/install/turtlebot3_perception/lib/python3.10/site-packages:/home/rosario/Desktop/Sensors/LAB5/install/landmark_msgs/local/lib/python3.10/dist-packages:${PYTHONPATH} /usr/bin/python3 -W ignore:setup.py install is deprecated setup.py develop --uninstall --editable --build-directory /home/rosario/Desktop/Sensors/LAB5/build/particle/build
[0.847s] Invoking command in '/home/rosario/Desktop/Sensors/LAB5/src/particle': AMENT_PREFIX_PATH=/home/rosario/Desktop/Sensors/LAB5/install/turtlebot3_perception:/home/rosario/Desktop/Sensors/LAB5/install/landmark_msgs:${AMENT_PREFIX_PATH} CMAKE_PREFIX_PATH=/home/rosario/Desktop/Sensors/LAB5/install/landmark_msgs LD_LIBRARY_PATH=/home/rosario/Desktop/Sensors/LAB5/install/landmark_msgs/lib:/usr/lib/x86_64-linux-gnu/gazebo-11/plugins:/opt/ros/humble/opt/rviz_ogre_vendor/lib:/opt/ros/humble/lib/x86_64-linux-gnu:/opt/ros/humble/lib:/usr/share/gazebo/../../lib/x86_64-linux-gnu/gazebo-11/plugins:/usr/share/gazebo/../../lib/x86_64-linux-gnu/gazebo-11/plugins:/usr/share/gazebo/../../lib/x86_64-linux-gnu/gazebo-11/plugins PYTHONPATH=/home/rosario/Desktop/Sensors/LAB5/build/particle/prefix_override:/usr/lib/python3/dist-packages/colcon_core/task/python/colcon_distutils_commands:/home/rosario/Desktop/Sensors/LAB5/install/particle/lib/python3.10/site-packages:/home/rosario/Desktop/Sensors/LAB5/install/turtlebot3_perception/lib/python3.10/site-packages:/home/rosario/Desktop/Sensors/LAB5/install/landmark_msgs/local/lib/python3.10/dist-packages:${PYTHONPATH} /usr/bin/python3 -W ignore:setup.py install is deprecated setup.py egg_info --egg-base ../../build/particle build --build-base /home/rosario/Desktop/Sensors/LAB5/build/particle/build install --record /home/rosario/Desktop/Sensors/LAB5/build/particle/install.log --single-version-externally-managed install_data --force
[1.012s] running egg_info
[1.012s] writing ../../build/particle/particle.egg-info/PKG-INFO
[1.012s] writing dependency_links to ../../build/particle/particle.egg-info/dependency_links.txt
[1.012s] writing entry points to ../../build/particle/particle.egg-info/entry_points.txt
[1.012s] writing requirements to ../../build/particle/particle.egg-info/requires.txt
[1.012s] writing top-level names to ../../build/particle/particle.egg-info/top_level.txt
[1.014s] reading manifest file '../../build/particle/particle.egg-info/SOURCES.txt'
[1.016s] adding license file 'LICENSE'
[1.017s] writing manifest file '../../build/particle/particle.egg-info/SOURCES.txt'
[1.017s] running build
[1.017s] running build_py
[1.017s] creating /home/rosario/Desktop/Sensors/LAB5/build/particle/build
[1.017s] creating /home/rosario/Desktop/Sensors/LAB5/build/particle/build/lib
[1.017s] creating /home/rosario/Desktop/Sensors/LAB5/build/particle/build/lib/particle
[1.018s] copying particle/pf.py -> /home/rosario/Desktop/Sensors/LAB5/build/particle/build/lib/particle
[1.018s] copying particle/probabilistic_models.py -> /home/rosario/Desktop/Sensors/LAB5/build/particle/build/lib/particle
[1.018s] copying particle/utils.py -> /home/rosario/Desktop/Sensors/LAB5/build/particle/build/lib/particle
[1.018s] copying particle/particle.py -> /home/rosario/Desktop/Sensors/LAB5/build/particle/build/lib/particle
[1.018s] copying particle/__init__.py -> /home/rosario/Desktop/Sensors/LAB5/build/particle/build/lib/particle
[1.018s] running install
[1.018s] running install_lib
[1.018s] creating /home/rosario/Desktop/Sensors/LAB5/install/particle/lib/python3.10/site-packages/particle
[1.018s] copying /home/rosario/Desktop/Sensors/LAB5/build/particle/build/lib/particle/pf.py -> /home/rosario/Desktop/Sensors/LAB5/install/particle/lib/python3.10/site-packages/particle
[1.019s] copying /home/rosario/Desktop/Sensors/LAB5/build/particle/build/lib/particle/probabilistic_models.py -> /home/rosario/Desktop/Sensors/LAB5/install/particle/lib/python3.10/site-packages/particle
[1.019s] copying /home/rosario/Desktop/Sensors/LAB5/build/particle/build/lib/particle/utils.py -> /home/rosario/Desktop/Sensors/LAB5/install/particle/lib/python3.10/site-packages/particle
[1.019s] copying /home/rosario/Desktop/Sensors/LAB5/build/particle/build/lib/particle/particle.py -> /home/rosario/Desktop/Sensors/LAB5/install/particle/lib/python3.10/site-packages/particle
[1.019s] copying /home/rosario/Desktop/Sensors/LAB5/build/particle/build/lib/particle/__init__.py -> /home/rosario/Desktop/Sensors/LAB5/install/particle/lib/python3.10/site-packages/particle
[1.019s] byte-compiling /home/rosario/Desktop/Sensors/LAB5/install/particle/lib/python3.10/site-packages/particle/pf.py to pf.cpython-310.pyc
[1.020s] byte-compiling /home/rosario/Desktop/Sensors/LAB5/install/particle/lib/python3.10/site-packages/particle/probabilistic_models.py to probabilistic_models.cpython-310.pyc
[1.020s] byte-compiling /home/rosario/Desktop/Sensors/LAB5/install/particle/lib/python3.10/site-packages/particle/utils.py to utils.cpython-310.pyc
[1.021s] byte-compiling /home/rosario/Desktop/Sensors/LAB5/install/particle/lib/python3.10/site-packages/particle/particle.py to particle.cpython-310.pyc
[1.022s] byte-compiling /home/rosario/Desktop/Sensors/LAB5/install/particle/lib/python3.10/site-packages/particle/__init__.py to __init__.cpython-310.pyc
[1.022s] running install_data
[1.022s] copying resource/particle -> /home/rosario/Desktop/Sensors/LAB5/install/particle/share/ament_index/resource_index/packages
[1.022s] copying package.xml -> /home/rosario/Desktop/Sensors/LAB5/install/particle/share/particle
[1.022s] running install_egg_info
[1.023s] Copying ../../build/particle/particle.egg-info to /home/rosario/Desktop/Sensors/LAB5/install/particle/lib/python3.10/site-packages/particle-0.0.0-py3.10.egg-info
[1.024s] running install_scripts
[1.038s] Installing particle script to /home/rosario/Desktop/Sensors/LAB5/install/particle/lib/particle
[1.039s] writing list of installed files to '/home/rosario/Desktop/Sensors/LAB5/build/particle/install.log'
[1.064s] Invoked command in '/home/rosario/Desktop/Sensors/LAB5/src/particle' returned '0': AMENT_PREFIX_PATH=/home/rosario/Desktop/Sensors/LAB5/install/turtlebot3_perception:/home/rosario/Desktop/Sensors/LAB5/install/landmark_msgs:${AMENT_PREFIX_PATH} CMAKE_PREFIX_PATH=/home/rosario/Desktop/Sensors/LAB5/install/landmark_msgs LD_LIBRARY_PATH=/home/rosario/Desktop/Sensors/LAB5/install/landmark_msgs/lib:/usr/lib/x86_64-linux-gnu/gazebo-11/plugins:/opt/ros/humble/opt/rviz_ogre_vendor/lib:/opt/ros/humble/lib/x86_64-linux-gnu:/opt/ros/humble/lib:/usr/share/gazebo/../../lib/x86_64-linux-gnu/gazebo-11/plugins:/usr/share/gazebo/../../lib/x86_64-linux-gnu/gazebo-11/plugins:/usr/share/gazebo/../../lib/x86_64-linux-gnu/gazebo-11/plugins PYTHONPATH=/home/rosario/Desktop/Sensors/LAB5/build/particle/prefix_override:/usr/lib/python3/dist-packages/colcon_core/task/python/colcon_distutils_commands:/home/rosario/Desktop/Sensors/LAB5/install/particle/lib/python3.10/site-packages:/home/rosario/Desktop/Sensors/LAB5/install/turtlebot3_perception/lib/python3.10/site-packages:/home/rosario/Desktop/Sensors/LAB5/install/landmark_msgs/local/lib/python3.10/dist-packages:${PYTHONPATH} /usr/bin/python3 -W ignore:setup.py install is deprecated setup.py egg_info --egg-base ../../build/particle build --build-base /home/rosario/Desktop/Sensors/LAB5/build/particle/build install --record /home/rosario/Desktop/Sensors/LAB5/build/particle/install.log --single-version-externally-managed install_data --force
