/home/rosario/Desktop/Sensors/LAB6/install/a_star/lib/python3.10/site-packages/a_star/pure_pursuit.py
/home/rosario/Desktop/Sensors/LAB6/install/a_star/lib/python3.10/site-packages/a_star/dijkstra.py
/home/rosario/Desktop/Sensors/LAB6/install/a_star/lib/python3.10/site-packages/a_star/lab6_pure.py
/home/rosario/Desktop/Sensors/LAB6/install/a_star/lib/python3.10/site-packages/a_star/greedy.py
/home/rosario/Desktop/Sensors/LAB6/install/a_star/lib/python3.10/site-packages/a_star/utils.py
/home/rosario/Desktop/Sensors/LAB6/install/a_star/lib/python3.10/site-packages/a_star/a_star.py
/home/rosario/Desktop/Sensors/LAB6/install/a_star/lib/python3.10/site-packages/a_star/planner_2d.py
/home/rosario/Desktop/Sensors/LAB6/install/a_star/lib/python3.10/site-packages/a_star/lab6.py
/home/rosario/Desktop/Sensors/LAB6/install/a_star/lib/python3.10/site-packages/a_star/bfs.py
/home/rosario/Desktop/Sensors/LAB6/install/a_star/lib/python3.10/site-packages/a_star/__init__.py
/home/rosario/Desktop/Sensors/LAB6/install/a_star/lib/python3.10/site-packages/a_star/__pycache__/pure_pursuit.cpython-310.pyc
/home/rosario/Desktop/Sensors/LAB6/install/a_star/lib/python3.10/site-packages/a_star/__pycache__/dijkstra.cpython-310.pyc
/home/rosario/Desktop/Sensors/LAB6/install/a_star/lib/python3.10/site-packages/a_star/__pycache__/lab6_pure.cpython-310.pyc
/home/rosario/Desktop/Sensors/LAB6/install/a_star/lib/python3.10/site-packages/a_star/__pycache__/greedy.cpython-310.pyc
/home/rosario/Desktop/Sensors/LAB6/install/a_star/lib/python3.10/site-packages/a_star/__pycache__/utils.cpython-310.pyc
/home/rosario/Desktop/Sensors/LAB6/install/a_star/lib/python3.10/site-packages/a_star/__pycache__/a_star.cpython-310.pyc
/home/rosario/Desktop/Sensors/LAB6/install/a_star/lib/python3.10/site-packages/a_star/__pycache__/planner_2d.cpython-310.pyc
/home/rosario/Desktop/Sensors/LAB6/install/a_star/lib/python3.10/site-packages/a_star/__pycache__/lab6.cpython-310.pyc
/home/rosario/Desktop/Sensors/LAB6/install/a_star/lib/python3.10/site-packages/a_star/__pycache__/bfs.cpython-310.pyc
/home/rosario/Desktop/Sensors/LAB6/install/a_star/lib/python3.10/site-packages/a_star/__pycache__/__init__.cpython-310.pyc
/home/rosario/Desktop/Sensors/LAB6/install/a_star/share/ament_index/resource_index/packages/a_star
/home/rosario/Desktop/Sensors/LAB6/install/a_star/share/a_star/package.xml
/home/rosario/Desktop/Sensors/LAB6/install/a_star/lib/python3.10/site-packages/a_star-0.0.0-py3.10.egg-info/requires.txt
/home/rosario/Desktop/Sensors/LAB6/install/a_star/lib/python3.10/site-packages/a_star-0.0.0-py3.10.egg-info/zip-safe
/home/rosario/Desktop/Sensors/LAB6/install/a_star/lib/python3.10/site-packages/a_star-0.0.0-py3.10.egg-info/entry_points.txt
/home/rosario/Desktop/Sensors/LAB6/install/a_star/lib/python3.10/site-packages/a_star-0.0.0-py3.10.egg-info/SOURCES.txt
/home/rosario/Desktop/Sensors/LAB6/install/a_star/lib/python3.10/site-packages/a_star-0.0.0-py3.10.egg-info/PKG-INFO
/home/rosario/Desktop/Sensors/LAB6/install/a_star/lib/python3.10/site-packages/a_star-0.0.0-py3.10.egg-info/top_level.txt
/home/rosario/Desktop/Sensors/LAB6/install/a_star/lib/python3.10/site-packages/a_star-0.0.0-py3.10.egg-info/dependency_links.txt
/home/rosario/Desktop/Sensors/LAB6/install/a_star/lib/a_star/lab6
/home/rosario/Desktop/Sensors/LAB6/install/a_star/lib/a_star/lab6_pure
