[0.009s] Invoking command in '/home/rosario/Desktop/Sensors/LAB4/lab04_pkg/build/turtlebot3_simulations': CMAKE_PREFIX_PATH=/home/rosario/Desktop/Sensors/LAB4/lab04_pkg/install/turtlebot3_fake_node:/home/rosario/Desktop/Sensors/LAB4/lab04_pkg/install/turtlebot3_simulations:/home/rosario/Desktop/Sensors/LAB4/lab04_pkg/install/turtlebot3_gazebo:/home/rosario/Desktop/Sensors/LAB4/lab04_pkg/install/landmark_msgs:/home/rosario/Desktop/Sensors/LAB4/lab04_pkg/install/ekf_filter:/home/rosario/Desktop/Sensors/LAB4/lab04_pkg/install/turtlebot3_perception:/opt/ros/humble /usr/bin/cmake --build /home/rosario/Desktop/Sensors/LAB4/lab04_pkg/build/turtlebot3_simulations -- -j16 -l16
[0.046s] Invoked command in '/home/rosario/Desktop/Sensors/LAB4/lab04_pkg/build/turtlebot3_simulations' returned '0': CMAKE_PREFIX_PATH=/home/rosario/Desktop/Sensors/LAB4/lab04_pkg/install/turtlebot3_fake_node:/home/rosario/Desktop/Sensors/LAB4/lab04_pkg/install/turtlebot3_simulations:/home/rosario/Desktop/Sensors/LAB4/lab04_pkg/install/turtlebot3_gazebo:/home/rosario/Desktop/Sensors/LAB4/lab04_pkg/install/landmark_msgs:/home/rosario/Desktop/Sensors/LAB4/lab04_pkg/install/ekf_filter:/home/rosario/Desktop/Sensors/LAB4/lab04_pkg/install/turtlebot3_perception:/opt/ros/humble /usr/bin/cmake --build /home/rosario/Desktop/Sensors/LAB4/lab04_pkg/build/turtlebot3_simulations -- -j16 -l16
[0.074s] Invoking command in '/home/rosario/Desktop/Sensors/LAB4/lab04_pkg/build/turtlebot3_simulations': CMAKE_PREFIX_PATH=/home/rosario/Desktop/Sensors/LAB4/lab04_pkg/install/turtlebot3_fake_node:/home/rosario/Desktop/Sensors/LAB4/lab04_pkg/install/turtlebot3_simulations:/home/rosario/Desktop/Sensors/LAB4/lab04_pkg/install/turtlebot3_gazebo:/home/rosario/Desktop/Sensors/LAB4/lab04_pkg/install/landmark_msgs:/home/rosario/Desktop/Sensors/LAB4/lab04_pkg/install/ekf_filter:/home/rosario/Desktop/Sensors/LAB4/lab04_pkg/install/turtlebot3_perception:/opt/ros/humble /usr/bin/cmake --install /home/rosario/Desktop/Sensors/LAB4/lab04_pkg/build/turtlebot3_simulations
[0.080s] -- Install configuration: ""
[0.081s] -- Up-to-date: /home/rosario/Desktop/Sensors/LAB4/lab04_pkg/install/turtlebot3_simulations/share/ament_index/resource_index/package_run_dependencies/turtlebot3_simulations
[0.081s] -- Up-to-date: /home/rosario/Desktop/Sensors/LAB4/lab04_pkg/install/turtlebot3_simulations/share/ament_index/resource_index/parent_prefix_path/turtlebot3_simulations
[0.081s] -- Up-to-date: /home/rosario/Desktop/Sensors/LAB4/lab04_pkg/install/turtlebot3_simulations/share/turtlebot3_simulations/environment/ament_prefix_path.sh
[0.081s] -- Up-to-date: /home/rosario/Desktop/Sensors/LAB4/lab04_pkg/install/turtlebot3_simulations/share/turtlebot3_simulations/environment/ament_prefix_path.dsv
[0.081s] -- Up-to-date: /home/rosario/Desktop/Sensors/LAB4/lab04_pkg/install/turtlebot3_simulations/share/turtlebot3_simulations/environment/path.sh
[0.081s] -- Up-to-date: /home/rosario/Desktop/Sensors/LAB4/lab04_pkg/install/turtlebot3_simulations/share/turtlebot3_simulations/environment/path.dsv
[0.081s] -- Up-to-date: /home/rosario/Desktop/Sensors/LAB4/lab04_pkg/install/turtlebot3_simulations/share/turtlebot3_simulations/local_setup.bash
[0.081s] -- Up-to-date: /home/rosario/Desktop/Sensors/LAB4/lab04_pkg/install/turtlebot3_simulations/share/turtlebot3_simulations/local_setup.sh
[0.081s] -- Up-to-date: /home/rosario/Desktop/Sensors/LAB4/lab04_pkg/install/turtlebot3_simulations/share/turtlebot3_simulations/local_setup.zsh
[0.081s] -- Up-to-date: /home/rosario/Desktop/Sensors/LAB4/lab04_pkg/install/turtlebot3_simulations/share/turtlebot3_simulations/local_setup.dsv
[0.081s] -- Installing: /home/rosario/Desktop/Sensors/LAB4/lab04_pkg/install/turtlebot3_simulations/share/turtlebot3_simulations/package.dsv
[0.081s] -- Up-to-date: /home/rosario/Desktop/Sensors/LAB4/lab04_pkg/install/turtlebot3_simulations/share/ament_index/resource_index/packages/turtlebot3_simulations
[0.081s] -- Up-to-date: /home/rosario/Desktop/Sensors/LAB4/lab04_pkg/install/turtlebot3_simulations/share/turtlebot3_simulations/cmake/turtlebot3_simulationsConfig.cmake
[0.081s] -- Up-to-date: /home/rosario/Desktop/Sensors/LAB4/lab04_pkg/install/turtlebot3_simulations/share/turtlebot3_simulations/cmake/turtlebot3_simulationsConfig-version.cmake
[0.081s] -- Up-to-date: /home/rosario/Desktop/Sensors/LAB4/lab04_pkg/install/turtlebot3_simulations/share/turtlebot3_simulations/package.xml
[0.083s] Invoked command in '/home/rosario/Desktop/Sensors/LAB4/lab04_pkg/build/turtlebot3_simulations' returned '0': CMAKE_PREFIX_PATH=/home/rosario/Desktop/Sensors/LAB4/lab04_pkg/install/turtlebot3_fake_node:/home/rosario/Desktop/Sensors/LAB4/lab04_pkg/install/turtlebot3_simulations:/home/rosario/Desktop/Sensors/LAB4/lab04_pkg/install/turtlebot3_gazebo:/home/rosario/Desktop/Sensors/LAB4/lab04_pkg/install/landmark_msgs:/home/rosario/Desktop/Sensors/LAB4/lab04_pkg/install/ekf_filter:/home/rosario/Desktop/Sensors/LAB4/lab04_pkg/install/turtlebot3_perception:/opt/ros/humble /usr/bin/cmake --install /home/rosario/Desktop/Sensors/LAB4/lab04_pkg/build/turtlebot3_simulations
