[0.088s] DEBUG:colcon:Command line arguments: ['/usr/bin/colcon', 'build']
[0.088s] DEBUG:colcon:Parsed command line arguments: Namespace(log_base=None, log_level=None, verb_name='build', build_base='build', install_base='install', merge_install=False, symlink_install=False, test_result_base=None, continue_on_error=False, executor='parallel', parallel_workers=16, event_handlers=None, ignore_user_meta=False, metas=['./colcon.meta'], base_paths=['.'], packages_ignore=None, packages_ignore_regex=None, paths=None, packages_up_to=None, packages_up_to_regex=None, packages_above=None, packages_above_and_dependencies=None, packages_above_depth=None, packages_select_by_dep=None, packages_skip_by_dep=None, packages_skip_up_to=None, packages_select_build_failed=False, packages_skip_build_finished=False, packages_select_test_failures=False, packages_skip_test_passed=False, packages_select=None, packages_skip=None, packages_select_regex=None, packages_skip_regex=None, packages_start=None, packages_end=None, allow_overriding=[], cmake_args=None, cmake_target=None, cmake_target_skip_unavailable=False, cmake_clean_cache=False, cmake_clean_first=False, cmake_force_configure=False, ament_cmake_args=None, catkin_cmake_args=None, catkin_skip_building_tests=False, mixin_files=None, mixin=None, verb_parser=<colcon_mixin.mixin.mixin_argument.MixinArgumentDecorator object at 0x722dafb74640>, verb_extension=<colcon_core.verb.build.BuildVerb object at 0x722dafceca60>, main=<bound method BuildVerb.main of <colcon_core.verb.build.BuildVerb object at 0x722dafceca60>>, mixin_verb=('build',))
[0.216s] Level 1:colcon.colcon_core.package_discovery:discover_packages(colcon_meta) check parameters
[0.216s] Level 1:colcon.colcon_core.package_discovery:discover_packages(recursive) check parameters
[0.216s] Level 1:colcon.colcon_core.package_discovery:discover_packages(ignore) check parameters
[0.216s] Level 1:colcon.colcon_core.package_discovery:discover_packages(path) check parameters
[0.216s] Level 1:colcon.colcon_core.package_discovery:discover_packages(colcon_meta) discover
[0.216s] Level 1:colcon.colcon_core.package_discovery:discover_packages(recursive) discover
[0.216s] INFO:colcon.colcon_core.package_discovery:Crawling recursively for packages in '/home/rosario/Desktop/Sensors/LAB6'
[0.216s] Level 1:colcon.colcon_core.package_identification:_identify(.) by extensions ['ignore', 'ignore_ament_install']
[0.216s] Level 1:colcon.colcon_core.package_identification:_identify(.) by extension 'ignore'
[0.216s] Level 1:colcon.colcon_core.package_identification:_identify(.) by extension 'ignore_ament_install'
[0.216s] Level 1:colcon.colcon_core.package_identification:_identify(.) by extensions ['colcon_pkg']
[0.216s] Level 1:colcon.colcon_core.package_identification:_identify(.) by extension 'colcon_pkg'
[0.216s] Level 1:colcon.colcon_core.package_identification:_identify(.) by extensions ['colcon_meta']
[0.216s] Level 1:colcon.colcon_core.package_identification:_identify(.) by extension 'colcon_meta'
[0.216s] Level 1:colcon.colcon_core.package_identification:_identify(.) by extensions ['ros']
[0.216s] Level 1:colcon.colcon_core.package_identification:_identify(.) by extension 'ros'
[0.235s] Level 1:colcon.colcon_core.package_identification:_identify(.) by extensions ['cmake', 'python']
[0.235s] Level 1:colcon.colcon_core.package_identification:_identify(.) by extension 'cmake'
[0.235s] Level 1:colcon.colcon_core.package_identification:_identify(.) by extension 'python'
[0.235s] Level 1:colcon.colcon_core.package_identification:_identify(.) by extensions ['python_setup_py']
[0.235s] Level 1:colcon.colcon_core.package_identification:_identify(.) by extension 'python_setup_py'
[0.235s] Level 1:colcon.colcon_core.package_identification:_identify(build) by extensions ['ignore', 'ignore_ament_install']
[0.235s] Level 1:colcon.colcon_core.package_identification:_identify(build) by extension 'ignore'
[0.235s] Level 1:colcon.colcon_core.package_identification:_identify(build) ignored
[0.235s] Level 1:colcon.colcon_core.package_identification:_identify(install) by extensions ['ignore', 'ignore_ament_install']
[0.236s] Level 1:colcon.colcon_core.package_identification:_identify(install) by extension 'ignore'
[0.236s] Level 1:colcon.colcon_core.package_identification:_identify(install) ignored
[0.236s] Level 1:colcon.colcon_core.package_identification:_identify(log) by extensions ['ignore', 'ignore_ament_install']
[0.236s] Level 1:colcon.colcon_core.package_identification:_identify(log) by extension 'ignore'
[0.236s] Level 1:colcon.colcon_core.package_identification:_identify(log) ignored
[0.236s] Level 1:colcon.colcon_core.package_identification:_identify(src) by extensions ['ignore', 'ignore_ament_install']
[0.236s] Level 1:colcon.colcon_core.package_identification:_identify(src) by extension 'ignore'
[0.236s] Level 1:colcon.colcon_core.package_identification:_identify(src) by extension 'ignore_ament_install'
[0.236s] Level 1:colcon.colcon_core.package_identification:_identify(src) by extensions ['colcon_pkg']
[0.236s] Level 1:colcon.colcon_core.package_identification:_identify(src) by extension 'colcon_pkg'
[0.236s] Level 1:colcon.colcon_core.package_identification:_identify(src) by extensions ['colcon_meta']
[0.236s] Level 1:colcon.colcon_core.package_identification:_identify(src) by extension 'colcon_meta'
[0.236s] Level 1:colcon.colcon_core.package_identification:_identify(src) by extensions ['ros']
[0.236s] Level 1:colcon.colcon_core.package_identification:_identify(src) by extension 'ros'
[0.236s] Level 1:colcon.colcon_core.package_identification:_identify(src) by extensions ['cmake', 'python']
[0.236s] Level 1:colcon.colcon_core.package_identification:_identify(src) by extension 'cmake'
[0.236s] Level 1:colcon.colcon_core.package_identification:_identify(src) by extension 'python'
[0.236s] Level 1:colcon.colcon_core.package_identification:_identify(src) by extensions ['python_setup_py']
[0.236s] Level 1:colcon.colcon_core.package_identification:_identify(src) by extension 'python_setup_py'
[0.236s] Level 1:colcon.colcon_core.package_identification:_identify(src/a_star) by extensions ['ignore', 'ignore_ament_install']
[0.236s] Level 1:colcon.colcon_core.package_identification:_identify(src/a_star) by extension 'ignore'
[0.236s] Level 1:colcon.colcon_core.package_identification:_identify(src/a_star) by extension 'ignore_ament_install'
[0.236s] Level 1:colcon.colcon_core.package_identification:_identify(src/a_star) by extensions ['colcon_pkg']
[0.236s] Level 1:colcon.colcon_core.package_identification:_identify(src/a_star) by extension 'colcon_pkg'
[0.236s] Level 1:colcon.colcon_core.package_identification:_identify(src/a_star) by extensions ['colcon_meta']
[0.236s] Level 1:colcon.colcon_core.package_identification:_identify(src/a_star) by extension 'colcon_meta'
[0.236s] Level 1:colcon.colcon_core.package_identification:_identify(src/a_star) by extensions ['ros']
[0.236s] Level 1:colcon.colcon_core.package_identification:_identify(src/a_star) by extension 'ros'
[0.238s] DEBUG:colcon.colcon_core.package_identification:Package 'src/a_star' with type 'ros.ament_python' and name 'a_star'
[0.238s] Level 1:colcon.colcon_core.package_identification:_identify(src/turtlebot3_perception) by extensions ['ignore', 'ignore_ament_install']
[0.239s] Level 1:colcon.colcon_core.package_identification:_identify(src/turtlebot3_perception) by extension 'ignore'
[0.239s] Level 1:colcon.colcon_core.package_identification:_identify(src/turtlebot3_perception) by extension 'ignore_ament_install'
[0.239s] Level 1:colcon.colcon_core.package_identification:_identify(src/turtlebot3_perception) by extensions ['colcon_pkg']
[0.239s] Level 1:colcon.colcon_core.package_identification:_identify(src/turtlebot3_perception) by extension 'colcon_pkg'
[0.239s] Level 1:colcon.colcon_core.package_identification:_identify(src/turtlebot3_perception) by extensions ['colcon_meta']
[0.239s] Level 1:colcon.colcon_core.package_identification:_identify(src/turtlebot3_perception) by extension 'colcon_meta'
[0.239s] Level 1:colcon.colcon_core.package_identification:_identify(src/turtlebot3_perception) by extensions ['ros']
[0.239s] Level 1:colcon.colcon_core.package_identification:_identify(src/turtlebot3_perception) by extension 'ros'
[0.239s] Level 1:colcon.colcon_core.package_identification:_identify(src/turtlebot3_perception) by extensions ['cmake', 'python']
[0.239s] Level 1:colcon.colcon_core.package_identification:_identify(src/turtlebot3_perception) by extension 'cmake'
[0.239s] Level 1:colcon.colcon_core.package_identification:_identify(src/turtlebot3_perception) by extension 'python'
[0.239s] Level 1:colcon.colcon_core.package_identification:_identify(src/turtlebot3_perception) by extensions ['python_setup_py']
[0.239s] Level 1:colcon.colcon_core.package_identification:_identify(src/turtlebot3_perception) by extension 'python_setup_py'
[0.239s] Level 1:colcon.colcon_core.package_identification:_identify(src/turtlebot3_perception/landmark_msgs) by extensions ['ignore', 'ignore_ament_install']
[0.239s] Level 1:colcon.colcon_core.package_identification:_identify(src/turtlebot3_perception/landmark_msgs) by extension 'ignore'
[0.239s] Level 1:colcon.colcon_core.package_identification:_identify(src/turtlebot3_perception/landmark_msgs) by extension 'ignore_ament_install'
[0.239s] Level 1:colcon.colcon_core.package_identification:_identify(src/turtlebot3_perception/landmark_msgs) by extensions ['colcon_pkg']
[0.239s] Level 1:colcon.colcon_core.package_identification:_identify(src/turtlebot3_perception/landmark_msgs) by extension 'colcon_pkg'
[0.239s] Level 1:colcon.colcon_core.package_identification:_identify(src/turtlebot3_perception/landmark_msgs) by extensions ['colcon_meta']
[0.239s] Level 1:colcon.colcon_core.package_identification:_identify(src/turtlebot3_perception/landmark_msgs) by extension 'colcon_meta'
[0.239s] Level 1:colcon.colcon_core.package_identification:_identify(src/turtlebot3_perception/landmark_msgs) by extensions ['ros']
[0.239s] Level 1:colcon.colcon_core.package_identification:_identify(src/turtlebot3_perception/landmark_msgs) by extension 'ros'
[0.239s] DEBUG:colcon.colcon_core.package_identification:Package 'src/turtlebot3_perception/landmark_msgs' with type 'ros.ament_cmake' and name 'landmark_msgs'
[0.239s] Level 1:colcon.colcon_core.package_identification:_identify(src/turtlebot3_perception/turtlebot3_perception) by extensions ['ignore', 'ignore_ament_install']
[0.240s] Level 1:colcon.colcon_core.package_identification:_identify(src/turtlebot3_perception/turtlebot3_perception) by extension 'ignore'
[0.240s] Level 1:colcon.colcon_core.package_identification:_identify(src/turtlebot3_perception/turtlebot3_perception) by extension 'ignore_ament_install'
[0.240s] Level 1:colcon.colcon_core.package_identification:_identify(src/turtlebot3_perception/turtlebot3_perception) by extensions ['colcon_pkg']
[0.240s] Level 1:colcon.colcon_core.package_identification:_identify(src/turtlebot3_perception/turtlebot3_perception) by extension 'colcon_pkg'
[0.240s] Level 1:colcon.colcon_core.package_identification:_identify(src/turtlebot3_perception/turtlebot3_perception) by extensions ['colcon_meta']
[0.240s] Level 1:colcon.colcon_core.package_identification:_identify(src/turtlebot3_perception/turtlebot3_perception) by extension 'colcon_meta'
[0.240s] Level 1:colcon.colcon_core.package_identification:_identify(src/turtlebot3_perception/turtlebot3_perception) by extensions ['ros']
[0.240s] Level 1:colcon.colcon_core.package_identification:_identify(src/turtlebot3_perception/turtlebot3_perception) by extension 'ros'
[0.241s] DEBUG:colcon.colcon_core.package_identification:Package 'src/turtlebot3_perception/turtlebot3_perception' with type 'ros.ament_python' and name 'turtlebot3_perception'
[0.241s] Level 1:colcon.colcon_core.package_identification:_identify(src/turtlebot3_simulations) by extensions ['ignore', 'ignore_ament_install']
[0.241s] Level 1:colcon.colcon_core.package_identification:_identify(src/turtlebot3_simulations) by extension 'ignore'
[0.241s] Level 1:colcon.colcon_core.package_identification:_identify(src/turtlebot3_simulations) by extension 'ignore_ament_install'
[0.241s] Level 1:colcon.colcon_core.package_identification:_identify(src/turtlebot3_simulations) by extensions ['colcon_pkg']
[0.241s] Level 1:colcon.colcon_core.package_identification:_identify(src/turtlebot3_simulations) by extension 'colcon_pkg'
[0.241s] Level 1:colcon.colcon_core.package_identification:_identify(src/turtlebot3_simulations) by extensions ['colcon_meta']
[0.241s] Level 1:colcon.colcon_core.package_identification:_identify(src/turtlebot3_simulations) by extension 'colcon_meta'
[0.241s] Level 1:colcon.colcon_core.package_identification:_identify(src/turtlebot3_simulations) by extensions ['ros']
[0.241s] Level 1:colcon.colcon_core.package_identification:_identify(src/turtlebot3_simulations) by extension 'ros'
[0.241s] Level 1:colcon.colcon_core.package_identification:_identify(src/turtlebot3_simulations) by extensions ['cmake', 'python']
[0.241s] Level 1:colcon.colcon_core.package_identification:_identify(src/turtlebot3_simulations) by extension 'cmake'
[0.241s] Level 1:colcon.colcon_core.package_identification:_identify(src/turtlebot3_simulations) by extension 'python'
[0.241s] Level 1:colcon.colcon_core.package_identification:_identify(src/turtlebot3_simulations) by extensions ['python_setup_py']
[0.241s] Level 1:colcon.colcon_core.package_identification:_identify(src/turtlebot3_simulations) by extension 'python_setup_py'
[0.241s] Level 1:colcon.colcon_core.package_identification:_identify(src/turtlebot3_simulations/turtlebot3_fake_node) by extensions ['ignore', 'ignore_ament_install']
[0.241s] Level 1:colcon.colcon_core.package_identification:_identify(src/turtlebot3_simulations/turtlebot3_fake_node) by extension 'ignore'
[0.241s] Level 1:colcon.colcon_core.package_identification:_identify(src/turtlebot3_simulations/turtlebot3_fake_node) by extension 'ignore_ament_install'
[0.241s] Level 1:colcon.colcon_core.package_identification:_identify(src/turtlebot3_simulations/turtlebot3_fake_node) by extensions ['colcon_pkg']
[0.241s] Level 1:colcon.colcon_core.package_identification:_identify(src/turtlebot3_simulations/turtlebot3_fake_node) by extension 'colcon_pkg'
[0.241s] Level 1:colcon.colcon_core.package_identification:_identify(src/turtlebot3_simulations/turtlebot3_fake_node) by extensions ['colcon_meta']
[0.241s] Level 1:colcon.colcon_core.package_identification:_identify(src/turtlebot3_simulations/turtlebot3_fake_node) by extension 'colcon_meta'
[0.241s] Level 1:colcon.colcon_core.package_identification:_identify(src/turtlebot3_simulations/turtlebot3_fake_node) by extensions ['ros']
[0.241s] Level 1:colcon.colcon_core.package_identification:_identify(src/turtlebot3_simulations/turtlebot3_fake_node) by extension 'ros'
[0.242s] DEBUG:colcon.colcon_core.package_identification:Package 'src/turtlebot3_simulations/turtlebot3_fake_node' with type 'ros.ament_cmake' and name 'turtlebot3_fake_node'
[0.242s] Level 1:colcon.colcon_core.package_identification:_identify(src/turtlebot3_simulations/turtlebot3_gazebo) by extensions ['ignore', 'ignore_ament_install']
[0.242s] Level 1:colcon.colcon_core.package_identification:_identify(src/turtlebot3_simulations/turtlebot3_gazebo) by extension 'ignore'
[0.242s] Level 1:colcon.colcon_core.package_identification:_identify(src/turtlebot3_simulations/turtlebot3_gazebo) by extension 'ignore_ament_install'
[0.242s] Level 1:colcon.colcon_core.package_identification:_identify(src/turtlebot3_simulations/turtlebot3_gazebo) by extensions ['colcon_pkg']
[0.242s] Level 1:colcon.colcon_core.package_identification:_identify(src/turtlebot3_simulations/turtlebot3_gazebo) by extension 'colcon_pkg'
[0.242s] Level 1:colcon.colcon_core.package_identification:_identify(src/turtlebot3_simulations/turtlebot3_gazebo) by extensions ['colcon_meta']
[0.242s] Level 1:colcon.colcon_core.package_identification:_identify(src/turtlebot3_simulations/turtlebot3_gazebo) by extension 'colcon_meta'
[0.242s] Level 1:colcon.colcon_core.package_identification:_identify(src/turtlebot3_simulations/turtlebot3_gazebo) by extensions ['ros']
[0.242s] Level 1:colcon.colcon_core.package_identification:_identify(src/turtlebot3_simulations/turtlebot3_gazebo) by extension 'ros'
[0.243s] DEBUG:colcon.colcon_core.package_identification:Package 'src/turtlebot3_simulations/turtlebot3_gazebo' with type 'ros.ament_cmake' and name 'turtlebot3_gazebo'
[0.243s] Level 1:colcon.colcon_core.package_identification:_identify(src/turtlebot3_simulations/turtlebot3_ignition) by extensions ['ignore', 'ignore_ament_install']
[0.243s] Level 1:colcon.colcon_core.package_identification:_identify(src/turtlebot3_simulations/turtlebot3_ignition) by extension 'ignore'
[0.243s] Level 1:colcon.colcon_core.package_identification:_identify(src/turtlebot3_simulations/turtlebot3_ignition) ignored
[0.243s] Level 1:colcon.colcon_core.package_identification:_identify(src/turtlebot3_simulations/turtlebot3_simulations) by extensions ['ignore', 'ignore_ament_install']
[0.243s] Level 1:colcon.colcon_core.package_identification:_identify(src/turtlebot3_simulations/turtlebot3_simulations) by extension 'ignore'
[0.243s] Level 1:colcon.colcon_core.package_identification:_identify(src/turtlebot3_simulations/turtlebot3_simulations) by extension 'ignore_ament_install'
[0.243s] Level 1:colcon.colcon_core.package_identification:_identify(src/turtlebot3_simulations/turtlebot3_simulations) by extensions ['colcon_pkg']
[0.243s] Level 1:colcon.colcon_core.package_identification:_identify(src/turtlebot3_simulations/turtlebot3_simulations) by extension 'colcon_pkg'
[0.243s] Level 1:colcon.colcon_core.package_identification:_identify(src/turtlebot3_simulations/turtlebot3_simulations) by extensions ['colcon_meta']
[0.243s] Level 1:colcon.colcon_core.package_identification:_identify(src/turtlebot3_simulations/turtlebot3_simulations) by extension 'colcon_meta'
[0.243s] Level 1:colcon.colcon_core.package_identification:_identify(src/turtlebot3_simulations/turtlebot3_simulations) by extensions ['ros']
[0.243s] Level 1:colcon.colcon_core.package_identification:_identify(src/turtlebot3_simulations/turtlebot3_simulations) by extension 'ros'
[0.243s] DEBUG:colcon.colcon_core.package_identification:Package 'src/turtlebot3_simulations/turtlebot3_simulations' with type 'ros.ament_cmake' and name 'turtlebot3_simulations'
[0.243s] Level 1:colcon.colcon_core.package_discovery:discover_packages(recursive) using defaults
[0.243s] Level 1:colcon.colcon_core.package_discovery:discover_packages(ignore) discover
[0.243s] Level 1:colcon.colcon_core.package_discovery:discover_packages(ignore) using defaults
[0.243s] Level 1:colcon.colcon_core.package_discovery:discover_packages(path) discover
[0.243s] Level 1:colcon.colcon_core.package_discovery:discover_packages(path) using defaults
[0.260s] Level 1:colcon.colcon_core.package_discovery:discover_packages(prefix_path) check parameters
[0.260s] Level 1:colcon.colcon_core.package_discovery:discover_packages(prefix_path) discover
[0.262s] DEBUG:colcon.colcon_installed_package_information.package_discovery:Found 6 installed packages in /home/rosario/Desktop/Sensors/LAB6/install
[0.264s] DEBUG:colcon.colcon_installed_package_information.package_discovery:Found 396 installed packages in /opt/ros/humble
[0.265s] Level 1:colcon.colcon_core.package_discovery:discover_packages(prefix_path) using defaults
[0.298s] Level 5:colcon.colcon_core.verb:set package 'landmark_msgs' build argument 'cmake_args' from command line to 'None'
[0.298s] Level 5:colcon.colcon_core.verb:set package 'landmark_msgs' build argument 'cmake_target' from command line to 'None'
[0.298s] Level 5:colcon.colcon_core.verb:set package 'landmark_msgs' build argument 'cmake_target_skip_unavailable' from command line to 'False'
[0.298s] Level 5:colcon.colcon_core.verb:set package 'landmark_msgs' build argument 'cmake_clean_cache' from command line to 'False'
[0.298s] Level 5:colcon.colcon_core.verb:set package 'landmark_msgs' build argument 'cmake_clean_first' from command line to 'False'
[0.298s] Level 5:colcon.colcon_core.verb:set package 'landmark_msgs' build argument 'cmake_force_configure' from command line to 'False'
[0.298s] Level 5:colcon.colcon_core.verb:set package 'landmark_msgs' build argument 'ament_cmake_args' from command line to 'None'
[0.298s] Level 5:colcon.colcon_core.verb:set package 'landmark_msgs' build argument 'catkin_cmake_args' from command line to 'None'
[0.298s] Level 5:colcon.colcon_core.verb:set package 'landmark_msgs' build argument 'catkin_skip_building_tests' from command line to 'False'
[0.298s] DEBUG:colcon.colcon_core.verb:Building package 'landmark_msgs' with the following arguments: {'ament_cmake_args': None, 'build_base': '/home/rosario/Desktop/Sensors/LAB6/build/landmark_msgs', 'catkin_cmake_args': None, 'catkin_skip_building_tests': False, 'cmake_args': None, 'cmake_clean_cache': False, 'cmake_clean_first': False, 'cmake_force_configure': False, 'cmake_target': None, 'cmake_target_skip_unavailable': False, 'install_base': '/home/rosario/Desktop/Sensors/LAB6/install/landmark_msgs', 'merge_install': False, 'path': '/home/rosario/Desktop/Sensors/LAB6/src/turtlebot3_perception/landmark_msgs', 'symlink_install': False, 'test_result_base': None}
[0.298s] Level 5:colcon.colcon_core.verb:set package 'turtlebot3_fake_node' build argument 'cmake_args' from command line to 'None'
[0.298s] Level 5:colcon.colcon_core.verb:set package 'turtlebot3_fake_node' build argument 'cmake_target' from command line to 'None'
[0.298s] Level 5:colcon.colcon_core.verb:set package 'turtlebot3_fake_node' build argument 'cmake_target_skip_unavailable' from command line to 'False'
[0.298s] Level 5:colcon.colcon_core.verb:set package 'turtlebot3_fake_node' build argument 'cmake_clean_cache' from command line to 'False'
[0.298s] Level 5:colcon.colcon_core.verb:set package 'turtlebot3_fake_node' build argument 'cmake_clean_first' from command line to 'False'
[0.298s] Level 5:colcon.colcon_core.verb:set package 'turtlebot3_fake_node' build argument 'cmake_force_configure' from command line to 'False'
[0.298s] Level 5:colcon.colcon_core.verb:set package 'turtlebot3_fake_node' build argument 'ament_cmake_args' from command line to 'None'
[0.298s] Level 5:colcon.colcon_core.verb:set package 'turtlebot3_fake_node' build argument 'catkin_cmake_args' from command line to 'None'
[0.298s] Level 5:colcon.colcon_core.verb:set package 'turtlebot3_fake_node' build argument 'catkin_skip_building_tests' from command line to 'False'
[0.298s] DEBUG:colcon.colcon_core.verb:Building package 'turtlebot3_fake_node' with the following arguments: {'ament_cmake_args': None, 'build_base': '/home/rosario/Desktop/Sensors/LAB6/build/turtlebot3_fake_node', 'catkin_cmake_args': None, 'catkin_skip_building_tests': False, 'cmake_args': None, 'cmake_clean_cache': False, 'cmake_clean_first': False, 'cmake_force_configure': False, 'cmake_target': None, 'cmake_target_skip_unavailable': False, 'install_base': '/home/rosario/Desktop/Sensors/LAB6/install/turtlebot3_fake_node', 'merge_install': False, 'path': '/home/rosario/Desktop/Sensors/LAB6/src/turtlebot3_simulations/turtlebot3_fake_node', 'symlink_install': False, 'test_result_base': None}
[0.298s] Level 5:colcon.colcon_core.verb:set package 'turtlebot3_gazebo' build argument 'cmake_args' from command line to 'None'
[0.298s] Level 5:colcon.colcon_core.verb:set package 'turtlebot3_gazebo' build argument 'cmake_target' from command line to 'None'
[0.298s] Level 5:colcon.colcon_core.verb:set package 'turtlebot3_gazebo' build argument 'cmake_target_skip_unavailable' from command line to 'False'
[0.298s] Level 5:colcon.colcon_core.verb:set package 'turtlebot3_gazebo' build argument 'cmake_clean_cache' from command line to 'False'
[0.298s] Level 5:colcon.colcon_core.verb:set package 'turtlebot3_gazebo' build argument 'cmake_clean_first' from command line to 'False'
[0.298s] Level 5:colcon.colcon_core.verb:set package 'turtlebot3_gazebo' build argument 'cmake_force_configure' from command line to 'False'
[0.298s] Level 5:colcon.colcon_core.verb:set package 'turtlebot3_gazebo' build argument 'ament_cmake_args' from command line to 'None'
[0.298s] Level 5:colcon.colcon_core.verb:set package 'turtlebot3_gazebo' build argument 'catkin_cmake_args' from command line to 'None'
[0.298s] Level 5:colcon.colcon_core.verb:set package 'turtlebot3_gazebo' build argument 'catkin_skip_building_tests' from command line to 'False'
[0.298s] DEBUG:colcon.colcon_core.verb:Building package 'turtlebot3_gazebo' with the following arguments: {'ament_cmake_args': None, 'build_base': '/home/rosario/Desktop/Sensors/LAB6/build/turtlebot3_gazebo', 'catkin_cmake_args': None, 'catkin_skip_building_tests': False, 'cmake_args': None, 'cmake_clean_cache': False, 'cmake_clean_first': False, 'cmake_force_configure': False, 'cmake_target': None, 'cmake_target_skip_unavailable': False, 'install_base': '/home/rosario/Desktop/Sensors/LAB6/install/turtlebot3_gazebo', 'merge_install': False, 'path': '/home/rosario/Desktop/Sensors/LAB6/src/turtlebot3_simulations/turtlebot3_gazebo', 'symlink_install': False, 'test_result_base': None}
[0.299s] Level 5:colcon.colcon_core.verb:set package 'turtlebot3_perception' build argument 'cmake_args' from command line to 'None'
[0.299s] Level 5:colcon.colcon_core.verb:set package 'turtlebot3_perception' build argument 'cmake_target' from command line to 'None'
[0.299s] Level 5:colcon.colcon_core.verb:set package 'turtlebot3_perception' build argument 'cmake_target_skip_unavailable' from command line to 'False'
[0.299s] Level 5:colcon.colcon_core.verb:set package 'turtlebot3_perception' build argument 'cmake_clean_cache' from command line to 'False'
[0.299s] Level 5:colcon.colcon_core.verb:set package 'turtlebot3_perception' build argument 'cmake_clean_first' from command line to 'False'
[0.299s] Level 5:colcon.colcon_core.verb:set package 'turtlebot3_perception' build argument 'cmake_force_configure' from command line to 'False'
[0.299s] Level 5:colcon.colcon_core.verb:set package 'turtlebot3_perception' build argument 'ament_cmake_args' from command line to 'None'
[0.299s] Level 5:colcon.colcon_core.verb:set package 'turtlebot3_perception' build argument 'catkin_cmake_args' from command line to 'None'
[0.299s] Level 5:colcon.colcon_core.verb:set package 'turtlebot3_perception' build argument 'catkin_skip_building_tests' from command line to 'False'
[0.299s] DEBUG:colcon.colcon_core.verb:Building package 'turtlebot3_perception' with the following arguments: {'ament_cmake_args': None, 'build_base': '/home/rosario/Desktop/Sensors/LAB6/build/turtlebot3_perception', 'catkin_cmake_args': None, 'catkin_skip_building_tests': False, 'cmake_args': None, 'cmake_clean_cache': False, 'cmake_clean_first': False, 'cmake_force_configure': False, 'cmake_target': None, 'cmake_target_skip_unavailable': False, 'install_base': '/home/rosario/Desktop/Sensors/LAB6/install/turtlebot3_perception', 'merge_install': False, 'path': '/home/rosario/Desktop/Sensors/LAB6/src/turtlebot3_perception/turtlebot3_perception', 'symlink_install': False, 'test_result_base': None}
[0.299s] Level 5:colcon.colcon_core.verb:set package 'turtlebot3_simulations' build argument 'cmake_args' from command line to 'None'
[0.299s] Level 5:colcon.colcon_core.verb:set package 'turtlebot3_simulations' build argument 'cmake_target' from command line to 'None'
[0.299s] Level 5:colcon.colcon_core.verb:set package 'turtlebot3_simulations' build argument 'cmake_target_skip_unavailable' from command line to 'False'
[0.299s] Level 5:colcon.colcon_core.verb:set package 'turtlebot3_simulations' build argument 'cmake_clean_cache' from command line to 'False'
[0.299s] Level 5:colcon.colcon_core.verb:set package 'turtlebot3_simulations' build argument 'cmake_clean_first' from command line to 'False'
[0.299s] Level 5:colcon.colcon_core.verb:set package 'turtlebot3_simulations' build argument 'cmake_force_configure' from command line to 'False'
[0.299s] Level 5:colcon.colcon_core.verb:set package 'turtlebot3_simulations' build argument 'ament_cmake_args' from command line to 'None'
[0.299s] Level 5:colcon.colcon_core.verb:set package 'turtlebot3_simulations' build argument 'catkin_cmake_args' from command line to 'None'
[0.299s] Level 5:colcon.colcon_core.verb:set package 'turtlebot3_simulations' build argument 'catkin_skip_building_tests' from command line to 'False'
[0.299s] DEBUG:colcon.colcon_core.verb:Building package 'turtlebot3_simulations' with the following arguments: {'ament_cmake_args': None, 'build_base': '/home/rosario/Desktop/Sensors/LAB6/build/turtlebot3_simulations', 'catkin_cmake_args': None, 'catkin_skip_building_tests': False, 'cmake_args': None, 'cmake_clean_cache': False, 'cmake_clean_first': False, 'cmake_force_configure': False, 'cmake_target': None, 'cmake_target_skip_unavailable': False, 'install_base': '/home/rosario/Desktop/Sensors/LAB6/install/turtlebot3_simulations', 'merge_install': False, 'path': '/home/rosario/Desktop/Sensors/LAB6/src/turtlebot3_simulations/turtlebot3_simulations', 'symlink_install': False, 'test_result_base': None}
[0.299s] Level 5:colcon.colcon_core.verb:set package 'a_star' build argument 'cmake_args' from command line to 'None'
[0.299s] Level 5:colcon.colcon_core.verb:set package 'a_star' build argument 'cmake_target' from command line to 'None'
[0.299s] Level 5:colcon.colcon_core.verb:set package 'a_star' build argument 'cmake_target_skip_unavailable' from command line to 'False'
[0.299s] Level 5:colcon.colcon_core.verb:set package 'a_star' build argument 'cmake_clean_cache' from command line to 'False'
[0.299s] Level 5:colcon.colcon_core.verb:set package 'a_star' build argument 'cmake_clean_first' from command line to 'False'
[0.299s] Level 5:colcon.colcon_core.verb:set package 'a_star' build argument 'cmake_force_configure' from command line to 'False'
[0.299s] Level 5:colcon.colcon_core.verb:set package 'a_star' build argument 'ament_cmake_args' from command line to 'None'
[0.299s] Level 5:colcon.colcon_core.verb:set package 'a_star' build argument 'catkin_cmake_args' from command line to 'None'
[0.299s] Level 5:colcon.colcon_core.verb:set package 'a_star' build argument 'catkin_skip_building_tests' from command line to 'False'
[0.299s] DEBUG:colcon.colcon_core.verb:Building package 'a_star' with the following arguments: {'ament_cmake_args': None, 'build_base': '/home/rosario/Desktop/Sensors/LAB6/build/a_star', 'catkin_cmake_args': None, 'catkin_skip_building_tests': False, 'cmake_args': None, 'cmake_clean_cache': False, 'cmake_clean_first': False, 'cmake_force_configure': False, 'cmake_target': None, 'cmake_target_skip_unavailable': False, 'install_base': '/home/rosario/Desktop/Sensors/LAB6/install/a_star', 'merge_install': False, 'path': '/home/rosario/Desktop/Sensors/LAB6/src/a_star', 'symlink_install': False, 'test_result_base': None}
[0.299s] INFO:colcon.colcon_core.executor:Executing jobs using 'parallel' executor
[0.301s] DEBUG:colcon.colcon_parallel_executor.executor.parallel:run_until_complete
[0.301s] INFO:colcon.colcon_ros.task.ament_cmake.build:Building ROS package in '/home/rosario/Desktop/Sensors/LAB6/src/turtlebot3_perception/landmark_msgs' with build type 'ament_cmake'
[0.301s] INFO:colcon.colcon_cmake.task.cmake.build:Building CMake package in '/home/rosario/Desktop/Sensors/LAB6/src/turtlebot3_perception/landmark_msgs'
[0.303s] INFO:colcon.colcon_core.plugin_system:Skipping extension 'colcon_core.shell.bat': Not used on non-Windows systems
[0.303s] INFO:colcon.colcon_core.shell:Skip shell extension 'powershell' for command environment: Not usable outside of PowerShell
[0.303s] DEBUG:colcon.colcon_core.shell:Skip shell extension 'dsv' for command environment
[0.306s] INFO:colcon.colcon_ros.task.ament_cmake.build:Building ROS package in '/home/rosario/Desktop/Sensors/LAB6/src/turtlebot3_simulations/turtlebot3_fake_node' with build type 'ament_cmake'
[0.307s] INFO:colcon.colcon_cmake.task.cmake.build:Building CMake package in '/home/rosario/Desktop/Sensors/LAB6/src/turtlebot3_simulations/turtlebot3_fake_node'
[0.307s] INFO:colcon.colcon_core.shell:Skip shell extension 'powershell' for command environment: Not usable outside of PowerShell
[0.307s] DEBUG:colcon.colcon_core.shell:Skip shell extension 'dsv' for command environment
[0.310s] INFO:colcon.colcon_ros.task.ament_cmake.build:Building ROS package in '/home/rosario/Desktop/Sensors/LAB6/src/turtlebot3_simulations/turtlebot3_gazebo' with build type 'ament_cmake'
[0.310s] INFO:colcon.colcon_cmake.task.cmake.build:Building CMake package in '/home/rosario/Desktop/Sensors/LAB6/src/turtlebot3_simulations/turtlebot3_gazebo'
[0.310s] INFO:colcon.colcon_core.shell:Skip shell extension 'powershell' for command environment: Not usable outside of PowerShell
[0.310s] DEBUG:colcon.colcon_core.shell:Skip shell extension 'dsv' for command environment
[0.320s] DEBUG:colcon.colcon_core.event_handler.log_command:Invoking command in '/home/rosario/Desktop/Sensors/LAB6/build/landmark_msgs': CMAKE_PREFIX_PATH=${CMAKE_PREFIX_PATH}:/home/rosario/Desktop/Sensors/LAB6/install/a_star:/home/rosario/Desktop/Sensors/LAB6/install/turtlebot3_perception:/opt/ros/humble /usr/bin/cmake --build /home/rosario/Desktop/Sensors/LAB6/build/landmark_msgs -- -j16 -l16
[0.324s] DEBUG:colcon.colcon_core.event_handler.log_command:Invoking command in '/home/rosario/Desktop/Sensors/LAB6/build/turtlebot3_fake_node': CMAKE_PREFIX_PATH=${CMAKE_PREFIX_PATH}:/home/rosario/Desktop/Sensors/LAB6/install/a_star:/home/rosario/Desktop/Sensors/LAB6/install/turtlebot3_perception:/opt/ros/humble /usr/bin/cmake --build /home/rosario/Desktop/Sensors/LAB6/build/turtlebot3_fake_node -- -j16 -l16
[0.330s] DEBUG:colcon.colcon_core.event_handler.log_command:Invoking command in '/home/rosario/Desktop/Sensors/LAB6/build/turtlebot3_gazebo': CMAKE_PREFIX_PATH=${CMAKE_PREFIX_PATH}:/home/rosario/Desktop/Sensors/LAB6/install/a_star:/home/rosario/Desktop/Sensors/LAB6/install/turtlebot3_perception:/opt/ros/humble /usr/bin/cmake --build /home/rosario/Desktop/Sensors/LAB6/build/turtlebot3_gazebo -- -j16 -l16
[0.411s] DEBUG:colcon.colcon_core.event_handler.log_command:Invoked command in '/home/rosario/Desktop/Sensors/LAB6/build/turtlebot3_fake_node' returned '0': CMAKE_PREFIX_PATH=${CMAKE_PREFIX_PATH}:/home/rosario/Desktop/Sensors/LAB6/install/a_star:/home/rosario/Desktop/Sensors/LAB6/install/turtlebot3_perception:/opt/ros/humble /usr/bin/cmake --build /home/rosario/Desktop/Sensors/LAB6/build/turtlebot3_fake_node -- -j16 -l16
[0.431s] DEBUG:colcon.colcon_core.event_handler.log_command:Invoked command in '/home/rosario/Desktop/Sensors/LAB6/build/turtlebot3_gazebo' returned '0': CMAKE_PREFIX_PATH=${CMAKE_PREFIX_PATH}:/home/rosario/Desktop/Sensors/LAB6/install/a_star:/home/rosario/Desktop/Sensors/LAB6/install/turtlebot3_perception:/opt/ros/humble /usr/bin/cmake --build /home/rosario/Desktop/Sensors/LAB6/build/turtlebot3_gazebo -- -j16 -l16
[0.440s] DEBUG:colcon.colcon_core.event_handler.log_command:Invoking command in '/home/rosario/Desktop/Sensors/LAB6/build/turtlebot3_fake_node': CMAKE_PREFIX_PATH=${CMAKE_PREFIX_PATH}:/home/rosario/Desktop/Sensors/LAB6/install/a_star:/home/rosario/Desktop/Sensors/LAB6/install/turtlebot3_perception:/opt/ros/humble /usr/bin/cmake --install /home/rosario/Desktop/Sensors/LAB6/build/turtlebot3_fake_node
[0.460s] Level 1:colcon.colcon_core.environment:create_environment_scripts_only(turtlebot3_fake_node)
[0.461s] DEBUG:colcon.colcon_core.event_handler.log_command:Invoked command in '/home/rosario/Desktop/Sensors/LAB6/build/turtlebot3_fake_node' returned '0': CMAKE_PREFIX_PATH=${CMAKE_PREFIX_PATH}:/home/rosario/Desktop/Sensors/LAB6/install/a_star:/home/rosario/Desktop/Sensors/LAB6/install/turtlebot3_perception:/opt/ros/humble /usr/bin/cmake --install /home/rosario/Desktop/Sensors/LAB6/build/turtlebot3_fake_node
[0.462s] Level 1:colcon.colcon_core.environment:checking '/home/rosario/Desktop/Sensors/LAB6/install/turtlebot3_fake_node' for CMake module files
[0.463s] Level 1:colcon.colcon_core.environment:checking '/home/rosario/Desktop/Sensors/LAB6/install/turtlebot3_fake_node' for CMake config files
[0.463s] Level 1:colcon.colcon_core.shell:create_environment_hook('turtlebot3_fake_node', 'cmake_prefix_path')
[0.463s] INFO:colcon.colcon_core.shell:Creating environment hook '/home/rosario/Desktop/Sensors/LAB6/install/turtlebot3_fake_node/share/turtlebot3_fake_node/hook/cmake_prefix_path.ps1'
[0.464s] INFO:colcon.colcon_core.shell:Creating environment descriptor '/home/rosario/Desktop/Sensors/LAB6/install/turtlebot3_fake_node/share/turtlebot3_fake_node/hook/cmake_prefix_path.dsv'
[0.464s] INFO:colcon.colcon_core.shell:Creating environment hook '/home/rosario/Desktop/Sensors/LAB6/install/turtlebot3_fake_node/share/turtlebot3_fake_node/hook/cmake_prefix_path.sh'
[0.465s] Level 1:colcon.colcon_core.environment:checking '/home/rosario/Desktop/Sensors/LAB6/install/turtlebot3_fake_node/lib'
[0.465s] Level 1:colcon.colcon_core.environment:checking '/home/rosario/Desktop/Sensors/LAB6/install/turtlebot3_fake_node/bin'
[0.465s] Level 1:colcon.colcon_core.environment:checking '/home/rosario/Desktop/Sensors/LAB6/install/turtlebot3_fake_node/lib/pkgconfig/turtlebot3_fake_node.pc'
[0.465s] Level 1:colcon.colcon_core.environment:checking '/home/rosario/Desktop/Sensors/LAB6/install/turtlebot3_fake_node/lib/python3.10/site-packages'
[0.465s] Level 1:colcon.colcon_core.environment:checking '/home/rosario/Desktop/Sensors/LAB6/install/turtlebot3_fake_node/bin'
[0.465s] INFO:colcon.colcon_core.shell:Creating package script '/home/rosario/Desktop/Sensors/LAB6/install/turtlebot3_fake_node/share/turtlebot3_fake_node/package.ps1'
[0.466s] INFO:colcon.colcon_core.shell:Creating package descriptor '/home/rosario/Desktop/Sensors/LAB6/install/turtlebot3_fake_node/share/turtlebot3_fake_node/package.dsv'
[0.466s] INFO:colcon.colcon_core.shell:Creating package script '/home/rosario/Desktop/Sensors/LAB6/install/turtlebot3_fake_node/share/turtlebot3_fake_node/package.sh'
[0.466s] INFO:colcon.colcon_core.shell:Creating package script '/home/rosario/Desktop/Sensors/LAB6/install/turtlebot3_fake_node/share/turtlebot3_fake_node/package.bash'
[0.467s] INFO:colcon.colcon_core.shell:Creating package script '/home/rosario/Desktop/Sensors/LAB6/install/turtlebot3_fake_node/share/turtlebot3_fake_node/package.zsh'
[0.467s] Level 1:colcon.colcon_core.environment:create_file_with_runtime_dependencies(/home/rosario/Desktop/Sensors/LAB6/install/turtlebot3_fake_node/share/colcon-core/packages/turtlebot3_fake_node)
[0.471s] DEBUG:colcon.colcon_core.event_handler.log_command:Invoking command in '/home/rosario/Desktop/Sensors/LAB6/build/turtlebot3_gazebo': CMAKE_PREFIX_PATH=${CMAKE_PREFIX_PATH}:/home/rosario/Desktop/Sensors/LAB6/install/a_star:/home/rosario/Desktop/Sensors/LAB6/install/turtlebot3_perception:/opt/ros/humble /usr/bin/cmake --install /home/rosario/Desktop/Sensors/LAB6/build/turtlebot3_gazebo
[0.491s] Level 1:colcon.colcon_core.environment:create_environment_scripts_only(turtlebot3_fake_node)
[0.492s] Level 1:colcon.colcon_core.environment:checking '/home/rosario/Desktop/Sensors/LAB6/install/turtlebot3_fake_node' for CMake module files
[0.492s] Level 1:colcon.colcon_core.environment:checking '/home/rosario/Desktop/Sensors/LAB6/install/turtlebot3_fake_node' for CMake config files
[0.492s] Level 1:colcon.colcon_core.shell:create_environment_hook('turtlebot3_fake_node', 'cmake_prefix_path')
[0.492s] INFO:colcon.colcon_core.shell:Creating environment hook '/home/rosario/Desktop/Sensors/LAB6/install/turtlebot3_fake_node/share/turtlebot3_fake_node/hook/cmake_prefix_path.ps1'
[0.493s] INFO:colcon.colcon_core.shell:Creating environment descriptor '/home/rosario/Desktop/Sensors/LAB6/install/turtlebot3_fake_node/share/turtlebot3_fake_node/hook/cmake_prefix_path.dsv'
[0.493s] INFO:colcon.colcon_core.shell:Creating environment hook '/home/rosario/Desktop/Sensors/LAB6/install/turtlebot3_fake_node/share/turtlebot3_fake_node/hook/cmake_prefix_path.sh'
[0.493s] Level 1:colcon.colcon_core.environment:checking '/home/rosario/Desktop/Sensors/LAB6/install/turtlebot3_fake_node/lib'
[0.494s] Level 1:colcon.colcon_core.environment:checking '/home/rosario/Desktop/Sensors/LAB6/install/turtlebot3_fake_node/bin'
[0.494s] Level 1:colcon.colcon_core.environment:checking '/home/rosario/Desktop/Sensors/LAB6/install/turtlebot3_fake_node/lib/pkgconfig/turtlebot3_fake_node.pc'
[0.494s] Level 1:colcon.colcon_core.environment:checking '/home/rosario/Desktop/Sensors/LAB6/install/turtlebot3_fake_node/lib/python3.10/site-packages'
[0.494s] Level 1:colcon.colcon_core.environment:checking '/home/rosario/Desktop/Sensors/LAB6/install/turtlebot3_fake_node/bin'
[0.494s] INFO:colcon.colcon_core.shell:Creating package script '/home/rosario/Desktop/Sensors/LAB6/install/turtlebot3_fake_node/share/turtlebot3_fake_node/package.ps1'
[0.494s] INFO:colcon.colcon_core.shell:Creating package descriptor '/home/rosario/Desktop/Sensors/LAB6/install/turtlebot3_fake_node/share/turtlebot3_fake_node/package.dsv'
[0.495s] INFO:colcon.colcon_core.shell:Creating package script '/home/rosario/Desktop/Sensors/LAB6/install/turtlebot3_fake_node/share/turtlebot3_fake_node/package.sh'
[0.495s] INFO:colcon.colcon_core.shell:Creating package script '/home/rosario/Desktop/Sensors/LAB6/install/turtlebot3_fake_node/share/turtlebot3_fake_node/package.bash'
[0.495s] INFO:colcon.colcon_core.shell:Creating package script '/home/rosario/Desktop/Sensors/LAB6/install/turtlebot3_fake_node/share/turtlebot3_fake_node/package.zsh'
[0.495s] Level 1:colcon.colcon_core.environment:create_file_with_runtime_dependencies(/home/rosario/Desktop/Sensors/LAB6/install/turtlebot3_fake_node/share/colcon-core/packages/turtlebot3_fake_node)
[0.496s] INFO:colcon.colcon_ros.task.ament_cmake.build:Building ROS package in '/home/rosario/Desktop/Sensors/LAB6/src/turtlebot3_simulations/turtlebot3_simulations' with build type 'ament_cmake'
[0.496s] INFO:colcon.colcon_cmake.task.cmake.build:Building CMake package in '/home/rosario/Desktop/Sensors/LAB6/src/turtlebot3_simulations/turtlebot3_simulations'
[0.496s] INFO:colcon.colcon_core.shell:Skip shell extension 'powershell' for command environment: Not usable outside of PowerShell
[0.496s] DEBUG:colcon.colcon_core.shell:Skip shell extension 'dsv' for command environment
[0.502s] Level 1:colcon.colcon_core.environment:create_environment_scripts_only(turtlebot3_gazebo)
[0.502s] Level 1:colcon.colcon_core.environment:checking '/home/rosario/Desktop/Sensors/LAB6/install/turtlebot3_gazebo' for CMake module files
[0.502s] DEBUG:colcon.colcon_core.event_handler.log_command:Invoked command in '/home/rosario/Desktop/Sensors/LAB6/build/turtlebot3_gazebo' returned '0': CMAKE_PREFIX_PATH=${CMAKE_PREFIX_PATH}:/home/rosario/Desktop/Sensors/LAB6/install/a_star:/home/rosario/Desktop/Sensors/LAB6/install/turtlebot3_perception:/opt/ros/humble /usr/bin/cmake --install /home/rosario/Desktop/Sensors/LAB6/build/turtlebot3_gazebo
[0.502s] Level 1:colcon.colcon_core.environment:checking '/home/rosario/Desktop/Sensors/LAB6/install/turtlebot3_gazebo' for CMake config files
[0.504s] Level 1:colcon.colcon_core.shell:create_environment_hook('turtlebot3_gazebo', 'cmake_prefix_path')
[0.504s] INFO:colcon.colcon_core.shell:Creating environment hook '/home/rosario/Desktop/Sensors/LAB6/install/turtlebot3_gazebo/share/turtlebot3_gazebo/hook/cmake_prefix_path.ps1'
[0.504s] INFO:colcon.colcon_core.shell:Creating environment descriptor '/home/rosario/Desktop/Sensors/LAB6/install/turtlebot3_gazebo/share/turtlebot3_gazebo/hook/cmake_prefix_path.dsv'
[0.504s] INFO:colcon.colcon_core.shell:Creating environment hook '/home/rosario/Desktop/Sensors/LAB6/install/turtlebot3_gazebo/share/turtlebot3_gazebo/hook/cmake_prefix_path.sh'
[0.505s] Level 1:colcon.colcon_core.environment:checking '/home/rosario/Desktop/Sensors/LAB6/install/turtlebot3_gazebo/lib'
[0.505s] Level 1:colcon.colcon_core.environment:checking '/home/rosario/Desktop/Sensors/LAB6/install/turtlebot3_gazebo/bin'
[0.505s] Level 1:colcon.colcon_core.environment:checking '/home/rosario/Desktop/Sensors/LAB6/install/turtlebot3_gazebo/lib/pkgconfig/turtlebot3_gazebo.pc'
[0.505s] Level 1:colcon.colcon_core.environment:checking '/home/rosario/Desktop/Sensors/LAB6/install/turtlebot3_gazebo/lib/python3.10/site-packages'
[0.505s] Level 1:colcon.colcon_core.environment:checking '/home/rosario/Desktop/Sensors/LAB6/install/turtlebot3_gazebo/bin'
[0.505s] INFO:colcon.colcon_core.shell:Creating package script '/home/rosario/Desktop/Sensors/LAB6/install/turtlebot3_gazebo/share/turtlebot3_gazebo/package.ps1'
[0.506s] INFO:colcon.colcon_core.shell:Creating package descriptor '/home/rosario/Desktop/Sensors/LAB6/install/turtlebot3_gazebo/share/turtlebot3_gazebo/package.dsv'
[0.506s] INFO:colcon.colcon_core.shell:Creating package script '/home/rosario/Desktop/Sensors/LAB6/install/turtlebot3_gazebo/share/turtlebot3_gazebo/package.sh'
[0.506s] INFO:colcon.colcon_core.shell:Creating package script '/home/rosario/Desktop/Sensors/LAB6/install/turtlebot3_gazebo/share/turtlebot3_gazebo/package.bash'
[0.506s] INFO:colcon.colcon_core.shell:Creating package script '/home/rosario/Desktop/Sensors/LAB6/install/turtlebot3_gazebo/share/turtlebot3_gazebo/package.zsh'
[0.506s] Level 1:colcon.colcon_core.environment:create_file_with_runtime_dependencies(/home/rosario/Desktop/Sensors/LAB6/install/turtlebot3_gazebo/share/colcon-core/packages/turtlebot3_gazebo)
[0.511s] DEBUG:colcon.colcon_core.event_handler.log_command:Invoking command in '/home/rosario/Desktop/Sensors/LAB6/build/turtlebot3_simulations': CMAKE_PREFIX_PATH=/home/rosario/Desktop/Sensors/LAB6/install/turtlebot3_fake_node:/home/rosario/Desktop/Sensors/LAB6/install/turtlebot3_simulations:/home/rosario/Desktop/Sensors/LAB6/install/turtlebot3_gazebo:/home/rosario/Desktop/Sensors/LAB6/install/landmark_msgs:/home/rosario/Desktop/Sensors/LAB6/install/a_star:/home/rosario/Desktop/Sensors/LAB6/install/turtlebot3_perception:/opt/ros/humble /usr/bin/cmake --build /home/rosario/Desktop/Sensors/LAB6/build/turtlebot3_simulations -- -j16 -l16
[0.546s] Level 1:colcon.colcon_core.environment:create_environment_scripts_only(turtlebot3_gazebo)
[0.547s] Level 1:colcon.colcon_core.environment:checking '/home/rosario/Desktop/Sensors/LAB6/install/turtlebot3_gazebo' for CMake module files
[0.547s] Level 1:colcon.colcon_core.environment:checking '/home/rosario/Desktop/Sensors/LAB6/install/turtlebot3_gazebo' for CMake config files
[0.549s] Level 1:colcon.colcon_core.shell:create_environment_hook('turtlebot3_gazebo', 'cmake_prefix_path')
[0.549s] INFO:colcon.colcon_core.shell:Creating environment hook '/home/rosario/Desktop/Sensors/LAB6/install/turtlebot3_gazebo/share/turtlebot3_gazebo/hook/cmake_prefix_path.ps1'
[0.559s] INFO:colcon.colcon_core.shell:Creating environment descriptor '/home/rosario/Desktop/Sensors/LAB6/install/turtlebot3_gazebo/share/turtlebot3_gazebo/hook/cmake_prefix_path.dsv'
[0.560s] INFO:colcon.colcon_core.shell:Creating environment hook '/home/rosario/Desktop/Sensors/LAB6/install/turtlebot3_gazebo/share/turtlebot3_gazebo/hook/cmake_prefix_path.sh'
[0.561s] Level 1:colcon.colcon_core.environment:checking '/home/rosario/Desktop/Sensors/LAB6/install/turtlebot3_gazebo/lib'
[0.561s] Level 1:colcon.colcon_core.environment:checking '/home/rosario/Desktop/Sensors/LAB6/install/turtlebot3_gazebo/bin'
[0.561s] Level 1:colcon.colcon_core.environment:checking '/home/rosario/Desktop/Sensors/LAB6/install/turtlebot3_gazebo/lib/pkgconfig/turtlebot3_gazebo.pc'
[0.561s] Level 1:colcon.colcon_core.environment:checking '/home/rosario/Desktop/Sensors/LAB6/install/turtlebot3_gazebo/lib/python3.10/site-packages'
[0.561s] Level 1:colcon.colcon_core.environment:checking '/home/rosario/Desktop/Sensors/LAB6/install/turtlebot3_gazebo/bin'
[0.561s] INFO:colcon.colcon_core.shell:Creating package script '/home/rosario/Desktop/Sensors/LAB6/install/turtlebot3_gazebo/share/turtlebot3_gazebo/package.ps1'
[0.562s] INFO:colcon.colcon_core.shell:Creating package descriptor '/home/rosario/Desktop/Sensors/LAB6/install/turtlebot3_gazebo/share/turtlebot3_gazebo/package.dsv'
[0.562s] INFO:colcon.colcon_core.shell:Creating package script '/home/rosario/Desktop/Sensors/LAB6/install/turtlebot3_gazebo/share/turtlebot3_gazebo/package.sh'
[0.562s] INFO:colcon.colcon_core.shell:Creating package script '/home/rosario/Desktop/Sensors/LAB6/install/turtlebot3_gazebo/share/turtlebot3_gazebo/package.bash'
[0.563s] INFO:colcon.colcon_core.shell:Creating package script '/home/rosario/Desktop/Sensors/LAB6/install/turtlebot3_gazebo/share/turtlebot3_gazebo/package.zsh'
[0.563s] Level 1:colcon.colcon_core.environment:create_file_with_runtime_dependencies(/home/rosario/Desktop/Sensors/LAB6/install/turtlebot3_gazebo/share/colcon-core/packages/turtlebot3_gazebo)
[0.565s] DEBUG:colcon.colcon_core.event_handler.log_command:Invoked command in '/home/rosario/Desktop/Sensors/LAB6/build/turtlebot3_simulations' returned '0': CMAKE_PREFIX_PATH=/home/rosario/Desktop/Sensors/LAB6/install/turtlebot3_fake_node:/home/rosario/Desktop/Sensors/LAB6/install/turtlebot3_simulations:/home/rosario/Desktop/Sensors/LAB6/install/turtlebot3_gazebo:/home/rosario/Desktop/Sensors/LAB6/install/landmark_msgs:/home/rosario/Desktop/Sensors/LAB6/install/a_star:/home/rosario/Desktop/Sensors/LAB6/install/turtlebot3_perception:/opt/ros/humble /usr/bin/cmake --build /home/rosario/Desktop/Sensors/LAB6/build/turtlebot3_simulations -- -j16 -l16
[0.591s] DEBUG:colcon.colcon_core.event_handler.log_command:Invoking command in '/home/rosario/Desktop/Sensors/LAB6/build/turtlebot3_simulations': CMAKE_PREFIX_PATH=/home/rosario/Desktop/Sensors/LAB6/install/turtlebot3_fake_node:/home/rosario/Desktop/Sensors/LAB6/install/turtlebot3_simulations:/home/rosario/Desktop/Sensors/LAB6/install/turtlebot3_gazebo:/home/rosario/Desktop/Sensors/LAB6/install/landmark_msgs:/home/rosario/Desktop/Sensors/LAB6/install/a_star:/home/rosario/Desktop/Sensors/LAB6/install/turtlebot3_perception:/opt/ros/humble /usr/bin/cmake --install /home/rosario/Desktop/Sensors/LAB6/build/turtlebot3_simulations
[0.612s] Level 1:colcon.colcon_core.environment:create_environment_scripts_only(turtlebot3_simulations)
[0.613s] DEBUG:colcon.colcon_core.event_handler.log_command:Invoked command in '/home/rosario/Desktop/Sensors/LAB6/build/turtlebot3_simulations' returned '0': CMAKE_PREFIX_PATH=/home/rosario/Desktop/Sensors/LAB6/install/turtlebot3_fake_node:/home/rosario/Desktop/Sensors/LAB6/install/turtlebot3_simulations:/home/rosario/Desktop/Sensors/LAB6/install/turtlebot3_gazebo:/home/rosario/Desktop/Sensors/LAB6/install/landmark_msgs:/home/rosario/Desktop/Sensors/LAB6/install/a_star:/home/rosario/Desktop/Sensors/LAB6/install/turtlebot3_perception:/opt/ros/humble /usr/bin/cmake --install /home/rosario/Desktop/Sensors/LAB6/build/turtlebot3_simulations
[0.613s] Level 1:colcon.colcon_core.environment:checking '/home/rosario/Desktop/Sensors/LAB6/install/turtlebot3_simulations' for CMake module files
[0.614s] Level 1:colcon.colcon_core.environment:checking '/home/rosario/Desktop/Sensors/LAB6/install/turtlebot3_simulations' for CMake config files
[0.614s] Level 1:colcon.colcon_core.shell:create_environment_hook('turtlebot3_simulations', 'cmake_prefix_path')
[0.615s] INFO:colcon.colcon_core.shell:Creating environment hook '/home/rosario/Desktop/Sensors/LAB6/install/turtlebot3_simulations/share/turtlebot3_simulations/hook/cmake_prefix_path.ps1'
[0.615s] INFO:colcon.colcon_core.shell:Creating environment descriptor '/home/rosario/Desktop/Sensors/LAB6/install/turtlebot3_simulations/share/turtlebot3_simulations/hook/cmake_prefix_path.dsv'
[0.616s] INFO:colcon.colcon_core.shell:Creating environment hook '/home/rosario/Desktop/Sensors/LAB6/install/turtlebot3_simulations/share/turtlebot3_simulations/hook/cmake_prefix_path.sh'
[0.617s] Level 1:colcon.colcon_core.environment:checking '/home/rosario/Desktop/Sensors/LAB6/install/turtlebot3_simulations/bin'
[0.617s] Level 1:colcon.colcon_core.environment:checking '/home/rosario/Desktop/Sensors/LAB6/install/turtlebot3_simulations/lib/pkgconfig/turtlebot3_simulations.pc'
[0.617s] Level 1:colcon.colcon_core.environment:checking '/home/rosario/Desktop/Sensors/LAB6/install/turtlebot3_simulations/lib/python3.10/site-packages'
[0.618s] Level 1:colcon.colcon_core.environment:checking '/home/rosario/Desktop/Sensors/LAB6/install/turtlebot3_simulations/bin'
[0.618s] INFO:colcon.colcon_core.shell:Creating package script '/home/rosario/Desktop/Sensors/LAB6/install/turtlebot3_simulations/share/turtlebot3_simulations/package.ps1'
[0.619s] INFO:colcon.colcon_core.shell:Creating package descriptor '/home/rosario/Desktop/Sensors/LAB6/install/turtlebot3_simulations/share/turtlebot3_simulations/package.dsv'
[0.619s] INFO:colcon.colcon_core.shell:Creating package script '/home/rosario/Desktop/Sensors/LAB6/install/turtlebot3_simulations/share/turtlebot3_simulations/package.sh'
[0.619s] INFO:colcon.colcon_core.shell:Creating package script '/home/rosario/Desktop/Sensors/LAB6/install/turtlebot3_simulations/share/turtlebot3_simulations/package.bash'
[0.620s] INFO:colcon.colcon_core.shell:Creating package script '/home/rosario/Desktop/Sensors/LAB6/install/turtlebot3_simulations/share/turtlebot3_simulations/package.zsh'
[0.620s] Level 1:colcon.colcon_core.environment:create_file_with_runtime_dependencies(/home/rosario/Desktop/Sensors/LAB6/install/turtlebot3_simulations/share/colcon-core/packages/turtlebot3_simulations)
[0.624s] DEBUG:colcon.colcon_core.event_handler.log_command:Invoked command in '/home/rosario/Desktop/Sensors/LAB6/build/landmark_msgs' returned '0': CMAKE_PREFIX_PATH=${CMAKE_PREFIX_PATH}:/home/rosario/Desktop/Sensors/LAB6/install/a_star:/home/rosario/Desktop/Sensors/LAB6/install/turtlebot3_perception:/opt/ros/humble /usr/bin/cmake --build /home/rosario/Desktop/Sensors/LAB6/build/landmark_msgs -- -j16 -l16
[0.644s] Level 1:colcon.colcon_core.environment:create_environment_scripts_only(turtlebot3_simulations)
[0.644s] Level 1:colcon.colcon_core.environment:checking '/home/rosario/Desktop/Sensors/LAB6/install/turtlebot3_simulations' for CMake module files
[0.645s] Level 1:colcon.colcon_core.environment:checking '/home/rosario/Desktop/Sensors/LAB6/install/turtlebot3_simulations' for CMake config files
[0.645s] Level 1:colcon.colcon_core.shell:create_environment_hook('turtlebot3_simulations', 'cmake_prefix_path')
[0.645s] INFO:colcon.colcon_core.shell:Creating environment hook '/home/rosario/Desktop/Sensors/LAB6/install/turtlebot3_simulations/share/turtlebot3_simulations/hook/cmake_prefix_path.ps1'
[0.695s] INFO:colcon.colcon_core.shell:Creating environment descriptor '/home/rosario/Desktop/Sensors/LAB6/install/turtlebot3_simulations/share/turtlebot3_simulations/hook/cmake_prefix_path.dsv'
[0.696s] INFO:colcon.colcon_core.shell:Creating environment hook '/home/rosario/Desktop/Sensors/LAB6/install/turtlebot3_simulations/share/turtlebot3_simulations/hook/cmake_prefix_path.sh'
[0.696s] Level 1:colcon.colcon_core.environment:checking '/home/rosario/Desktop/Sensors/LAB6/install/turtlebot3_simulations/bin'
[0.696s] Level 1:colcon.colcon_core.environment:checking '/home/rosario/Desktop/Sensors/LAB6/install/turtlebot3_simulations/lib/pkgconfig/turtlebot3_simulations.pc'
[0.697s] Level 1:colcon.colcon_core.environment:checking '/home/rosario/Desktop/Sensors/LAB6/install/turtlebot3_simulations/lib/python3.10/site-packages'
[0.697s] Level 1:colcon.colcon_core.environment:checking '/home/rosario/Desktop/Sensors/LAB6/install/turtlebot3_simulations/bin'
[0.697s] INFO:colcon.colcon_core.shell:Creating package script '/home/rosario/Desktop/Sensors/LAB6/install/turtlebot3_simulations/share/turtlebot3_simulations/package.ps1'
[0.697s] INFO:colcon.colcon_core.shell:Creating package descriptor '/home/rosario/Desktop/Sensors/LAB6/install/turtlebot3_simulations/share/turtlebot3_simulations/package.dsv'
[0.698s] INFO:colcon.colcon_core.shell:Creating package script '/home/rosario/Desktop/Sensors/LAB6/install/turtlebot3_simulations/share/turtlebot3_simulations/package.sh'
[0.698s] INFO:colcon.colcon_core.shell:Creating package script '/home/rosario/Desktop/Sensors/LAB6/install/turtlebot3_simulations/share/turtlebot3_simulations/package.bash'
[0.698s] INFO:colcon.colcon_core.shell:Creating package script '/home/rosario/Desktop/Sensors/LAB6/install/turtlebot3_simulations/share/turtlebot3_simulations/package.zsh'
[0.698s] Level 1:colcon.colcon_core.environment:create_file_with_runtime_dependencies(/home/rosario/Desktop/Sensors/LAB6/install/turtlebot3_simulations/share/colcon-core/packages/turtlebot3_simulations)
[0.711s] DEBUG:colcon.colcon_core.event_handler.log_command:Invoking command in '/home/rosario/Desktop/Sensors/LAB6/build/landmark_msgs': CMAKE_PREFIX_PATH=${CMAKE_PREFIX_PATH}:/home/rosario/Desktop/Sensors/LAB6/install/a_star:/home/rosario/Desktop/Sensors/LAB6/install/turtlebot3_perception:/opt/ros/humble /usr/bin/cmake --install /home/rosario/Desktop/Sensors/LAB6/build/landmark_msgs
[0.769s] Level 1:colcon.colcon_core.environment:create_environment_scripts_only(landmark_msgs)
[0.769s] Level 1:colcon.colcon_core.environment:checking '/home/rosario/Desktop/Sensors/LAB6/install/landmark_msgs' for CMake module files
[0.769s] DEBUG:colcon.colcon_core.event_handler.log_command:Invoked command in '/home/rosario/Desktop/Sensors/LAB6/build/landmark_msgs' returned '0': CMAKE_PREFIX_PATH=${CMAKE_PREFIX_PATH}:/home/rosario/Desktop/Sensors/LAB6/install/a_star:/home/rosario/Desktop/Sensors/LAB6/install/turtlebot3_perception:/opt/ros/humble /usr/bin/cmake --install /home/rosario/Desktop/Sensors/LAB6/build/landmark_msgs
[0.770s] Level 1:colcon.colcon_core.environment:checking '/home/rosario/Desktop/Sensors/LAB6/install/landmark_msgs' for CMake config files
[0.770s] Level 1:colcon.colcon_core.shell:create_environment_hook('landmark_msgs', 'cmake_prefix_path')
[0.771s] INFO:colcon.colcon_core.shell:Creating environment hook '/home/rosario/Desktop/Sensors/LAB6/install/landmark_msgs/share/landmark_msgs/hook/cmake_prefix_path.ps1'
[0.771s] INFO:colcon.colcon_core.shell:Creating environment descriptor '/home/rosario/Desktop/Sensors/LAB6/install/landmark_msgs/share/landmark_msgs/hook/cmake_prefix_path.dsv'
[0.772s] INFO:colcon.colcon_core.shell:Creating environment hook '/home/rosario/Desktop/Sensors/LAB6/install/landmark_msgs/share/landmark_msgs/hook/cmake_prefix_path.sh'
[0.772s] Level 1:colcon.colcon_core.environment:checking '/home/rosario/Desktop/Sensors/LAB6/install/landmark_msgs/lib'
[0.772s] Level 1:colcon.colcon_core.shell:create_environment_hook('landmark_msgs', 'ld_library_path_lib')
[0.772s] INFO:colcon.colcon_core.shell:Creating environment hook '/home/rosario/Desktop/Sensors/LAB6/install/landmark_msgs/share/landmark_msgs/hook/ld_library_path_lib.ps1'
[0.773s] INFO:colcon.colcon_core.shell:Creating environment descriptor '/home/rosario/Desktop/Sensors/LAB6/install/landmark_msgs/share/landmark_msgs/hook/ld_library_path_lib.dsv'
[0.773s] INFO:colcon.colcon_core.shell:Creating environment hook '/home/rosario/Desktop/Sensors/LAB6/install/landmark_msgs/share/landmark_msgs/hook/ld_library_path_lib.sh'
[0.773s] Level 1:colcon.colcon_core.environment:checking '/home/rosario/Desktop/Sensors/LAB6/install/landmark_msgs/bin'
[0.773s] Level 1:colcon.colcon_core.environment:checking '/home/rosario/Desktop/Sensors/LAB6/install/landmark_msgs/lib/pkgconfig/landmark_msgs.pc'
[0.773s] Level 1:colcon.colcon_core.environment:checking '/home/rosario/Desktop/Sensors/LAB6/install/landmark_msgs/lib/python3.10/site-packages'
[0.773s] Level 1:colcon.colcon_core.environment:checking '/home/rosario/Desktop/Sensors/LAB6/install/landmark_msgs/bin'
[0.774s] INFO:colcon.colcon_core.shell:Creating package script '/home/rosario/Desktop/Sensors/LAB6/install/landmark_msgs/share/landmark_msgs/package.ps1'
[0.774s] INFO:colcon.colcon_core.shell:Creating package descriptor '/home/rosario/Desktop/Sensors/LAB6/install/landmark_msgs/share/landmark_msgs/package.dsv'
[0.774s] INFO:colcon.colcon_core.shell:Creating package script '/home/rosario/Desktop/Sensors/LAB6/install/landmark_msgs/share/landmark_msgs/package.sh'
[0.774s] INFO:colcon.colcon_core.shell:Creating package script '/home/rosario/Desktop/Sensors/LAB6/install/landmark_msgs/share/landmark_msgs/package.bash'
[0.775s] INFO:colcon.colcon_core.shell:Creating package script '/home/rosario/Desktop/Sensors/LAB6/install/landmark_msgs/share/landmark_msgs/package.zsh'
[0.775s] Level 1:colcon.colcon_core.environment:create_file_with_runtime_dependencies(/home/rosario/Desktop/Sensors/LAB6/install/landmark_msgs/share/colcon-core/packages/landmark_msgs)
[0.880s] Level 1:colcon.colcon_core.environment:create_environment_scripts_only(landmark_msgs)
[0.881s] Level 1:colcon.colcon_core.environment:checking '/home/rosario/Desktop/Sensors/LAB6/install/landmark_msgs' for CMake module files
[0.882s] Level 1:colcon.colcon_core.environment:checking '/home/rosario/Desktop/Sensors/LAB6/install/landmark_msgs' for CMake config files
[0.883s] Level 1:colcon.colcon_core.shell:create_environment_hook('landmark_msgs', 'cmake_prefix_path')
[0.883s] INFO:colcon.colcon_core.shell:Creating environment hook '/home/rosario/Desktop/Sensors/LAB6/install/landmark_msgs/share/landmark_msgs/hook/cmake_prefix_path.ps1'
[0.884s] INFO:colcon.colcon_core.shell:Creating environment descriptor '/home/rosario/Desktop/Sensors/LAB6/install/landmark_msgs/share/landmark_msgs/hook/cmake_prefix_path.dsv'
[0.885s] INFO:colcon.colcon_core.shell:Creating environment hook '/home/rosario/Desktop/Sensors/LAB6/install/landmark_msgs/share/landmark_msgs/hook/cmake_prefix_path.sh'
[0.885s] Level 1:colcon.colcon_core.environment:checking '/home/rosario/Desktop/Sensors/LAB6/install/landmark_msgs/lib'
[0.885s] Level 1:colcon.colcon_core.shell:create_environment_hook('landmark_msgs', 'ld_library_path_lib')
[0.886s] INFO:colcon.colcon_core.shell:Creating environment hook '/home/rosario/Desktop/Sensors/LAB6/install/landmark_msgs/share/landmark_msgs/hook/ld_library_path_lib.ps1'
[0.886s] INFO:colcon.colcon_core.shell:Creating environment descriptor '/home/rosario/Desktop/Sensors/LAB6/install/landmark_msgs/share/landmark_msgs/hook/ld_library_path_lib.dsv'
[0.887s] INFO:colcon.colcon_core.shell:Creating environment hook '/home/rosario/Desktop/Sensors/LAB6/install/landmark_msgs/share/landmark_msgs/hook/ld_library_path_lib.sh'
[0.888s] Level 1:colcon.colcon_core.environment:checking '/home/rosario/Desktop/Sensors/LAB6/install/landmark_msgs/bin'
[0.888s] Level 1:colcon.colcon_core.environment:checking '/home/rosario/Desktop/Sensors/LAB6/install/landmark_msgs/lib/pkgconfig/landmark_msgs.pc'
[0.888s] Level 1:colcon.colcon_core.environment:checking '/home/rosario/Desktop/Sensors/LAB6/install/landmark_msgs/lib/python3.10/site-packages'
[0.888s] Level 1:colcon.colcon_core.environment:checking '/home/rosario/Desktop/Sensors/LAB6/install/landmark_msgs/bin'
[0.889s] INFO:colcon.colcon_core.shell:Creating package script '/home/rosario/Desktop/Sensors/LAB6/install/landmark_msgs/share/landmark_msgs/package.ps1'
[0.889s] INFO:colcon.colcon_core.shell:Creating package descriptor '/home/rosario/Desktop/Sensors/LAB6/install/landmark_msgs/share/landmark_msgs/package.dsv'
[0.890s] INFO:colcon.colcon_core.shell:Creating package script '/home/rosario/Desktop/Sensors/LAB6/install/landmark_msgs/share/landmark_msgs/package.sh'
[0.891s] INFO:colcon.colcon_core.shell:Creating package script '/home/rosario/Desktop/Sensors/LAB6/install/landmark_msgs/share/landmark_msgs/package.bash'
[0.891s] INFO:colcon.colcon_core.shell:Creating package script '/home/rosario/Desktop/Sensors/LAB6/install/landmark_msgs/share/landmark_msgs/package.zsh'
[0.892s] Level 1:colcon.colcon_core.environment:create_file_with_runtime_dependencies(/home/rosario/Desktop/Sensors/LAB6/install/landmark_msgs/share/colcon-core/packages/landmark_msgs)
[0.892s] INFO:colcon.colcon_ros.task.ament_python.build:Building ROS package in '/home/rosario/Desktop/Sensors/LAB6/src/turtlebot3_perception/turtlebot3_perception' with build type 'ament_python'
[0.892s] Level 1:colcon.colcon_core.shell:create_environment_hook('turtlebot3_perception', 'ament_prefix_path')
[0.893s] INFO:colcon.colcon_core.shell:Creating environment hook '/home/rosario/Desktop/Sensors/LAB6/install/turtlebot3_perception/share/turtlebot3_perception/hook/ament_prefix_path.ps1'
[0.894s] INFO:colcon.colcon_core.shell:Creating environment descriptor '/home/rosario/Desktop/Sensors/LAB6/install/turtlebot3_perception/share/turtlebot3_perception/hook/ament_prefix_path.dsv'
[0.894s] INFO:colcon.colcon_core.shell:Creating environment hook '/home/rosario/Desktop/Sensors/LAB6/install/turtlebot3_perception/share/turtlebot3_perception/hook/ament_prefix_path.sh'
[0.895s] INFO:colcon.colcon_core.shell:Skip shell extension 'powershell' for command environment: Not usable outside of PowerShell
[0.895s] DEBUG:colcon.colcon_core.shell:Skip shell extension 'dsv' for command environment
[1.089s] INFO:colcon.colcon_core.task.python.build:Building Python package in '/home/rosario/Desktop/Sensors/LAB6/src/turtlebot3_perception/turtlebot3_perception'
[1.089s] INFO:colcon.colcon_core.shell:Skip shell extension 'powershell' for command environment: Not usable outside of PowerShell
[1.089s] DEBUG:colcon.colcon_core.shell:Skip shell extension 'dsv' for command environment
[1.368s] DEBUG:colcon.colcon_core.event_handler.log_command:Invoking command in '/home/rosario/Desktop/Sensors/LAB6/src/turtlebot3_perception/turtlebot3_perception': CMAKE_PREFIX_PATH=/home/rosario/Desktop/Sensors/LAB6/install/landmark_msgs:/home/rosario/Desktop/Sensors/LAB6/install/turtlebot3_simulations:/home/rosario/Desktop/Sensors/LAB6/install/turtlebot3_gazebo:/home/rosario/Desktop/Sensors/LAB6/install/turtlebot3_fake_node LD_LIBRARY_PATH=/home/rosario/Desktop/Sensors/LAB6/install/landmark_msgs/lib:/usr/lib/x86_64-linux-gnu/gazebo-11/plugins:/opt/ros/humble/opt/rviz_ogre_vendor/lib:/opt/ros/humble/lib/x86_64-linux-gnu:/opt/ros/humble/lib:/usr/share/gazebo/../../lib/x86_64-linux-gnu/gazebo-11/plugins:/usr/share/gazebo/../../lib/x86_64-linux-gnu/gazebo-11/plugins:/usr/share/gazebo/../../lib/x86_64-linux-gnu/gazebo-11/plugins PYTHONPATH=/home/rosario/Desktop/Sensors/LAB6/build/turtlebot3_perception/prefix_override:/usr/lib/python3/dist-packages/colcon_core/task/python/colcon_distutils_commands:/home/rosario/Desktop/Sensors/LAB6/install/turtlebot3_perception/lib/python3.10/site-packages:${PYTHONPATH} /usr/bin/python3 -W ignore:setup.py install is deprecated setup.py egg_info --egg-base ../../../build/turtlebot3_perception build --build-base /home/rosario/Desktop/Sensors/LAB6/build/turtlebot3_perception/build install --record /home/rosario/Desktop/Sensors/LAB6/build/turtlebot3_perception/install.log --single-version-externally-managed install_data
[1.567s] Level 1:colcon.colcon_core.environment:checking '/home/rosario/Desktop/Sensors/LAB6/install/turtlebot3_perception' for CMake module files
[1.568s] DEBUG:colcon.colcon_core.event_handler.log_command:Invoked command in '/home/rosario/Desktop/Sensors/LAB6/src/turtlebot3_perception/turtlebot3_perception' returned '0': CMAKE_PREFIX_PATH=/home/rosario/Desktop/Sensors/LAB6/install/landmark_msgs:/home/rosario/Desktop/Sensors/LAB6/install/turtlebot3_simulations:/home/rosario/Desktop/Sensors/LAB6/install/turtlebot3_gazebo:/home/rosario/Desktop/Sensors/LAB6/install/turtlebot3_fake_node LD_LIBRARY_PATH=/home/rosario/Desktop/Sensors/LAB6/install/landmark_msgs/lib:/usr/lib/x86_64-linux-gnu/gazebo-11/plugins:/opt/ros/humble/opt/rviz_ogre_vendor/lib:/opt/ros/humble/lib/x86_64-linux-gnu:/opt/ros/humble/lib:/usr/share/gazebo/../../lib/x86_64-linux-gnu/gazebo-11/plugins:/usr/share/gazebo/../../lib/x86_64-linux-gnu/gazebo-11/plugins:/usr/share/gazebo/../../lib/x86_64-linux-gnu/gazebo-11/plugins PYTHONPATH=/home/rosario/Desktop/Sensors/LAB6/build/turtlebot3_perception/prefix_override:/usr/lib/python3/dist-packages/colcon_core/task/python/colcon_distutils_commands:/home/rosario/Desktop/Sensors/LAB6/install/turtlebot3_perception/lib/python3.10/site-packages:${PYTHONPATH} /usr/bin/python3 -W ignore:setup.py install is deprecated setup.py egg_info --egg-base ../../../build/turtlebot3_perception build --build-base /home/rosario/Desktop/Sensors/LAB6/build/turtlebot3_perception/build install --record /home/rosario/Desktop/Sensors/LAB6/build/turtlebot3_perception/install.log --single-version-externally-managed install_data
[1.568s] Level 1:colcon.colcon_core.environment:checking '/home/rosario/Desktop/Sensors/LAB6/install/turtlebot3_perception' for CMake config files
[1.569s] Level 1:colcon.colcon_core.environment:checking '/home/rosario/Desktop/Sensors/LAB6/install/turtlebot3_perception/lib'
[1.570s] Level 1:colcon.colcon_core.environment:checking '/home/rosario/Desktop/Sensors/LAB6/install/turtlebot3_perception/bin'
[1.570s] Level 1:colcon.colcon_core.environment:checking '/home/rosario/Desktop/Sensors/LAB6/install/turtlebot3_perception/lib/pkgconfig/turtlebot3_perception.pc'
[1.570s] Level 1:colcon.colcon_core.environment:checking '/home/rosario/Desktop/Sensors/LAB6/install/turtlebot3_perception/lib/python3.10/site-packages'
[1.570s] Level 1:colcon.colcon_core.shell:create_environment_hook('turtlebot3_perception', 'pythonpath')
[1.570s] INFO:colcon.colcon_core.shell:Creating environment hook '/home/rosario/Desktop/Sensors/LAB6/install/turtlebot3_perception/share/turtlebot3_perception/hook/pythonpath.ps1'
[1.571s] INFO:colcon.colcon_core.shell:Creating environment descriptor '/home/rosario/Desktop/Sensors/LAB6/install/turtlebot3_perception/share/turtlebot3_perception/hook/pythonpath.dsv'
[1.572s] INFO:colcon.colcon_core.shell:Creating environment hook '/home/rosario/Desktop/Sensors/LAB6/install/turtlebot3_perception/share/turtlebot3_perception/hook/pythonpath.sh'
[1.573s] Level 1:colcon.colcon_core.environment:checking '/home/rosario/Desktop/Sensors/LAB6/install/turtlebot3_perception/bin'
[1.573s] Level 1:colcon.colcon_core.environment:create_environment_scripts_only(turtlebot3_perception)
[1.573s] INFO:colcon.colcon_core.shell:Creating package script '/home/rosario/Desktop/Sensors/LAB6/install/turtlebot3_perception/share/turtlebot3_perception/package.ps1'
[1.574s] INFO:colcon.colcon_core.shell:Creating package descriptor '/home/rosario/Desktop/Sensors/LAB6/install/turtlebot3_perception/share/turtlebot3_perception/package.dsv'
[1.575s] INFO:colcon.colcon_core.shell:Creating package script '/home/rosario/Desktop/Sensors/LAB6/install/turtlebot3_perception/share/turtlebot3_perception/package.sh'
[1.576s] INFO:colcon.colcon_core.shell:Creating package script '/home/rosario/Desktop/Sensors/LAB6/install/turtlebot3_perception/share/turtlebot3_perception/package.bash'
[1.576s] INFO:colcon.colcon_core.shell:Creating package script '/home/rosario/Desktop/Sensors/LAB6/install/turtlebot3_perception/share/turtlebot3_perception/package.zsh'
[1.577s] Level 1:colcon.colcon_core.environment:create_file_with_runtime_dependencies(/home/rosario/Desktop/Sensors/LAB6/install/turtlebot3_perception/share/colcon-core/packages/turtlebot3_perception)
[1.577s] INFO:colcon.colcon_ros.task.ament_python.build:Building ROS package in '/home/rosario/Desktop/Sensors/LAB6/src/a_star' with build type 'ament_python'
[1.578s] Level 1:colcon.colcon_core.shell:create_environment_hook('a_star', 'ament_prefix_path')
[1.578s] INFO:colcon.colcon_core.shell:Creating environment hook '/home/rosario/Desktop/Sensors/LAB6/install/a_star/share/a_star/hook/ament_prefix_path.ps1'
[1.579s] INFO:colcon.colcon_core.shell:Creating environment descriptor '/home/rosario/Desktop/Sensors/LAB6/install/a_star/share/a_star/hook/ament_prefix_path.dsv'
[1.580s] INFO:colcon.colcon_core.shell:Creating environment hook '/home/rosario/Desktop/Sensors/LAB6/install/a_star/share/a_star/hook/ament_prefix_path.sh'
[1.581s] INFO:colcon.colcon_core.shell:Skip shell extension 'powershell' for command environment: Not usable outside of PowerShell
[1.581s] DEBUG:colcon.colcon_core.shell:Skip shell extension 'dsv' for command environment
[1.805s] INFO:colcon.colcon_core.task.python.build:Building Python package in '/home/rosario/Desktop/Sensors/LAB6/src/a_star'
[1.806s] INFO:colcon.colcon_core.shell:Skip shell extension 'powershell' for command environment: Not usable outside of PowerShell
[1.806s] DEBUG:colcon.colcon_core.shell:Skip shell extension 'dsv' for command environment
[2.153s] DEBUG:colcon.colcon_core.event_handler.log_command:Invoking command in '/home/rosario/Desktop/Sensors/LAB6/src/a_star': AMENT_PREFIX_PATH=/home/rosario/Desktop/Sensors/LAB6/install/turtlebot3_perception:/home/rosario/Desktop/Sensors/LAB6/install/turtlebot3_simulations:/home/rosario/Desktop/Sensors/LAB6/install/a_star:/home/rosario/Desktop/Sensors/LAB6/install/turtlebot3_gazebo:/home/rosario/Desktop/Sensors/LAB6/install/turtlebot3_fake_node:/home/rosario/Desktop/Sensors/LAB6/install/landmark_msgs:/opt/ros/humble CMAKE_PREFIX_PATH=/home/rosario/Desktop/Sensors/LAB6/install/landmark_msgs:/home/rosario/Desktop/Sensors/LAB6/install/turtlebot3_simulations:/home/rosario/Desktop/Sensors/LAB6/install/turtlebot3_gazebo:/home/rosario/Desktop/Sensors/LAB6/install/turtlebot3_fake_node LD_LIBRARY_PATH=/home/rosario/Desktop/Sensors/LAB6/install/landmark_msgs/lib:/usr/lib/x86_64-linux-gnu/gazebo-11/plugins:/opt/ros/humble/opt/rviz_ogre_vendor/lib:/opt/ros/humble/lib/x86_64-linux-gnu:/opt/ros/humble/lib:/usr/share/gazebo/../../lib/x86_64-linux-gnu/gazebo-11/plugins:/usr/share/gazebo/../../lib/x86_64-linux-gnu/gazebo-11/plugins:/usr/share/gazebo/../../lib/x86_64-linux-gnu/gazebo-11/plugins PYTHONPATH=/home/rosario/Desktop/Sensors/LAB6/build/a_star/prefix_override:/usr/lib/python3/dist-packages/colcon_core/task/python/colcon_distutils_commands:/home/rosario/Desktop/Sensors/LAB6/install/a_star/lib/python3.10/site-packages:/home/rosario/Desktop/Sensors/LAB6/install/turtlebot3_perception/lib/python3.10/site-packages:/home/rosario/Desktop/Sensors/LAB6/install/a_star/lib/python3.10/site-packages:/home/rosario/Desktop/Sensors/LAB6/install/landmark_msgs/local/lib/python3.10/dist-packages:/opt/ros/humble/lib/python3.10/site-packages:/opt/ros/humble/local/lib/python3.10/dist-packages /usr/bin/python3 -W ignore:setup.py install is deprecated setup.py egg_info --egg-base ../../build/a_star build --build-base /home/rosario/Desktop/Sensors/LAB6/build/a_star/build install --record /home/rosario/Desktop/Sensors/LAB6/build/a_star/install.log --single-version-externally-managed install_data
[2.401s] Level 1:colcon.colcon_core.environment:checking '/home/rosario/Desktop/Sensors/LAB6/install/a_star' for CMake module files
[2.402s] DEBUG:colcon.colcon_core.event_handler.log_command:Invoked command in '/home/rosario/Desktop/Sensors/LAB6/src/a_star' returned '0': AMENT_PREFIX_PATH=/home/rosario/Desktop/Sensors/LAB6/install/turtlebot3_perception:/home/rosario/Desktop/Sensors/LAB6/install/turtlebot3_simulations:/home/rosario/Desktop/Sensors/LAB6/install/a_star:/home/rosario/Desktop/Sensors/LAB6/install/turtlebot3_gazebo:/home/rosario/Desktop/Sensors/LAB6/install/turtlebot3_fake_node:/home/rosario/Desktop/Sensors/LAB6/install/landmark_msgs:/opt/ros/humble CMAKE_PREFIX_PATH=/home/rosario/Desktop/Sensors/LAB6/install/landmark_msgs:/home/rosario/Desktop/Sensors/LAB6/install/turtlebot3_simulations:/home/rosario/Desktop/Sensors/LAB6/install/turtlebot3_gazebo:/home/rosario/Desktop/Sensors/LAB6/install/turtlebot3_fake_node LD_LIBRARY_PATH=/home/rosario/Desktop/Sensors/LAB6/install/landmark_msgs/lib:/usr/lib/x86_64-linux-gnu/gazebo-11/plugins:/opt/ros/humble/opt/rviz_ogre_vendor/lib:/opt/ros/humble/lib/x86_64-linux-gnu:/opt/ros/humble/lib:/usr/share/gazebo/../../lib/x86_64-linux-gnu/gazebo-11/plugins:/usr/share/gazebo/../../lib/x86_64-linux-gnu/gazebo-11/plugins:/usr/share/gazebo/../../lib/x86_64-linux-gnu/gazebo-11/plugins PYTHONPATH=/home/rosario/Desktop/Sensors/LAB6/build/a_star/prefix_override:/usr/lib/python3/dist-packages/colcon_core/task/python/colcon_distutils_commands:/home/rosario/Desktop/Sensors/LAB6/install/a_star/lib/python3.10/site-packages:/home/rosario/Desktop/Sensors/LAB6/install/turtlebot3_perception/lib/python3.10/site-packages:/home/rosario/Desktop/Sensors/LAB6/install/a_star/lib/python3.10/site-packages:/home/rosario/Desktop/Sensors/LAB6/install/landmark_msgs/local/lib/python3.10/dist-packages:/opt/ros/humble/lib/python3.10/site-packages:/opt/ros/humble/local/lib/python3.10/dist-packages /usr/bin/python3 -W ignore:setup.py install is deprecated setup.py egg_info --egg-base ../../build/a_star build --build-base /home/rosario/Desktop/Sensors/LAB6/build/a_star/build install --record /home/rosario/Desktop/Sensors/LAB6/build/a_star/install.log --single-version-externally-managed install_data
[2.403s] Level 1:colcon.colcon_core.environment:checking '/home/rosario/Desktop/Sensors/LAB6/install/a_star' for CMake config files
[2.404s] Level 1:colcon.colcon_core.environment:checking '/home/rosario/Desktop/Sensors/LAB6/install/a_star/lib'
[2.404s] Level 1:colcon.colcon_core.environment:checking '/home/rosario/Desktop/Sensors/LAB6/install/a_star/bin'
[2.404s] Level 1:colcon.colcon_core.environment:checking '/home/rosario/Desktop/Sensors/LAB6/install/a_star/lib/pkgconfig/a_star.pc'
[2.404s] Level 1:colcon.colcon_core.environment:checking '/home/rosario/Desktop/Sensors/LAB6/install/a_star/lib/python3.10/site-packages'
[2.404s] Level 1:colcon.colcon_core.shell:create_environment_hook('a_star', 'pythonpath')
[2.405s] INFO:colcon.colcon_core.shell:Creating environment hook '/home/rosario/Desktop/Sensors/LAB6/install/a_star/share/a_star/hook/pythonpath.ps1'
[2.406s] INFO:colcon.colcon_core.shell:Creating environment descriptor '/home/rosario/Desktop/Sensors/LAB6/install/a_star/share/a_star/hook/pythonpath.dsv'
[2.406s] INFO:colcon.colcon_core.shell:Creating environment hook '/home/rosario/Desktop/Sensors/LAB6/install/a_star/share/a_star/hook/pythonpath.sh'
[2.407s] Level 1:colcon.colcon_core.environment:checking '/home/rosario/Desktop/Sensors/LAB6/install/a_star/bin'
[2.407s] Level 1:colcon.colcon_core.environment:create_environment_scripts_only(a_star)
[2.407s] INFO:colcon.colcon_core.shell:Creating package script '/home/rosario/Desktop/Sensors/LAB6/install/a_star/share/a_star/package.ps1'
[2.408s] INFO:colcon.colcon_core.shell:Creating package descriptor '/home/rosario/Desktop/Sensors/LAB6/install/a_star/share/a_star/package.dsv'
[2.410s] INFO:colcon.colcon_core.shell:Creating package script '/home/rosario/Desktop/Sensors/LAB6/install/a_star/share/a_star/package.sh'
[2.410s] INFO:colcon.colcon_core.shell:Creating package script '/home/rosario/Desktop/Sensors/LAB6/install/a_star/share/a_star/package.bash'
[2.411s] INFO:colcon.colcon_core.shell:Creating package script '/home/rosario/Desktop/Sensors/LAB6/install/a_star/share/a_star/package.zsh'
[2.411s] Level 1:colcon.colcon_core.environment:create_file_with_runtime_dependencies(/home/rosario/Desktop/Sensors/LAB6/install/a_star/share/colcon-core/packages/a_star)
[2.412s] DEBUG:colcon.colcon_parallel_executor.executor.parallel:closing loop
[2.412s] DEBUG:colcon.colcon_parallel_executor.executor.parallel:loop closed
[2.412s] DEBUG:colcon.colcon_parallel_executor.executor.parallel:run_until_complete finished with '0'
[2.413s] DEBUG:colcon.colcon_core.event_reactor:joining thread
[2.419s] INFO:colcon.colcon_core.plugin_system:Skipping extension 'colcon_notification.desktop_notification.terminal_notifier': Not used on non-Darwin systems
[2.419s] INFO:colcon.colcon_core.plugin_system:Skipping extension 'colcon_notification.desktop_notification.win32': Not used on non-Windows systems
[2.419s] INFO:colcon.colcon_notification.desktop_notification:Sending desktop notification using 'notify2'
[2.432s] DEBUG:colcon.colcon_core.event_reactor:joined thread
[2.433s] INFO:colcon.colcon_core.shell:Creating prefix script '/home/rosario/Desktop/Sensors/LAB6/install/local_setup.ps1'
[2.435s] INFO:colcon.colcon_core.shell:Creating prefix util module '/home/rosario/Desktop/Sensors/LAB6/install/_local_setup_util_ps1.py'
[2.437s] INFO:colcon.colcon_core.shell:Creating prefix chain script '/home/rosario/Desktop/Sensors/LAB6/install/setup.ps1'
[2.439s] INFO:colcon.colcon_core.shell:Creating prefix script '/home/rosario/Desktop/Sensors/LAB6/install/local_setup.sh'
[2.440s] INFO:colcon.colcon_core.shell:Creating prefix util module '/home/rosario/Desktop/Sensors/LAB6/install/_local_setup_util_sh.py'
[2.441s] INFO:colcon.colcon_core.shell:Creating prefix chain script '/home/rosario/Desktop/Sensors/LAB6/install/setup.sh'
[2.444s] INFO:colcon.colcon_core.shell:Creating prefix script '/home/rosario/Desktop/Sensors/LAB6/install/local_setup.bash'
[2.445s] INFO:colcon.colcon_core.shell:Creating prefix chain script '/home/rosario/Desktop/Sensors/LAB6/install/setup.bash'
[2.447s] INFO:colcon.colcon_core.shell:Creating prefix script '/home/rosario/Desktop/Sensors/LAB6/install/local_setup.zsh'
[2.448s] INFO:colcon.colcon_core.shell:Creating prefix chain script '/home/rosario/Desktop/Sensors/LAB6/install/setup.zsh'
