[0.088s] DEBUG:colcon:Command line arguments: ['/usr/bin/colcon', 'build', '--symlink-install']
[0.088s] DEBUG:colcon:Parsed command line arguments: Namespace(log_base=None, log_level=None, verb_name='build', build_base='build', install_base='install', merge_install=False, symlink_install=True, test_result_base=None, continue_on_error=False, executor='parallel', parallel_workers=16, event_handlers=None, ignore_user_meta=False, metas=['./colcon.meta'], base_paths=['.'], packages_ignore=None, packages_ignore_regex=None, paths=None, packages_up_to=None, packages_up_to_regex=None, packages_above=None, packages_above_and_dependencies=None, packages_above_depth=None, packages_select_by_dep=None, packages_skip_by_dep=None, packages_skip_up_to=None, packages_select_build_failed=False, packages_skip_build_finished=False, packages_select_test_failures=False, packages_skip_test_passed=False, packages_select=None, packages_skip=None, packages_select_regex=None, packages_skip_regex=None, packages_start=None, packages_end=None, allow_overriding=[], cmake_args=None, cmake_target=None, cmake_target_skip_unavailable=False, cmake_clean_cache=False, cmake_clean_first=False, cmake_force_configure=False, ament_cmake_args=None, catkin_cmake_args=None, catkin_skip_building_tests=False, mixin_files=None, mixin=None, verb_parser=<colcon_mixin.mixin.mixin_argument.MixinArgumentDecorator object at 0x7d4c85068730>, verb_extension=<colcon_core.verb.build.BuildVerb object at 0x7d4c85068250>, main=<bound method BuildVerb.main of <colcon_core.verb.build.BuildVerb object at 0x7d4c85068250>>, mixin_verb=('build',))
[0.265s] Level 1:colcon.colcon_core.package_discovery:discover_packages(colcon_meta) check parameters
[0.265s] Level 1:colcon.colcon_core.package_discovery:discover_packages(recursive) check parameters
[0.265s] Level 1:colcon.colcon_core.package_discovery:discover_packages(ignore) check parameters
[0.265s] Level 1:colcon.colcon_core.package_discovery:discover_packages(path) check parameters
[0.265s] Level 1:colcon.colcon_core.package_discovery:discover_packages(colcon_meta) discover
[0.265s] Level 1:colcon.colcon_core.package_discovery:discover_packages(recursive) discover
[0.265s] INFO:colcon.colcon_core.package_discovery:Crawling recursively for packages in '/home/rosario/Desktop/Sensors/LAB2/ex2'
[0.265s] Level 1:colcon.colcon_core.package_identification:_identify(.) by extensions ['ignore', 'ignore_ament_install']
[0.265s] Level 1:colcon.colcon_core.package_identification:_identify(.) by extension 'ignore'
[0.265s] Level 1:colcon.colcon_core.package_identification:_identify(.) by extension 'ignore_ament_install'
[0.265s] Level 1:colcon.colcon_core.package_identification:_identify(.) by extensions ['colcon_pkg']
[0.265s] Level 1:colcon.colcon_core.package_identification:_identify(.) by extension 'colcon_pkg'
[0.265s] Level 1:colcon.colcon_core.package_identification:_identify(.) by extensions ['colcon_meta']
[0.265s] Level 1:colcon.colcon_core.package_identification:_identify(.) by extension 'colcon_meta'
[0.265s] Level 1:colcon.colcon_core.package_identification:_identify(.) by extensions ['ros']
[0.266s] Level 1:colcon.colcon_core.package_identification:_identify(.) by extension 'ros'
[0.273s] Level 1:colcon.colcon_core.package_identification:_identify(.) by extensions ['cmake', 'python']
[0.273s] Level 1:colcon.colcon_core.package_identification:_identify(.) by extension 'cmake'
[0.273s] Level 1:colcon.colcon_core.package_identification:_identify(.) by extension 'python'
[0.273s] Level 1:colcon.colcon_core.package_identification:_identify(.) by extensions ['python_setup_py']
[0.273s] Level 1:colcon.colcon_core.package_identification:_identify(.) by extension 'python_setup_py'
[0.273s] Level 1:colcon.colcon_core.package_identification:_identify(build) by extensions ['ignore', 'ignore_ament_install']
[0.273s] Level 1:colcon.colcon_core.package_identification:_identify(build) by extension 'ignore'
[0.273s] Level 1:colcon.colcon_core.package_identification:_identify(build) ignored
[0.273s] Level 1:colcon.colcon_core.package_identification:_identify(install) by extensions ['ignore', 'ignore_ament_install']
[0.273s] Level 1:colcon.colcon_core.package_identification:_identify(install) by extension 'ignore'
[0.273s] Level 1:colcon.colcon_core.package_identification:_identify(install) ignored
[0.274s] Level 1:colcon.colcon_core.package_identification:_identify(log) by extensions ['ignore', 'ignore_ament_install']
[0.274s] Level 1:colcon.colcon_core.package_identification:_identify(log) by extension 'ignore'
[0.274s] Level 1:colcon.colcon_core.package_identification:_identify(log) ignored
[0.274s] Level 1:colcon.colcon_core.package_identification:_identify(src) by extensions ['ignore', 'ignore_ament_install']
[0.274s] Level 1:colcon.colcon_core.package_identification:_identify(src) by extension 'ignore'
[0.274s] Level 1:colcon.colcon_core.package_identification:_identify(src) by extension 'ignore_ament_install'
[0.274s] Level 1:colcon.colcon_core.package_identification:_identify(src) by extensions ['colcon_pkg']
[0.274s] Level 1:colcon.colcon_core.package_identification:_identify(src) by extension 'colcon_pkg'
[0.274s] Level 1:colcon.colcon_core.package_identification:_identify(src) by extensions ['colcon_meta']
[0.274s] Level 1:colcon.colcon_core.package_identification:_identify(src) by extension 'colcon_meta'
[0.274s] Level 1:colcon.colcon_core.package_identification:_identify(src) by extensions ['ros']
[0.274s] Level 1:colcon.colcon_core.package_identification:_identify(src) by extension 'ros'
[0.274s] Level 1:colcon.colcon_core.package_identification:_identify(src) by extensions ['cmake', 'python']
[0.274s] Level 1:colcon.colcon_core.package_identification:_identify(src) by extension 'cmake'
[0.274s] Level 1:colcon.colcon_core.package_identification:_identify(src) by extension 'python'
[0.274s] Level 1:colcon.colcon_core.package_identification:_identify(src) by extensions ['python_setup_py']
[0.274s] Level 1:colcon.colcon_core.package_identification:_identify(src) by extension 'python_setup_py'
[0.274s] Level 1:colcon.colcon_core.package_identification:_identify(src/turtlebot3_simulations) by extensions ['ignore', 'ignore_ament_install']
[0.274s] Level 1:colcon.colcon_core.package_identification:_identify(src/turtlebot3_simulations) by extension 'ignore'
[0.274s] Level 1:colcon.colcon_core.package_identification:_identify(src/turtlebot3_simulations) by extension 'ignore_ament_install'
[0.274s] Level 1:colcon.colcon_core.package_identification:_identify(src/turtlebot3_simulations) by extensions ['colcon_pkg']
[0.274s] Level 1:colcon.colcon_core.package_identification:_identify(src/turtlebot3_simulations) by extension 'colcon_pkg'
[0.274s] Level 1:colcon.colcon_core.package_identification:_identify(src/turtlebot3_simulations) by extensions ['colcon_meta']
[0.274s] Level 1:colcon.colcon_core.package_identification:_identify(src/turtlebot3_simulations) by extension 'colcon_meta'
[0.274s] Level 1:colcon.colcon_core.package_identification:_identify(src/turtlebot3_simulations) by extensions ['ros']
[0.274s] Level 1:colcon.colcon_core.package_identification:_identify(src/turtlebot3_simulations) by extension 'ros'
[0.274s] Level 1:colcon.colcon_core.package_identification:_identify(src/turtlebot3_simulations) by extensions ['cmake', 'python']
[0.274s] Level 1:colcon.colcon_core.package_identification:_identify(src/turtlebot3_simulations) by extension 'cmake'
[0.274s] Level 1:colcon.colcon_core.package_identification:_identify(src/turtlebot3_simulations) by extension 'python'
[0.274s] Level 1:colcon.colcon_core.package_identification:_identify(src/turtlebot3_simulations) by extensions ['python_setup_py']
[0.274s] Level 1:colcon.colcon_core.package_identification:_identify(src/turtlebot3_simulations) by extension 'python_setup_py'
[0.274s] Level 1:colcon.colcon_core.package_identification:_identify(src/turtlebot3_simulations/turtlebot3_fake_node) by extensions ['ignore', 'ignore_ament_install']
[0.274s] Level 1:colcon.colcon_core.package_identification:_identify(src/turtlebot3_simulations/turtlebot3_fake_node) by extension 'ignore'
[0.274s] Level 1:colcon.colcon_core.package_identification:_identify(src/turtlebot3_simulations/turtlebot3_fake_node) by extension 'ignore_ament_install'
[0.274s] Level 1:colcon.colcon_core.package_identification:_identify(src/turtlebot3_simulations/turtlebot3_fake_node) by extensions ['colcon_pkg']
[0.274s] Level 1:colcon.colcon_core.package_identification:_identify(src/turtlebot3_simulations/turtlebot3_fake_node) by extension 'colcon_pkg'
[0.274s] Level 1:colcon.colcon_core.package_identification:_identify(src/turtlebot3_simulations/turtlebot3_fake_node) by extensions ['colcon_meta']
[0.274s] Level 1:colcon.colcon_core.package_identification:_identify(src/turtlebot3_simulations/turtlebot3_fake_node) by extension 'colcon_meta'
[0.274s] Level 1:colcon.colcon_core.package_identification:_identify(src/turtlebot3_simulations/turtlebot3_fake_node) by extensions ['ros']
[0.274s] Level 1:colcon.colcon_core.package_identification:_identify(src/turtlebot3_simulations/turtlebot3_fake_node) by extension 'ros'
[0.287s] DEBUG:colcon.colcon_core.package_identification:Package 'src/turtlebot3_simulations/turtlebot3_fake_node' with type 'ros.ament_cmake' and name 'turtlebot3_fake_node'
[0.288s] Level 1:colcon.colcon_core.package_identification:_identify(src/turtlebot3_simulations/turtlebot3_gazebo) by extensions ['ignore', 'ignore_ament_install']
[0.288s] Level 1:colcon.colcon_core.package_identification:_identify(src/turtlebot3_simulations/turtlebot3_gazebo) by extension 'ignore'
[0.288s] Level 1:colcon.colcon_core.package_identification:_identify(src/turtlebot3_simulations/turtlebot3_gazebo) by extension 'ignore_ament_install'
[0.288s] Level 1:colcon.colcon_core.package_identification:_identify(src/turtlebot3_simulations/turtlebot3_gazebo) by extensions ['colcon_pkg']
[0.288s] Level 1:colcon.colcon_core.package_identification:_identify(src/turtlebot3_simulations/turtlebot3_gazebo) by extension 'colcon_pkg'
[0.288s] Level 1:colcon.colcon_core.package_identification:_identify(src/turtlebot3_simulations/turtlebot3_gazebo) by extensions ['colcon_meta']
[0.288s] Level 1:colcon.colcon_core.package_identification:_identify(src/turtlebot3_simulations/turtlebot3_gazebo) by extension 'colcon_meta'
[0.288s] Level 1:colcon.colcon_core.package_identification:_identify(src/turtlebot3_simulations/turtlebot3_gazebo) by extensions ['ros']
[0.288s] Level 1:colcon.colcon_core.package_identification:_identify(src/turtlebot3_simulations/turtlebot3_gazebo) by extension 'ros'
[0.289s] DEBUG:colcon.colcon_core.package_identification:Package 'src/turtlebot3_simulations/turtlebot3_gazebo' with type 'ros.ament_cmake' and name 'turtlebot3_gazebo'
[0.289s] Level 1:colcon.colcon_core.package_identification:_identify(src/turtlebot3_simulations/turtlebot3_ignition) by extensions ['ignore', 'ignore_ament_install']
[0.289s] Level 1:colcon.colcon_core.package_identification:_identify(src/turtlebot3_simulations/turtlebot3_ignition) by extension 'ignore'
[0.289s] Level 1:colcon.colcon_core.package_identification:_identify(src/turtlebot3_simulations/turtlebot3_ignition) ignored
[0.289s] Level 1:colcon.colcon_core.package_identification:_identify(src/turtlebot3_simulations/turtlebot3_simulations) by extensions ['ignore', 'ignore_ament_install']
[0.289s] Level 1:colcon.colcon_core.package_identification:_identify(src/turtlebot3_simulations/turtlebot3_simulations) by extension 'ignore'
[0.289s] Level 1:colcon.colcon_core.package_identification:_identify(src/turtlebot3_simulations/turtlebot3_simulations) by extension 'ignore_ament_install'
[0.289s] Level 1:colcon.colcon_core.package_identification:_identify(src/turtlebot3_simulations/turtlebot3_simulations) by extensions ['colcon_pkg']
[0.289s] Level 1:colcon.colcon_core.package_identification:_identify(src/turtlebot3_simulations/turtlebot3_simulations) by extension 'colcon_pkg'
[0.289s] Level 1:colcon.colcon_core.package_identification:_identify(src/turtlebot3_simulations/turtlebot3_simulations) by extensions ['colcon_meta']
[0.289s] Level 1:colcon.colcon_core.package_identification:_identify(src/turtlebot3_simulations/turtlebot3_simulations) by extension 'colcon_meta'
[0.289s] Level 1:colcon.colcon_core.package_identification:_identify(src/turtlebot3_simulations/turtlebot3_simulations) by extensions ['ros']
[0.289s] Level 1:colcon.colcon_core.package_identification:_identify(src/turtlebot3_simulations/turtlebot3_simulations) by extension 'ros'
[0.289s] DEBUG:colcon.colcon_core.package_identification:Package 'src/turtlebot3_simulations/turtlebot3_simulations' with type 'ros.ament_cmake' and name 'turtlebot3_simulations'
[0.289s] Level 1:colcon.colcon_core.package_discovery:discover_packages(recursive) using defaults
[0.289s] Level 1:colcon.colcon_core.package_discovery:discover_packages(ignore) discover
[0.289s] Level 1:colcon.colcon_core.package_discovery:discover_packages(ignore) using defaults
[0.289s] Level 1:colcon.colcon_core.package_discovery:discover_packages(path) discover
[0.289s] Level 1:colcon.colcon_core.package_discovery:discover_packages(path) using defaults
[0.315s] Level 1:colcon.colcon_core.package_discovery:discover_packages(prefix_path) check parameters
[0.315s] Level 1:colcon.colcon_core.package_discovery:discover_packages(prefix_path) discover
[0.320s] DEBUG:colcon.colcon_installed_package_information.package_discovery:Found 1 installed packages in /home/rosario/Desktop/Sensors/LAB1/ex1/install
[0.321s] DEBUG:colcon.colcon_installed_package_information.package_discovery:Found 359 installed packages in /opt/ros/humble
[0.322s] Level 1:colcon.colcon_core.package_discovery:discover_packages(prefix_path) using defaults
[0.348s] Level 5:colcon.colcon_core.verb:set package 'turtlebot3_fake_node' build argument 'cmake_args' from command line to 'None'
[0.348s] Level 5:colcon.colcon_core.verb:set package 'turtlebot3_fake_node' build argument 'cmake_target' from command line to 'None'
[0.348s] Level 5:colcon.colcon_core.verb:set package 'turtlebot3_fake_node' build argument 'cmake_target_skip_unavailable' from command line to 'False'
[0.348s] Level 5:colcon.colcon_core.verb:set package 'turtlebot3_fake_node' build argument 'cmake_clean_cache' from command line to 'False'
[0.348s] Level 5:colcon.colcon_core.verb:set package 'turtlebot3_fake_node' build argument 'cmake_clean_first' from command line to 'False'
[0.348s] Level 5:colcon.colcon_core.verb:set package 'turtlebot3_fake_node' build argument 'cmake_force_configure' from command line to 'False'
[0.348s] Level 5:colcon.colcon_core.verb:set package 'turtlebot3_fake_node' build argument 'ament_cmake_args' from command line to 'None'
[0.348s] Level 5:colcon.colcon_core.verb:set package 'turtlebot3_fake_node' build argument 'catkin_cmake_args' from command line to 'None'
[0.348s] Level 5:colcon.colcon_core.verb:set package 'turtlebot3_fake_node' build argument 'catkin_skip_building_tests' from command line to 'False'
[0.348s] DEBUG:colcon.colcon_core.verb:Building package 'turtlebot3_fake_node' with the following arguments: {'ament_cmake_args': None, 'build_base': '/home/rosario/Desktop/Sensors/LAB2/ex2/build/turtlebot3_fake_node', 'catkin_cmake_args': None, 'catkin_skip_building_tests': False, 'cmake_args': None, 'cmake_clean_cache': False, 'cmake_clean_first': False, 'cmake_force_configure': False, 'cmake_target': None, 'cmake_target_skip_unavailable': False, 'install_base': '/home/rosario/Desktop/Sensors/LAB2/ex2/install/turtlebot3_fake_node', 'merge_install': False, 'path': '/home/rosario/Desktop/Sensors/LAB2/ex2/src/turtlebot3_simulations/turtlebot3_fake_node', 'symlink_install': True, 'test_result_base': None}
[0.348s] Level 5:colcon.colcon_core.verb:set package 'turtlebot3_gazebo' build argument 'cmake_args' from command line to 'None'
[0.348s] Level 5:colcon.colcon_core.verb:set package 'turtlebot3_gazebo' build argument 'cmake_target' from command line to 'None'
[0.348s] Level 5:colcon.colcon_core.verb:set package 'turtlebot3_gazebo' build argument 'cmake_target_skip_unavailable' from command line to 'False'
[0.348s] Level 5:colcon.colcon_core.verb:set package 'turtlebot3_gazebo' build argument 'cmake_clean_cache' from command line to 'False'
[0.348s] Level 5:colcon.colcon_core.verb:set package 'turtlebot3_gazebo' build argument 'cmake_clean_first' from command line to 'False'
[0.348s] Level 5:colcon.colcon_core.verb:set package 'turtlebot3_gazebo' build argument 'cmake_force_configure' from command line to 'False'
[0.348s] Level 5:colcon.colcon_core.verb:set package 'turtlebot3_gazebo' build argument 'ament_cmake_args' from command line to 'None'
[0.348s] Level 5:colcon.colcon_core.verb:set package 'turtlebot3_gazebo' build argument 'catkin_cmake_args' from command line to 'None'
[0.348s] Level 5:colcon.colcon_core.verb:set package 'turtlebot3_gazebo' build argument 'catkin_skip_building_tests' from command line to 'False'
[0.348s] DEBUG:colcon.colcon_core.verb:Building package 'turtlebot3_gazebo' with the following arguments: {'ament_cmake_args': None, 'build_base': '/home/rosario/Desktop/Sensors/LAB2/ex2/build/turtlebot3_gazebo', 'catkin_cmake_args': None, 'catkin_skip_building_tests': False, 'cmake_args': None, 'cmake_clean_cache': False, 'cmake_clean_first': False, 'cmake_force_configure': False, 'cmake_target': None, 'cmake_target_skip_unavailable': False, 'install_base': '/home/rosario/Desktop/Sensors/LAB2/ex2/install/turtlebot3_gazebo', 'merge_install': False, 'path': '/home/rosario/Desktop/Sensors/LAB2/ex2/src/turtlebot3_simulations/turtlebot3_gazebo', 'symlink_install': True, 'test_result_base': None}
[0.349s] Level 5:colcon.colcon_core.verb:set package 'turtlebot3_simulations' build argument 'cmake_args' from command line to 'None'
[0.349s] Level 5:colcon.colcon_core.verb:set package 'turtlebot3_simulations' build argument 'cmake_target' from command line to 'None'
[0.349s] Level 5:colcon.colcon_core.verb:set package 'turtlebot3_simulations' build argument 'cmake_target_skip_unavailable' from command line to 'False'
[0.349s] Level 5:colcon.colcon_core.verb:set package 'turtlebot3_simulations' build argument 'cmake_clean_cache' from command line to 'False'
[0.349s] Level 5:colcon.colcon_core.verb:set package 'turtlebot3_simulations' build argument 'cmake_clean_first' from command line to 'False'
[0.349s] Level 5:colcon.colcon_core.verb:set package 'turtlebot3_simulations' build argument 'cmake_force_configure' from command line to 'False'
[0.349s] Level 5:colcon.colcon_core.verb:set package 'turtlebot3_simulations' build argument 'ament_cmake_args' from command line to 'None'
[0.349s] Level 5:colcon.colcon_core.verb:set package 'turtlebot3_simulations' build argument 'catkin_cmake_args' from command line to 'None'
[0.349s] Level 5:colcon.colcon_core.verb:set package 'turtlebot3_simulations' build argument 'catkin_skip_building_tests' from command line to 'False'
[0.349s] DEBUG:colcon.colcon_core.verb:Building package 'turtlebot3_simulations' with the following arguments: {'ament_cmake_args': None, 'build_base': '/home/rosario/Desktop/Sensors/LAB2/ex2/build/turtlebot3_simulations', 'catkin_cmake_args': None, 'catkin_skip_building_tests': False, 'cmake_args': None, 'cmake_clean_cache': False, 'cmake_clean_first': False, 'cmake_force_configure': False, 'cmake_target': None, 'cmake_target_skip_unavailable': False, 'install_base': '/home/rosario/Desktop/Sensors/LAB2/ex2/install/turtlebot3_simulations', 'merge_install': False, 'path': '/home/rosario/Desktop/Sensors/LAB2/ex2/src/turtlebot3_simulations/turtlebot3_simulations', 'symlink_install': True, 'test_result_base': None}
[0.349s] INFO:colcon.colcon_core.executor:Executing jobs using 'parallel' executor
[0.350s] DEBUG:colcon.colcon_parallel_executor.executor.parallel:run_until_complete
[0.350s] INFO:colcon.colcon_ros.task.ament_cmake.build:Building ROS package in '/home/rosario/Desktop/Sensors/LAB2/ex2/src/turtlebot3_simulations/turtlebot3_fake_node' with build type 'ament_cmake'
[0.350s] INFO:colcon.colcon_cmake.task.cmake.build:Building CMake package in '/home/rosario/Desktop/Sensors/LAB2/ex2/src/turtlebot3_simulations/turtlebot3_fake_node'
[0.355s] INFO:colcon.colcon_core.plugin_system:Skipping extension 'colcon_core.shell.bat': Not used on non-Windows systems
[0.355s] INFO:colcon.colcon_core.shell:Skip shell extension 'powershell' for command environment: Not usable outside of PowerShell
[0.355s] DEBUG:colcon.colcon_core.shell:Skip shell extension 'dsv' for command environment
[0.358s] INFO:colcon.colcon_ros.task.ament_cmake.build:Building ROS package in '/home/rosario/Desktop/Sensors/LAB2/ex2/src/turtlebot3_simulations/turtlebot3_gazebo' with build type 'ament_cmake'
[0.358s] INFO:colcon.colcon_cmake.task.cmake.build:Building CMake package in '/home/rosario/Desktop/Sensors/LAB2/ex2/src/turtlebot3_simulations/turtlebot3_gazebo'
[0.359s] INFO:colcon.colcon_core.shell:Skip shell extension 'powershell' for command environment: Not usable outside of PowerShell
[0.359s] DEBUG:colcon.colcon_core.shell:Skip shell extension 'dsv' for command environment
[0.367s] DEBUG:colcon.colcon_core.event_handler.log_command:Invoking command in '/home/rosario/Desktop/Sensors/LAB2/ex2/build/turtlebot3_fake_node': CMAKE_PREFIX_PATH=/home/rosario/Desktop/Sensors/LAB1/ex1/install/lab01_pkg:/opt/ros/humble /usr/bin/cmake /home/rosario/Desktop/Sensors/LAB2/ex2/src/turtlebot3_simulations/turtlebot3_fake_node -DAMENT_CMAKE_SYMLINK_INSTALL=1 -DCMAKE_INSTALL_PREFIX=/home/rosario/Desktop/Sensors/LAB2/ex2/install/turtlebot3_fake_node
[0.372s] DEBUG:colcon.colcon_core.event_handler.log_command:Invoking command in '/home/rosario/Desktop/Sensors/LAB2/ex2/build/turtlebot3_gazebo': CMAKE_PREFIX_PATH=/home/rosario/Desktop/Sensors/LAB1/ex1/install/lab01_pkg:/opt/ros/humble /usr/bin/cmake /home/rosario/Desktop/Sensors/LAB2/ex2/src/turtlebot3_simulations/turtlebot3_gazebo -DAMENT_CMAKE_SYMLINK_INSTALL=1 -DCMAKE_INSTALL_PREFIX=/home/rosario/Desktop/Sensors/LAB2/ex2/install/turtlebot3_gazebo
[1.610s] DEBUG:colcon.colcon_core.event_handler.log_command:Invoked command in '/home/rosario/Desktop/Sensors/LAB2/ex2/build/turtlebot3_fake_node' returned '0': CMAKE_PREFIX_PATH=/home/rosario/Desktop/Sensors/LAB1/ex1/install/lab01_pkg:/opt/ros/humble /usr/bin/cmake /home/rosario/Desktop/Sensors/LAB2/ex2/src/turtlebot3_simulations/turtlebot3_fake_node -DAMENT_CMAKE_SYMLINK_INSTALL=1 -DCMAKE_INSTALL_PREFIX=/home/rosario/Desktop/Sensors/LAB2/ex2/install/turtlebot3_fake_node
[1.612s] DEBUG:colcon.colcon_core.event_handler.log_command:Invoking command in '/home/rosario/Desktop/Sensors/LAB2/ex2/build/turtlebot3_fake_node': CMAKE_PREFIX_PATH=/home/rosario/Desktop/Sensors/LAB1/ex1/install/lab01_pkg:/opt/ros/humble /usr/bin/cmake --build /home/rosario/Desktop/Sensors/LAB2/ex2/build/turtlebot3_fake_node -- -j16 -l16
[2.360s] DEBUG:colcon.colcon_core.event_handler.log_command:Invoked command in '/home/rosario/Desktop/Sensors/LAB2/ex2/build/turtlebot3_gazebo' returned '0': CMAKE_PREFIX_PATH=/home/rosario/Desktop/Sensors/LAB1/ex1/install/lab01_pkg:/opt/ros/humble /usr/bin/cmake /home/rosario/Desktop/Sensors/LAB2/ex2/src/turtlebot3_simulations/turtlebot3_gazebo -DAMENT_CMAKE_SYMLINK_INSTALL=1 -DCMAKE_INSTALL_PREFIX=/home/rosario/Desktop/Sensors/LAB2/ex2/install/turtlebot3_gazebo
[2.363s] DEBUG:colcon.colcon_core.event_handler.log_command:Invoking command in '/home/rosario/Desktop/Sensors/LAB2/ex2/build/turtlebot3_gazebo': CMAKE_PREFIX_PATH=/home/rosario/Desktop/Sensors/LAB1/ex1/install/lab01_pkg:/opt/ros/humble /usr/bin/cmake --build /home/rosario/Desktop/Sensors/LAB2/ex2/build/turtlebot3_gazebo -- -j16 -l16
[9.323s] DEBUG:colcon.colcon_core.event_handler.log_command:Invoked command in '/home/rosario/Desktop/Sensors/LAB2/ex2/build/turtlebot3_fake_node' returned '0': CMAKE_PREFIX_PATH=/home/rosario/Desktop/Sensors/LAB1/ex1/install/lab01_pkg:/opt/ros/humble /usr/bin/cmake --build /home/rosario/Desktop/Sensors/LAB2/ex2/build/turtlebot3_fake_node -- -j16 -l16
[9.362s] DEBUG:colcon.colcon_core.event_handler.log_command:Invoking command in '/home/rosario/Desktop/Sensors/LAB2/ex2/build/turtlebot3_fake_node': CMAKE_PREFIX_PATH=/home/rosario/Desktop/Sensors/LAB1/ex1/install/lab01_pkg:/opt/ros/humble /usr/bin/cmake --install /home/rosario/Desktop/Sensors/LAB2/ex2/build/turtlebot3_fake_node
[9.600s] Level 1:colcon.colcon_core.environment:create_environment_scripts_only(turtlebot3_fake_node)
[9.601s] DEBUG:colcon.colcon_core.event_handler.log_command:Invoked command in '/home/rosario/Desktop/Sensors/LAB2/ex2/build/turtlebot3_fake_node' returned '0': CMAKE_PREFIX_PATH=/home/rosario/Desktop/Sensors/LAB1/ex1/install/lab01_pkg:/opt/ros/humble /usr/bin/cmake --install /home/rosario/Desktop/Sensors/LAB2/ex2/build/turtlebot3_fake_node
[9.610s] Level 1:colcon.colcon_core.environment:checking '/home/rosario/Desktop/Sensors/LAB2/ex2/install/turtlebot3_fake_node' for CMake module files
[9.611s] Level 1:colcon.colcon_core.environment:checking '/home/rosario/Desktop/Sensors/LAB2/ex2/install/turtlebot3_fake_node' for CMake config files
[9.612s] Level 1:colcon.colcon_core.shell:create_environment_hook('turtlebot3_fake_node', 'cmake_prefix_path')
[9.612s] INFO:colcon.colcon_core.shell:Creating environment hook '/home/rosario/Desktop/Sensors/LAB2/ex2/install/turtlebot3_fake_node/share/turtlebot3_fake_node/hook/cmake_prefix_path.ps1'
[9.613s] INFO:colcon.colcon_core.shell:Creating environment descriptor '/home/rosario/Desktop/Sensors/LAB2/ex2/install/turtlebot3_fake_node/share/turtlebot3_fake_node/hook/cmake_prefix_path.dsv'
[9.614s] INFO:colcon.colcon_core.shell:Creating environment hook '/home/rosario/Desktop/Sensors/LAB2/ex2/install/turtlebot3_fake_node/share/turtlebot3_fake_node/hook/cmake_prefix_path.sh'
[9.615s] Level 1:colcon.colcon_core.environment:checking '/home/rosario/Desktop/Sensors/LAB2/ex2/install/turtlebot3_fake_node/lib'
[9.615s] Level 1:colcon.colcon_core.environment:checking '/home/rosario/Desktop/Sensors/LAB2/ex2/install/turtlebot3_fake_node/bin'
[9.615s] Level 1:colcon.colcon_core.environment:checking '/home/rosario/Desktop/Sensors/LAB2/ex2/install/turtlebot3_fake_node/lib/pkgconfig/turtlebot3_fake_node.pc'
[9.616s] Level 1:colcon.colcon_core.environment:checking '/home/rosario/Desktop/Sensors/LAB2/ex2/install/turtlebot3_fake_node/lib/python3.10/site-packages'
[9.616s] Level 1:colcon.colcon_core.environment:checking '/home/rosario/Desktop/Sensors/LAB2/ex2/install/turtlebot3_fake_node/bin'
[9.616s] INFO:colcon.colcon_core.shell:Creating package script '/home/rosario/Desktop/Sensors/LAB2/ex2/install/turtlebot3_fake_node/share/turtlebot3_fake_node/package.ps1'
[9.617s] INFO:colcon.colcon_core.shell:Creating package descriptor '/home/rosario/Desktop/Sensors/LAB2/ex2/install/turtlebot3_fake_node/share/turtlebot3_fake_node/package.dsv'
[9.618s] INFO:colcon.colcon_core.shell:Creating package script '/home/rosario/Desktop/Sensors/LAB2/ex2/install/turtlebot3_fake_node/share/turtlebot3_fake_node/package.sh'
[9.619s] INFO:colcon.colcon_core.shell:Creating package script '/home/rosario/Desktop/Sensors/LAB2/ex2/install/turtlebot3_fake_node/share/turtlebot3_fake_node/package.bash'
[9.620s] INFO:colcon.colcon_core.shell:Creating package script '/home/rosario/Desktop/Sensors/LAB2/ex2/install/turtlebot3_fake_node/share/turtlebot3_fake_node/package.zsh'
[9.621s] Level 1:colcon.colcon_core.environment:create_file_with_runtime_dependencies(/home/rosario/Desktop/Sensors/LAB2/ex2/install/turtlebot3_fake_node/share/colcon-core/packages/turtlebot3_fake_node)
[9.650s] Level 1:colcon.colcon_core.environment:create_environment_scripts_only(turtlebot3_fake_node)
[9.650s] Level 1:colcon.colcon_core.environment:checking '/home/rosario/Desktop/Sensors/LAB2/ex2/install/turtlebot3_fake_node' for CMake module files
[9.650s] Level 1:colcon.colcon_core.environment:checking '/home/rosario/Desktop/Sensors/LAB2/ex2/install/turtlebot3_fake_node' for CMake config files
[9.651s] Level 1:colcon.colcon_core.shell:create_environment_hook('turtlebot3_fake_node', 'cmake_prefix_path')
[9.651s] INFO:colcon.colcon_core.shell:Creating environment hook '/home/rosario/Desktop/Sensors/LAB2/ex2/install/turtlebot3_fake_node/share/turtlebot3_fake_node/hook/cmake_prefix_path.ps1'
[9.651s] INFO:colcon.colcon_core.shell:Creating environment descriptor '/home/rosario/Desktop/Sensors/LAB2/ex2/install/turtlebot3_fake_node/share/turtlebot3_fake_node/hook/cmake_prefix_path.dsv'
[9.651s] INFO:colcon.colcon_core.shell:Creating environment hook '/home/rosario/Desktop/Sensors/LAB2/ex2/install/turtlebot3_fake_node/share/turtlebot3_fake_node/hook/cmake_prefix_path.sh'
[9.652s] Level 1:colcon.colcon_core.environment:checking '/home/rosario/Desktop/Sensors/LAB2/ex2/install/turtlebot3_fake_node/lib'
[9.652s] Level 1:colcon.colcon_core.environment:checking '/home/rosario/Desktop/Sensors/LAB2/ex2/install/turtlebot3_fake_node/bin'
[9.652s] Level 1:colcon.colcon_core.environment:checking '/home/rosario/Desktop/Sensors/LAB2/ex2/install/turtlebot3_fake_node/lib/pkgconfig/turtlebot3_fake_node.pc'
[9.652s] Level 1:colcon.colcon_core.environment:checking '/home/rosario/Desktop/Sensors/LAB2/ex2/install/turtlebot3_fake_node/lib/python3.10/site-packages'
[9.652s] Level 1:colcon.colcon_core.environment:checking '/home/rosario/Desktop/Sensors/LAB2/ex2/install/turtlebot3_fake_node/bin'
[9.652s] INFO:colcon.colcon_core.shell:Creating package script '/home/rosario/Desktop/Sensors/LAB2/ex2/install/turtlebot3_fake_node/share/turtlebot3_fake_node/package.ps1'
[9.653s] INFO:colcon.colcon_core.shell:Creating package descriptor '/home/rosario/Desktop/Sensors/LAB2/ex2/install/turtlebot3_fake_node/share/turtlebot3_fake_node/package.dsv'
[9.653s] INFO:colcon.colcon_core.shell:Creating package script '/home/rosario/Desktop/Sensors/LAB2/ex2/install/turtlebot3_fake_node/share/turtlebot3_fake_node/package.sh'
[9.653s] INFO:colcon.colcon_core.shell:Creating package script '/home/rosario/Desktop/Sensors/LAB2/ex2/install/turtlebot3_fake_node/share/turtlebot3_fake_node/package.bash'
[9.653s] INFO:colcon.colcon_core.shell:Creating package script '/home/rosario/Desktop/Sensors/LAB2/ex2/install/turtlebot3_fake_node/share/turtlebot3_fake_node/package.zsh'
[9.654s] Level 1:colcon.colcon_core.environment:create_file_with_runtime_dependencies(/home/rosario/Desktop/Sensors/LAB2/ex2/install/turtlebot3_fake_node/share/colcon-core/packages/turtlebot3_fake_node)
[11.717s] DEBUG:colcon.colcon_core.event_handler.log_command:Invoked command in '/home/rosario/Desktop/Sensors/LAB2/ex2/build/turtlebot3_gazebo' returned '0': CMAKE_PREFIX_PATH=/home/rosario/Desktop/Sensors/LAB1/ex1/install/lab01_pkg:/opt/ros/humble /usr/bin/cmake --build /home/rosario/Desktop/Sensors/LAB2/ex2/build/turtlebot3_gazebo -- -j16 -l16
[11.761s] DEBUG:colcon.colcon_core.event_handler.log_command:Invoking command in '/home/rosario/Desktop/Sensors/LAB2/ex2/build/turtlebot3_gazebo': CMAKE_PREFIX_PATH=/home/rosario/Desktop/Sensors/LAB1/ex1/install/lab01_pkg:/opt/ros/humble /usr/bin/cmake --install /home/rosario/Desktop/Sensors/LAB2/ex2/build/turtlebot3_gazebo
[12.394s] Level 1:colcon.colcon_core.environment:create_environment_scripts_only(turtlebot3_gazebo)
[12.395s] Level 1:colcon.colcon_core.environment:checking '/home/rosario/Desktop/Sensors/LAB2/ex2/install/turtlebot3_gazebo' for CMake module files
[12.396s] DEBUG:colcon.colcon_core.event_handler.log_command:Invoked command in '/home/rosario/Desktop/Sensors/LAB2/ex2/build/turtlebot3_gazebo' returned '0': CMAKE_PREFIX_PATH=/home/rosario/Desktop/Sensors/LAB1/ex1/install/lab01_pkg:/opt/ros/humble /usr/bin/cmake --install /home/rosario/Desktop/Sensors/LAB2/ex2/build/turtlebot3_gazebo
[12.396s] Level 1:colcon.colcon_core.environment:checking '/home/rosario/Desktop/Sensors/LAB2/ex2/install/turtlebot3_gazebo' for CMake config files
[12.399s] Level 1:colcon.colcon_core.shell:create_environment_hook('turtlebot3_gazebo', 'cmake_prefix_path')
[12.400s] INFO:colcon.colcon_core.shell:Creating environment hook '/home/rosario/Desktop/Sensors/LAB2/ex2/install/turtlebot3_gazebo/share/turtlebot3_gazebo/hook/cmake_prefix_path.ps1'
[12.400s] INFO:colcon.colcon_core.shell:Creating environment descriptor '/home/rosario/Desktop/Sensors/LAB2/ex2/install/turtlebot3_gazebo/share/turtlebot3_gazebo/hook/cmake_prefix_path.dsv'
[12.401s] INFO:colcon.colcon_core.shell:Creating environment hook '/home/rosario/Desktop/Sensors/LAB2/ex2/install/turtlebot3_gazebo/share/turtlebot3_gazebo/hook/cmake_prefix_path.sh'
[12.402s] Level 1:colcon.colcon_core.environment:checking '/home/rosario/Desktop/Sensors/LAB2/ex2/install/turtlebot3_gazebo/lib'
[12.402s] Level 1:colcon.colcon_core.environment:checking '/home/rosario/Desktop/Sensors/LAB2/ex2/install/turtlebot3_gazebo/bin'
[12.402s] Level 1:colcon.colcon_core.environment:checking '/home/rosario/Desktop/Sensors/LAB2/ex2/install/turtlebot3_gazebo/lib/pkgconfig/turtlebot3_gazebo.pc'
[12.402s] Level 1:colcon.colcon_core.environment:checking '/home/rosario/Desktop/Sensors/LAB2/ex2/install/turtlebot3_gazebo/lib/python3.10/site-packages'
[12.402s] Level 1:colcon.colcon_core.environment:checking '/home/rosario/Desktop/Sensors/LAB2/ex2/install/turtlebot3_gazebo/bin'
[12.403s] INFO:colcon.colcon_core.shell:Creating package script '/home/rosario/Desktop/Sensors/LAB2/ex2/install/turtlebot3_gazebo/share/turtlebot3_gazebo/package.ps1'
[12.404s] INFO:colcon.colcon_core.shell:Creating package descriptor '/home/rosario/Desktop/Sensors/LAB2/ex2/install/turtlebot3_gazebo/share/turtlebot3_gazebo/package.dsv'
[12.404s] INFO:colcon.colcon_core.shell:Creating package script '/home/rosario/Desktop/Sensors/LAB2/ex2/install/turtlebot3_gazebo/share/turtlebot3_gazebo/package.sh'
[12.405s] INFO:colcon.colcon_core.shell:Creating package script '/home/rosario/Desktop/Sensors/LAB2/ex2/install/turtlebot3_gazebo/share/turtlebot3_gazebo/package.bash'
[12.405s] INFO:colcon.colcon_core.shell:Creating package script '/home/rosario/Desktop/Sensors/LAB2/ex2/install/turtlebot3_gazebo/share/turtlebot3_gazebo/package.zsh'
[12.406s] Level 1:colcon.colcon_core.environment:create_file_with_runtime_dependencies(/home/rosario/Desktop/Sensors/LAB2/ex2/install/turtlebot3_gazebo/share/colcon-core/packages/turtlebot3_gazebo)
[12.453s] Level 1:colcon.colcon_core.environment:create_environment_scripts_only(turtlebot3_gazebo)
[12.454s] Level 1:colcon.colcon_core.environment:checking '/home/rosario/Desktop/Sensors/LAB2/ex2/install/turtlebot3_gazebo' for CMake module files
[12.455s] Level 1:colcon.colcon_core.environment:checking '/home/rosario/Desktop/Sensors/LAB2/ex2/install/turtlebot3_gazebo' for CMake config files
[12.457s] Level 1:colcon.colcon_core.shell:create_environment_hook('turtlebot3_gazebo', 'cmake_prefix_path')
[12.457s] INFO:colcon.colcon_core.shell:Creating environment hook '/home/rosario/Desktop/Sensors/LAB2/ex2/install/turtlebot3_gazebo/share/turtlebot3_gazebo/hook/cmake_prefix_path.ps1'
[12.458s] INFO:colcon.colcon_core.shell:Creating environment descriptor '/home/rosario/Desktop/Sensors/LAB2/ex2/install/turtlebot3_gazebo/share/turtlebot3_gazebo/hook/cmake_prefix_path.dsv'
[12.459s] INFO:colcon.colcon_core.shell:Creating environment hook '/home/rosario/Desktop/Sensors/LAB2/ex2/install/turtlebot3_gazebo/share/turtlebot3_gazebo/hook/cmake_prefix_path.sh'
[12.460s] Level 1:colcon.colcon_core.environment:checking '/home/rosario/Desktop/Sensors/LAB2/ex2/install/turtlebot3_gazebo/lib'
[12.460s] Level 1:colcon.colcon_core.environment:checking '/home/rosario/Desktop/Sensors/LAB2/ex2/install/turtlebot3_gazebo/bin'
[12.460s] Level 1:colcon.colcon_core.environment:checking '/home/rosario/Desktop/Sensors/LAB2/ex2/install/turtlebot3_gazebo/lib/pkgconfig/turtlebot3_gazebo.pc'
[12.460s] Level 1:colcon.colcon_core.environment:checking '/home/rosario/Desktop/Sensors/LAB2/ex2/install/turtlebot3_gazebo/lib/python3.10/site-packages'
[12.461s] Level 1:colcon.colcon_core.environment:checking '/home/rosario/Desktop/Sensors/LAB2/ex2/install/turtlebot3_gazebo/bin'
[12.461s] INFO:colcon.colcon_core.shell:Creating package script '/home/rosario/Desktop/Sensors/LAB2/ex2/install/turtlebot3_gazebo/share/turtlebot3_gazebo/package.ps1'
[12.462s] INFO:colcon.colcon_core.shell:Creating package descriptor '/home/rosario/Desktop/Sensors/LAB2/ex2/install/turtlebot3_gazebo/share/turtlebot3_gazebo/package.dsv'
[12.463s] INFO:colcon.colcon_core.shell:Creating package script '/home/rosario/Desktop/Sensors/LAB2/ex2/install/turtlebot3_gazebo/share/turtlebot3_gazebo/package.sh'
[12.463s] INFO:colcon.colcon_core.shell:Creating package script '/home/rosario/Desktop/Sensors/LAB2/ex2/install/turtlebot3_gazebo/share/turtlebot3_gazebo/package.bash'
[12.464s] INFO:colcon.colcon_core.shell:Creating package script '/home/rosario/Desktop/Sensors/LAB2/ex2/install/turtlebot3_gazebo/share/turtlebot3_gazebo/package.zsh'
[12.465s] Level 1:colcon.colcon_core.environment:create_file_with_runtime_dependencies(/home/rosario/Desktop/Sensors/LAB2/ex2/install/turtlebot3_gazebo/share/colcon-core/packages/turtlebot3_gazebo)
[12.465s] INFO:colcon.colcon_ros.task.ament_cmake.build:Building ROS package in '/home/rosario/Desktop/Sensors/LAB2/ex2/src/turtlebot3_simulations/turtlebot3_simulations' with build type 'ament_cmake'
[12.465s] INFO:colcon.colcon_cmake.task.cmake.build:Building CMake package in '/home/rosario/Desktop/Sensors/LAB2/ex2/src/turtlebot3_simulations/turtlebot3_simulations'
[12.466s] INFO:colcon.colcon_core.shell:Skip shell extension 'powershell' for command environment: Not usable outside of PowerShell
[12.466s] DEBUG:colcon.colcon_core.shell:Skip shell extension 'dsv' for command environment
[12.481s] DEBUG:colcon.colcon_core.event_handler.log_command:Invoking command in '/home/rosario/Desktop/Sensors/LAB2/ex2/build/turtlebot3_simulations': AMENT_PREFIX_PATH=/home/rosario/Desktop/Sensors/LAB2/ex2/install/turtlebot3_gazebo:/home/rosario/Desktop/Sensors/LAB2/ex2/install/turtlebot3_fake_node:${AMENT_PREFIX_PATH} CMAKE_PREFIX_PATH=/home/rosario/Desktop/Sensors/LAB2/ex2/install/turtlebot3_gazebo:/home/rosario/Desktop/Sensors/LAB2/ex2/install/turtlebot3_fake_node:/home/rosario/Desktop/Sensors/LAB1/ex1/install/lab01_pkg:/opt/ros/humble /usr/bin/cmake /home/rosario/Desktop/Sensors/LAB2/ex2/src/turtlebot3_simulations/turtlebot3_simulations -DAMENT_CMAKE_SYMLINK_INSTALL=1 -DCMAKE_INSTALL_PREFIX=/home/rosario/Desktop/Sensors/LAB2/ex2/install/turtlebot3_simulations
[13.020s] DEBUG:colcon.colcon_core.event_handler.log_command:Invoked command in '/home/rosario/Desktop/Sensors/LAB2/ex2/build/turtlebot3_simulations' returned '0': AMENT_PREFIX_PATH=/home/rosario/Desktop/Sensors/LAB2/ex2/install/turtlebot3_gazebo:/home/rosario/Desktop/Sensors/LAB2/ex2/install/turtlebot3_fake_node:${AMENT_PREFIX_PATH} CMAKE_PREFIX_PATH=/home/rosario/Desktop/Sensors/LAB2/ex2/install/turtlebot3_gazebo:/home/rosario/Desktop/Sensors/LAB2/ex2/install/turtlebot3_fake_node:/home/rosario/Desktop/Sensors/LAB1/ex1/install/lab01_pkg:/opt/ros/humble /usr/bin/cmake /home/rosario/Desktop/Sensors/LAB2/ex2/src/turtlebot3_simulations/turtlebot3_simulations -DAMENT_CMAKE_SYMLINK_INSTALL=1 -DCMAKE_INSTALL_PREFIX=/home/rosario/Desktop/Sensors/LAB2/ex2/install/turtlebot3_simulations
[13.021s] DEBUG:colcon.colcon_core.event_handler.log_command:Invoking command in '/home/rosario/Desktop/Sensors/LAB2/ex2/build/turtlebot3_simulations': AMENT_PREFIX_PATH=/home/rosario/Desktop/Sensors/LAB2/ex2/install/turtlebot3_gazebo:/home/rosario/Desktop/Sensors/LAB2/ex2/install/turtlebot3_fake_node:${AMENT_PREFIX_PATH} CMAKE_PREFIX_PATH=/home/rosario/Desktop/Sensors/LAB2/ex2/install/turtlebot3_gazebo:/home/rosario/Desktop/Sensors/LAB2/ex2/install/turtlebot3_fake_node:/home/rosario/Desktop/Sensors/LAB1/ex1/install/lab01_pkg:/opt/ros/humble /usr/bin/cmake --build /home/rosario/Desktop/Sensors/LAB2/ex2/build/turtlebot3_simulations -- -j16 -l16
[13.056s] DEBUG:colcon.colcon_core.event_handler.log_command:Invoked command in '/home/rosario/Desktop/Sensors/LAB2/ex2/build/turtlebot3_simulations' returned '0': AMENT_PREFIX_PATH=/home/rosario/Desktop/Sensors/LAB2/ex2/install/turtlebot3_gazebo:/home/rosario/Desktop/Sensors/LAB2/ex2/install/turtlebot3_fake_node:${AMENT_PREFIX_PATH} CMAKE_PREFIX_PATH=/home/rosario/Desktop/Sensors/LAB2/ex2/install/turtlebot3_gazebo:/home/rosario/Desktop/Sensors/LAB2/ex2/install/turtlebot3_fake_node:/home/rosario/Desktop/Sensors/LAB1/ex1/install/lab01_pkg:/opt/ros/humble /usr/bin/cmake --build /home/rosario/Desktop/Sensors/LAB2/ex2/build/turtlebot3_simulations -- -j16 -l16
[13.085s] DEBUG:colcon.colcon_core.event_handler.log_command:Invoking command in '/home/rosario/Desktop/Sensors/LAB2/ex2/build/turtlebot3_simulations': AMENT_PREFIX_PATH=/home/rosario/Desktop/Sensors/LAB2/ex2/install/turtlebot3_gazebo:/home/rosario/Desktop/Sensors/LAB2/ex2/install/turtlebot3_fake_node:${AMENT_PREFIX_PATH} CMAKE_PREFIX_PATH=/home/rosario/Desktop/Sensors/LAB2/ex2/install/turtlebot3_gazebo:/home/rosario/Desktop/Sensors/LAB2/ex2/install/turtlebot3_fake_node:/home/rosario/Desktop/Sensors/LAB1/ex1/install/lab01_pkg:/opt/ros/humble /usr/bin/cmake --install /home/rosario/Desktop/Sensors/LAB2/ex2/build/turtlebot3_simulations
[13.209s] Level 1:colcon.colcon_core.environment:create_environment_scripts_only(turtlebot3_simulations)
[13.210s] Level 1:colcon.colcon_core.environment:checking '/home/rosario/Desktop/Sensors/LAB2/ex2/install/turtlebot3_simulations' for CMake module files
[13.210s] DEBUG:colcon.colcon_core.event_handler.log_command:Invoked command in '/home/rosario/Desktop/Sensors/LAB2/ex2/build/turtlebot3_simulations' returned '0': AMENT_PREFIX_PATH=/home/rosario/Desktop/Sensors/LAB2/ex2/install/turtlebot3_gazebo:/home/rosario/Desktop/Sensors/LAB2/ex2/install/turtlebot3_fake_node:${AMENT_PREFIX_PATH} CMAKE_PREFIX_PATH=/home/rosario/Desktop/Sensors/LAB2/ex2/install/turtlebot3_gazebo:/home/rosario/Desktop/Sensors/LAB2/ex2/install/turtlebot3_fake_node:/home/rosario/Desktop/Sensors/LAB1/ex1/install/lab01_pkg:/opt/ros/humble /usr/bin/cmake --install /home/rosario/Desktop/Sensors/LAB2/ex2/build/turtlebot3_simulations
[13.211s] Level 1:colcon.colcon_core.environment:checking '/home/rosario/Desktop/Sensors/LAB2/ex2/install/turtlebot3_simulations' for CMake config files
[13.211s] Level 1:colcon.colcon_core.shell:create_environment_hook('turtlebot3_simulations', 'cmake_prefix_path')
[13.211s] INFO:colcon.colcon_core.shell:Creating environment hook '/home/rosario/Desktop/Sensors/LAB2/ex2/install/turtlebot3_simulations/share/turtlebot3_simulations/hook/cmake_prefix_path.ps1'
[13.211s] INFO:colcon.colcon_core.shell:Creating environment descriptor '/home/rosario/Desktop/Sensors/LAB2/ex2/install/turtlebot3_simulations/share/turtlebot3_simulations/hook/cmake_prefix_path.dsv'
[13.212s] INFO:colcon.colcon_core.shell:Creating environment hook '/home/rosario/Desktop/Sensors/LAB2/ex2/install/turtlebot3_simulations/share/turtlebot3_simulations/hook/cmake_prefix_path.sh'
[13.212s] Level 1:colcon.colcon_core.environment:checking '/home/rosario/Desktop/Sensors/LAB2/ex2/install/turtlebot3_simulations/bin'
[13.212s] Level 1:colcon.colcon_core.environment:checking '/home/rosario/Desktop/Sensors/LAB2/ex2/install/turtlebot3_simulations/lib/pkgconfig/turtlebot3_simulations.pc'
[13.212s] Level 1:colcon.colcon_core.environment:checking '/home/rosario/Desktop/Sensors/LAB2/ex2/install/turtlebot3_simulations/lib/python3.10/site-packages'
[13.212s] Level 1:colcon.colcon_core.environment:checking '/home/rosario/Desktop/Sensors/LAB2/ex2/install/turtlebot3_simulations/bin'
[13.212s] INFO:colcon.colcon_core.shell:Creating package script '/home/rosario/Desktop/Sensors/LAB2/ex2/install/turtlebot3_simulations/share/turtlebot3_simulations/package.ps1'
[13.213s] INFO:colcon.colcon_core.shell:Creating package descriptor '/home/rosario/Desktop/Sensors/LAB2/ex2/install/turtlebot3_simulations/share/turtlebot3_simulations/package.dsv'
[13.213s] INFO:colcon.colcon_core.shell:Creating package script '/home/rosario/Desktop/Sensors/LAB2/ex2/install/turtlebot3_simulations/share/turtlebot3_simulations/package.sh'
[13.213s] INFO:colcon.colcon_core.shell:Creating package script '/home/rosario/Desktop/Sensors/LAB2/ex2/install/turtlebot3_simulations/share/turtlebot3_simulations/package.bash'
[13.213s] INFO:colcon.colcon_core.shell:Creating package script '/home/rosario/Desktop/Sensors/LAB2/ex2/install/turtlebot3_simulations/share/turtlebot3_simulations/package.zsh'
[13.214s] Level 1:colcon.colcon_core.environment:create_file_with_runtime_dependencies(/home/rosario/Desktop/Sensors/LAB2/ex2/install/turtlebot3_simulations/share/colcon-core/packages/turtlebot3_simulations)
[13.244s] Level 1:colcon.colcon_core.environment:create_environment_scripts_only(turtlebot3_simulations)
[13.244s] Level 1:colcon.colcon_core.environment:checking '/home/rosario/Desktop/Sensors/LAB2/ex2/install/turtlebot3_simulations' for CMake module files
[13.245s] Level 1:colcon.colcon_core.environment:checking '/home/rosario/Desktop/Sensors/LAB2/ex2/install/turtlebot3_simulations' for CMake config files
[13.245s] Level 1:colcon.colcon_core.shell:create_environment_hook('turtlebot3_simulations', 'cmake_prefix_path')
[13.246s] INFO:colcon.colcon_core.shell:Creating environment hook '/home/rosario/Desktop/Sensors/LAB2/ex2/install/turtlebot3_simulations/share/turtlebot3_simulations/hook/cmake_prefix_path.ps1'
[13.246s] INFO:colcon.colcon_core.shell:Creating environment descriptor '/home/rosario/Desktop/Sensors/LAB2/ex2/install/turtlebot3_simulations/share/turtlebot3_simulations/hook/cmake_prefix_path.dsv'
[13.247s] INFO:colcon.colcon_core.shell:Creating environment hook '/home/rosario/Desktop/Sensors/LAB2/ex2/install/turtlebot3_simulations/share/turtlebot3_simulations/hook/cmake_prefix_path.sh'
[13.248s] Level 1:colcon.colcon_core.environment:checking '/home/rosario/Desktop/Sensors/LAB2/ex2/install/turtlebot3_simulations/bin'
[13.248s] Level 1:colcon.colcon_core.environment:checking '/home/rosario/Desktop/Sensors/LAB2/ex2/install/turtlebot3_simulations/lib/pkgconfig/turtlebot3_simulations.pc'
[13.248s] Level 1:colcon.colcon_core.environment:checking '/home/rosario/Desktop/Sensors/LAB2/ex2/install/turtlebot3_simulations/lib/python3.10/site-packages'
[13.249s] Level 1:colcon.colcon_core.environment:checking '/home/rosario/Desktop/Sensors/LAB2/ex2/install/turtlebot3_simulations/bin'
[13.249s] INFO:colcon.colcon_core.shell:Creating package script '/home/rosario/Desktop/Sensors/LAB2/ex2/install/turtlebot3_simulations/share/turtlebot3_simulations/package.ps1'
[13.250s] INFO:colcon.colcon_core.shell:Creating package descriptor '/home/rosario/Desktop/Sensors/LAB2/ex2/install/turtlebot3_simulations/share/turtlebot3_simulations/package.dsv'
[13.251s] INFO:colcon.colcon_core.shell:Creating package script '/home/rosario/Desktop/Sensors/LAB2/ex2/install/turtlebot3_simulations/share/turtlebot3_simulations/package.sh'
[13.251s] INFO:colcon.colcon_core.shell:Creating package script '/home/rosario/Desktop/Sensors/LAB2/ex2/install/turtlebot3_simulations/share/turtlebot3_simulations/package.bash'
[13.252s] INFO:colcon.colcon_core.shell:Creating package script '/home/rosario/Desktop/Sensors/LAB2/ex2/install/turtlebot3_simulations/share/turtlebot3_simulations/package.zsh'
[13.252s] Level 1:colcon.colcon_core.environment:create_file_with_runtime_dependencies(/home/rosario/Desktop/Sensors/LAB2/ex2/install/turtlebot3_simulations/share/colcon-core/packages/turtlebot3_simulations)
[13.253s] DEBUG:colcon.colcon_parallel_executor.executor.parallel:closing loop
[13.253s] DEBUG:colcon.colcon_parallel_executor.executor.parallel:loop closed
[13.253s] DEBUG:colcon.colcon_parallel_executor.executor.parallel:run_until_complete finished with '0'
[13.253s] DEBUG:colcon.colcon_core.event_reactor:joining thread
[13.258s] INFO:colcon.colcon_core.plugin_system:Skipping extension 'colcon_notification.desktop_notification.terminal_notifier': Not used on non-Darwin systems
[13.258s] INFO:colcon.colcon_core.plugin_system:Skipping extension 'colcon_notification.desktop_notification.win32': Not used on non-Windows systems
[13.258s] INFO:colcon.colcon_notification.desktop_notification:Sending desktop notification using 'notify2'
[13.279s] DEBUG:colcon.colcon_core.event_reactor:joined thread
[13.280s] INFO:colcon.colcon_core.shell:Creating prefix script '/home/rosario/Desktop/Sensors/LAB2/ex2/install/local_setup.ps1'
[13.281s] INFO:colcon.colcon_core.shell:Creating prefix util module '/home/rosario/Desktop/Sensors/LAB2/ex2/install/_local_setup_util_ps1.py'
[13.284s] INFO:colcon.colcon_core.shell:Creating prefix chain script '/home/rosario/Desktop/Sensors/LAB2/ex2/install/setup.ps1'
[13.286s] INFO:colcon.colcon_core.shell:Creating prefix script '/home/rosario/Desktop/Sensors/LAB2/ex2/install/local_setup.sh'
[13.287s] INFO:colcon.colcon_core.shell:Creating prefix util module '/home/rosario/Desktop/Sensors/LAB2/ex2/install/_local_setup_util_sh.py'
[13.287s] INFO:colcon.colcon_core.shell:Creating prefix chain script '/home/rosario/Desktop/Sensors/LAB2/ex2/install/setup.sh'
[13.289s] INFO:colcon.colcon_core.shell:Creating prefix script '/home/rosario/Desktop/Sensors/LAB2/ex2/install/local_setup.bash'
[13.290s] INFO:colcon.colcon_core.shell:Creating prefix chain script '/home/rosario/Desktop/Sensors/LAB2/ex2/install/setup.bash'
[13.291s] INFO:colcon.colcon_core.shell:Creating prefix script '/home/rosario/Desktop/Sensors/LAB2/ex2/install/local_setup.zsh'
[13.292s] INFO:colcon.colcon_core.shell:Creating prefix chain script '/home/rosario/Desktop/Sensors/LAB2/ex2/install/setup.zsh'
