[0.016s] Invoking command in '/home/rosario/Desktop/Sensors/LAB2/ex2/build/turtlebot3_fake_node': CMAKE_PREFIX_PATH=/home/rosario/Desktop/Sensors/LAB1/ex1/install/lab01_pkg:/opt/ros/humble /usr/bin/cmake /home/rosario/Desktop/Sensors/LAB2/ex2/src/turtlebot3_simulations/turtlebot3_fake_node -DAMENT_CMAKE_SYMLINK_INSTALL=1 -DCMAKE_INSTALL_PREFIX=/home/rosario/Desktop/Sensors/LAB2/ex2/install/turtlebot3_fake_node
[0.126s] -- The C compiler identification is GNU 11.4.0
[0.215s] -- The CXX compiler identification is GNU 11.4.0
[0.224s] -- Detecting C compiler ABI info
[0.294s] -- Detecting C compiler ABI info - done
[0.298s] -- Check for working C compiler: /usr/bin/cc - skipped
[0.300s] -- Detecting C compile features
[0.301s] -- Detecting C compile features - done
[0.304s] -- Detecting CXX compiler ABI info
[0.382s] -- Detecting CXX compiler ABI info - done
[0.386s] -- Check for working CXX compiler: /usr/bin/c++ - skipped
[0.387s] -- Detecting CXX compile features
[0.387s] -- Detecting CXX compile features - done
[0.392s] -- Found ament_cmake: 1.3.10 (/opt/ros/humble/share/ament_cmake/cmake)
[0.511s] -- Found Python3: /usr/bin/python3 (found version "3.10.12") found components: Interpreter 
[0.564s] -- Override CMake install command with custom implementation using symlinks instead of copying resources
[0.595s] -- Found geometry_msgs: 4.2.4 (/opt/ros/humble/share/geometry_msgs/cmake)
[0.634s] -- Found rosidl_generator_c: 3.1.5 (/opt/ros/humble/share/rosidl_generator_c/cmake)
[0.638s] -- Found rosidl_adapter: 3.1.5 (/opt/ros/humble/share/rosidl_adapter/cmake)
[0.647s] -- Found rosidl_generator_cpp: 3.1.5 (/opt/ros/humble/share/rosidl_generator_cpp/cmake)
[0.658s] -- Using all available rosidl_typesupport_c: rosidl_typesupport_fastrtps_c;rosidl_typesupport_introspection_c
[0.672s] -- Using all available rosidl_typesupport_cpp: rosidl_typesupport_fastrtps_cpp;rosidl_typesupport_introspection_cpp
[0.703s] -- Found nav_msgs: 4.2.4 (/opt/ros/humble/share/nav_msgs/cmake)
[0.720s] -- Found rclcpp: 16.0.10 (/opt/ros/humble/share/rclcpp/cmake)
[0.756s] -- Found rmw_implementation_cmake: 6.1.2 (/opt/ros/humble/share/rmw_implementation_cmake/cmake)
[0.758s] -- Found rmw_fastrtps_cpp: 6.2.7 (/opt/ros/humble/share/rmw_fastrtps_cpp/cmake)
[0.847s] -- Found OpenSSL: /usr/lib/x86_64-linux-gnu/libcrypto.so (found version "3.0.2")  
[0.871s] -- Found FastRTPS: /opt/ros/humble/include  
[0.908s] -- Using RMW implementation 'rmw_fastrtps_cpp' as default
[0.919s] -- Looking for pthread.h
[0.989s] -- Looking for pthread.h - found
[0.989s] -- Performing Test CMAKE_HAVE_LIBC_PTHREAD
[1.065s] -- Performing Test CMAKE_HAVE_LIBC_PTHREAD - Success
[1.066s] -- Found Threads: TRUE  
[1.105s] -- Found sensor_msgs: 4.2.4 (/opt/ros/humble/share/sensor_msgs/cmake)
[1.124s] -- Found tf2: 0.25.8 (/opt/ros/humble/share/tf2/cmake)
[1.133s] -- Found tf2_msgs: 0.25.8 (/opt/ros/humble/share/tf2_msgs/cmake)
[1.168s] -- Found turtlebot3_msgs: 2.2.3 (/opt/ros/humble/share/turtlebot3_msgs/cmake)
[1.235s] -- Configuring done
[1.244s] -- Generating done
[1.246s] -- Build files have been written to: /home/rosario/Desktop/Sensors/LAB2/ex2/build/turtlebot3_fake_node
[1.259s] Invoked command in '/home/rosario/Desktop/Sensors/LAB2/ex2/build/turtlebot3_fake_node' returned '0': CMAKE_PREFIX_PATH=/home/rosario/Desktop/Sensors/LAB1/ex1/install/lab01_pkg:/opt/ros/humble /usr/bin/cmake /home/rosario/Desktop/Sensors/LAB2/ex2/src/turtlebot3_simulations/turtlebot3_fake_node -DAMENT_CMAKE_SYMLINK_INSTALL=1 -DCMAKE_INSTALL_PREFIX=/home/rosario/Desktop/Sensors/LAB2/ex2/install/turtlebot3_fake_node
[1.262s] Invoking command in '/home/rosario/Desktop/Sensors/LAB2/ex2/build/turtlebot3_fake_node': CMAKE_PREFIX_PATH=/home/rosario/Desktop/Sensors/LAB1/ex1/install/lab01_pkg:/opt/ros/humble /usr/bin/cmake --build /home/rosario/Desktop/Sensors/LAB2/ex2/build/turtlebot3_fake_node -- -j16 -l16
[1.318s] [ 50%] [32mBuilding CXX object CMakeFiles/turtlebot3_fake_node.dir/src/turtlebot3_fake_node.cpp.o[0m
[8.515s] [100%] [32m[1mLinking CXX executable turtlebot3_fake_node[0m
[8.960s] [100%] Built target turtlebot3_fake_node
[8.972s] Invoked command in '/home/rosario/Desktop/Sensors/LAB2/ex2/build/turtlebot3_fake_node' returned '0': CMAKE_PREFIX_PATH=/home/rosario/Desktop/Sensors/LAB1/ex1/install/lab01_pkg:/opt/ros/humble /usr/bin/cmake --build /home/rosario/Desktop/Sensors/LAB2/ex2/build/turtlebot3_fake_node -- -j16 -l16
[9.011s] Invoking command in '/home/rosario/Desktop/Sensors/LAB2/ex2/build/turtlebot3_fake_node': CMAKE_PREFIX_PATH=/home/rosario/Desktop/Sensors/LAB1/ex1/install/lab01_pkg:/opt/ros/humble /usr/bin/cmake --install /home/rosario/Desktop/Sensors/LAB2/ex2/build/turtlebot3_fake_node
[9.017s] -- Install configuration: ""
[9.018s] -- Execute custom install script
[9.018s] -- Symlinking: /home/rosario/Desktop/Sensors/LAB2/ex2/install/turtlebot3_fake_node/lib/turtlebot3_fake_node/turtlebot3_fake_node
[9.028s] -- Symlinking: /home/rosario/Desktop/Sensors/LAB2/ex2/install/turtlebot3_fake_node/share/turtlebot3_fake_node/launch/rviz2.launch.py
[9.038s] -- Symlinking: /home/rosario/Desktop/Sensors/LAB2/ex2/install/turtlebot3_fake_node/share/turtlebot3_fake_node/launch/turtlebot3_fake_node.launch.py
[9.049s] -- Symlinking: /home/rosario/Desktop/Sensors/LAB2/ex2/install/turtlebot3_fake_node/share/turtlebot3_fake_node/param/burger.yaml
[9.058s] -- Symlinking: /home/rosario/Desktop/Sensors/LAB2/ex2/install/turtlebot3_fake_node/share/turtlebot3_fake_node/param/waffle.yaml
[9.069s] -- Symlinking: /home/rosario/Desktop/Sensors/LAB2/ex2/install/turtlebot3_fake_node/share/turtlebot3_fake_node/param/waffle_pi.yaml
[9.078s] -- Symlinking: /home/rosario/Desktop/Sensors/LAB2/ex2/install/turtlebot3_fake_node/include//turtlebot3_fake_node/turtlebot3_fake_node.hpp
[9.087s] -- Symlinking: /home/rosario/Desktop/Sensors/LAB2/ex2/install/turtlebot3_fake_node/share/ament_index/resource_index/package_run_dependencies/turtlebot3_fake_node
[9.097s] -- Symlinking: /home/rosario/Desktop/Sensors/LAB2/ex2/install/turtlebot3_fake_node/share/ament_index/resource_index/parent_prefix_path/turtlebot3_fake_node
[9.106s] -- Symlinking: /home/rosario/Desktop/Sensors/LAB2/ex2/install/turtlebot3_fake_node/share/turtlebot3_fake_node/environment/ament_prefix_path.sh
[9.117s] -- Symlinking: /home/rosario/Desktop/Sensors/LAB2/ex2/install/turtlebot3_fake_node/share/turtlebot3_fake_node/environment/ament_prefix_path.dsv
[9.125s] -- Symlinking: /home/rosario/Desktop/Sensors/LAB2/ex2/install/turtlebot3_fake_node/share/turtlebot3_fake_node/environment/path.sh
[9.134s] -- Symlinking: /home/rosario/Desktop/Sensors/LAB2/ex2/install/turtlebot3_fake_node/share/turtlebot3_fake_node/environment/path.dsv
[9.143s] -- Symlinking: /home/rosario/Desktop/Sensors/LAB2/ex2/install/turtlebot3_fake_node/share/turtlebot3_fake_node/local_setup.bash
[9.154s] -- Symlinking: /home/rosario/Desktop/Sensors/LAB2/ex2/install/turtlebot3_fake_node/share/turtlebot3_fake_node/local_setup.sh
[9.162s] -- Symlinking: /home/rosario/Desktop/Sensors/LAB2/ex2/install/turtlebot3_fake_node/share/turtlebot3_fake_node/local_setup.zsh
[9.171s] -- Symlinking: /home/rosario/Desktop/Sensors/LAB2/ex2/install/turtlebot3_fake_node/share/turtlebot3_fake_node/local_setup.dsv
[9.180s] -- Symlinking: /home/rosario/Desktop/Sensors/LAB2/ex2/install/turtlebot3_fake_node/share/turtlebot3_fake_node/package.dsv
[9.189s] -- Symlinking: /home/rosario/Desktop/Sensors/LAB2/ex2/install/turtlebot3_fake_node/share/ament_index/resource_index/packages/turtlebot3_fake_node
[9.199s] -- Symlinking: /home/rosario/Desktop/Sensors/LAB2/ex2/install/turtlebot3_fake_node/share/turtlebot3_fake_node/cmake/ament_cmake_export_include_directories-extras.cmake
[9.209s] -- Symlinking: /home/rosario/Desktop/Sensors/LAB2/ex2/install/turtlebot3_fake_node/share/turtlebot3_fake_node/cmake/ament_cmake_export_dependencies-extras.cmake
[9.218s] -- Symlinking: /home/rosario/Desktop/Sensors/LAB2/ex2/install/turtlebot3_fake_node/share/turtlebot3_fake_node/cmake/turtlebot3_fake_nodeConfig.cmake
[9.227s] -- Symlinking: /home/rosario/Desktop/Sensors/LAB2/ex2/install/turtlebot3_fake_node/share/turtlebot3_fake_node/cmake/turtlebot3_fake_nodeConfig-version.cmake
[9.236s] -- Symlinking: /home/rosario/Desktop/Sensors/LAB2/ex2/install/turtlebot3_fake_node/share/turtlebot3_fake_node/package.xml
[9.250s] Invoked command in '/home/rosario/Desktop/Sensors/LAB2/ex2/build/turtlebot3_fake_node' returned '0': CMAKE_PREFIX_PATH=/home/rosario/Desktop/Sensors/LAB1/ex1/install/lab01_pkg:/opt/ros/humble /usr/bin/cmake --install /home/rosario/Desktop/Sensors/LAB2/ex2/build/turtlebot3_fake_node
