[0.013s] Invoking command in '/home/rosario/Desktop/Sensors/LAB2/ex2/build/turtlebot3_simulations': AMENT_PREFIX_PATH=/home/rosario/Desktop/Sensors/LAB2/ex2/install/turtlebot3_gazebo:/home/rosario/Desktop/Sensors/LAB2/ex2/install/turtlebot3_fake_node:${AMENT_PREFIX_PATH} CMAKE_PREFIX_PATH=/home/rosario/Desktop/Sensors/LAB2/ex2/install/turtlebot3_gazebo:/home/rosario/Desktop/Sensors/LAB2/ex2/install/turtlebot3_fake_node:/home/rosario/Desktop/Sensors/LAB1/ex1/install/lab01_pkg:/opt/ros/humble /usr/bin/cmake /home/rosario/Desktop/Sensors/LAB2/ex2/src/turtlebot3_simulations/turtlebot3_simulations -DAMENT_CMAKE_SYMLINK_INSTALL=1 -DCMAKE_INSTALL_PREFIX=/home/rosario/Desktop/Sensors/LAB2/ex2/install/turtlebot3_simulations
[0.064s] -- The C compiler identification is GNU 11.4.0
[0.109s] -- The CXX compiler identification is GNU 11.4.0
[0.116s] -- Detecting C compiler ABI info
[0.182s] -- Detecting C compiler ABI info - done
[0.194s] -- Check for working C compiler: /usr/bin/cc - skipped
[0.194s] -- Detecting C compile features
[0.195s] -- Detecting C compile features - done
[0.200s] -- Detecting CXX compiler ABI info
[0.273s] -- Detecting CXX compiler ABI info - done
[0.285s] -- Check for working CXX compiler: /usr/bin/c++ - skipped
[0.285s] -- Detecting CXX compile features
[0.286s] -- Detecting CXX compile features - done
[0.292s] -- Found ament_cmake: 1.3.10 (/opt/ros/humble/share/ament_cmake/cmake)
[0.405s] -- Found Python3: /usr/bin/python3 (found version "3.10.12") found components: Interpreter 
[0.448s] -- Override CMake install command with custom implementation using symlinks instead of copying resources
[0.538s] -- Configuring done
[0.543s] -- Generating done
[0.545s] -- Build files have been written to: /home/rosario/Desktop/Sensors/LAB2/ex2/build/turtlebot3_simulations
[0.553s] Invoked command in '/home/rosario/Desktop/Sensors/LAB2/ex2/build/turtlebot3_simulations' returned '0': AMENT_PREFIX_PATH=/home/rosario/Desktop/Sensors/LAB2/ex2/install/turtlebot3_gazebo:/home/rosario/Desktop/Sensors/LAB2/ex2/install/turtlebot3_fake_node:${AMENT_PREFIX_PATH} CMAKE_PREFIX_PATH=/home/rosario/Desktop/Sensors/LAB2/ex2/install/turtlebot3_gazebo:/home/rosario/Desktop/Sensors/LAB2/ex2/install/turtlebot3_fake_node:/home/rosario/Desktop/Sensors/LAB1/ex1/install/lab01_pkg:/opt/ros/humble /usr/bin/cmake /home/rosario/Desktop/Sensors/LAB2/ex2/src/turtlebot3_simulations/turtlebot3_simulations -DAMENT_CMAKE_SYMLINK_INSTALL=1 -DCMAKE_INSTALL_PREFIX=/home/rosario/Desktop/Sensors/LAB2/ex2/install/turtlebot3_simulations
[0.554s] Invoking command in '/home/rosario/Desktop/Sensors/LAB2/ex2/build/turtlebot3_simulations': AMENT_PREFIX_PATH=/home/rosario/Desktop/Sensors/LAB2/ex2/install/turtlebot3_gazebo:/home/rosario/Desktop/Sensors/LAB2/ex2/install/turtlebot3_fake_node:${AMENT_PREFIX_PATH} CMAKE_PREFIX_PATH=/home/rosario/Desktop/Sensors/LAB2/ex2/install/turtlebot3_gazebo:/home/rosario/Desktop/Sensors/LAB2/ex2/install/turtlebot3_fake_node:/home/rosario/Desktop/Sensors/LAB1/ex1/install/lab01_pkg:/opt/ros/humble /usr/bin/cmake --build /home/rosario/Desktop/Sensors/LAB2/ex2/build/turtlebot3_simulations -- -j16 -l16
[0.589s] Invoked command in '/home/rosario/Desktop/Sensors/LAB2/ex2/build/turtlebot3_simulations' returned '0': AMENT_PREFIX_PATH=/home/rosario/Desktop/Sensors/LAB2/ex2/install/turtlebot3_gazebo:/home/rosario/Desktop/Sensors/LAB2/ex2/install/turtlebot3_fake_node:${AMENT_PREFIX_PATH} CMAKE_PREFIX_PATH=/home/rosario/Desktop/Sensors/LAB2/ex2/install/turtlebot3_gazebo:/home/rosario/Desktop/Sensors/LAB2/ex2/install/turtlebot3_fake_node:/home/rosario/Desktop/Sensors/LAB1/ex1/install/lab01_pkg:/opt/ros/humble /usr/bin/cmake --build /home/rosario/Desktop/Sensors/LAB2/ex2/build/turtlebot3_simulations -- -j16 -l16
[0.618s] Invoking command in '/home/rosario/Desktop/Sensors/LAB2/ex2/build/turtlebot3_simulations': AMENT_PREFIX_PATH=/home/rosario/Desktop/Sensors/LAB2/ex2/install/turtlebot3_gazebo:/home/rosario/Desktop/Sensors/LAB2/ex2/install/turtlebot3_fake_node:${AMENT_PREFIX_PATH} CMAKE_PREFIX_PATH=/home/rosario/Desktop/Sensors/LAB2/ex2/install/turtlebot3_gazebo:/home/rosario/Desktop/Sensors/LAB2/ex2/install/turtlebot3_fake_node:/home/rosario/Desktop/Sensors/LAB1/ex1/install/lab01_pkg:/opt/ros/humble /usr/bin/cmake --install /home/rosario/Desktop/Sensors/LAB2/ex2/build/turtlebot3_simulations
[0.624s] -- Install configuration: ""
[0.624s] -- Execute custom install script
[0.624s] -- Symlinking: /home/rosario/Desktop/Sensors/LAB2/ex2/install/turtlebot3_simulations/share/ament_index/resource_index/package_run_dependencies/turtlebot3_simulations
[0.632s] -- Symlinking: /home/rosario/Desktop/Sensors/LAB2/ex2/install/turtlebot3_simulations/share/ament_index/resource_index/parent_prefix_path/turtlebot3_simulations
[0.639s] -- Symlinking: /home/rosario/Desktop/Sensors/LAB2/ex2/install/turtlebot3_simulations/share/turtlebot3_simulations/environment/ament_prefix_path.sh
[0.649s] -- Symlinking: /home/rosario/Desktop/Sensors/LAB2/ex2/install/turtlebot3_simulations/share/turtlebot3_simulations/environment/ament_prefix_path.dsv
[0.658s] -- Symlinking: /home/rosario/Desktop/Sensors/LAB2/ex2/install/turtlebot3_simulations/share/turtlebot3_simulations/environment/path.sh
[0.665s] -- Symlinking: /home/rosario/Desktop/Sensors/LAB2/ex2/install/turtlebot3_simulations/share/turtlebot3_simulations/environment/path.dsv
[0.672s] -- Symlinking: /home/rosario/Desktop/Sensors/LAB2/ex2/install/turtlebot3_simulations/share/turtlebot3_simulations/local_setup.bash
[0.680s] -- Symlinking: /home/rosario/Desktop/Sensors/LAB2/ex2/install/turtlebot3_simulations/share/turtlebot3_simulations/local_setup.sh
[0.688s] -- Symlinking: /home/rosario/Desktop/Sensors/LAB2/ex2/install/turtlebot3_simulations/share/turtlebot3_simulations/local_setup.zsh
[0.695s] -- Symlinking: /home/rosario/Desktop/Sensors/LAB2/ex2/install/turtlebot3_simulations/share/turtlebot3_simulations/local_setup.dsv
[0.702s] -- Symlinking: /home/rosario/Desktop/Sensors/LAB2/ex2/install/turtlebot3_simulations/share/turtlebot3_simulations/package.dsv
[0.709s] -- Symlinking: /home/rosario/Desktop/Sensors/LAB2/ex2/install/turtlebot3_simulations/share/ament_index/resource_index/packages/turtlebot3_simulations
[0.716s] -- Symlinking: /home/rosario/Desktop/Sensors/LAB2/ex2/install/turtlebot3_simulations/share/turtlebot3_simulations/cmake/turtlebot3_simulationsConfig.cmake
[0.722s] -- Symlinking: /home/rosario/Desktop/Sensors/LAB2/ex2/install/turtlebot3_simulations/share/turtlebot3_simulations/cmake/turtlebot3_simulationsConfig-version.cmake
[0.729s] -- Symlinking: /home/rosario/Desktop/Sensors/LAB2/ex2/install/turtlebot3_simulations/share/turtlebot3_simulations/package.xml
[0.743s] Invoked command in '/home/rosario/Desktop/Sensors/LAB2/ex2/build/turtlebot3_simulations' returned '0': AMENT_PREFIX_PATH=/home/rosario/Desktop/Sensors/LAB2/ex2/install/turtlebot3_gazebo:/home/rosario/Desktop/Sensors/LAB2/ex2/install/turtlebot3_fake_node:${AMENT_PREFIX_PATH} CMAKE_PREFIX_PATH=/home/rosario/Desktop/Sensors/LAB2/ex2/install/turtlebot3_gazebo:/home/rosario/Desktop/Sensors/LAB2/ex2/install/turtlebot3_fake_node:/home/rosario/Desktop/Sensors/LAB1/ex1/install/lab01_pkg:/opt/ros/humble /usr/bin/cmake --install /home/rosario/Desktop/Sensors/LAB2/ex2/build/turtlebot3_simulations
