[0.015s] Invoking command in '/home/rosario/Desktop/Sensors/LAB6/build/landmark_msgs': CMAKE_PREFIX_PATH=${CMAKE_PREFIX_PATH}:/home/rosario/Desktop/Sensors/LAB6/install/a_star:/home/rosario/Desktop/Sensors/LAB6/install/turtlebot3_perception:/opt/ros/humble /usr/bin/cmake /home/rosario/Desktop/Sensors/LAB6/src/turtlebot3_perception/landmark_msgs -DAMENT_CMAKE_SYMLINK_INSTALL=1 -DCMAKE_INSTALL_PREFIX=/home/rosario/Desktop/Sensors/LAB6/install/landmark_msgs
[0.093s] -- The C compiler identification is GNU 11.4.0
[0.171s] -- The CXX compiler identification is GNU 11.4.0
[0.183s] -- Detecting C compiler ABI info
[0.250s] -- Detecting C compiler ABI info - done
[0.254s] -- Check for working C compiler: /usr/bin/cc - skipped
[0.255s] -- Detecting C compile features
[0.255s] -- Detecting C compile features - done
[0.258s] -- Detecting CXX compiler ABI info
[0.333s] -- Detecting CXX compiler ABI info - done
[0.337s] -- Check for working CXX compiler: /usr/bin/c++ - skipped
[0.338s] -- Detecting CXX compile features
[0.338s] -- Detecting CXX compile features - done
[0.341s] -- Found ament_cmake: 1.3.10 (/opt/ros/humble/share/ament_cmake/cmake)
[0.462s] -- Found Python3: /usr/bin/python3 (found version "3.10.12") found components: Interpreter 
[0.514s] -- Override CMake install command with custom implementation using symlinks instead of copying resources
[0.559s] -- Found rosidl_default_generators: 1.2.0 (/opt/ros/humble/share/rosidl_default_generators/cmake)
[0.561s] -- Using all available rosidl_typesupport_c: rosidl_typesupport_fastrtps_c;rosidl_typesupport_introspection_c
[0.566s] -- Found rosidl_adapter: 3.1.5 (/opt/ros/humble/share/rosidl_adapter/cmake)
[0.592s] -- Using all available rosidl_typesupport_cpp: rosidl_typesupport_fastrtps_cpp;rosidl_typesupport_introspection_cpp
[0.616s] -- Found std_msgs: 4.2.4 (/opt/ros/humble/share/std_msgs/cmake)
[0.826s] -- Found ament_cmake_ros: 0.10.0 (/opt/ros/humble/share/ament_cmake_ros/cmake)
[0.994s] -- Using all available rosidl_typesupport_c: rosidl_typesupport_fastrtps_c;rosidl_typesupport_introspection_c
[1.210s] -- Using all available rosidl_typesupport_cpp: rosidl_typesupport_fastrtps_cpp;rosidl_typesupport_introspection_cpp
[1.232s] -- Found PythonInterp: /usr/bin/python3 (found suitable version "3.10.12", minimum required is "3.6") 
[1.234s] -- Found python_cmake_module: 0.10.0 (/opt/ros/humble/share/python_cmake_module/cmake)
[1.254s] -- Found PythonLibs: /usr/lib/x86_64-linux-gnu/libpython3.10.so (found suitable version "3.10.12", minimum required is "3.5") 
[1.254s] -- Using PYTHON_EXECUTABLE: /usr/bin/python3
[1.254s] -- Using PYTHON_INCLUDE_DIRS: /usr/include/python3.10
[1.255s] -- Using PYTHON_LIBRARIES: /usr/lib/x86_64-linux-gnu/libpython3.10.so
[1.270s] -- Found PythonExtra: .so  
[1.310s] -- Configuring done
[1.337s] -- Generating done
[1.339s] -- Build files have been written to: /home/rosario/Desktop/Sensors/LAB6/build/landmark_msgs
[1.355s] Invoked command in '/home/rosario/Desktop/Sensors/LAB6/build/landmark_msgs' returned '0': CMAKE_PREFIX_PATH=${CMAKE_PREFIX_PATH}:/home/rosario/Desktop/Sensors/LAB6/install/a_star:/home/rosario/Desktop/Sensors/LAB6/install/turtlebot3_perception:/opt/ros/humble /usr/bin/cmake /home/rosario/Desktop/Sensors/LAB6/src/turtlebot3_perception/landmark_msgs -DAMENT_CMAKE_SYMLINK_INSTALL=1 -DCMAKE_INSTALL_PREFIX=/home/rosario/Desktop/Sensors/LAB6/install/landmark_msgs
[1.356s] Invoking command in '/home/rosario/Desktop/Sensors/LAB6/build/landmark_msgs': CMAKE_PREFIX_PATH=${CMAKE_PREFIX_PATH}:/home/rosario/Desktop/Sensors/LAB6/install/a_star:/home/rosario/Desktop/Sensors/LAB6/install/turtlebot3_perception:/opt/ros/humble /usr/bin/cmake --build /home/rosario/Desktop/Sensors/LAB6/build/landmark_msgs -- -j16 -l16
[1.401s] [  2%] [34m[1mGenerating C code for ROS interfaces[0m
[1.412s] [  5%] [34m[1mGenerating C++ code for ROS interfaces[0m
[1.424s] [  5%] Built target ament_cmake_python_symlink_landmark_msgs
[1.619s] running egg_info
[1.619s] creating landmark_msgs.egg-info
[1.620s] writing landmark_msgs.egg-info/PKG-INFO
[1.620s] writing dependency_links to landmark_msgs.egg-info/dependency_links.txt
[1.620s] writing top-level names to landmark_msgs.egg-info/top_level.txt
[1.620s] writing manifest file 'landmark_msgs.egg-info/SOURCES.txt'
[1.623s] reading manifest file 'landmark_msgs.egg-info/SOURCES.txt'
[1.623s] [ 10%] [32mBuilding C object CMakeFiles/landmark_msgs__rosidl_generator_c.dir/rosidl_generator_c/landmark_msgs/msg/detail/landmark__functions.c.o[0m
[1.623s] [ 10%] [32mBuilding C object CMakeFiles/landmark_msgs__rosidl_generator_c.dir/rosidl_generator_c/landmark_msgs/msg/detail/landmark_array__functions.c.o[0m
[1.624s] writing manifest file 'landmark_msgs.egg-info/SOURCES.txt'
[1.649s] [ 10%] Built target landmark_msgs__cpp
[1.662s] [ 17%] [34m[1mGenerating C++ type support for eProsima Fast-RTPS[0m
[1.662s] [ 17%] [34m[1mGenerating C++ type support dispatch for ROS interfaces[0m
[1.662s] [ 17%] [34m[1mGenerating C++ introspection for ROS interfaces[0m
[1.669s] [ 20%] [32m[1mLinking C shared library liblandmark_msgs__rosidl_generator_c.so[0m
[1.695s] [ 20%] Built target ament_cmake_python_build_landmark_msgs_egg
[1.710s] [ 20%] Built target landmark_msgs__rosidl_generator_c
[1.727s] [ 28%] [34m[1mGenerating C introspection for ROS interfaces[0m
[1.727s] [ 28%] [34m[1mGenerating C type support for eProsima Fast-RTPS[0m
[1.727s] [ 28%] [34m[1mGenerating C type support dispatch for ROS interfaces[0m
[1.893s] [ 30%] [32mBuilding CXX object CMakeFiles/landmark_msgs__rosidl_typesupport_introspection_cpp.dir/rosidl_typesupport_introspection_cpp/landmark_msgs/msg/detail/landmark_array__type_support.cpp.o[0m
[1.893s] [ 33%] [32mBuilding CXX object CMakeFiles/landmark_msgs__rosidl_typesupport_introspection_cpp.dir/rosidl_typesupport_introspection_cpp/landmark_msgs/msg/detail/landmark__type_support.cpp.o[0m
[1.904s] [ 38%] [32mBuilding CXX object CMakeFiles/landmark_msgs__rosidl_typesupport_fastrtps_cpp.dir/rosidl_typesupport_fastrtps_cpp/landmark_msgs/msg/detail/dds_fastrtps/landmark_array__type_support.cpp.o[0m
[1.904s] [ 38%] [32mBuilding CXX object CMakeFiles/landmark_msgs__rosidl_typesupport_fastrtps_cpp.dir/rosidl_typesupport_fastrtps_cpp/landmark_msgs/msg/detail/dds_fastrtps/landmark__type_support.cpp.o[0m
[1.986s] [ 48%] [32mBuilding C object CMakeFiles/landmark_msgs__rosidl_typesupport_introspection_c.dir/rosidl_typesupport_introspection_c/landmark_msgs/msg/detail/landmark_array__type_support.c.o[0m
[1.986s] [ 48%] [32mBuilding CXX object CMakeFiles/landmark_msgs__rosidl_typesupport_cpp.dir/rosidl_typesupport_cpp/landmark_msgs/msg/landmark__type_support.cpp.o[0m
[1.986s] [ 48%] [32mBuilding C object CMakeFiles/landmark_msgs__rosidl_typesupport_introspection_c.dir/rosidl_typesupport_introspection_c/landmark_msgs/msg/detail/landmark__type_support.c.o[0m
[1.986s] [ 48%] [32mBuilding CXX object CMakeFiles/landmark_msgs__rosidl_typesupport_cpp.dir/rosidl_typesupport_cpp/landmark_msgs/msg/landmark_array__type_support.cpp.o[0m
[2.031s] [ 53%] [32mBuilding CXX object CMakeFiles/landmark_msgs__rosidl_typesupport_fastrtps_c.dir/rosidl_typesupport_fastrtps_c/landmark_msgs/msg/detail/landmark_array__type_support_c.cpp.o[0m
[2.031s] [ 53%] [32mBuilding CXX object CMakeFiles/landmark_msgs__rosidl_typesupport_fastrtps_c.dir/rosidl_typesupport_fastrtps_c/landmark_msgs/msg/detail/landmark__type_support_c.cpp.o[0m
[2.031s] [ 56%] [32m[1mLinking C shared library liblandmark_msgs__rosidl_typesupport_introspection_c.so[0m
[2.060s] [ 61%] [32mBuilding CXX object CMakeFiles/landmark_msgs__rosidl_typesupport_c.dir/rosidl_typesupport_c/landmark_msgs/msg/landmark__type_support.cpp.o[0m
[2.060s] [ 61%] [32mBuilding CXX object CMakeFiles/landmark_msgs__rosidl_typesupport_c.dir/rosidl_typesupport_c/landmark_msgs/msg/landmark_array__type_support.cpp.o[0m
[2.072s] [ 61%] Built target landmark_msgs__rosidl_typesupport_introspection_c
[2.099s] [ 64%] [32m[1mLinking CXX shared library liblandmark_msgs__rosidl_typesupport_c.so[0m
[2.158s] [ 64%] Built target landmark_msgs__rosidl_typesupport_c
[2.300s] [ 66%] [32m[1mLinking CXX shared library liblandmark_msgs__rosidl_typesupport_cpp.so[0m
[2.329s] [ 69%] [32m[1mLinking CXX shared library liblandmark_msgs__rosidl_typesupport_fastrtps_cpp.so[0m
[2.345s] [ 69%] Built target landmark_msgs__rosidl_typesupport_cpp
[2.349s] [ 71%] [32m[1mLinking CXX shared library liblandmark_msgs__rosidl_typesupport_fastrtps_c.so[0m
[2.365s] [ 74%] [32m[1mLinking CXX shared library liblandmark_msgs__rosidl_typesupport_introspection_cpp.so[0m
[2.456s] [ 74%] Built target landmark_msgs__rosidl_typesupport_fastrtps_cpp
[2.471s] [ 74%] Built target landmark_msgs__rosidl_typesupport_fastrtps_c
[2.480s] [ 74%] Built target landmark_msgs__rosidl_typesupport_introspection_cpp
[2.507s] [ 74%] Built target landmark_msgs
[2.537s] [ 76%] [34m[1mGenerating Python code for ROS interfaces[0m
[2.824s] [ 76%] Built target landmark_msgs__py
[2.852s] [ 82%] [32mBuilding C object CMakeFiles/landmark_msgs__rosidl_generator_py.dir/rosidl_generator_py/landmark_msgs/msg/_landmark_s.c.o[0m
[2.853s] [ 82%] [32mBuilding C object CMakeFiles/landmark_msgs__rosidl_generator_py.dir/rosidl_generator_py/landmark_msgs/msg/_landmark_array_s.c.o[0m
[2.955s] [ 84%] [32m[1mLinking C shared library rosidl_generator_py/landmark_msgs/liblandmark_msgs__rosidl_generator_py.so[0m
[2.995s] [ 84%] Built target landmark_msgs__rosidl_generator_py
[3.014s] [ 92%] [32mBuilding C object CMakeFiles/landmark_msgs__rosidl_typesupport_fastrtps_c__pyext.dir/rosidl_generator_py/landmark_msgs/_landmark_msgs_s.ep.rosidl_typesupport_fastrtps_c.c.o[0m
[3.015s] [ 92%] [32mBuilding C object CMakeFiles/landmark_msgs__rosidl_typesupport_introspection_c__pyext.dir/rosidl_generator_py/landmark_msgs/_landmark_msgs_s.ep.rosidl_typesupport_introspection_c.c.o[0m
[3.015s] [ 92%] [32mBuilding C object CMakeFiles/landmark_msgs__rosidl_typesupport_c__pyext.dir/rosidl_generator_py/landmark_msgs/_landmark_msgs_s.ep.rosidl_typesupport_c.c.o[0m
[3.089s] [ 97%] [32m[1mLinking C shared library rosidl_generator_py/landmark_msgs/landmark_msgs_s__rosidl_typesupport_introspection_c.cpython-310-x86_64-linux-gnu.so[0m
[3.089s] [ 97%] [32m[1mLinking C shared library rosidl_generator_py/landmark_msgs/landmark_msgs_s__rosidl_typesupport_fastrtps_c.cpython-310-x86_64-linux-gnu.so[0m
[3.111s] [100%] [32m[1mLinking C shared library rosidl_generator_py/landmark_msgs/landmark_msgs_s__rosidl_typesupport_c.cpython-310-x86_64-linux-gnu.so[0m
[3.124s] [100%] Built target landmark_msgs__rosidl_typesupport_fastrtps_c__pyext
[3.125s] [100%] Built target landmark_msgs__rosidl_typesupport_introspection_c__pyext
[3.146s] [100%] Built target landmark_msgs__rosidl_typesupport_c__pyext
[3.158s] Invoked command in '/home/rosario/Desktop/Sensors/LAB6/build/landmark_msgs' returned '0': CMAKE_PREFIX_PATH=${CMAKE_PREFIX_PATH}:/home/rosario/Desktop/Sensors/LAB6/install/a_star:/home/rosario/Desktop/Sensors/LAB6/install/turtlebot3_perception:/opt/ros/humble /usr/bin/cmake --build /home/rosario/Desktop/Sensors/LAB6/build/landmark_msgs -- -j16 -l16
[3.249s] Invoking command in '/home/rosario/Desktop/Sensors/LAB6/build/landmark_msgs': CMAKE_PREFIX_PATH=${CMAKE_PREFIX_PATH}:/home/rosario/Desktop/Sensors/LAB6/install/a_star:/home/rosario/Desktop/Sensors/LAB6/install/turtlebot3_perception:/opt/ros/humble /usr/bin/cmake --install /home/rosario/Desktop/Sensors/LAB6/build/landmark_msgs
[3.256s] -- Install configuration: ""
[3.256s] -- Execute custom install script
[3.256s] -- Symlinking: /home/rosario/Desktop/Sensors/LAB6/install/landmark_msgs/share/ament_index/resource_index/rosidl_interfaces/landmark_msgs
[3.267s] -- Symlinking: /home/rosario/Desktop/Sensors/LAB6/install/landmark_msgs/include/landmark_msgs/landmark_msgs/msg/detail/landmark__functions.h
[3.276s] -- Symlinking: /home/rosario/Desktop/Sensors/LAB6/install/landmark_msgs/include/landmark_msgs/landmark_msgs/msg/detail/landmark__struct.h
[3.285s] -- Symlinking: /home/rosario/Desktop/Sensors/LAB6/install/landmark_msgs/include/landmark_msgs/landmark_msgs/msg/detail/landmark__type_support.h
[3.293s] -- Symlinking: /home/rosario/Desktop/Sensors/LAB6/install/landmark_msgs/include/landmark_msgs/landmark_msgs/msg/detail/landmark_array__functions.h
[3.302s] -- Symlinking: /home/rosario/Desktop/Sensors/LAB6/install/landmark_msgs/include/landmark_msgs/landmark_msgs/msg/detail/landmark_array__struct.h
[3.311s] -- Symlinking: /home/rosario/Desktop/Sensors/LAB6/install/landmark_msgs/include/landmark_msgs/landmark_msgs/msg/detail/landmark_array__type_support.h
[3.323s] -- Symlinking: /home/rosario/Desktop/Sensors/LAB6/install/landmark_msgs/include/landmark_msgs/landmark_msgs/msg/landmark.h
[3.332s] -- Symlinking: /home/rosario/Desktop/Sensors/LAB6/install/landmark_msgs/include/landmark_msgs/landmark_msgs/msg/landmark_array.h
[3.342s] -- Symlinking: /home/rosario/Desktop/Sensors/LAB6/install/landmark_msgs/include/landmark_msgs/landmark_msgs/msg/rosidl_generator_c__visibility_control.h
[3.351s] -- Symlinking: /home/rosario/Desktop/Sensors/LAB6/install/landmark_msgs/share/landmark_msgs/environment/library_path.sh
[3.361s] -- Symlinking: /home/rosario/Desktop/Sensors/LAB6/install/landmark_msgs/share/landmark_msgs/environment/library_path.dsv
[3.372s] -- Symlinking: /home/rosario/Desktop/Sensors/LAB6/install/landmark_msgs/include/landmark_msgs/landmark_msgs/msg/detail/landmark__rosidl_typesupport_fastrtps_c.h
[3.381s] -- Symlinking: /home/rosario/Desktop/Sensors/LAB6/install/landmark_msgs/include/landmark_msgs/landmark_msgs/msg/detail/landmark_array__rosidl_typesupport_fastrtps_c.h
[3.389s] -- Symlinking: /home/rosario/Desktop/Sensors/LAB6/install/landmark_msgs/include/landmark_msgs/landmark_msgs/msg/rosidl_typesupport_fastrtps_c__visibility_control.h
[3.398s] -- Symlinking: /home/rosario/Desktop/Sensors/LAB6/install/landmark_msgs/include/landmark_msgs/landmark_msgs/msg/detail/landmark__rosidl_typesupport_introspection_c.h
[3.408s] -- Symlinking: /home/rosario/Desktop/Sensors/LAB6/install/landmark_msgs/include/landmark_msgs/landmark_msgs/msg/detail/landmark_array__rosidl_typesupport_introspection_c.h
[3.418s] -- Symlinking: /home/rosario/Desktop/Sensors/LAB6/install/landmark_msgs/include/landmark_msgs/landmark_msgs/msg/rosidl_typesupport_introspection_c__visibility_control.h
[3.428s] -- Symlinking: /home/rosario/Desktop/Sensors/LAB6/install/landmark_msgs/include/landmark_msgs/landmark_msgs/msg/detail/landmark__builder.hpp
[3.438s] -- Symlinking: /home/rosario/Desktop/Sensors/LAB6/install/landmark_msgs/include/landmark_msgs/landmark_msgs/msg/detail/landmark__struct.hpp
[3.447s] -- Symlinking: /home/rosario/Desktop/Sensors/LAB6/install/landmark_msgs/include/landmark_msgs/landmark_msgs/msg/detail/landmark__traits.hpp
[3.456s] -- Symlinking: /home/rosario/Desktop/Sensors/LAB6/install/landmark_msgs/include/landmark_msgs/landmark_msgs/msg/detail/landmark_array__builder.hpp
[3.465s] -- Symlinking: /home/rosario/Desktop/Sensors/LAB6/install/landmark_msgs/include/landmark_msgs/landmark_msgs/msg/detail/landmark_array__struct.hpp
[3.474s] -- Symlinking: /home/rosario/Desktop/Sensors/LAB6/install/landmark_msgs/include/landmark_msgs/landmark_msgs/msg/detail/landmark_array__traits.hpp
[3.483s] -- Symlinking: /home/rosario/Desktop/Sensors/LAB6/install/landmark_msgs/include/landmark_msgs/landmark_msgs/msg/landmark.hpp
[3.493s] -- Symlinking: /home/rosario/Desktop/Sensors/LAB6/install/landmark_msgs/include/landmark_msgs/landmark_msgs/msg/landmark_array.hpp
[3.507s] -- Symlinking: /home/rosario/Desktop/Sensors/LAB6/install/landmark_msgs/include/landmark_msgs/landmark_msgs/msg/detail/landmark__rosidl_typesupport_fastrtps_cpp.hpp
[3.517s] -- Symlinking: /home/rosario/Desktop/Sensors/LAB6/install/landmark_msgs/include/landmark_msgs/landmark_msgs/msg/detail/landmark_array__rosidl_typesupport_fastrtps_cpp.hpp
[3.528s] -- Symlinking: /home/rosario/Desktop/Sensors/LAB6/install/landmark_msgs/include/landmark_msgs/landmark_msgs/msg/rosidl_typesupport_fastrtps_cpp__visibility_control.h
[3.537s] -- Symlinking: /home/rosario/Desktop/Sensors/LAB6/install/landmark_msgs/include/landmark_msgs/landmark_msgs/msg/detail/landmark__rosidl_typesupport_introspection_cpp.hpp
[3.546s] -- Symlinking: /home/rosario/Desktop/Sensors/LAB6/install/landmark_msgs/include/landmark_msgs/landmark_msgs/msg/detail/landmark_array__rosidl_typesupport_introspection_cpp.hpp
[3.555s] -- Symlinking: /home/rosario/Desktop/Sensors/LAB6/install/landmark_msgs/share/landmark_msgs/environment/pythonpath.sh
[3.563s] -- Symlinking: /home/rosario/Desktop/Sensors/LAB6/install/landmark_msgs/share/landmark_msgs/environment/pythonpath.dsv
[3.573s] -- Symlinking: /home/rosario/Desktop/Sensors/LAB6/install/landmark_msgs/local/lib/python3.10/dist-packages/landmark_msgs-0.0.0-py3.10.egg-info/PKG-INFO
[3.582s] -- Symlinking: /home/rosario/Desktop/Sensors/LAB6/install/landmark_msgs/local/lib/python3.10/dist-packages/landmark_msgs-0.0.0-py3.10.egg-info/SOURCES.txt
[3.591s] -- Symlinking: /home/rosario/Desktop/Sensors/LAB6/install/landmark_msgs/local/lib/python3.10/dist-packages/landmark_msgs-0.0.0-py3.10.egg-info/dependency_links.txt
[3.600s] -- Symlinking: /home/rosario/Desktop/Sensors/LAB6/install/landmark_msgs/local/lib/python3.10/dist-packages/landmark_msgs-0.0.0-py3.10.egg-info/top_level.txt
[3.609s] -- Symlinking: /home/rosario/Desktop/Sensors/LAB6/install/landmark_msgs/local/lib/python3.10/dist-packages/landmark_msgs/__init__.py
[3.619s] -- Symlinking: /home/rosario/Desktop/Sensors/LAB6/install/landmark_msgs/local/lib/python3.10/dist-packages/landmark_msgs/_landmark_msgs_s.ep.rosidl_typesupport_c.c
[3.629s] -- Symlinking: /home/rosario/Desktop/Sensors/LAB6/install/landmark_msgs/local/lib/python3.10/dist-packages/landmark_msgs/_landmark_msgs_s.ep.rosidl_typesupport_fastrtps_c.c
[3.637s] -- Symlinking: /home/rosario/Desktop/Sensors/LAB6/install/landmark_msgs/local/lib/python3.10/dist-packages/landmark_msgs/_landmark_msgs_s.ep.rosidl_typesupport_introspection_c.c
[3.646s] -- Symlinking: /home/rosario/Desktop/Sensors/LAB6/install/landmark_msgs/local/lib/python3.10/dist-packages/landmark_msgs/landmark_msgs_s__rosidl_typesupport_c.cpython-310-x86_64-linux-gnu.so
[3.655s] -- Symlinking: /home/rosario/Desktop/Sensors/LAB6/install/landmark_msgs/local/lib/python3.10/dist-packages/landmark_msgs/landmark_msgs_s__rosidl_typesupport_fastrtps_c.cpython-310-x86_64-linux-gnu.so
[3.664s] -- Symlinking: /home/rosario/Desktop/Sensors/LAB6/install/landmark_msgs/local/lib/python3.10/dist-packages/landmark_msgs/landmark_msgs_s__rosidl_typesupport_introspection_c.cpython-310-x86_64-linux-gnu.so
[3.673s] -- Symlinking: /home/rosario/Desktop/Sensors/LAB6/install/landmark_msgs/local/lib/python3.10/dist-packages/landmark_msgs/liblandmark_msgs__rosidl_generator_py.so
[3.681s] -- Symlinking: /home/rosario/Desktop/Sensors/LAB6/install/landmark_msgs/local/lib/python3.10/dist-packages/landmark_msgs/msg/__init__.py
[3.690s] -- Symlinking: /home/rosario/Desktop/Sensors/LAB6/install/landmark_msgs/local/lib/python3.10/dist-packages/landmark_msgs/msg/_landmark.py
[3.699s] -- Symlinking: /home/rosario/Desktop/Sensors/LAB6/install/landmark_msgs/local/lib/python3.10/dist-packages/landmark_msgs/msg/_landmark_array.py
[3.708s] -- Symlinking: /home/rosario/Desktop/Sensors/LAB6/install/landmark_msgs/local/lib/python3.10/dist-packages/landmark_msgs/msg/_landmark_array_s.c
[3.719s] -- Symlinking: /home/rosario/Desktop/Sensors/LAB6/install/landmark_msgs/local/lib/python3.10/dist-packages/landmark_msgs/msg/_landmark_s.c
[3.728s] -- Up-to-date symlink: /home/rosario/Desktop/Sensors/LAB6/install/landmark_msgs/local/lib/python3.10/dist-packages/landmark_msgs/landmark_msgs_s__rosidl_typesupport_fastrtps_c.cpython-310-x86_64-linux-gnu.so
[3.729s] -- Up-to-date symlink: /home/rosario/Desktop/Sensors/LAB6/install/landmark_msgs/local/lib/python3.10/dist-packages/landmark_msgs/landmark_msgs_s__rosidl_typesupport_introspection_c.cpython-310-x86_64-linux-gnu.so
[3.729s] -- Up-to-date symlink: /home/rosario/Desktop/Sensors/LAB6/install/landmark_msgs/local/lib/python3.10/dist-packages/landmark_msgs/landmark_msgs_s__rosidl_typesupport_c.cpython-310-x86_64-linux-gnu.so
[3.729s] -- Symlinking: /home/rosario/Desktop/Sensors/LAB6/install/landmark_msgs/share/landmark_msgs/msg/Landmark.idl
[3.738s] -- Symlinking: /home/rosario/Desktop/Sensors/LAB6/install/landmark_msgs/share/landmark_msgs/msg/LandmarkArray.idl
[3.747s] -- Symlinking: /home/rosario/Desktop/Sensors/LAB6/install/landmark_msgs/share/landmark_msgs/msg/Landmark.msg
[3.756s] -- Symlinking: /home/rosario/Desktop/Sensors/LAB6/install/landmark_msgs/share/landmark_msgs/msg/LandmarkArray.msg
[3.766s] -- Symlinking: /home/rosario/Desktop/Sensors/LAB6/install/landmark_msgs/share/ament_index/resource_index/package_run_dependencies/landmark_msgs
[3.775s] -- Symlinking: /home/rosario/Desktop/Sensors/LAB6/install/landmark_msgs/share/ament_index/resource_index/parent_prefix_path/landmark_msgs
[3.785s] -- Symlinking: /home/rosario/Desktop/Sensors/LAB6/install/landmark_msgs/share/landmark_msgs/environment/ament_prefix_path.sh
[3.794s] -- Symlinking: /home/rosario/Desktop/Sensors/LAB6/install/landmark_msgs/share/landmark_msgs/environment/ament_prefix_path.dsv
[3.803s] -- Symlinking: /home/rosario/Desktop/Sensors/LAB6/install/landmark_msgs/share/landmark_msgs/environment/path.sh
[3.811s] -- Symlinking: /home/rosario/Desktop/Sensors/LAB6/install/landmark_msgs/share/landmark_msgs/environment/path.dsv
[3.822s] -- Symlinking: /home/rosario/Desktop/Sensors/LAB6/install/landmark_msgs/share/landmark_msgs/local_setup.bash
[3.831s] -- Symlinking: /home/rosario/Desktop/Sensors/LAB6/install/landmark_msgs/share/landmark_msgs/local_setup.sh
[3.841s] -- Symlinking: /home/rosario/Desktop/Sensors/LAB6/install/landmark_msgs/share/landmark_msgs/local_setup.zsh
[3.850s] -- Symlinking: /home/rosario/Desktop/Sensors/LAB6/install/landmark_msgs/share/landmark_msgs/local_setup.dsv
[3.862s] -- Symlinking: /home/rosario/Desktop/Sensors/LAB6/install/landmark_msgs/share/landmark_msgs/package.dsv
[3.872s] -- Symlinking: /home/rosario/Desktop/Sensors/LAB6/install/landmark_msgs/share/ament_index/resource_index/packages/landmark_msgs
[3.880s] -- Symlinking: /home/rosario/Desktop/Sensors/LAB6/install/landmark_msgs/share/landmark_msgs/cmake/rosidl_cmake-extras.cmake
[3.889s] -- Symlinking: /home/rosario/Desktop/Sensors/LAB6/install/landmark_msgs/share/landmark_msgs/cmake/ament_cmake_export_dependencies-extras.cmake
[3.898s] -- Symlinking: /home/rosario/Desktop/Sensors/LAB6/install/landmark_msgs/share/landmark_msgs/cmake/ament_cmake_export_include_directories-extras.cmake
[3.907s] -- Symlinking: /home/rosario/Desktop/Sensors/LAB6/install/landmark_msgs/share/landmark_msgs/cmake/ament_cmake_export_libraries-extras.cmake
[3.917s] -- Symlinking: /home/rosario/Desktop/Sensors/LAB6/install/landmark_msgs/share/landmark_msgs/cmake/ament_cmake_export_targets-extras.cmake
[3.928s] -- Symlinking: /home/rosario/Desktop/Sensors/LAB6/install/landmark_msgs/share/landmark_msgs/cmake/rosidl_cmake_export_typesupport_targets-extras.cmake
[3.937s] -- Symlinking: /home/rosario/Desktop/Sensors/LAB6/install/landmark_msgs/share/landmark_msgs/cmake/rosidl_cmake_export_typesupport_libraries-extras.cmake
[3.947s] -- Symlinking: /home/rosario/Desktop/Sensors/LAB6/install/landmark_msgs/share/landmark_msgs/cmake/landmark_msgsConfig.cmake
[3.956s] -- Symlinking: /home/rosario/Desktop/Sensors/LAB6/install/landmark_msgs/share/landmark_msgs/cmake/landmark_msgsConfig-version.cmake
[3.965s] -- Symlinking: /home/rosario/Desktop/Sensors/LAB6/install/landmark_msgs/share/landmark_msgs/package.xml
[3.974s] -- Installing: /home/rosario/Desktop/Sensors/LAB6/install/landmark_msgs/lib/liblandmark_msgs__rosidl_generator_c.so
[3.974s] -- Set runtime path of "/home/rosario/Desktop/Sensors/LAB6/install/landmark_msgs/lib/liblandmark_msgs__rosidl_generator_c.so" to ""
[3.974s] -- Installing: /home/rosario/Desktop/Sensors/LAB6/install/landmark_msgs/lib/liblandmark_msgs__rosidl_typesupport_fastrtps_c.so
[3.975s] -- Set runtime path of "/home/rosario/Desktop/Sensors/LAB6/install/landmark_msgs/lib/liblandmark_msgs__rosidl_typesupport_fastrtps_c.so" to ""
[3.975s] -- Installing: /home/rosario/Desktop/Sensors/LAB6/install/landmark_msgs/lib/liblandmark_msgs__rosidl_typesupport_introspection_c.so
[3.975s] -- Set runtime path of "/home/rosario/Desktop/Sensors/LAB6/install/landmark_msgs/lib/liblandmark_msgs__rosidl_typesupport_introspection_c.so" to ""
[3.975s] -- Installing: /home/rosario/Desktop/Sensors/LAB6/install/landmark_msgs/lib/liblandmark_msgs__rosidl_typesupport_c.so
[3.975s] -- Set runtime path of "/home/rosario/Desktop/Sensors/LAB6/install/landmark_msgs/lib/liblandmark_msgs__rosidl_typesupport_c.so" to ""
[3.975s] -- Installing: /home/rosario/Desktop/Sensors/LAB6/install/landmark_msgs/lib/liblandmark_msgs__rosidl_typesupport_fastrtps_cpp.so
[3.976s] -- Set runtime path of "/home/rosario/Desktop/Sensors/LAB6/install/landmark_msgs/lib/liblandmark_msgs__rosidl_typesupport_fastrtps_cpp.so" to ""
[3.976s] -- Installing: /home/rosario/Desktop/Sensors/LAB6/install/landmark_msgs/lib/liblandmark_msgs__rosidl_typesupport_introspection_cpp.so
[3.976s] -- Set runtime path of "/home/rosario/Desktop/Sensors/LAB6/install/landmark_msgs/lib/liblandmark_msgs__rosidl_typesupport_introspection_cpp.so" to ""
[3.976s] -- Installing: /home/rosario/Desktop/Sensors/LAB6/install/landmark_msgs/lib/liblandmark_msgs__rosidl_typesupport_cpp.so
[3.977s] -- Set runtime path of "/home/rosario/Desktop/Sensors/LAB6/install/landmark_msgs/lib/liblandmark_msgs__rosidl_typesupport_cpp.so" to ""
[4.001s] Listing '/home/rosario/Desktop/Sensors/LAB6/install/landmark_msgs/local/lib/python3.10/dist-packages/landmark_msgs'...
[4.001s] Compiling '/home/rosario/Desktop/Sensors/LAB6/install/landmark_msgs/local/lib/python3.10/dist-packages/landmark_msgs/__init__.py'...
[4.001s] Listing '/home/rosario/Desktop/Sensors/LAB6/install/landmark_msgs/local/lib/python3.10/dist-packages/landmark_msgs/msg'...
[4.001s] Compiling '/home/rosario/Desktop/Sensors/LAB6/install/landmark_msgs/local/lib/python3.10/dist-packages/landmark_msgs/msg/__init__.py'...
[4.001s] Compiling '/home/rosario/Desktop/Sensors/LAB6/install/landmark_msgs/local/lib/python3.10/dist-packages/landmark_msgs/msg/_landmark.py'...
[4.001s] Compiling '/home/rosario/Desktop/Sensors/LAB6/install/landmark_msgs/local/lib/python3.10/dist-packages/landmark_msgs/msg/_landmark_array.py'...
[4.004s] -- Installing: /home/rosario/Desktop/Sensors/LAB6/install/landmark_msgs/lib/liblandmark_msgs__rosidl_generator_py.so
[4.005s] -- Set runtime path of "/home/rosario/Desktop/Sensors/LAB6/install/landmark_msgs/lib/liblandmark_msgs__rosidl_generator_py.so" to ""
[4.005s] -- Installing: /home/rosario/Desktop/Sensors/LAB6/install/landmark_msgs/share/landmark_msgs/cmake/export_landmark_msgs__rosidl_generator_cExport.cmake
[4.005s] -- Installing: /home/rosario/Desktop/Sensors/LAB6/install/landmark_msgs/share/landmark_msgs/cmake/export_landmark_msgs__rosidl_generator_cExport-noconfig.cmake
[4.005s] -- Installing: /home/rosario/Desktop/Sensors/LAB6/install/landmark_msgs/share/landmark_msgs/cmake/export_landmark_msgs__rosidl_typesupport_fastrtps_cExport.cmake
[4.005s] -- Installing: /home/rosario/Desktop/Sensors/LAB6/install/landmark_msgs/share/landmark_msgs/cmake/export_landmark_msgs__rosidl_typesupport_fastrtps_cExport-noconfig.cmake
[4.006s] -- Installing: /home/rosario/Desktop/Sensors/LAB6/install/landmark_msgs/share/landmark_msgs/cmake/landmark_msgs__rosidl_typesupport_introspection_cExport.cmake
[4.006s] -- Installing: /home/rosario/Desktop/Sensors/LAB6/install/landmark_msgs/share/landmark_msgs/cmake/landmark_msgs__rosidl_typesupport_introspection_cExport-noconfig.cmake
[4.006s] -- Installing: /home/rosario/Desktop/Sensors/LAB6/install/landmark_msgs/share/landmark_msgs/cmake/landmark_msgs__rosidl_typesupport_cExport.cmake
[4.006s] -- Installing: /home/rosario/Desktop/Sensors/LAB6/install/landmark_msgs/share/landmark_msgs/cmake/landmark_msgs__rosidl_typesupport_cExport-noconfig.cmake
[4.006s] -- Installing: /home/rosario/Desktop/Sensors/LAB6/install/landmark_msgs/share/landmark_msgs/cmake/export_landmark_msgs__rosidl_generator_cppExport.cmake
[4.007s] -- Installing: /home/rosario/Desktop/Sensors/LAB6/install/landmark_msgs/share/landmark_msgs/cmake/export_landmark_msgs__rosidl_typesupport_fastrtps_cppExport.cmake
[4.007s] -- Installing: /home/rosario/Desktop/Sensors/LAB6/install/landmark_msgs/share/landmark_msgs/cmake/export_landmark_msgs__rosidl_typesupport_fastrtps_cppExport-noconfig.cmake
[4.007s] -- Installing: /home/rosario/Desktop/Sensors/LAB6/install/landmark_msgs/share/landmark_msgs/cmake/landmark_msgs__rosidl_typesupport_introspection_cppExport.cmake
[4.007s] -- Installing: /home/rosario/Desktop/Sensors/LAB6/install/landmark_msgs/share/landmark_msgs/cmake/landmark_msgs__rosidl_typesupport_introspection_cppExport-noconfig.cmake
[4.007s] -- Installing: /home/rosario/Desktop/Sensors/LAB6/install/landmark_msgs/share/landmark_msgs/cmake/landmark_msgs__rosidl_typesupport_cppExport.cmake
[4.007s] -- Installing: /home/rosario/Desktop/Sensors/LAB6/install/landmark_msgs/share/landmark_msgs/cmake/landmark_msgs__rosidl_typesupport_cppExport-noconfig.cmake
[4.007s] -- Installing: /home/rosario/Desktop/Sensors/LAB6/install/landmark_msgs/share/landmark_msgs/cmake/export_landmark_msgs__rosidl_generator_pyExport.cmake
[4.007s] -- Installing: /home/rosario/Desktop/Sensors/LAB6/install/landmark_msgs/share/landmark_msgs/cmake/export_landmark_msgs__rosidl_generator_pyExport-noconfig.cmake
[4.010s] Invoked command in '/home/rosario/Desktop/Sensors/LAB6/build/landmark_msgs' returned '0': CMAKE_PREFIX_PATH=${CMAKE_PREFIX_PATH}:/home/rosario/Desktop/Sensors/LAB6/install/a_star:/home/rosario/Desktop/Sensors/LAB6/install/turtlebot3_perception:/opt/ros/humble /usr/bin/cmake --install /home/rosario/Desktop/Sensors/LAB6/build/landmark_msgs
