[0.447s] Invoking command in '/home/rosario/Desktop/Sensors/LAB4/lab04_pkg/src/turtlebot3_perception/turtlebot3_perception': CMAKE_PREFIX_PATH=/home/rosario/Desktop/Sensors/LAB4/lab04_pkg/install/landmark_msgs:/home/rosario/Desktop/Sensors/LAB4/lab04_pkg/install/turtlebot3_simulations:/home/rosario/Desktop/Sensors/LAB4/lab04_pkg/install/turtlebot3_gazebo:/home/rosario/Desktop/Sensors/LAB4/lab04_pkg/install/turtlebot3_fake_node LD_LIBRARY_PATH=/home/rosario/Desktop/Sensors/LAB4/lab04_pkg/install/landmark_msgs/lib:/usr/lib/x86_64-linux-gnu/gazebo-11/plugins:/opt/ros/humble/opt/rviz_ogre_vendor/lib:/opt/ros/humble/lib/x86_64-linux-gnu:/opt/ros/humble/lib:/usr/share/gazebo/../../lib/x86_64-linux-gnu/gazebo-11/plugins:/usr/share/gazebo/../../lib/x86_64-linux-gnu/gazebo-11/plugins:/usr/share/gazebo/../../lib/x86_64-linux-gnu/gazebo-11/plugins PYTHONPATH=/home/rosario/Desktop/Sensors/LAB4/lab04_pkg/build/turtlebot3_perception/prefix_override:/usr/lib/python3/dist-packages/colcon_core/task/python/colcon_distutils_commands:/home/rosario/Desktop/Sensors/LAB4/lab04_pkg/install/turtlebot3_perception/lib/python3.10/site-packages:${PYTHONPATH} /usr/bin/python3 -W ignore:setup.py install is deprecated setup.py egg_info --egg-base ../../../build/turtlebot3_perception build --build-base /home/rosario/Desktop/Sensors/LAB4/lab04_pkg/build/turtlebot3_perception/build install --record /home/rosario/Desktop/Sensors/LAB4/lab04_pkg/build/turtlebot3_perception/install.log --single-version-externally-managed install_data
[0.599s] running egg_info
[0.599s] writing ../../../build/turtlebot3_perception/turtlebot3_perception.egg-info/PKG-INFO
[0.600s] writing dependency_links to ../../../build/turtlebot3_perception/turtlebot3_perception.egg-info/dependency_links.txt
[0.600s] writing entry points to ../../../build/turtlebot3_perception/turtlebot3_perception.egg-info/entry_points.txt
[0.600s] writing requirements to ../../../build/turtlebot3_perception/turtlebot3_perception.egg-info/requires.txt
[0.600s] writing top-level names to ../../../build/turtlebot3_perception/turtlebot3_perception.egg-info/top_level.txt
[0.601s] reading manifest file '../../../build/turtlebot3_perception/turtlebot3_perception.egg-info/SOURCES.txt'
[0.601s] adding license file 'LICENSE'
[0.602s] writing manifest file '../../../build/turtlebot3_perception/turtlebot3_perception.egg-info/SOURCES.txt'
[0.602s] running build
[0.602s] running build_py
[0.602s] running install
[0.602s] running install_lib
[0.603s] running install_data
[0.604s] running install_egg_info
[0.605s] removing '/home/rosario/Desktop/Sensors/LAB4/lab04_pkg/install/turtlebot3_perception/lib/python3.10/site-packages/turtlebot3_perception-0.0.0-py3.10.egg-info' (and everything under it)
[0.605s] Copying ../../../build/turtlebot3_perception/turtlebot3_perception.egg-info to /home/rosario/Desktop/Sensors/LAB4/lab04_pkg/install/turtlebot3_perception/lib/python3.10/site-packages/turtlebot3_perception-0.0.0-py3.10.egg-info
[0.606s] running install_scripts
[0.619s] Installing detection2landmark script to /home/rosario/Desktop/Sensors/LAB4/lab04_pkg/install/turtlebot3_perception/lib/turtlebot3_perception
[0.619s] Installing landmark_simulator script to /home/rosario/Desktop/Sensors/LAB4/lab04_pkg/install/turtlebot3_perception/lib/turtlebot3_perception
[0.619s] Installing laserscan2lines script to /home/rosario/Desktop/Sensors/LAB4/lab04_pkg/install/turtlebot3_perception/lib/turtlebot3_perception
[0.619s] writing list of installed files to '/home/rosario/Desktop/Sensors/LAB4/lab04_pkg/build/turtlebot3_perception/install.log'
[0.638s] Invoked command in '/home/rosario/Desktop/Sensors/LAB4/lab04_pkg/src/turtlebot3_perception/turtlebot3_perception' returned '0': CMAKE_PREFIX_PATH=/home/rosario/Desktop/Sensors/LAB4/lab04_pkg/install/landmark_msgs:/home/rosario/Desktop/Sensors/LAB4/lab04_pkg/install/turtlebot3_simulations:/home/rosario/Desktop/Sensors/LAB4/lab04_pkg/install/turtlebot3_gazebo:/home/rosario/Desktop/Sensors/LAB4/lab04_pkg/install/turtlebot3_fake_node LD_LIBRARY_PATH=/home/rosario/Desktop/Sensors/LAB4/lab04_pkg/install/landmark_msgs/lib:/usr/lib/x86_64-linux-gnu/gazebo-11/plugins:/opt/ros/humble/opt/rviz_ogre_vendor/lib:/opt/ros/humble/lib/x86_64-linux-gnu:/opt/ros/humble/lib:/usr/share/gazebo/../../lib/x86_64-linux-gnu/gazebo-11/plugins:/usr/share/gazebo/../../lib/x86_64-linux-gnu/gazebo-11/plugins:/usr/share/gazebo/../../lib/x86_64-linux-gnu/gazebo-11/plugins PYTHONPATH=/home/rosario/Desktop/Sensors/LAB4/lab04_pkg/build/turtlebot3_perception/prefix_override:/usr/lib/python3/dist-packages/colcon_core/task/python/colcon_distutils_commands:/home/rosario/Desktop/Sensors/LAB4/lab04_pkg/install/turtlebot3_perception/lib/python3.10/site-packages:${PYTHONPATH} /usr/bin/python3 -W ignore:setup.py install is deprecated setup.py egg_info --egg-base ../../../build/turtlebot3_perception build --build-base /home/rosario/Desktop/Sensors/LAB4/lab04_pkg/build/turtlebot3_perception/build install --record /home/rosario/Desktop/Sensors/LAB4/lab04_pkg/build/turtlebot3_perception/install.log --single-version-externally-managed install_data
