[0.584s] Invoking command in '/home/rosario/Desktop/Sensors/LAB2/lab02_pkg/src/lab02_pkg': PYTHONPATH=/home/rosario/Desktop/Sensors/LAB2/lab02_pkg/build/lab02_pkg/prefix_override:/usr/lib/python3/dist-packages/colcon_core/task/python/colcon_distutils_commands:/home/rosario/Desktop/Sensors/LAB2/lab02_pkg/install/lab02_pkg/lib/python3.10/site-packages:${PYTHONPATH} /usr/bin/python3 -W ignore:setup.py install is deprecated setup.py egg_info --egg-base ../../build/lab02_pkg build --build-base /home/rosario/Desktop/Sensors/LAB2/lab02_pkg/build/lab02_pkg/build install --record /home/rosario/Desktop/Sensors/LAB2/lab02_pkg/build/lab02_pkg/install.log --single-version-externally-managed install_data
[0.775s] running egg_info
[0.775s] writing ../../build/lab02_pkg/lab02_pkg.egg-info/PKG-INFO
[0.775s] writing dependency_links to ../../build/lab02_pkg/lab02_pkg.egg-info/dependency_links.txt
[0.775s] writing entry points to ../../build/lab02_pkg/lab02_pkg.egg-info/entry_points.txt
[0.775s] writing requirements to ../../build/lab02_pkg/lab02_pkg.egg-info/requires.txt
[0.776s] writing top-level names to ../../build/lab02_pkg/lab02_pkg.egg-info/top_level.txt
[0.776s] reading manifest file '../../build/lab02_pkg/lab02_pkg.egg-info/SOURCES.txt'
[0.777s] adding license file 'LICENSE'
[0.777s] writing manifest file '../../build/lab02_pkg/lab02_pkg.egg-info/SOURCES.txt'
[0.777s] running build
[0.777s] running build_py
[0.777s] copying lab02_pkg/controller.py -> /home/rosario/Desktop/Sensors/LAB2/lab02_pkg/build/lab02_pkg/build/lib/lab02_pkg
[0.777s] running install
[0.778s] running install_lib
[0.778s] copying /home/rosario/Desktop/Sensors/LAB2/lab02_pkg/build/lab02_pkg/build/lib/lab02_pkg/controller.py -> /home/rosario/Desktop/Sensors/LAB2/lab02_pkg/install/lab02_pkg/lib/python3.10/site-packages/lab02_pkg
[0.778s] byte-compiling /home/rosario/Desktop/Sensors/LAB2/lab02_pkg/install/lab02_pkg/lib/python3.10/site-packages/lab02_pkg/controller.py to controller.cpython-310.pyc
[0.779s] running install_data
[0.779s] copying package.xml -> /home/rosario/Desktop/Sensors/LAB2/lab02_pkg/install/lab02_pkg/share/lab02_pkg
[0.779s] running install_egg_info
[0.780s] removing '/home/rosario/Desktop/Sensors/LAB2/lab02_pkg/install/lab02_pkg/lib/python3.10/site-packages/lab02_pkg-0.0.0-py3.10.egg-info' (and everything under it)
[0.781s] Copying ../../build/lab02_pkg/lab02_pkg.egg-info to /home/rosario/Desktop/Sensors/LAB2/lab02_pkg/install/lab02_pkg/lib/python3.10/site-packages/lab02_pkg-0.0.0-py3.10.egg-info
[0.781s] running install_scripts
[0.799s] Installing controller script to /home/rosario/Desktop/Sensors/LAB2/lab02_pkg/install/lab02_pkg/lib/lab02_pkg
[0.799s] writing list of installed files to '/home/rosario/Desktop/Sensors/LAB2/lab02_pkg/build/lab02_pkg/install.log'
[0.848s] Invoked command in '/home/rosario/Desktop/Sensors/LAB2/lab02_pkg/src/lab02_pkg' returned '0': PYTHONPATH=/home/rosario/Desktop/Sensors/LAB2/lab02_pkg/build/lab02_pkg/prefix_override:/usr/lib/python3/dist-packages/colcon_core/task/python/colcon_distutils_commands:/home/rosario/Desktop/Sensors/LAB2/lab02_pkg/install/lab02_pkg/lib/python3.10/site-packages:${PYTHONPATH} /usr/bin/python3 -W ignore:setup.py install is deprecated setup.py egg_info --egg-base ../../build/lab02_pkg build --build-base /home/rosario/Desktop/Sensors/LAB2/lab02_pkg/build/lab02_pkg/build install --record /home/rosario/Desktop/Sensors/LAB2/lab02_pkg/build/lab02_pkg/install.log --single-version-externally-managed install_data
