[0.027s] Invoking command in '/home/rosario/Desktop/Sensors/LAB5_robot/build/landmark_msgs': CMAKE_PREFIX_PATH=${CMAKE_PREFIX_PATH}:/home/rosario/Desktop/Sensors/LAB5_robot/install/particle:/home/rosario/Desktop/Sensors/LAB5_robot/install/turtlebot3_perception:/opt/ros/humble /usr/bin/cmake --build /home/rosario/Desktop/Sensors/LAB5_robot/build/landmark_msgs -- -j16 -l16
[0.087s] [  2%] Built target landmark_msgs__cpp
[0.087s] [ 12%] Built target landmark_msgs__rosidl_generator_c
[0.101s] [ 12%] Built target ament_cmake_python_copy_landmark_msgs
[0.118s] [ 69%] Built target landmark_msgs__rosidl_typesupport_c
[0.118s] [ 69%] Built target landmark_msgs__rosidl_typesupport_fastrtps_cpp
[0.118s] [ 69%] Built target landmark_msgs__rosidl_typesupport_cpp
[0.118s] [ 69%] Built target landmark_msgs__rosidl_typesupport_fastrtps_c
[0.118s] [ 69%] Built target landmark_msgs__rosidl_typesupport_introspection_cpp
[0.118s] [ 74%] Built target landmark_msgs__rosidl_typesupport_introspection_c
[0.140s] [ 74%] Built target landmark_msgs
[0.163s] [ 76%] Built target landmark_msgs__py
[0.186s] [ 84%] Built target landmark_msgs__rosidl_generator_py
[0.209s] [100%] Built target landmark_msgs__rosidl_typesupport_introspection_c__pyext
[0.209s] [100%] Built target landmark_msgs__rosidl_typesupport_c__pyext
[0.209s] [100%] Built target landmark_msgs__rosidl_typesupport_fastrtps_c__pyext
[0.310s] running egg_info
[0.311s] writing landmark_msgs.egg-info/PKG-INFO
[0.311s] writing dependency_links to landmark_msgs.egg-info/dependency_links.txt
[0.311s] writing top-level names to landmark_msgs.egg-info/top_level.txt
[0.314s] reading manifest file 'landmark_msgs.egg-info/SOURCES.txt'
[0.314s] writing manifest file 'landmark_msgs.egg-info/SOURCES.txt'
[0.359s] [100%] Built target ament_cmake_python_build_landmark_msgs_egg
[0.375s] Invoked command in '/home/rosario/Desktop/Sensors/LAB5_robot/build/landmark_msgs' returned '0': CMAKE_PREFIX_PATH=${CMAKE_PREFIX_PATH}:/home/rosario/Desktop/Sensors/LAB5_robot/install/particle:/home/rosario/Desktop/Sensors/LAB5_robot/install/turtlebot3_perception:/opt/ros/humble /usr/bin/cmake --build /home/rosario/Desktop/Sensors/LAB5_robot/build/landmark_msgs -- -j16 -l16
[0.490s] Invoking command in '/home/rosario/Desktop/Sensors/LAB5_robot/build/landmark_msgs': CMAKE_PREFIX_PATH=${CMAKE_PREFIX_PATH}:/home/rosario/Desktop/Sensors/LAB5_robot/install/particle:/home/rosario/Desktop/Sensors/LAB5_robot/install/turtlebot3_perception:/opt/ros/humble /usr/bin/cmake --install /home/rosario/Desktop/Sensors/LAB5_robot/build/landmark_msgs
[0.498s] -- Install configuration: ""
[0.498s] -- Up-to-date: /home/rosario/Desktop/Sensors/LAB5_robot/install/landmark_msgs/share/ament_index/resource_index/rosidl_interfaces/landmark_msgs
[0.498s] -- Up-to-date: /home/rosario/Desktop/Sensors/LAB5_robot/install/landmark_msgs/include/landmark_msgs/landmark_msgs
[0.498s] -- Up-to-date: /home/rosario/Desktop/Sensors/LAB5_robot/install/landmark_msgs/include/landmark_msgs/landmark_msgs/msg
[0.499s] -- Up-to-date: /home/rosario/Desktop/Sensors/LAB5_robot/install/landmark_msgs/include/landmark_msgs/landmark_msgs/msg/landmark.h
[0.499s] -- Up-to-date: /home/rosario/Desktop/Sensors/LAB5_robot/install/landmark_msgs/include/landmark_msgs/landmark_msgs/msg/landmark_array.h
[0.499s] -- Up-to-date: /home/rosario/Desktop/Sensors/LAB5_robot/install/landmark_msgs/include/landmark_msgs/landmark_msgs/msg/detail
[0.499s] -- Up-to-date: /home/rosario/Desktop/Sensors/LAB5_robot/install/landmark_msgs/include/landmark_msgs/landmark_msgs/msg/detail/landmark_array__functions.c
[0.499s] -- Up-to-date: /home/rosario/Desktop/Sensors/LAB5_robot/install/landmark_msgs/include/landmark_msgs/landmark_msgs/msg/detail/landmark__functions.h
[0.499s] -- Up-to-date: /home/rosario/Desktop/Sensors/LAB5_robot/install/landmark_msgs/include/landmark_msgs/landmark_msgs/msg/detail/landmark__type_support.h
[0.499s] -- Up-to-date: /home/rosario/Desktop/Sensors/LAB5_robot/install/landmark_msgs/include/landmark_msgs/landmark_msgs/msg/detail/landmark_array__functions.h
[0.499s] -- Up-to-date: /home/rosario/Desktop/Sensors/LAB5_robot/install/landmark_msgs/include/landmark_msgs/landmark_msgs/msg/detail/landmark_array__struct.h
[0.499s] -- Up-to-date: /home/rosario/Desktop/Sensors/LAB5_robot/install/landmark_msgs/include/landmark_msgs/landmark_msgs/msg/detail/landmark__functions.c
[0.499s] -- Up-to-date: /home/rosario/Desktop/Sensors/LAB5_robot/install/landmark_msgs/include/landmark_msgs/landmark_msgs/msg/detail/landmark_array__type_support.h
[0.499s] -- Up-to-date: /home/rosario/Desktop/Sensors/LAB5_robot/install/landmark_msgs/include/landmark_msgs/landmark_msgs/msg/detail/landmark__struct.h
[0.499s] -- Up-to-date: /home/rosario/Desktop/Sensors/LAB5_robot/install/landmark_msgs/include/landmark_msgs/landmark_msgs/msg/rosidl_generator_c__visibility_control.h
[0.499s] -- Up-to-date: /home/rosario/Desktop/Sensors/LAB5_robot/install/landmark_msgs/share/landmark_msgs/environment/library_path.sh
[0.500s] -- Up-to-date: /home/rosario/Desktop/Sensors/LAB5_robot/install/landmark_msgs/share/landmark_msgs/environment/library_path.dsv
[0.500s] -- Up-to-date: /home/rosario/Desktop/Sensors/LAB5_robot/install/landmark_msgs/lib/liblandmark_msgs__rosidl_generator_c.so
[0.500s] -- Up-to-date: /home/rosario/Desktop/Sensors/LAB5_robot/install/landmark_msgs/include/landmark_msgs/landmark_msgs
[0.500s] -- Up-to-date: /home/rosario/Desktop/Sensors/LAB5_robot/install/landmark_msgs/include/landmark_msgs/landmark_msgs/msg
[0.500s] -- Up-to-date: /home/rosario/Desktop/Sensors/LAB5_robot/install/landmark_msgs/include/landmark_msgs/landmark_msgs/msg/rosidl_typesupport_fastrtps_c__visibility_control.h
[0.500s] -- Up-to-date: /home/rosario/Desktop/Sensors/LAB5_robot/install/landmark_msgs/include/landmark_msgs/landmark_msgs/msg/detail
[0.500s] -- Up-to-date: /home/rosario/Desktop/Sensors/LAB5_robot/install/landmark_msgs/include/landmark_msgs/landmark_msgs/msg/detail/landmark_array__rosidl_typesupport_fastrtps_c.h
[0.500s] -- Up-to-date: /home/rosario/Desktop/Sensors/LAB5_robot/install/landmark_msgs/include/landmark_msgs/landmark_msgs/msg/detail/landmark__rosidl_typesupport_fastrtps_c.h
[0.500s] -- Up-to-date: /home/rosario/Desktop/Sensors/LAB5_robot/install/landmark_msgs/lib/liblandmark_msgs__rosidl_typesupport_fastrtps_c.so
[0.500s] -- Up-to-date: /home/rosario/Desktop/Sensors/LAB5_robot/install/landmark_msgs/include/landmark_msgs/landmark_msgs
[0.500s] -- Up-to-date: /home/rosario/Desktop/Sensors/LAB5_robot/install/landmark_msgs/include/landmark_msgs/landmark_msgs/msg
[0.500s] -- Up-to-date: /home/rosario/Desktop/Sensors/LAB5_robot/install/landmark_msgs/include/landmark_msgs/landmark_msgs/msg/rosidl_typesupport_introspection_c__visibility_control.h
[0.500s] -- Up-to-date: /home/rosario/Desktop/Sensors/LAB5_robot/install/landmark_msgs/include/landmark_msgs/landmark_msgs/msg/detail
[0.500s] -- Up-to-date: /home/rosario/Desktop/Sensors/LAB5_robot/install/landmark_msgs/include/landmark_msgs/landmark_msgs/msg/detail/landmark_array__type_support.c
[0.500s] -- Up-to-date: /home/rosario/Desktop/Sensors/LAB5_robot/install/landmark_msgs/include/landmark_msgs/landmark_msgs/msg/detail/landmark__rosidl_typesupport_introspection_c.h
[0.500s] -- Up-to-date: /home/rosario/Desktop/Sensors/LAB5_robot/install/landmark_msgs/include/landmark_msgs/landmark_msgs/msg/detail/landmark_array__rosidl_typesupport_introspection_c.h
[0.500s] -- Up-to-date: /home/rosario/Desktop/Sensors/LAB5_robot/install/landmark_msgs/include/landmark_msgs/landmark_msgs/msg/detail/landmark__type_support.c
[0.500s] -- Up-to-date: /home/rosario/Desktop/Sensors/LAB5_robot/install/landmark_msgs/lib/liblandmark_msgs__rosidl_typesupport_introspection_c.so
[0.500s] -- Up-to-date: /home/rosario/Desktop/Sensors/LAB5_robot/install/landmark_msgs/lib/liblandmark_msgs__rosidl_typesupport_c.so
[0.500s] -- Up-to-date: /home/rosario/Desktop/Sensors/LAB5_robot/install/landmark_msgs/include/landmark_msgs/landmark_msgs
[0.500s] -- Up-to-date: /home/rosario/Desktop/Sensors/LAB5_robot/install/landmark_msgs/include/landmark_msgs/landmark_msgs/msg
[0.501s] -- Up-to-date: /home/rosario/Desktop/Sensors/LAB5_robot/install/landmark_msgs/include/landmark_msgs/landmark_msgs/msg/landmark.hpp
[0.501s] -- Up-to-date: /home/rosario/Desktop/Sensors/LAB5_robot/install/landmark_msgs/include/landmark_msgs/landmark_msgs/msg/detail
[0.501s] -- Up-to-date: /home/rosario/Desktop/Sensors/LAB5_robot/install/landmark_msgs/include/landmark_msgs/landmark_msgs/msg/detail/landmark__builder.hpp
[0.501s] -- Up-to-date: /home/rosario/Desktop/Sensors/LAB5_robot/install/landmark_msgs/include/landmark_msgs/landmark_msgs/msg/detail/landmark_array__traits.hpp
[0.501s] -- Up-to-date: /home/rosario/Desktop/Sensors/LAB5_robot/install/landmark_msgs/include/landmark_msgs/landmark_msgs/msg/detail/landmark_array__builder.hpp
[0.501s] -- Up-to-date: /home/rosario/Desktop/Sensors/LAB5_robot/install/landmark_msgs/include/landmark_msgs/landmark_msgs/msg/detail/landmark__traits.hpp
[0.501s] -- Up-to-date: /home/rosario/Desktop/Sensors/LAB5_robot/install/landmark_msgs/include/landmark_msgs/landmark_msgs/msg/detail/landmark__struct.hpp
[0.501s] -- Up-to-date: /home/rosario/Desktop/Sensors/LAB5_robot/install/landmark_msgs/include/landmark_msgs/landmark_msgs/msg/detail/landmark_array__struct.hpp
[0.501s] -- Up-to-date: /home/rosario/Desktop/Sensors/LAB5_robot/install/landmark_msgs/include/landmark_msgs/landmark_msgs/msg/landmark_array.hpp
[0.501s] -- Up-to-date: /home/rosario/Desktop/Sensors/LAB5_robot/install/landmark_msgs/include/landmark_msgs/landmark_msgs
[0.501s] -- Up-to-date: /home/rosario/Desktop/Sensors/LAB5_robot/install/landmark_msgs/include/landmark_msgs/landmark_msgs/msg
[0.501s] -- Up-to-date: /home/rosario/Desktop/Sensors/LAB5_robot/install/landmark_msgs/include/landmark_msgs/landmark_msgs/msg/rosidl_typesupport_fastrtps_cpp__visibility_control.h
[0.501s] -- Up-to-date: /home/rosario/Desktop/Sensors/LAB5_robot/install/landmark_msgs/include/landmark_msgs/landmark_msgs/msg/detail
[0.501s] -- Up-to-date: /home/rosario/Desktop/Sensors/LAB5_robot/install/landmark_msgs/include/landmark_msgs/landmark_msgs/msg/detail/landmark_array__rosidl_typesupport_fastrtps_cpp.hpp
[0.501s] -- Up-to-date: /home/rosario/Desktop/Sensors/LAB5_robot/install/landmark_msgs/include/landmark_msgs/landmark_msgs/msg/detail/dds_fastrtps
[0.501s] -- Up-to-date: /home/rosario/Desktop/Sensors/LAB5_robot/install/landmark_msgs/include/landmark_msgs/landmark_msgs/msg/detail/landmark__rosidl_typesupport_fastrtps_cpp.hpp
[0.501s] -- Up-to-date: /home/rosario/Desktop/Sensors/LAB5_robot/install/landmark_msgs/lib/liblandmark_msgs__rosidl_typesupport_fastrtps_cpp.so
[0.501s] -- Up-to-date: /home/rosario/Desktop/Sensors/LAB5_robot/install/landmark_msgs/include/landmark_msgs/landmark_msgs
[0.501s] -- Up-to-date: /home/rosario/Desktop/Sensors/LAB5_robot/install/landmark_msgs/include/landmark_msgs/landmark_msgs/msg
[0.501s] -- Up-to-date: /home/rosario/Desktop/Sensors/LAB5_robot/install/landmark_msgs/include/landmark_msgs/landmark_msgs/msg/detail
[0.501s] -- Up-to-date: /home/rosario/Desktop/Sensors/LAB5_robot/install/landmark_msgs/include/landmark_msgs/landmark_msgs/msg/detail/landmark__type_support.cpp
[0.501s] -- Up-to-date: /home/rosario/Desktop/Sensors/LAB5_robot/install/landmark_msgs/include/landmark_msgs/landmark_msgs/msg/detail/landmark_array__type_support.cpp
[0.501s] -- Up-to-date: /home/rosario/Desktop/Sensors/LAB5_robot/install/landmark_msgs/include/landmark_msgs/landmark_msgs/msg/detail/landmark__rosidl_typesupport_introspection_cpp.hpp
[0.501s] -- Up-to-date: /home/rosario/Desktop/Sensors/LAB5_robot/install/landmark_msgs/include/landmark_msgs/landmark_msgs/msg/detail/landmark_array__rosidl_typesupport_introspection_cpp.hpp
[0.502s] -- Up-to-date: /home/rosario/Desktop/Sensors/LAB5_robot/install/landmark_msgs/lib/liblandmark_msgs__rosidl_typesupport_introspection_cpp.so
[0.502s] -- Up-to-date: /home/rosario/Desktop/Sensors/LAB5_robot/install/landmark_msgs/lib/liblandmark_msgs__rosidl_typesupport_cpp.so
[0.502s] -- Up-to-date: /home/rosario/Desktop/Sensors/LAB5_robot/install/landmark_msgs/share/landmark_msgs/environment/pythonpath.sh
[0.502s] -- Up-to-date: /home/rosario/Desktop/Sensors/LAB5_robot/install/landmark_msgs/share/landmark_msgs/environment/pythonpath.dsv
[0.502s] -- Up-to-date: /home/rosario/Desktop/Sensors/LAB5_robot/install/landmark_msgs/local/lib/python3.10/dist-packages/landmark_msgs-0.0.0-py3.10.egg-info
[0.502s] -- Installing: /home/rosario/Desktop/Sensors/LAB5_robot/install/landmark_msgs/local/lib/python3.10/dist-packages/landmark_msgs-0.0.0-py3.10.egg-info/SOURCES.txt
[0.502s] -- Installing: /home/rosario/Desktop/Sensors/LAB5_robot/install/landmark_msgs/local/lib/python3.10/dist-packages/landmark_msgs-0.0.0-py3.10.egg-info/PKG-INFO
[0.502s] -- Installing: /home/rosario/Desktop/Sensors/LAB5_robot/install/landmark_msgs/local/lib/python3.10/dist-packages/landmark_msgs-0.0.0-py3.10.egg-info/top_level.txt
[0.502s] -- Installing: /home/rosario/Desktop/Sensors/LAB5_robot/install/landmark_msgs/local/lib/python3.10/dist-packages/landmark_msgs-0.0.0-py3.10.egg-info/dependency_links.txt
[0.502s] -- Up-to-date: /home/rosario/Desktop/Sensors/LAB5_robot/install/landmark_msgs/local/lib/python3.10/dist-packages/landmark_msgs
[0.502s] -- Up-to-date: /home/rosario/Desktop/Sensors/LAB5_robot/install/landmark_msgs/local/lib/python3.10/dist-packages/landmark_msgs/msg
[0.502s] -- Up-to-date: /home/rosario/Desktop/Sensors/LAB5_robot/install/landmark_msgs/local/lib/python3.10/dist-packages/landmark_msgs/msg/_landmark_s.c
[0.502s] -- Up-to-date: /home/rosario/Desktop/Sensors/LAB5_robot/install/landmark_msgs/local/lib/python3.10/dist-packages/landmark_msgs/msg/_landmark_array.py
[0.502s] -- Up-to-date: /home/rosario/Desktop/Sensors/LAB5_robot/install/landmark_msgs/local/lib/python3.10/dist-packages/landmark_msgs/msg/_landmark.py
[0.502s] -- Up-to-date: /home/rosario/Desktop/Sensors/LAB5_robot/install/landmark_msgs/local/lib/python3.10/dist-packages/landmark_msgs/msg/_landmark_array_s.c
[0.502s] -- Up-to-date: /home/rosario/Desktop/Sensors/LAB5_robot/install/landmark_msgs/local/lib/python3.10/dist-packages/landmark_msgs/msg/__init__.py
[0.502s] -- Up-to-date: /home/rosario/Desktop/Sensors/LAB5_robot/install/landmark_msgs/local/lib/python3.10/dist-packages/landmark_msgs/_landmark_msgs_s.ep.rosidl_typesupport_introspection_c.c
[0.502s] -- Up-to-date: /home/rosario/Desktop/Sensors/LAB5_robot/install/landmark_msgs/local/lib/python3.10/dist-packages/landmark_msgs/landmark_msgs_s__rosidl_typesupport_fastrtps_c.cpython-310-x86_64-linux-gnu.so
[0.502s] -- Up-to-date: /home/rosario/Desktop/Sensors/LAB5_robot/install/landmark_msgs/local/lib/python3.10/dist-packages/landmark_msgs/_landmark_msgs_s.ep.rosidl_typesupport_c.c
[0.503s] -- Up-to-date: /home/rosario/Desktop/Sensors/LAB5_robot/install/landmark_msgs/local/lib/python3.10/dist-packages/landmark_msgs/_landmark_msgs_s.ep.rosidl_typesupport_fastrtps_c.c
[0.503s] -- Up-to-date: /home/rosario/Desktop/Sensors/LAB5_robot/install/landmark_msgs/local/lib/python3.10/dist-packages/landmark_msgs/landmark_msgs_s__rosidl_typesupport_introspection_c.cpython-310-x86_64-linux-gnu.so
[0.503s] -- Up-to-date: /home/rosario/Desktop/Sensors/LAB5_robot/install/landmark_msgs/local/lib/python3.10/dist-packages/landmark_msgs/__init__.py
[0.503s] -- Up-to-date: /home/rosario/Desktop/Sensors/LAB5_robot/install/landmark_msgs/local/lib/python3.10/dist-packages/landmark_msgs/landmark_msgs_s__rosidl_typesupport_c.cpython-310-x86_64-linux-gnu.so
[0.503s] -- Up-to-date: /home/rosario/Desktop/Sensors/LAB5_robot/install/landmark_msgs/local/lib/python3.10/dist-packages/landmark_msgs/liblandmark_msgs__rosidl_generator_py.so
[0.529s] Listing '/home/rosario/Desktop/Sensors/LAB5_robot/install/landmark_msgs/local/lib/python3.10/dist-packages/landmark_msgs'...
[0.529s] Listing '/home/rosario/Desktop/Sensors/LAB5_robot/install/landmark_msgs/local/lib/python3.10/dist-packages/landmark_msgs/msg'...
[0.534s] -- Up-to-date: /home/rosario/Desktop/Sensors/LAB5_robot/install/landmark_msgs/local/lib/python3.10/dist-packages/landmark_msgs/landmark_msgs_s__rosidl_typesupport_fastrtps_c.cpython-310-x86_64-linux-gnu.so
[0.534s] -- Up-to-date: /home/rosario/Desktop/Sensors/LAB5_robot/install/landmark_msgs/local/lib/python3.10/dist-packages/landmark_msgs/landmark_msgs_s__rosidl_typesupport_introspection_c.cpython-310-x86_64-linux-gnu.so
[0.534s] -- Up-to-date: /home/rosario/Desktop/Sensors/LAB5_robot/install/landmark_msgs/local/lib/python3.10/dist-packages/landmark_msgs/landmark_msgs_s__rosidl_typesupport_c.cpython-310-x86_64-linux-gnu.so
[0.534s] -- Up-to-date: /home/rosario/Desktop/Sensors/LAB5_robot/install/landmark_msgs/lib/liblandmark_msgs__rosidl_generator_py.so
[0.535s] -- Up-to-date: /home/rosario/Desktop/Sensors/LAB5_robot/install/landmark_msgs/share/landmark_msgs/msg/Landmark.idl
[0.535s] -- Up-to-date: /home/rosario/Desktop/Sensors/LAB5_robot/install/landmark_msgs/share/landmark_msgs/msg/LandmarkArray.idl
[0.535s] -- Up-to-date: /home/rosario/Desktop/Sensors/LAB5_robot/install/landmark_msgs/share/landmark_msgs/msg/Landmark.msg
[0.535s] -- Up-to-date: /home/rosario/Desktop/Sensors/LAB5_robot/install/landmark_msgs/share/landmark_msgs/msg/LandmarkArray.msg
[0.535s] -- Up-to-date: /home/rosario/Desktop/Sensors/LAB5_robot/install/landmark_msgs/share/ament_index/resource_index/package_run_dependencies/landmark_msgs
[0.535s] -- Up-to-date: /home/rosario/Desktop/Sensors/LAB5_robot/install/landmark_msgs/share/ament_index/resource_index/parent_prefix_path/landmark_msgs
[0.535s] -- Up-to-date: /home/rosario/Desktop/Sensors/LAB5_robot/install/landmark_msgs/share/landmark_msgs/environment/ament_prefix_path.sh
[0.535s] -- Up-to-date: /home/rosario/Desktop/Sensors/LAB5_robot/install/landmark_msgs/share/landmark_msgs/environment/ament_prefix_path.dsv
[0.535s] -- Up-to-date: /home/rosario/Desktop/Sensors/LAB5_robot/install/landmark_msgs/share/landmark_msgs/environment/path.sh
[0.535s] -- Up-to-date: /home/rosario/Desktop/Sensors/LAB5_robot/install/landmark_msgs/share/landmark_msgs/environment/path.dsv
[0.535s] -- Up-to-date: /home/rosario/Desktop/Sensors/LAB5_robot/install/landmark_msgs/share/landmark_msgs/local_setup.bash
[0.535s] -- Up-to-date: /home/rosario/Desktop/Sensors/LAB5_robot/install/landmark_msgs/share/landmark_msgs/local_setup.sh
[0.535s] -- Up-to-date: /home/rosario/Desktop/Sensors/LAB5_robot/install/landmark_msgs/share/landmark_msgs/local_setup.zsh
[0.535s] -- Up-to-date: /home/rosario/Desktop/Sensors/LAB5_robot/install/landmark_msgs/share/landmark_msgs/local_setup.dsv
[0.536s] -- Installing: /home/rosario/Desktop/Sensors/LAB5_robot/install/landmark_msgs/share/landmark_msgs/package.dsv
[0.536s] -- Up-to-date: /home/rosario/Desktop/Sensors/LAB5_robot/install/landmark_msgs/share/ament_index/resource_index/packages/landmark_msgs
[0.536s] -- Up-to-date: /home/rosario/Desktop/Sensors/LAB5_robot/install/landmark_msgs/share/landmark_msgs/cmake/export_landmark_msgs__rosidl_generator_cExport.cmake
[0.536s] -- Up-to-date: /home/rosario/Desktop/Sensors/LAB5_robot/install/landmark_msgs/share/landmark_msgs/cmake/export_landmark_msgs__rosidl_generator_cExport-noconfig.cmake
[0.536s] -- Up-to-date: /home/rosario/Desktop/Sensors/LAB5_robot/install/landmark_msgs/share/landmark_msgs/cmake/export_landmark_msgs__rosidl_typesupport_fastrtps_cExport.cmake
[0.536s] -- Up-to-date: /home/rosario/Desktop/Sensors/LAB5_robot/install/landmark_msgs/share/landmark_msgs/cmake/export_landmark_msgs__rosidl_typesupport_fastrtps_cExport-noconfig.cmake
[0.536s] -- Up-to-date: /home/rosario/Desktop/Sensors/LAB5_robot/install/landmark_msgs/share/landmark_msgs/cmake/landmark_msgs__rosidl_typesupport_introspection_cExport.cmake
[0.536s] -- Up-to-date: /home/rosario/Desktop/Sensors/LAB5_robot/install/landmark_msgs/share/landmark_msgs/cmake/landmark_msgs__rosidl_typesupport_introspection_cExport-noconfig.cmake
[0.536s] -- Up-to-date: /home/rosario/Desktop/Sensors/LAB5_robot/install/landmark_msgs/share/landmark_msgs/cmake/landmark_msgs__rosidl_typesupport_cExport.cmake
[0.536s] -- Up-to-date: /home/rosario/Desktop/Sensors/LAB5_robot/install/landmark_msgs/share/landmark_msgs/cmake/landmark_msgs__rosidl_typesupport_cExport-noconfig.cmake
[0.536s] -- Up-to-date: /home/rosario/Desktop/Sensors/LAB5_robot/install/landmark_msgs/share/landmark_msgs/cmake/export_landmark_msgs__rosidl_generator_cppExport.cmake
[0.536s] -- Up-to-date: /home/rosario/Desktop/Sensors/LAB5_robot/install/landmark_msgs/share/landmark_msgs/cmake/export_landmark_msgs__rosidl_typesupport_fastrtps_cppExport.cmake
[0.536s] -- Up-to-date: /home/rosario/Desktop/Sensors/LAB5_robot/install/landmark_msgs/share/landmark_msgs/cmake/export_landmark_msgs__rosidl_typesupport_fastrtps_cppExport-noconfig.cmake
[0.536s] -- Up-to-date: /home/rosario/Desktop/Sensors/LAB5_robot/install/landmark_msgs/share/landmark_msgs/cmake/landmark_msgs__rosidl_typesupport_introspection_cppExport.cmake
[0.536s] -- Up-to-date: /home/rosario/Desktop/Sensors/LAB5_robot/install/landmark_msgs/share/landmark_msgs/cmake/landmark_msgs__rosidl_typesupport_introspection_cppExport-noconfig.cmake
[0.536s] -- Up-to-date: /home/rosario/Desktop/Sensors/LAB5_robot/install/landmark_msgs/share/landmark_msgs/cmake/landmark_msgs__rosidl_typesupport_cppExport.cmake
[0.536s] -- Up-to-date: /home/rosario/Desktop/Sensors/LAB5_robot/install/landmark_msgs/share/landmark_msgs/cmake/landmark_msgs__rosidl_typesupport_cppExport-noconfig.cmake
[0.536s] -- Up-to-date: /home/rosario/Desktop/Sensors/LAB5_robot/install/landmark_msgs/share/landmark_msgs/cmake/export_landmark_msgs__rosidl_generator_pyExport.cmake
[0.536s] -- Up-to-date: /home/rosario/Desktop/Sensors/LAB5_robot/install/landmark_msgs/share/landmark_msgs/cmake/export_landmark_msgs__rosidl_generator_pyExport-noconfig.cmake
[0.536s] -- Up-to-date: /home/rosario/Desktop/Sensors/LAB5_robot/install/landmark_msgs/share/landmark_msgs/cmake/rosidl_cmake-extras.cmake
[0.536s] -- Up-to-date: /home/rosario/Desktop/Sensors/LAB5_robot/install/landmark_msgs/share/landmark_msgs/cmake/ament_cmake_export_dependencies-extras.cmake
[0.537s] -- Up-to-date: /home/rosario/Desktop/Sensors/LAB5_robot/install/landmark_msgs/share/landmark_msgs/cmake/ament_cmake_export_include_directories-extras.cmake
[0.537s] -- Up-to-date: /home/rosario/Desktop/Sensors/LAB5_robot/install/landmark_msgs/share/landmark_msgs/cmake/ament_cmake_export_libraries-extras.cmake
[0.537s] -- Up-to-date: /home/rosario/Desktop/Sensors/LAB5_robot/install/landmark_msgs/share/landmark_msgs/cmake/ament_cmake_export_targets-extras.cmake
[0.537s] -- Up-to-date: /home/rosario/Desktop/Sensors/LAB5_robot/install/landmark_msgs/share/landmark_msgs/cmake/rosidl_cmake_export_typesupport_targets-extras.cmake
[0.537s] -- Up-to-date: /home/rosario/Desktop/Sensors/LAB5_robot/install/landmark_msgs/share/landmark_msgs/cmake/rosidl_cmake_export_typesupport_libraries-extras.cmake
[0.537s] -- Up-to-date: /home/rosario/Desktop/Sensors/LAB5_robot/install/landmark_msgs/share/landmark_msgs/cmake/landmark_msgsConfig.cmake
[0.537s] -- Up-to-date: /home/rosario/Desktop/Sensors/LAB5_robot/install/landmark_msgs/share/landmark_msgs/cmake/landmark_msgsConfig-version.cmake
[0.537s] -- Up-to-date: /home/rosario/Desktop/Sensors/LAB5_robot/install/landmark_msgs/share/landmark_msgs/package.xml
[0.543s] Invoked command in '/home/rosario/Desktop/Sensors/LAB5_robot/build/landmark_msgs' returned '0': CMAKE_PREFIX_PATH=${CMAKE_PREFIX_PATH}:/home/rosario/Desktop/Sensors/LAB5_robot/install/particle:/home/rosario/Desktop/Sensors/LAB5_robot/install/turtlebot3_perception:/opt/ros/humble /usr/bin/cmake --install /home/rosario/Desktop/Sensors/LAB5_robot/build/landmark_msgs
