[0.475s] Invoking command in '/home/rosario/Desktop/Sensors/LAB2/lab02_pkg/src/lab02_pkg': PYTHONPATH=/home/rosario/Desktop/Sensors/LAB2/lab02_pkg/build/lab02_pkg/prefix_override:/usr/lib/python3/dist-packages/colcon_core/task/python/colcon_distutils_commands:/home/rosario/Desktop/Sensors/LAB2/lab02_pkg/install/lab02_pkg/lib/python3.10/site-packages:${PYTHONPATH} /usr/bin/python3 -W ignore:setup.py install is deprecated setup.py egg_info --egg-base ../../build/lab02_pkg build --build-base /home/rosario/Desktop/Sensors/LAB2/lab02_pkg/build/lab02_pkg/build install --record /home/rosario/Desktop/Sensors/LAB2/lab02_pkg/build/lab02_pkg/install.log --single-version-externally-managed install_data
[0.625s] running egg_info
[0.626s] writing ../../build/lab02_pkg/lab02_pkg.egg-info/PKG-INFO
[0.626s] writing dependency_links to ../../build/lab02_pkg/lab02_pkg.egg-info/dependency_links.txt
[0.626s] writing entry points to ../../build/lab02_pkg/lab02_pkg.egg-info/entry_points.txt
[0.626s] writing requirements to ../../build/lab02_pkg/lab02_pkg.egg-info/requires.txt
[0.626s] writing top-level names to ../../build/lab02_pkg/lab02_pkg.egg-info/top_level.txt
[0.627s] reading manifest file '../../build/lab02_pkg/lab02_pkg.egg-info/SOURCES.txt'
[0.627s] adding license file 'LICENSE'
[0.628s] writing manifest file '../../build/lab02_pkg/lab02_pkg.egg-info/SOURCES.txt'
[0.628s] running build
[0.628s] running build_py
[0.628s] copying lab02_pkg/controller.py -> /home/rosario/Desktop/Sensors/LAB2/lab02_pkg/build/lab02_pkg/build/lib/lab02_pkg
[0.628s] running install
[0.628s] running install_lib
[0.629s] copying /home/rosario/Desktop/Sensors/LAB2/lab02_pkg/build/lab02_pkg/build/lib/lab02_pkg/controller.py -> /home/rosario/Desktop/Sensors/LAB2/lab02_pkg/install/lab02_pkg/lib/python3.10/site-packages/lab02_pkg
[0.629s] byte-compiling /home/rosario/Desktop/Sensors/LAB2/lab02_pkg/install/lab02_pkg/lib/python3.10/site-packages/lab02_pkg/controller.py to controller.cpython-310.pyc
[0.630s] running install_data
[0.630s] running install_egg_info
[0.631s] removing '/home/rosario/Desktop/Sensors/LAB2/lab02_pkg/install/lab02_pkg/lib/python3.10/site-packages/lab02_pkg-0.0.0-py3.10.egg-info' (and everything under it)
[0.631s] Copying ../../build/lab02_pkg/lab02_pkg.egg-info to /home/rosario/Desktop/Sensors/LAB2/lab02_pkg/install/lab02_pkg/lib/python3.10/site-packages/lab02_pkg-0.0.0-py3.10.egg-info
[0.632s] running install_scripts
[0.645s] Installing controller script to /home/rosario/Desktop/Sensors/LAB2/lab02_pkg/install/lab02_pkg/lib/lab02_pkg
[0.646s] writing list of installed files to '/home/rosario/Desktop/Sensors/LAB2/lab02_pkg/build/lab02_pkg/install.log'
[0.664s] Invoked command in '/home/rosario/Desktop/Sensors/LAB2/lab02_pkg/src/lab02_pkg' returned '0': PYTHONPATH=/home/rosario/Desktop/Sensors/LAB2/lab02_pkg/build/lab02_pkg/prefix_override:/usr/lib/python3/dist-packages/colcon_core/task/python/colcon_distutils_commands:/home/rosario/Desktop/Sensors/LAB2/lab02_pkg/install/lab02_pkg/lib/python3.10/site-packages:${PYTHONPATH} /usr/bin/python3 -W ignore:setup.py install is deprecated setup.py egg_info --egg-base ../../build/lab02_pkg build --build-base /home/rosario/Desktop/Sensors/LAB2/lab02_pkg/build/lab02_pkg/build install --record /home/rosario/Desktop/Sensors/LAB2/lab02_pkg/build/lab02_pkg/install.log --single-version-externally-managed install_data
