[0.555s] Invoking command in '/home/rosario/Desktop/Sensors/LAB5/build/turtlebot3_perception': AMENT_PREFIX_PATH=/home/rosario/Desktop/Sensors/LAB5/install/landmark_msgs:${AMENT_PREFIX_PATH} CMAKE_PREFIX_PATH=/home/rosario/Desktop/Sensors/LAB5/install/landmark_msgs LD_LIBRARY_PATH=/home/rosario/Desktop/Sensors/LAB5/install/landmark_msgs/lib:/usr/lib/x86_64-linux-gnu/gazebo-11/plugins:/opt/ros/humble/opt/rviz_ogre_vendor/lib:/opt/ros/humble/lib/x86_64-linux-gnu:/opt/ros/humble/lib:/usr/share/gazebo/../../lib/x86_64-linux-gnu/gazebo-11/plugins:/usr/share/gazebo/../../lib/x86_64-linux-gnu/gazebo-11/plugins:/usr/share/gazebo/../../lib/x86_64-linux-gnu/gazebo-11/plugins PYTHONPATH=/home/rosario/Desktop/Sensors/LAB5/build/turtlebot3_perception/prefix_override:/usr/lib/python3/dist-packages/colcon_core/task/python/colcon_distutils_commands:/home/rosario/Desktop/Sensors/LAB5/install/turtlebot3_perception/lib/python3.10/site-packages:/home/rosario/Desktop/Sensors/LAB5/install/landmark_msgs/local/lib/python3.10/dist-packages:${PYTHONPATH} /usr/bin/python3 -W ignore:setup.py install is deprecated setup.py develop --uninstall --editable --build-directory /home/rosario/Desktop/Sensors/LAB5/build/turtlebot3_perception/build
[0.741s] running develop
[0.746s] /usr/lib/python3/dist-packages/setuptools/command/easy_install.py:158: EasyInstallDeprecationWarning: easy_install command is deprecated. Use build and pip and other standards-based tools.
[0.746s]   warnings.warn(
[0.873s] Removing /home/rosario/Desktop/Sensors/LAB5/install/turtlebot3_perception/lib/python3.10/site-packages/turtlebot3-perception.egg-link (link to .)
[0.904s] Invoked command in '/home/rosario/Desktop/Sensors/LAB5/build/turtlebot3_perception' returned '0': AMENT_PREFIX_PATH=/home/rosario/Desktop/Sensors/LAB5/install/landmark_msgs:${AMENT_PREFIX_PATH} CMAKE_PREFIX_PATH=/home/rosario/Desktop/Sensors/LAB5/install/landmark_msgs LD_LIBRARY_PATH=/home/rosario/Desktop/Sensors/LAB5/install/landmark_msgs/lib:/usr/lib/x86_64-linux-gnu/gazebo-11/plugins:/opt/ros/humble/opt/rviz_ogre_vendor/lib:/opt/ros/humble/lib/x86_64-linux-gnu:/opt/ros/humble/lib:/usr/share/gazebo/../../lib/x86_64-linux-gnu/gazebo-11/plugins:/usr/share/gazebo/../../lib/x86_64-linux-gnu/gazebo-11/plugins:/usr/share/gazebo/../../lib/x86_64-linux-gnu/gazebo-11/plugins PYTHONPATH=/home/rosario/Desktop/Sensors/LAB5/build/turtlebot3_perception/prefix_override:/usr/lib/python3/dist-packages/colcon_core/task/python/colcon_distutils_commands:/home/rosario/Desktop/Sensors/LAB5/install/turtlebot3_perception/lib/python3.10/site-packages:/home/rosario/Desktop/Sensors/LAB5/install/landmark_msgs/local/lib/python3.10/dist-packages:${PYTHONPATH} /usr/bin/python3 -W ignore:setup.py install is deprecated setup.py develop --uninstall --editable --build-directory /home/rosario/Desktop/Sensors/LAB5/build/turtlebot3_perception/build
[0.906s] Invoking command in '/home/rosario/Desktop/Sensors/LAB5/src/turtlebot3_perception/turtlebot3_perception': AMENT_PREFIX_PATH=/home/rosario/Desktop/Sensors/LAB5/install/landmark_msgs:${AMENT_PREFIX_PATH} CMAKE_PREFIX_PATH=/home/rosario/Desktop/Sensors/LAB5/install/landmark_msgs LD_LIBRARY_PATH=/home/rosario/Desktop/Sensors/LAB5/install/landmark_msgs/lib:/usr/lib/x86_64-linux-gnu/gazebo-11/plugins:/opt/ros/humble/opt/rviz_ogre_vendor/lib:/opt/ros/humble/lib/x86_64-linux-gnu:/opt/ros/humble/lib:/usr/share/gazebo/../../lib/x86_64-linux-gnu/gazebo-11/plugins:/usr/share/gazebo/../../lib/x86_64-linux-gnu/gazebo-11/plugins:/usr/share/gazebo/../../lib/x86_64-linux-gnu/gazebo-11/plugins PYTHONPATH=/home/rosario/Desktop/Sensors/LAB5/build/turtlebot3_perception/prefix_override:/usr/lib/python3/dist-packages/colcon_core/task/python/colcon_distutils_commands:/home/rosario/Desktop/Sensors/LAB5/install/turtlebot3_perception/lib/python3.10/site-packages:/home/rosario/Desktop/Sensors/LAB5/install/landmark_msgs/local/lib/python3.10/dist-packages:${PYTHONPATH} /usr/bin/python3 -W ignore:setup.py install is deprecated setup.py egg_info --egg-base ../../../build/turtlebot3_perception build --build-base /home/rosario/Desktop/Sensors/LAB5/build/turtlebot3_perception/build install --record /home/rosario/Desktop/Sensors/LAB5/build/turtlebot3_perception/install.log --single-version-externally-managed install_data --force
[1.072s] running egg_info
[1.072s] writing ../../../build/turtlebot3_perception/turtlebot3_perception.egg-info/PKG-INFO
[1.072s] writing dependency_links to ../../../build/turtlebot3_perception/turtlebot3_perception.egg-info/dependency_links.txt
[1.072s] writing entry points to ../../../build/turtlebot3_perception/turtlebot3_perception.egg-info/entry_points.txt
[1.073s] writing requirements to ../../../build/turtlebot3_perception/turtlebot3_perception.egg-info/requires.txt
[1.073s] writing top-level names to ../../../build/turtlebot3_perception/turtlebot3_perception.egg-info/top_level.txt
[1.074s] reading manifest file '../../../build/turtlebot3_perception/turtlebot3_perception.egg-info/SOURCES.txt'
[1.076s] adding license file 'LICENSE'
[1.077s] writing manifest file '../../../build/turtlebot3_perception/turtlebot3_perception.egg-info/SOURCES.txt'
[1.077s] running build
[1.077s] running build_py
[1.078s] creating /home/rosario/Desktop/Sensors/LAB5/build/turtlebot3_perception/build
[1.078s] creating /home/rosario/Desktop/Sensors/LAB5/build/turtlebot3_perception/build/lib
[1.078s] creating /home/rosario/Desktop/Sensors/LAB5/build/turtlebot3_perception/build/lib/turtlebot3_perception
[1.078s] copying turtlebot3_perception/laserscan2lines_node.py -> /home/rosario/Desktop/Sensors/LAB5/build/turtlebot3_perception/build/lib/turtlebot3_perception
[1.078s] copying turtlebot3_perception/laserscan2lines.py -> /home/rosario/Desktop/Sensors/LAB5/build/turtlebot3_perception/build/lib/turtlebot3_perception
[1.078s] copying turtlebot3_perception/landmark_simulator.py -> /home/rosario/Desktop/Sensors/LAB5/build/turtlebot3_perception/build/lib/turtlebot3_perception
[1.078s] copying turtlebot3_perception/detection2landmark.py -> /home/rosario/Desktop/Sensors/LAB5/build/turtlebot3_perception/build/lib/turtlebot3_perception
[1.078s] copying turtlebot3_perception/__init__.py -> /home/rosario/Desktop/Sensors/LAB5/build/turtlebot3_perception/build/lib/turtlebot3_perception
[1.078s] running install
[1.078s] running install_lib
[1.079s] creating /home/rosario/Desktop/Sensors/LAB5/install/turtlebot3_perception/lib/python3.10/site-packages/turtlebot3_perception
[1.079s] copying /home/rosario/Desktop/Sensors/LAB5/build/turtlebot3_perception/build/lib/turtlebot3_perception/laserscan2lines_node.py -> /home/rosario/Desktop/Sensors/LAB5/install/turtlebot3_perception/lib/python3.10/site-packages/turtlebot3_perception
[1.079s] copying /home/rosario/Desktop/Sensors/LAB5/build/turtlebot3_perception/build/lib/turtlebot3_perception/laserscan2lines.py -> /home/rosario/Desktop/Sensors/LAB5/install/turtlebot3_perception/lib/python3.10/site-packages/turtlebot3_perception
[1.079s] copying /home/rosario/Desktop/Sensors/LAB5/build/turtlebot3_perception/build/lib/turtlebot3_perception/landmark_simulator.py -> /home/rosario/Desktop/Sensors/LAB5/install/turtlebot3_perception/lib/python3.10/site-packages/turtlebot3_perception
[1.079s] copying /home/rosario/Desktop/Sensors/LAB5/build/turtlebot3_perception/build/lib/turtlebot3_perception/detection2landmark.py -> /home/rosario/Desktop/Sensors/LAB5/install/turtlebot3_perception/lib/python3.10/site-packages/turtlebot3_perception
[1.079s] copying /home/rosario/Desktop/Sensors/LAB5/build/turtlebot3_perception/build/lib/turtlebot3_perception/__init__.py -> /home/rosario/Desktop/Sensors/LAB5/install/turtlebot3_perception/lib/python3.10/site-packages/turtlebot3_perception
[1.080s] byte-compiling /home/rosario/Desktop/Sensors/LAB5/install/turtlebot3_perception/lib/python3.10/site-packages/turtlebot3_perception/laserscan2lines_node.py to laserscan2lines_node.cpython-310.pyc
[1.081s] byte-compiling /home/rosario/Desktop/Sensors/LAB5/install/turtlebot3_perception/lib/python3.10/site-packages/turtlebot3_perception/laserscan2lines.py to laserscan2lines.cpython-310.pyc
[1.081s] byte-compiling /home/rosario/Desktop/Sensors/LAB5/install/turtlebot3_perception/lib/python3.10/site-packages/turtlebot3_perception/landmark_simulator.py to landmark_simulator.cpython-310.pyc
[1.081s] byte-compiling /home/rosario/Desktop/Sensors/LAB5/install/turtlebot3_perception/lib/python3.10/site-packages/turtlebot3_perception/detection2landmark.py to detection2landmark.cpython-310.pyc
[1.082s] byte-compiling /home/rosario/Desktop/Sensors/LAB5/install/turtlebot3_perception/lib/python3.10/site-packages/turtlebot3_perception/__init__.py to __init__.cpython-310.pyc
[1.082s] running install_data
[1.082s] copying resource/turtlebot3_perception -> /home/rosario/Desktop/Sensors/LAB5/install/turtlebot3_perception/share/ament_index/resource_index/packages
[1.082s] copying package.xml -> /home/rosario/Desktop/Sensors/LAB5/install/turtlebot3_perception/share/turtlebot3_perception
[1.082s] copying launch/apriltag.launch.py -> /home/rosario/Desktop/Sensors/LAB5/install/turtlebot3_perception/share/turtlebot3_perception/launch
[1.082s] copying launch/camera.launch.py -> /home/rosario/Desktop/Sensors/LAB5/install/turtlebot3_perception/share/turtlebot3_perception/launch
[1.082s] copying launch/rs_launch_composable.launch.py -> /home/rosario/Desktop/Sensors/LAB5/install/turtlebot3_perception/share/turtlebot3_perception/launch
[1.083s] copying config/apriltag.yaml -> /home/rosario/Desktop/Sensors/LAB5/install/turtlebot3_perception/share/turtlebot3_perception/config
[1.083s] copying config/default.rviz -> /home/rosario/Desktop/Sensors/LAB5/install/turtlebot3_perception/share/turtlebot3_perception/config
[1.083s] copying config/landmarks.yaml -> /home/rosario/Desktop/Sensors/LAB5/install/turtlebot3_perception/share/turtlebot3_perception/config
[1.083s] copying config/oakd_config.yaml -> /home/rosario/Desktop/Sensors/LAB5/install/turtlebot3_perception/share/turtlebot3_perception/config
[1.083s] running install_egg_info
[1.085s] Copying ../../../build/turtlebot3_perception/turtlebot3_perception.egg-info to /home/rosario/Desktop/Sensors/LAB5/install/turtlebot3_perception/lib/python3.10/site-packages/turtlebot3_perception-0.0.0-py3.10.egg-info
[1.086s] running install_scripts
[1.102s] Installing detection2landmark script to /home/rosario/Desktop/Sensors/LAB5/install/turtlebot3_perception/lib/turtlebot3_perception
[1.102s] Installing landmark_simulator script to /home/rosario/Desktop/Sensors/LAB5/install/turtlebot3_perception/lib/turtlebot3_perception
[1.102s] Installing laserscan2lines script to /home/rosario/Desktop/Sensors/LAB5/install/turtlebot3_perception/lib/turtlebot3_perception
[1.102s] writing list of installed files to '/home/rosario/Desktop/Sensors/LAB5/build/turtlebot3_perception/install.log'
[1.131s] Invoked command in '/home/rosario/Desktop/Sensors/LAB5/src/turtlebot3_perception/turtlebot3_perception' returned '0': AMENT_PREFIX_PATH=/home/rosario/Desktop/Sensors/LAB5/install/landmark_msgs:${AMENT_PREFIX_PATH} CMAKE_PREFIX_PATH=/home/rosario/Desktop/Sensors/LAB5/install/landmark_msgs LD_LIBRARY_PATH=/home/rosario/Desktop/Sensors/LAB5/install/landmark_msgs/lib:/usr/lib/x86_64-linux-gnu/gazebo-11/plugins:/opt/ros/humble/opt/rviz_ogre_vendor/lib:/opt/ros/humble/lib/x86_64-linux-gnu:/opt/ros/humble/lib:/usr/share/gazebo/../../lib/x86_64-linux-gnu/gazebo-11/plugins:/usr/share/gazebo/../../lib/x86_64-linux-gnu/gazebo-11/plugins:/usr/share/gazebo/../../lib/x86_64-linux-gnu/gazebo-11/plugins PYTHONPATH=/home/rosario/Desktop/Sensors/LAB5/build/turtlebot3_perception/prefix_override:/usr/lib/python3/dist-packages/colcon_core/task/python/colcon_distutils_commands:/home/rosario/Desktop/Sensors/LAB5/install/turtlebot3_perception/lib/python3.10/site-packages:/home/rosario/Desktop/Sensors/LAB5/install/landmark_msgs/local/lib/python3.10/dist-packages:${PYTHONPATH} /usr/bin/python3 -W ignore:setup.py install is deprecated setup.py egg_info --egg-base ../../../build/turtlebot3_perception build --build-base /home/rosario/Desktop/Sensors/LAB5/build/turtlebot3_perception/build install --record /home/rosario/Desktop/Sensors/LAB5/build/turtlebot3_perception/install.log --single-version-externally-managed install_data --force
