[0.079s] DEBUG:colcon:Command line arguments: ['/usr/bin/colcon', 'build']
[0.080s] DEBUG:colcon:Parsed command line arguments: Namespace(log_base=None, log_level=None, verb_name='build', build_base='build', install_base='install', merge_install=False, symlink_install=False, test_result_base=None, continue_on_error=False, executor='parallel', parallel_workers=16, event_handlers=None, ignore_user_meta=False, metas=['./colcon.meta'], base_paths=['.'], packages_ignore=None, packages_ignore_regex=None, paths=None, packages_up_to=None, packages_up_to_regex=None, packages_above=None, packages_above_and_dependencies=None, packages_above_depth=None, packages_select_by_dep=None, packages_skip_by_dep=None, packages_skip_up_to=None, packages_select_build_failed=False, packages_skip_build_finished=False, packages_select_test_failures=False, packages_skip_test_passed=False, packages_select=None, packages_skip=None, packages_select_regex=None, packages_skip_regex=None, packages_start=None, packages_end=None, allow_overriding=[], cmake_args=None, cmake_target=None, cmake_target_skip_unavailable=False, cmake_clean_cache=False, cmake_clean_first=False, cmake_force_configure=False, ament_cmake_args=None, catkin_cmake_args=None, catkin_skip_building_tests=False, mixin_files=None, mixin=None, verb_parser=<colcon_mixin.mixin.mixin_argument.MixinArgumentDecorator object at 0x72ae4e07c640>, verb_extension=<colcon_core.verb.build.BuildVerb object at 0x72ae4e1f4a60>, main=<bound method BuildVerb.main of <colcon_core.verb.build.BuildVerb object at 0x72ae4e1f4a60>>, mixin_verb=('build',))
[0.203s] Level 1:colcon.colcon_core.package_discovery:discover_packages(colcon_meta) check parameters
[0.203s] Level 1:colcon.colcon_core.package_discovery:discover_packages(recursive) check parameters
[0.203s] Level 1:colcon.colcon_core.package_discovery:discover_packages(ignore) check parameters
[0.203s] Level 1:colcon.colcon_core.package_discovery:discover_packages(path) check parameters
[0.203s] Level 1:colcon.colcon_core.package_discovery:discover_packages(colcon_meta) discover
[0.204s] Level 1:colcon.colcon_core.package_discovery:discover_packages(recursive) discover
[0.204s] INFO:colcon.colcon_core.package_discovery:Crawling recursively for packages in '/home/rosario/Desktop/Sensors/LAB5'
[0.204s] Level 1:colcon.colcon_core.package_identification:_identify(.) by extensions ['ignore', 'ignore_ament_install']
[0.204s] Level 1:colcon.colcon_core.package_identification:_identify(.) by extension 'ignore'
[0.204s] Level 1:colcon.colcon_core.package_identification:_identify(.) by extension 'ignore_ament_install'
[0.204s] Level 1:colcon.colcon_core.package_identification:_identify(.) by extensions ['colcon_pkg']
[0.204s] Level 1:colcon.colcon_core.package_identification:_identify(.) by extension 'colcon_pkg'
[0.204s] Level 1:colcon.colcon_core.package_identification:_identify(.) by extensions ['colcon_meta']
[0.204s] Level 1:colcon.colcon_core.package_identification:_identify(.) by extension 'colcon_meta'
[0.204s] Level 1:colcon.colcon_core.package_identification:_identify(.) by extensions ['ros']
[0.204s] Level 1:colcon.colcon_core.package_identification:_identify(.) by extension 'ros'
[0.235s] Level 1:colcon.colcon_core.package_identification:_identify(.) by extensions ['cmake', 'python']
[0.235s] Level 1:colcon.colcon_core.package_identification:_identify(.) by extension 'cmake'
[0.235s] Level 1:colcon.colcon_core.package_identification:_identify(.) by extension 'python'
[0.235s] Level 1:colcon.colcon_core.package_identification:_identify(.) by extensions ['python_setup_py']
[0.235s] Level 1:colcon.colcon_core.package_identification:_identify(.) by extension 'python_setup_py'
[0.235s] Level 1:colcon.colcon_core.package_identification:_identify(bag_importanti) by extensions ['ignore', 'ignore_ament_install']
[0.235s] Level 1:colcon.colcon_core.package_identification:_identify(bag_importanti) by extension 'ignore'
[0.235s] Level 1:colcon.colcon_core.package_identification:_identify(bag_importanti) by extension 'ignore_ament_install'
[0.236s] Level 1:colcon.colcon_core.package_identification:_identify(bag_importanti) by extensions ['colcon_pkg']
[0.236s] Level 1:colcon.colcon_core.package_identification:_identify(bag_importanti) by extension 'colcon_pkg'
[0.236s] Level 1:colcon.colcon_core.package_identification:_identify(bag_importanti) by extensions ['colcon_meta']
[0.236s] Level 1:colcon.colcon_core.package_identification:_identify(bag_importanti) by extension 'colcon_meta'
[0.236s] Level 1:colcon.colcon_core.package_identification:_identify(bag_importanti) by extensions ['ros']
[0.236s] Level 1:colcon.colcon_core.package_identification:_identify(bag_importanti) by extension 'ros'
[0.236s] Level 1:colcon.colcon_core.package_identification:_identify(bag_importanti) by extensions ['cmake', 'python']
[0.236s] Level 1:colcon.colcon_core.package_identification:_identify(bag_importanti) by extension 'cmake'
[0.236s] Level 1:colcon.colcon_core.package_identification:_identify(bag_importanti) by extension 'python'
[0.236s] Level 1:colcon.colcon_core.package_identification:_identify(bag_importanti) by extensions ['python_setup_py']
[0.236s] Level 1:colcon.colcon_core.package_identification:_identify(bag_importanti) by extension 'python_setup_py'
[0.236s] Level 1:colcon.colcon_core.package_identification:_identify(build) by extensions ['ignore', 'ignore_ament_install']
[0.236s] Level 1:colcon.colcon_core.package_identification:_identify(build) by extension 'ignore'
[0.236s] Level 1:colcon.colcon_core.package_identification:_identify(build) ignored
[0.236s] Level 1:colcon.colcon_core.package_identification:_identify(install) by extensions ['ignore', 'ignore_ament_install']
[0.236s] Level 1:colcon.colcon_core.package_identification:_identify(install) by extension 'ignore'
[0.236s] Level 1:colcon.colcon_core.package_identification:_identify(install) ignored
[0.236s] Level 1:colcon.colcon_core.package_identification:_identify(log) by extensions ['ignore', 'ignore_ament_install']
[0.236s] Level 1:colcon.colcon_core.package_identification:_identify(log) by extension 'ignore'
[0.236s] Level 1:colcon.colcon_core.package_identification:_identify(log) ignored
[0.236s] Level 1:colcon.colcon_core.package_identification:_identify(src) by extensions ['ignore', 'ignore_ament_install']
[0.236s] Level 1:colcon.colcon_core.package_identification:_identify(src) by extension 'ignore'
[0.236s] Level 1:colcon.colcon_core.package_identification:_identify(src) by extension 'ignore_ament_install'
[0.236s] Level 1:colcon.colcon_core.package_identification:_identify(src) by extensions ['colcon_pkg']
[0.236s] Level 1:colcon.colcon_core.package_identification:_identify(src) by extension 'colcon_pkg'
[0.236s] Level 1:colcon.colcon_core.package_identification:_identify(src) by extensions ['colcon_meta']
[0.236s] Level 1:colcon.colcon_core.package_identification:_identify(src) by extension 'colcon_meta'
[0.236s] Level 1:colcon.colcon_core.package_identification:_identify(src) by extensions ['ros']
[0.236s] Level 1:colcon.colcon_core.package_identification:_identify(src) by extension 'ros'
[0.236s] Level 1:colcon.colcon_core.package_identification:_identify(src) by extensions ['cmake', 'python']
[0.236s] Level 1:colcon.colcon_core.package_identification:_identify(src) by extension 'cmake'
[0.236s] Level 1:colcon.colcon_core.package_identification:_identify(src) by extension 'python'
[0.236s] Level 1:colcon.colcon_core.package_identification:_identify(src) by extensions ['python_setup_py']
[0.236s] Level 1:colcon.colcon_core.package_identification:_identify(src) by extension 'python_setup_py'
[0.237s] Level 1:colcon.colcon_core.package_identification:_identify(src/particle) by extensions ['ignore', 'ignore_ament_install']
[0.237s] Level 1:colcon.colcon_core.package_identification:_identify(src/particle) by extension 'ignore'
[0.237s] Level 1:colcon.colcon_core.package_identification:_identify(src/particle) by extension 'ignore_ament_install'
[0.237s] Level 1:colcon.colcon_core.package_identification:_identify(src/particle) by extensions ['colcon_pkg']
[0.237s] Level 1:colcon.colcon_core.package_identification:_identify(src/particle) by extension 'colcon_pkg'
[0.237s] Level 1:colcon.colcon_core.package_identification:_identify(src/particle) by extensions ['colcon_meta']
[0.237s] Level 1:colcon.colcon_core.package_identification:_identify(src/particle) by extension 'colcon_meta'
[0.237s] Level 1:colcon.colcon_core.package_identification:_identify(src/particle) by extensions ['ros']
[0.237s] Level 1:colcon.colcon_core.package_identification:_identify(src/particle) by extension 'ros'
[0.239s] DEBUG:colcon.colcon_core.package_identification:Package 'src/particle' with type 'ros.ament_python' and name 'particle'
[0.239s] Level 1:colcon.colcon_core.package_identification:_identify(src/turtlebot3_perception) by extensions ['ignore', 'ignore_ament_install']
[0.239s] Level 1:colcon.colcon_core.package_identification:_identify(src/turtlebot3_perception) by extension 'ignore'
[0.239s] Level 1:colcon.colcon_core.package_identification:_identify(src/turtlebot3_perception) by extension 'ignore_ament_install'
[0.239s] Level 1:colcon.colcon_core.package_identification:_identify(src/turtlebot3_perception) by extensions ['colcon_pkg']
[0.239s] Level 1:colcon.colcon_core.package_identification:_identify(src/turtlebot3_perception) by extension 'colcon_pkg'
[0.239s] Level 1:colcon.colcon_core.package_identification:_identify(src/turtlebot3_perception) by extensions ['colcon_meta']
[0.239s] Level 1:colcon.colcon_core.package_identification:_identify(src/turtlebot3_perception) by extension 'colcon_meta'
[0.239s] Level 1:colcon.colcon_core.package_identification:_identify(src/turtlebot3_perception) by extensions ['ros']
[0.239s] Level 1:colcon.colcon_core.package_identification:_identify(src/turtlebot3_perception) by extension 'ros'
[0.239s] Level 1:colcon.colcon_core.package_identification:_identify(src/turtlebot3_perception) by extensions ['cmake', 'python']
[0.239s] Level 1:colcon.colcon_core.package_identification:_identify(src/turtlebot3_perception) by extension 'cmake'
[0.239s] Level 1:colcon.colcon_core.package_identification:_identify(src/turtlebot3_perception) by extension 'python'
[0.239s] Level 1:colcon.colcon_core.package_identification:_identify(src/turtlebot3_perception) by extensions ['python_setup_py']
[0.239s] Level 1:colcon.colcon_core.package_identification:_identify(src/turtlebot3_perception) by extension 'python_setup_py'
[0.239s] Level 1:colcon.colcon_core.package_identification:_identify(src/turtlebot3_perception/landmark_msgs) by extensions ['ignore', 'ignore_ament_install']
[0.239s] Level 1:colcon.colcon_core.package_identification:_identify(src/turtlebot3_perception/landmark_msgs) by extension 'ignore'
[0.239s] Level 1:colcon.colcon_core.package_identification:_identify(src/turtlebot3_perception/landmark_msgs) by extension 'ignore_ament_install'
[0.239s] Level 1:colcon.colcon_core.package_identification:_identify(src/turtlebot3_perception/landmark_msgs) by extensions ['colcon_pkg']
[0.239s] Level 1:colcon.colcon_core.package_identification:_identify(src/turtlebot3_perception/landmark_msgs) by extension 'colcon_pkg'
[0.239s] Level 1:colcon.colcon_core.package_identification:_identify(src/turtlebot3_perception/landmark_msgs) by extensions ['colcon_meta']
[0.239s] Level 1:colcon.colcon_core.package_identification:_identify(src/turtlebot3_perception/landmark_msgs) by extension 'colcon_meta'
[0.239s] Level 1:colcon.colcon_core.package_identification:_identify(src/turtlebot3_perception/landmark_msgs) by extensions ['ros']
[0.239s] Level 1:colcon.colcon_core.package_identification:_identify(src/turtlebot3_perception/landmark_msgs) by extension 'ros'
[0.240s] DEBUG:colcon.colcon_core.package_identification:Package 'src/turtlebot3_perception/landmark_msgs' with type 'ros.ament_cmake' and name 'landmark_msgs'
[0.240s] Level 1:colcon.colcon_core.package_identification:_identify(src/turtlebot3_perception/turtlebot3_perception) by extensions ['ignore', 'ignore_ament_install']
[0.240s] Level 1:colcon.colcon_core.package_identification:_identify(src/turtlebot3_perception/turtlebot3_perception) by extension 'ignore'
[0.240s] Level 1:colcon.colcon_core.package_identification:_identify(src/turtlebot3_perception/turtlebot3_perception) by extension 'ignore_ament_install'
[0.240s] Level 1:colcon.colcon_core.package_identification:_identify(src/turtlebot3_perception/turtlebot3_perception) by extensions ['colcon_pkg']
[0.240s] Level 1:colcon.colcon_core.package_identification:_identify(src/turtlebot3_perception/turtlebot3_perception) by extension 'colcon_pkg'
[0.240s] Level 1:colcon.colcon_core.package_identification:_identify(src/turtlebot3_perception/turtlebot3_perception) by extensions ['colcon_meta']
[0.240s] Level 1:colcon.colcon_core.package_identification:_identify(src/turtlebot3_perception/turtlebot3_perception) by extension 'colcon_meta'
[0.240s] Level 1:colcon.colcon_core.package_identification:_identify(src/turtlebot3_perception/turtlebot3_perception) by extensions ['ros']
[0.240s] Level 1:colcon.colcon_core.package_identification:_identify(src/turtlebot3_perception/turtlebot3_perception) by extension 'ros'
[0.241s] DEBUG:colcon.colcon_core.package_identification:Package 'src/turtlebot3_perception/turtlebot3_perception' with type 'ros.ament_python' and name 'turtlebot3_perception'
[0.241s] Level 1:colcon.colcon_core.package_identification:_identify(src/turtlebot3_simulations) by extensions ['ignore', 'ignore_ament_install']
[0.241s] Level 1:colcon.colcon_core.package_identification:_identify(src/turtlebot3_simulations) by extension 'ignore'
[0.241s] Level 1:colcon.colcon_core.package_identification:_identify(src/turtlebot3_simulations) by extension 'ignore_ament_install'
[0.241s] Level 1:colcon.colcon_core.package_identification:_identify(src/turtlebot3_simulations) by extensions ['colcon_pkg']
[0.241s] Level 1:colcon.colcon_core.package_identification:_identify(src/turtlebot3_simulations) by extension 'colcon_pkg'
[0.241s] Level 1:colcon.colcon_core.package_identification:_identify(src/turtlebot3_simulations) by extensions ['colcon_meta']
[0.241s] Level 1:colcon.colcon_core.package_identification:_identify(src/turtlebot3_simulations) by extension 'colcon_meta'
[0.241s] Level 1:colcon.colcon_core.package_identification:_identify(src/turtlebot3_simulations) by extensions ['ros']
[0.241s] Level 1:colcon.colcon_core.package_identification:_identify(src/turtlebot3_simulations) by extension 'ros'
[0.241s] Level 1:colcon.colcon_core.package_identification:_identify(src/turtlebot3_simulations) by extensions ['cmake', 'python']
[0.241s] Level 1:colcon.colcon_core.package_identification:_identify(src/turtlebot3_simulations) by extension 'cmake'
[0.241s] Level 1:colcon.colcon_core.package_identification:_identify(src/turtlebot3_simulations) by extension 'python'
[0.241s] Level 1:colcon.colcon_core.package_identification:_identify(src/turtlebot3_simulations) by extensions ['python_setup_py']
[0.241s] Level 1:colcon.colcon_core.package_identification:_identify(src/turtlebot3_simulations) by extension 'python_setup_py'
[0.241s] Level 1:colcon.colcon_core.package_identification:_identify(src/turtlebot3_simulations/turtlebot3_fake_node) by extensions ['ignore', 'ignore_ament_install']
[0.241s] Level 1:colcon.colcon_core.package_identification:_identify(src/turtlebot3_simulations/turtlebot3_fake_node) by extension 'ignore'
[0.241s] Level 1:colcon.colcon_core.package_identification:_identify(src/turtlebot3_simulations/turtlebot3_fake_node) by extension 'ignore_ament_install'
[0.241s] Level 1:colcon.colcon_core.package_identification:_identify(src/turtlebot3_simulations/turtlebot3_fake_node) by extensions ['colcon_pkg']
[0.241s] Level 1:colcon.colcon_core.package_identification:_identify(src/turtlebot3_simulations/turtlebot3_fake_node) by extension 'colcon_pkg'
[0.241s] Level 1:colcon.colcon_core.package_identification:_identify(src/turtlebot3_simulations/turtlebot3_fake_node) by extensions ['colcon_meta']
[0.241s] Level 1:colcon.colcon_core.package_identification:_identify(src/turtlebot3_simulations/turtlebot3_fake_node) by extension 'colcon_meta'
[0.242s] Level 1:colcon.colcon_core.package_identification:_identify(src/turtlebot3_simulations/turtlebot3_fake_node) by extensions ['ros']
[0.242s] Level 1:colcon.colcon_core.package_identification:_identify(src/turtlebot3_simulations/turtlebot3_fake_node) by extension 'ros'
[0.242s] DEBUG:colcon.colcon_core.package_identification:Package 'src/turtlebot3_simulations/turtlebot3_fake_node' with type 'ros.ament_cmake' and name 'turtlebot3_fake_node'
[0.242s] Level 1:colcon.colcon_core.package_identification:_identify(src/turtlebot3_simulations/turtlebot3_gazebo) by extensions ['ignore', 'ignore_ament_install']
[0.242s] Level 1:colcon.colcon_core.package_identification:_identify(src/turtlebot3_simulations/turtlebot3_gazebo) by extension 'ignore'
[0.242s] Level 1:colcon.colcon_core.package_identification:_identify(src/turtlebot3_simulations/turtlebot3_gazebo) by extension 'ignore_ament_install'
[0.242s] Level 1:colcon.colcon_core.package_identification:_identify(src/turtlebot3_simulations/turtlebot3_gazebo) by extensions ['colcon_pkg']
[0.242s] Level 1:colcon.colcon_core.package_identification:_identify(src/turtlebot3_simulations/turtlebot3_gazebo) by extension 'colcon_pkg'
[0.243s] Level 1:colcon.colcon_core.package_identification:_identify(src/turtlebot3_simulations/turtlebot3_gazebo) by extensions ['colcon_meta']
[0.243s] Level 1:colcon.colcon_core.package_identification:_identify(src/turtlebot3_simulations/turtlebot3_gazebo) by extension 'colcon_meta'
[0.243s] Level 1:colcon.colcon_core.package_identification:_identify(src/turtlebot3_simulations/turtlebot3_gazebo) by extensions ['ros']
[0.243s] Level 1:colcon.colcon_core.package_identification:_identify(src/turtlebot3_simulations/turtlebot3_gazebo) by extension 'ros'
[0.243s] DEBUG:colcon.colcon_core.package_identification:Package 'src/turtlebot3_simulations/turtlebot3_gazebo' with type 'ros.ament_cmake' and name 'turtlebot3_gazebo'
[0.243s] Level 1:colcon.colcon_core.package_identification:_identify(src/turtlebot3_simulations/turtlebot3_ignition) by extensions ['ignore', 'ignore_ament_install']
[0.243s] Level 1:colcon.colcon_core.package_identification:_identify(src/turtlebot3_simulations/turtlebot3_ignition) by extension 'ignore'
[0.243s] Level 1:colcon.colcon_core.package_identification:_identify(src/turtlebot3_simulations/turtlebot3_ignition) ignored
[0.244s] Level 1:colcon.colcon_core.package_identification:_identify(src/turtlebot3_simulations/turtlebot3_simulations) by extensions ['ignore', 'ignore_ament_install']
[0.244s] Level 1:colcon.colcon_core.package_identification:_identify(src/turtlebot3_simulations/turtlebot3_simulations) by extension 'ignore'
[0.244s] Level 1:colcon.colcon_core.package_identification:_identify(src/turtlebot3_simulations/turtlebot3_simulations) by extension 'ignore_ament_install'
[0.244s] Level 1:colcon.colcon_core.package_identification:_identify(src/turtlebot3_simulations/turtlebot3_simulations) by extensions ['colcon_pkg']
[0.244s] Level 1:colcon.colcon_core.package_identification:_identify(src/turtlebot3_simulations/turtlebot3_simulations) by extension 'colcon_pkg'
[0.244s] Level 1:colcon.colcon_core.package_identification:_identify(src/turtlebot3_simulations/turtlebot3_simulations) by extensions ['colcon_meta']
[0.244s] Level 1:colcon.colcon_core.package_identification:_identify(src/turtlebot3_simulations/turtlebot3_simulations) by extension 'colcon_meta'
[0.244s] Level 1:colcon.colcon_core.package_identification:_identify(src/turtlebot3_simulations/turtlebot3_simulations) by extensions ['ros']
[0.244s] Level 1:colcon.colcon_core.package_identification:_identify(src/turtlebot3_simulations/turtlebot3_simulations) by extension 'ros'
[0.244s] DEBUG:colcon.colcon_core.package_identification:Package 'src/turtlebot3_simulations/turtlebot3_simulations' with type 'ros.ament_cmake' and name 'turtlebot3_simulations'
[0.244s] Level 1:colcon.colcon_core.package_identification:_identify(stratified1) by extensions ['ignore', 'ignore_ament_install']
[0.244s] Level 1:colcon.colcon_core.package_identification:_identify(stratified1) by extension 'ignore'
[0.244s] Level 1:colcon.colcon_core.package_identification:_identify(stratified1) by extension 'ignore_ament_install'
[0.244s] Level 1:colcon.colcon_core.package_identification:_identify(stratified1) by extensions ['colcon_pkg']
[0.244s] Level 1:colcon.colcon_core.package_identification:_identify(stratified1) by extension 'colcon_pkg'
[0.244s] Level 1:colcon.colcon_core.package_identification:_identify(stratified1) by extensions ['colcon_meta']
[0.244s] Level 1:colcon.colcon_core.package_identification:_identify(stratified1) by extension 'colcon_meta'
[0.244s] Level 1:colcon.colcon_core.package_identification:_identify(stratified1) by extensions ['ros']
[0.244s] Level 1:colcon.colcon_core.package_identification:_identify(stratified1) by extension 'ros'
[0.244s] Level 1:colcon.colcon_core.package_identification:_identify(stratified1) by extensions ['cmake', 'python']
[0.244s] Level 1:colcon.colcon_core.package_identification:_identify(stratified1) by extension 'cmake'
[0.245s] Level 1:colcon.colcon_core.package_identification:_identify(stratified1) by extension 'python'
[0.245s] Level 1:colcon.colcon_core.package_identification:_identify(stratified1) by extensions ['python_setup_py']
[0.245s] Level 1:colcon.colcon_core.package_identification:_identify(stratified1) by extension 'python_setup_py'
[0.245s] Level 1:colcon.colcon_core.package_identification:_identify(stratified2) by extensions ['ignore', 'ignore_ament_install']
[0.245s] Level 1:colcon.colcon_core.package_identification:_identify(stratified2) by extension 'ignore'
[0.245s] Level 1:colcon.colcon_core.package_identification:_identify(stratified2) by extension 'ignore_ament_install'
[0.245s] Level 1:colcon.colcon_core.package_identification:_identify(stratified2) by extensions ['colcon_pkg']
[0.245s] Level 1:colcon.colcon_core.package_identification:_identify(stratified2) by extension 'colcon_pkg'
[0.245s] Level 1:colcon.colcon_core.package_identification:_identify(stratified2) by extensions ['colcon_meta']
[0.245s] Level 1:colcon.colcon_core.package_identification:_identify(stratified2) by extension 'colcon_meta'
[0.245s] Level 1:colcon.colcon_core.package_identification:_identify(stratified2) by extensions ['ros']
[0.245s] Level 1:colcon.colcon_core.package_identification:_identify(stratified2) by extension 'ros'
[0.245s] Level 1:colcon.colcon_core.package_identification:_identify(stratified2) by extensions ['cmake', 'python']
[0.245s] Level 1:colcon.colcon_core.package_identification:_identify(stratified2) by extension 'cmake'
[0.245s] Level 1:colcon.colcon_core.package_identification:_identify(stratified2) by extension 'python'
[0.245s] Level 1:colcon.colcon_core.package_identification:_identify(stratified2) by extensions ['python_setup_py']
[0.245s] Level 1:colcon.colcon_core.package_identification:_identify(stratified2) by extension 'python_setup_py'
[0.245s] Level 1:colcon.colcon_core.package_identification:_identify(stratified3) by extensions ['ignore', 'ignore_ament_install']
[0.245s] Level 1:colcon.colcon_core.package_identification:_identify(stratified3) by extension 'ignore'
[0.245s] Level 1:colcon.colcon_core.package_identification:_identify(stratified3) by extension 'ignore_ament_install'
[0.245s] Level 1:colcon.colcon_core.package_identification:_identify(stratified3) by extensions ['colcon_pkg']
[0.245s] Level 1:colcon.colcon_core.package_identification:_identify(stratified3) by extension 'colcon_pkg'
[0.245s] Level 1:colcon.colcon_core.package_identification:_identify(stratified3) by extensions ['colcon_meta']
[0.245s] Level 1:colcon.colcon_core.package_identification:_identify(stratified3) by extension 'colcon_meta'
[0.245s] Level 1:colcon.colcon_core.package_identification:_identify(stratified3) by extensions ['ros']
[0.245s] Level 1:colcon.colcon_core.package_identification:_identify(stratified3) by extension 'ros'
[0.245s] Level 1:colcon.colcon_core.package_identification:_identify(stratified3) by extensions ['cmake', 'python']
[0.245s] Level 1:colcon.colcon_core.package_identification:_identify(stratified3) by extension 'cmake'
[0.245s] Level 1:colcon.colcon_core.package_identification:_identify(stratified3) by extension 'python'
[0.245s] Level 1:colcon.colcon_core.package_identification:_identify(stratified3) by extensions ['python_setup_py']
[0.245s] Level 1:colcon.colcon_core.package_identification:_identify(stratified3) by extension 'python_setup_py'
[0.245s] Level 1:colcon.colcon_core.package_identification:_identify(stratified4) by extensions ['ignore', 'ignore_ament_install']
[0.245s] Level 1:colcon.colcon_core.package_identification:_identify(stratified4) by extension 'ignore'
[0.245s] Level 1:colcon.colcon_core.package_identification:_identify(stratified4) by extension 'ignore_ament_install'
[0.245s] Level 1:colcon.colcon_core.package_identification:_identify(stratified4) by extensions ['colcon_pkg']
[0.245s] Level 1:colcon.colcon_core.package_identification:_identify(stratified4) by extension 'colcon_pkg'
[0.245s] Level 1:colcon.colcon_core.package_identification:_identify(stratified4) by extensions ['colcon_meta']
[0.245s] Level 1:colcon.colcon_core.package_identification:_identify(stratified4) by extension 'colcon_meta'
[0.245s] Level 1:colcon.colcon_core.package_identification:_identify(stratified4) by extensions ['ros']
[0.245s] Level 1:colcon.colcon_core.package_identification:_identify(stratified4) by extension 'ros'
[0.245s] Level 1:colcon.colcon_core.package_identification:_identify(stratified4) by extensions ['cmake', 'python']
[0.245s] Level 1:colcon.colcon_core.package_identification:_identify(stratified4) by extension 'cmake'
[0.245s] Level 1:colcon.colcon_core.package_identification:_identify(stratified4) by extension 'python'
[0.245s] Level 1:colcon.colcon_core.package_identification:_identify(stratified4) by extensions ['python_setup_py']
[0.245s] Level 1:colcon.colcon_core.package_identification:_identify(stratified4) by extension 'python_setup_py'
[0.246s] Level 1:colcon.colcon_core.package_identification:_identify(stratified5) by extensions ['ignore', 'ignore_ament_install']
[0.246s] Level 1:colcon.colcon_core.package_identification:_identify(stratified5) by extension 'ignore'
[0.246s] Level 1:colcon.colcon_core.package_identification:_identify(stratified5) by extension 'ignore_ament_install'
[0.246s] Level 1:colcon.colcon_core.package_identification:_identify(stratified5) by extensions ['colcon_pkg']
[0.246s] Level 1:colcon.colcon_core.package_identification:_identify(stratified5) by extension 'colcon_pkg'
[0.246s] Level 1:colcon.colcon_core.package_identification:_identify(stratified5) by extensions ['colcon_meta']
[0.246s] Level 1:colcon.colcon_core.package_identification:_identify(stratified5) by extension 'colcon_meta'
[0.246s] Level 1:colcon.colcon_core.package_identification:_identify(stratified5) by extensions ['ros']
[0.246s] Level 1:colcon.colcon_core.package_identification:_identify(stratified5) by extension 'ros'
[0.246s] Level 1:colcon.colcon_core.package_identification:_identify(stratified5) by extensions ['cmake', 'python']
[0.246s] Level 1:colcon.colcon_core.package_identification:_identify(stratified5) by extension 'cmake'
[0.246s] Level 1:colcon.colcon_core.package_identification:_identify(stratified5) by extension 'python'
[0.246s] Level 1:colcon.colcon_core.package_identification:_identify(stratified5) by extensions ['python_setup_py']
[0.246s] Level 1:colcon.colcon_core.package_identification:_identify(stratified5) by extension 'python_setup_py'
[0.246s] Level 1:colcon.colcon_core.package_identification:_identify(stratified6) by extensions ['ignore', 'ignore_ament_install']
[0.246s] Level 1:colcon.colcon_core.package_identification:_identify(stratified6) by extension 'ignore'
[0.246s] Level 1:colcon.colcon_core.package_identification:_identify(stratified6) by extension 'ignore_ament_install'
[0.246s] Level 1:colcon.colcon_core.package_identification:_identify(stratified6) by extensions ['colcon_pkg']
[0.246s] Level 1:colcon.colcon_core.package_identification:_identify(stratified6) by extension 'colcon_pkg'
[0.246s] Level 1:colcon.colcon_core.package_identification:_identify(stratified6) by extensions ['colcon_meta']
[0.246s] Level 1:colcon.colcon_core.package_identification:_identify(stratified6) by extension 'colcon_meta'
[0.246s] Level 1:colcon.colcon_core.package_identification:_identify(stratified6) by extensions ['ros']
[0.246s] Level 1:colcon.colcon_core.package_identification:_identify(stratified6) by extension 'ros'
[0.246s] Level 1:colcon.colcon_core.package_identification:_identify(stratified6) by extensions ['cmake', 'python']
[0.246s] Level 1:colcon.colcon_core.package_identification:_identify(stratified6) by extension 'cmake'
[0.246s] Level 1:colcon.colcon_core.package_identification:_identify(stratified6) by extension 'python'
[0.246s] Level 1:colcon.colcon_core.package_identification:_identify(stratified6) by extensions ['python_setup_py']
[0.246s] Level 1:colcon.colcon_core.package_identification:_identify(stratified6) by extension 'python_setup_py'
[0.246s] Level 1:colcon.colcon_core.package_identification:_identify(stratified7) by extensions ['ignore', 'ignore_ament_install']
[0.246s] Level 1:colcon.colcon_core.package_identification:_identify(stratified7) by extension 'ignore'
[0.246s] Level 1:colcon.colcon_core.package_identification:_identify(stratified7) by extension 'ignore_ament_install'
[0.246s] Level 1:colcon.colcon_core.package_identification:_identify(stratified7) by extensions ['colcon_pkg']
[0.246s] Level 1:colcon.colcon_core.package_identification:_identify(stratified7) by extension 'colcon_pkg'
[0.246s] Level 1:colcon.colcon_core.package_identification:_identify(stratified7) by extensions ['colcon_meta']
[0.246s] Level 1:colcon.colcon_core.package_identification:_identify(stratified7) by extension 'colcon_meta'
[0.246s] Level 1:colcon.colcon_core.package_identification:_identify(stratified7) by extensions ['ros']
[0.246s] Level 1:colcon.colcon_core.package_identification:_identify(stratified7) by extension 'ros'
[0.246s] Level 1:colcon.colcon_core.package_identification:_identify(stratified7) by extensions ['cmake', 'python']
[0.246s] Level 1:colcon.colcon_core.package_identification:_identify(stratified7) by extension 'cmake'
[0.246s] Level 1:colcon.colcon_core.package_identification:_identify(stratified7) by extension 'python'
[0.246s] Level 1:colcon.colcon_core.package_identification:_identify(stratified7) by extensions ['python_setup_py']
[0.246s] Level 1:colcon.colcon_core.package_identification:_identify(stratified7) by extension 'python_setup_py'
[0.246s] Level 1:colcon.colcon_core.package_identification:_identify(stratified8) by extensions ['ignore', 'ignore_ament_install']
[0.247s] Level 1:colcon.colcon_core.package_identification:_identify(stratified8) by extension 'ignore'
[0.247s] Level 1:colcon.colcon_core.package_identification:_identify(stratified8) by extension 'ignore_ament_install'
[0.247s] Level 1:colcon.colcon_core.package_identification:_identify(stratified8) by extensions ['colcon_pkg']
[0.247s] Level 1:colcon.colcon_core.package_identification:_identify(stratified8) by extension 'colcon_pkg'
[0.247s] Level 1:colcon.colcon_core.package_identification:_identify(stratified8) by extensions ['colcon_meta']
[0.247s] Level 1:colcon.colcon_core.package_identification:_identify(stratified8) by extension 'colcon_meta'
[0.247s] Level 1:colcon.colcon_core.package_identification:_identify(stratified8) by extensions ['ros']
[0.247s] Level 1:colcon.colcon_core.package_identification:_identify(stratified8) by extension 'ros'
[0.247s] Level 1:colcon.colcon_core.package_identification:_identify(stratified8) by extensions ['cmake', 'python']
[0.247s] Level 1:colcon.colcon_core.package_identification:_identify(stratified8) by extension 'cmake'
[0.247s] Level 1:colcon.colcon_core.package_identification:_identify(stratified8) by extension 'python'
[0.247s] Level 1:colcon.colcon_core.package_identification:_identify(stratified8) by extensions ['python_setup_py']
[0.247s] Level 1:colcon.colcon_core.package_identification:_identify(stratified8) by extension 'python_setup_py'
[0.247s] Level 1:colcon.colcon_core.package_discovery:discover_packages(recursive) using defaults
[0.247s] Level 1:colcon.colcon_core.package_discovery:discover_packages(ignore) discover
[0.247s] Level 1:colcon.colcon_core.package_discovery:discover_packages(ignore) using defaults
[0.247s] Level 1:colcon.colcon_core.package_discovery:discover_packages(path) discover
[0.247s] Level 1:colcon.colcon_core.package_discovery:discover_packages(path) using defaults
[0.262s] Level 1:colcon.colcon_core.package_discovery:discover_packages(prefix_path) check parameters
[0.262s] Level 1:colcon.colcon_core.package_discovery:discover_packages(prefix_path) discover
[0.263s] DEBUG:colcon.colcon_installed_package_information.package_discovery:Found 6 installed packages in /home/rosario/Desktop/Sensors/LAB5/install
[0.265s] DEBUG:colcon.colcon_installed_package_information.package_discovery:Found 396 installed packages in /opt/ros/humble
[0.266s] Level 1:colcon.colcon_core.package_discovery:discover_packages(prefix_path) using defaults
[0.297s] Level 5:colcon.colcon_core.verb:set package 'landmark_msgs' build argument 'cmake_args' from command line to 'None'
[0.297s] Level 5:colcon.colcon_core.verb:set package 'landmark_msgs' build argument 'cmake_target' from command line to 'None'
[0.297s] Level 5:colcon.colcon_core.verb:set package 'landmark_msgs' build argument 'cmake_target_skip_unavailable' from command line to 'False'
[0.297s] Level 5:colcon.colcon_core.verb:set package 'landmark_msgs' build argument 'cmake_clean_cache' from command line to 'False'
[0.297s] Level 5:colcon.colcon_core.verb:set package 'landmark_msgs' build argument 'cmake_clean_first' from command line to 'False'
[0.297s] Level 5:colcon.colcon_core.verb:set package 'landmark_msgs' build argument 'cmake_force_configure' from command line to 'False'
[0.297s] Level 5:colcon.colcon_core.verb:set package 'landmark_msgs' build argument 'ament_cmake_args' from command line to 'None'
[0.297s] Level 5:colcon.colcon_core.verb:set package 'landmark_msgs' build argument 'catkin_cmake_args' from command line to 'None'
[0.297s] Level 5:colcon.colcon_core.verb:set package 'landmark_msgs' build argument 'catkin_skip_building_tests' from command line to 'False'
[0.298s] DEBUG:colcon.colcon_core.verb:Building package 'landmark_msgs' with the following arguments: {'ament_cmake_args': None, 'build_base': '/home/rosario/Desktop/Sensors/LAB5/build/landmark_msgs', 'catkin_cmake_args': None, 'catkin_skip_building_tests': False, 'cmake_args': None, 'cmake_clean_cache': False, 'cmake_clean_first': False, 'cmake_force_configure': False, 'cmake_target': None, 'cmake_target_skip_unavailable': False, 'install_base': '/home/rosario/Desktop/Sensors/LAB5/install/landmark_msgs', 'merge_install': False, 'path': '/home/rosario/Desktop/Sensors/LAB5/src/turtlebot3_perception/landmark_msgs', 'symlink_install': False, 'test_result_base': None}
[0.298s] Level 5:colcon.colcon_core.verb:set package 'turtlebot3_fake_node' build argument 'cmake_args' from command line to 'None'
[0.298s] Level 5:colcon.colcon_core.verb:set package 'turtlebot3_fake_node' build argument 'cmake_target' from command line to 'None'
[0.298s] Level 5:colcon.colcon_core.verb:set package 'turtlebot3_fake_node' build argument 'cmake_target_skip_unavailable' from command line to 'False'
[0.298s] Level 5:colcon.colcon_core.verb:set package 'turtlebot3_fake_node' build argument 'cmake_clean_cache' from command line to 'False'
[0.298s] Level 5:colcon.colcon_core.verb:set package 'turtlebot3_fake_node' build argument 'cmake_clean_first' from command line to 'False'
[0.298s] Level 5:colcon.colcon_core.verb:set package 'turtlebot3_fake_node' build argument 'cmake_force_configure' from command line to 'False'
[0.298s] Level 5:colcon.colcon_core.verb:set package 'turtlebot3_fake_node' build argument 'ament_cmake_args' from command line to 'None'
[0.298s] Level 5:colcon.colcon_core.verb:set package 'turtlebot3_fake_node' build argument 'catkin_cmake_args' from command line to 'None'
[0.298s] Level 5:colcon.colcon_core.verb:set package 'turtlebot3_fake_node' build argument 'catkin_skip_building_tests' from command line to 'False'
[0.298s] DEBUG:colcon.colcon_core.verb:Building package 'turtlebot3_fake_node' with the following arguments: {'ament_cmake_args': None, 'build_base': '/home/rosario/Desktop/Sensors/LAB5/build/turtlebot3_fake_node', 'catkin_cmake_args': None, 'catkin_skip_building_tests': False, 'cmake_args': None, 'cmake_clean_cache': False, 'cmake_clean_first': False, 'cmake_force_configure': False, 'cmake_target': None, 'cmake_target_skip_unavailable': False, 'install_base': '/home/rosario/Desktop/Sensors/LAB5/install/turtlebot3_fake_node', 'merge_install': False, 'path': '/home/rosario/Desktop/Sensors/LAB5/src/turtlebot3_simulations/turtlebot3_fake_node', 'symlink_install': False, 'test_result_base': None}
[0.298s] Level 5:colcon.colcon_core.verb:set package 'turtlebot3_gazebo' build argument 'cmake_args' from command line to 'None'
[0.298s] Level 5:colcon.colcon_core.verb:set package 'turtlebot3_gazebo' build argument 'cmake_target' from command line to 'None'
[0.298s] Level 5:colcon.colcon_core.verb:set package 'turtlebot3_gazebo' build argument 'cmake_target_skip_unavailable' from command line to 'False'
[0.298s] Level 5:colcon.colcon_core.verb:set package 'turtlebot3_gazebo' build argument 'cmake_clean_cache' from command line to 'False'
[0.298s] Level 5:colcon.colcon_core.verb:set package 'turtlebot3_gazebo' build argument 'cmake_clean_first' from command line to 'False'
[0.298s] Level 5:colcon.colcon_core.verb:set package 'turtlebot3_gazebo' build argument 'cmake_force_configure' from command line to 'False'
[0.298s] Level 5:colcon.colcon_core.verb:set package 'turtlebot3_gazebo' build argument 'ament_cmake_args' from command line to 'None'
[0.298s] Level 5:colcon.colcon_core.verb:set package 'turtlebot3_gazebo' build argument 'catkin_cmake_args' from command line to 'None'
[0.298s] Level 5:colcon.colcon_core.verb:set package 'turtlebot3_gazebo' build argument 'catkin_skip_building_tests' from command line to 'False'
[0.298s] DEBUG:colcon.colcon_core.verb:Building package 'turtlebot3_gazebo' with the following arguments: {'ament_cmake_args': None, 'build_base': '/home/rosario/Desktop/Sensors/LAB5/build/turtlebot3_gazebo', 'catkin_cmake_args': None, 'catkin_skip_building_tests': False, 'cmake_args': None, 'cmake_clean_cache': False, 'cmake_clean_first': False, 'cmake_force_configure': False, 'cmake_target': None, 'cmake_target_skip_unavailable': False, 'install_base': '/home/rosario/Desktop/Sensors/LAB5/install/turtlebot3_gazebo', 'merge_install': False, 'path': '/home/rosario/Desktop/Sensors/LAB5/src/turtlebot3_simulations/turtlebot3_gazebo', 'symlink_install': False, 'test_result_base': None}
[0.298s] Level 5:colcon.colcon_core.verb:set package 'turtlebot3_perception' build argument 'cmake_args' from command line to 'None'
[0.298s] Level 5:colcon.colcon_core.verb:set package 'turtlebot3_perception' build argument 'cmake_target' from command line to 'None'
[0.298s] Level 5:colcon.colcon_core.verb:set package 'turtlebot3_perception' build argument 'cmake_target_skip_unavailable' from command line to 'False'
[0.298s] Level 5:colcon.colcon_core.verb:set package 'turtlebot3_perception' build argument 'cmake_clean_cache' from command line to 'False'
[0.298s] Level 5:colcon.colcon_core.verb:set package 'turtlebot3_perception' build argument 'cmake_clean_first' from command line to 'False'
[0.298s] Level 5:colcon.colcon_core.verb:set package 'turtlebot3_perception' build argument 'cmake_force_configure' from command line to 'False'
[0.298s] Level 5:colcon.colcon_core.verb:set package 'turtlebot3_perception' build argument 'ament_cmake_args' from command line to 'None'
[0.298s] Level 5:colcon.colcon_core.verb:set package 'turtlebot3_perception' build argument 'catkin_cmake_args' from command line to 'None'
[0.298s] Level 5:colcon.colcon_core.verb:set package 'turtlebot3_perception' build argument 'catkin_skip_building_tests' from command line to 'False'
[0.298s] DEBUG:colcon.colcon_core.verb:Building package 'turtlebot3_perception' with the following arguments: {'ament_cmake_args': None, 'build_base': '/home/rosario/Desktop/Sensors/LAB5/build/turtlebot3_perception', 'catkin_cmake_args': None, 'catkin_skip_building_tests': False, 'cmake_args': None, 'cmake_clean_cache': False, 'cmake_clean_first': False, 'cmake_force_configure': False, 'cmake_target': None, 'cmake_target_skip_unavailable': False, 'install_base': '/home/rosario/Desktop/Sensors/LAB5/install/turtlebot3_perception', 'merge_install': False, 'path': '/home/rosario/Desktop/Sensors/LAB5/src/turtlebot3_perception/turtlebot3_perception', 'symlink_install': False, 'test_result_base': None}
[0.299s] Level 5:colcon.colcon_core.verb:set package 'turtlebot3_simulations' build argument 'cmake_args' from command line to 'None'
[0.299s] Level 5:colcon.colcon_core.verb:set package 'turtlebot3_simulations' build argument 'cmake_target' from command line to 'None'
[0.299s] Level 5:colcon.colcon_core.verb:set package 'turtlebot3_simulations' build argument 'cmake_target_skip_unavailable' from command line to 'False'
[0.299s] Level 5:colcon.colcon_core.verb:set package 'turtlebot3_simulations' build argument 'cmake_clean_cache' from command line to 'False'
[0.299s] Level 5:colcon.colcon_core.verb:set package 'turtlebot3_simulations' build argument 'cmake_clean_first' from command line to 'False'
[0.299s] Level 5:colcon.colcon_core.verb:set package 'turtlebot3_simulations' build argument 'cmake_force_configure' from command line to 'False'
[0.299s] Level 5:colcon.colcon_core.verb:set package 'turtlebot3_simulations' build argument 'ament_cmake_args' from command line to 'None'
[0.299s] Level 5:colcon.colcon_core.verb:set package 'turtlebot3_simulations' build argument 'catkin_cmake_args' from command line to 'None'
[0.299s] Level 5:colcon.colcon_core.verb:set package 'turtlebot3_simulations' build argument 'catkin_skip_building_tests' from command line to 'False'
[0.299s] DEBUG:colcon.colcon_core.verb:Building package 'turtlebot3_simulations' with the following arguments: {'ament_cmake_args': None, 'build_base': '/home/rosario/Desktop/Sensors/LAB5/build/turtlebot3_simulations', 'catkin_cmake_args': None, 'catkin_skip_building_tests': False, 'cmake_args': None, 'cmake_clean_cache': False, 'cmake_clean_first': False, 'cmake_force_configure': False, 'cmake_target': None, 'cmake_target_skip_unavailable': False, 'install_base': '/home/rosario/Desktop/Sensors/LAB5/install/turtlebot3_simulations', 'merge_install': False, 'path': '/home/rosario/Desktop/Sensors/LAB5/src/turtlebot3_simulations/turtlebot3_simulations', 'symlink_install': False, 'test_result_base': None}
[0.299s] Level 5:colcon.colcon_core.verb:set package 'particle' build argument 'cmake_args' from command line to 'None'
[0.299s] Level 5:colcon.colcon_core.verb:set package 'particle' build argument 'cmake_target' from command line to 'None'
[0.299s] Level 5:colcon.colcon_core.verb:set package 'particle' build argument 'cmake_target_skip_unavailable' from command line to 'False'
[0.299s] Level 5:colcon.colcon_core.verb:set package 'particle' build argument 'cmake_clean_cache' from command line to 'False'
[0.299s] Level 5:colcon.colcon_core.verb:set package 'particle' build argument 'cmake_clean_first' from command line to 'False'
[0.299s] Level 5:colcon.colcon_core.verb:set package 'particle' build argument 'cmake_force_configure' from command line to 'False'
[0.299s] Level 5:colcon.colcon_core.verb:set package 'particle' build argument 'ament_cmake_args' from command line to 'None'
[0.299s] Level 5:colcon.colcon_core.verb:set package 'particle' build argument 'catkin_cmake_args' from command line to 'None'
[0.299s] Level 5:colcon.colcon_core.verb:set package 'particle' build argument 'catkin_skip_building_tests' from command line to 'False'
[0.299s] DEBUG:colcon.colcon_core.verb:Building package 'particle' with the following arguments: {'ament_cmake_args': None, 'build_base': '/home/rosario/Desktop/Sensors/LAB5/build/particle', 'catkin_cmake_args': None, 'catkin_skip_building_tests': False, 'cmake_args': None, 'cmake_clean_cache': False, 'cmake_clean_first': False, 'cmake_force_configure': False, 'cmake_target': None, 'cmake_target_skip_unavailable': False, 'install_base': '/home/rosario/Desktop/Sensors/LAB5/install/particle', 'merge_install': False, 'path': '/home/rosario/Desktop/Sensors/LAB5/src/particle', 'symlink_install': False, 'test_result_base': None}
[0.299s] INFO:colcon.colcon_core.executor:Executing jobs using 'parallel' executor
[0.300s] DEBUG:colcon.colcon_parallel_executor.executor.parallel:run_until_complete
[0.300s] INFO:colcon.colcon_ros.task.ament_cmake.build:Building ROS package in '/home/rosario/Desktop/Sensors/LAB5/src/turtlebot3_perception/landmark_msgs' with build type 'ament_cmake'
[0.301s] INFO:colcon.colcon_cmake.task.cmake.build:Building CMake package in '/home/rosario/Desktop/Sensors/LAB5/src/turtlebot3_perception/landmark_msgs'
[0.302s] INFO:colcon.colcon_core.plugin_system:Skipping extension 'colcon_core.shell.bat': Not used on non-Windows systems
[0.303s] INFO:colcon.colcon_core.shell:Skip shell extension 'powershell' for command environment: Not usable outside of PowerShell
[0.303s] DEBUG:colcon.colcon_core.shell:Skip shell extension 'dsv' for command environment
[0.307s] INFO:colcon.colcon_ros.task.ament_cmake.build:Building ROS package in '/home/rosario/Desktop/Sensors/LAB5/src/turtlebot3_simulations/turtlebot3_fake_node' with build type 'ament_cmake'
[0.307s] INFO:colcon.colcon_cmake.task.cmake.build:Building CMake package in '/home/rosario/Desktop/Sensors/LAB5/src/turtlebot3_simulations/turtlebot3_fake_node'
[0.307s] INFO:colcon.colcon_core.shell:Skip shell extension 'powershell' for command environment: Not usable outside of PowerShell
[0.307s] DEBUG:colcon.colcon_core.shell:Skip shell extension 'dsv' for command environment
[0.310s] INFO:colcon.colcon_ros.task.ament_cmake.build:Building ROS package in '/home/rosario/Desktop/Sensors/LAB5/src/turtlebot3_simulations/turtlebot3_gazebo' with build type 'ament_cmake'
[0.311s] INFO:colcon.colcon_cmake.task.cmake.build:Building CMake package in '/home/rosario/Desktop/Sensors/LAB5/src/turtlebot3_simulations/turtlebot3_gazebo'
[0.311s] INFO:colcon.colcon_core.shell:Skip shell extension 'powershell' for command environment: Not usable outside of PowerShell
[0.311s] DEBUG:colcon.colcon_core.shell:Skip shell extension 'dsv' for command environment
[0.319s] DEBUG:colcon.colcon_core.event_handler.log_command:Invoking command in '/home/rosario/Desktop/Sensors/LAB5/build/landmark_msgs': CMAKE_PREFIX_PATH=${CMAKE_PREFIX_PATH}:/home/rosario/Desktop/Sensors/LAB5/install/particle:/home/rosario/Desktop/Sensors/LAB5/install/turtlebot3_perception:/opt/ros/humble /usr/bin/cmake --build /home/rosario/Desktop/Sensors/LAB5/build/landmark_msgs -- -j16 -l16
[0.325s] DEBUG:colcon.colcon_core.event_handler.log_command:Invoking command in '/home/rosario/Desktop/Sensors/LAB5/build/turtlebot3_fake_node': CMAKE_PREFIX_PATH=${CMAKE_PREFIX_PATH}:/home/rosario/Desktop/Sensors/LAB5/install/particle:/home/rosario/Desktop/Sensors/LAB5/install/turtlebot3_perception:/opt/ros/humble /usr/bin/cmake --build /home/rosario/Desktop/Sensors/LAB5/build/turtlebot3_fake_node -- -j16 -l16
[0.329s] DEBUG:colcon.colcon_core.event_handler.log_command:Invoking command in '/home/rosario/Desktop/Sensors/LAB5/build/turtlebot3_gazebo': CMAKE_PREFIX_PATH=${CMAKE_PREFIX_PATH}:/home/rosario/Desktop/Sensors/LAB5/install/particle:/home/rosario/Desktop/Sensors/LAB5/install/turtlebot3_perception:/opt/ros/humble /usr/bin/cmake --build /home/rosario/Desktop/Sensors/LAB5/build/turtlebot3_gazebo -- -j16 -l16
[0.401s] DEBUG:colcon.colcon_core.event_handler.log_command:Invoked command in '/home/rosario/Desktop/Sensors/LAB5/build/turtlebot3_fake_node' returned '0': CMAKE_PREFIX_PATH=${CMAKE_PREFIX_PATH}:/home/rosario/Desktop/Sensors/LAB5/install/particle:/home/rosario/Desktop/Sensors/LAB5/install/turtlebot3_perception:/opt/ros/humble /usr/bin/cmake --build /home/rosario/Desktop/Sensors/LAB5/build/turtlebot3_fake_node -- -j16 -l16
[0.426s] DEBUG:colcon.colcon_core.event_handler.log_command:Invoked command in '/home/rosario/Desktop/Sensors/LAB5/build/turtlebot3_gazebo' returned '0': CMAKE_PREFIX_PATH=${CMAKE_PREFIX_PATH}:/home/rosario/Desktop/Sensors/LAB5/install/particle:/home/rosario/Desktop/Sensors/LAB5/install/turtlebot3_perception:/opt/ros/humble /usr/bin/cmake --build /home/rosario/Desktop/Sensors/LAB5/build/turtlebot3_gazebo -- -j16 -l16
[0.438s] DEBUG:colcon.colcon_core.event_handler.log_command:Invoking command in '/home/rosario/Desktop/Sensors/LAB5/build/turtlebot3_fake_node': CMAKE_PREFIX_PATH=${CMAKE_PREFIX_PATH}:/home/rosario/Desktop/Sensors/LAB5/install/particle:/home/rosario/Desktop/Sensors/LAB5/install/turtlebot3_perception:/opt/ros/humble /usr/bin/cmake --install /home/rosario/Desktop/Sensors/LAB5/build/turtlebot3_fake_node
[0.445s] Level 1:colcon.colcon_core.environment:create_environment_scripts_only(turtlebot3_fake_node)
[0.446s] DEBUG:colcon.colcon_core.event_handler.log_command:Invoked command in '/home/rosario/Desktop/Sensors/LAB5/build/turtlebot3_fake_node' returned '0': CMAKE_PREFIX_PATH=${CMAKE_PREFIX_PATH}:/home/rosario/Desktop/Sensors/LAB5/install/particle:/home/rosario/Desktop/Sensors/LAB5/install/turtlebot3_perception:/opt/ros/humble /usr/bin/cmake --install /home/rosario/Desktop/Sensors/LAB5/build/turtlebot3_fake_node
[0.447s] Level 1:colcon.colcon_core.environment:checking '/home/rosario/Desktop/Sensors/LAB5/install/turtlebot3_fake_node' for CMake module files
[0.447s] Level 1:colcon.colcon_core.environment:checking '/home/rosario/Desktop/Sensors/LAB5/install/turtlebot3_fake_node' for CMake config files
[0.448s] Level 1:colcon.colcon_core.shell:create_environment_hook('turtlebot3_fake_node', 'cmake_prefix_path')
[0.448s] INFO:colcon.colcon_core.shell:Creating environment hook '/home/rosario/Desktop/Sensors/LAB5/install/turtlebot3_fake_node/share/turtlebot3_fake_node/hook/cmake_prefix_path.ps1'
[0.448s] INFO:colcon.colcon_core.shell:Creating environment descriptor '/home/rosario/Desktop/Sensors/LAB5/install/turtlebot3_fake_node/share/turtlebot3_fake_node/hook/cmake_prefix_path.dsv'
[0.449s] INFO:colcon.colcon_core.shell:Creating environment hook '/home/rosario/Desktop/Sensors/LAB5/install/turtlebot3_fake_node/share/turtlebot3_fake_node/hook/cmake_prefix_path.sh'
[0.450s] Level 1:colcon.colcon_core.environment:checking '/home/rosario/Desktop/Sensors/LAB5/install/turtlebot3_fake_node/lib'
[0.450s] Level 1:colcon.colcon_core.environment:checking '/home/rosario/Desktop/Sensors/LAB5/install/turtlebot3_fake_node/bin'
[0.450s] Level 1:colcon.colcon_core.environment:checking '/home/rosario/Desktop/Sensors/LAB5/install/turtlebot3_fake_node/lib/pkgconfig/turtlebot3_fake_node.pc'
[0.450s] Level 1:colcon.colcon_core.environment:checking '/home/rosario/Desktop/Sensors/LAB5/install/turtlebot3_fake_node/lib/python3.10/site-packages'
[0.450s] Level 1:colcon.colcon_core.environment:checking '/home/rosario/Desktop/Sensors/LAB5/install/turtlebot3_fake_node/bin'
[0.450s] INFO:colcon.colcon_core.shell:Creating package script '/home/rosario/Desktop/Sensors/LAB5/install/turtlebot3_fake_node/share/turtlebot3_fake_node/package.ps1'
[0.451s] INFO:colcon.colcon_core.shell:Creating package descriptor '/home/rosario/Desktop/Sensors/LAB5/install/turtlebot3_fake_node/share/turtlebot3_fake_node/package.dsv'
[0.451s] INFO:colcon.colcon_core.shell:Creating package script '/home/rosario/Desktop/Sensors/LAB5/install/turtlebot3_fake_node/share/turtlebot3_fake_node/package.sh'
[0.452s] INFO:colcon.colcon_core.shell:Creating package script '/home/rosario/Desktop/Sensors/LAB5/install/turtlebot3_fake_node/share/turtlebot3_fake_node/package.bash'
[0.452s] INFO:colcon.colcon_core.shell:Creating package script '/home/rosario/Desktop/Sensors/LAB5/install/turtlebot3_fake_node/share/turtlebot3_fake_node/package.zsh'
[0.453s] Level 1:colcon.colcon_core.environment:create_file_with_runtime_dependencies(/home/rosario/Desktop/Sensors/LAB5/install/turtlebot3_fake_node/share/colcon-core/packages/turtlebot3_fake_node)
[0.459s] DEBUG:colcon.colcon_core.event_handler.log_command:Invoking command in '/home/rosario/Desktop/Sensors/LAB5/build/turtlebot3_gazebo': CMAKE_PREFIX_PATH=${CMAKE_PREFIX_PATH}:/home/rosario/Desktop/Sensors/LAB5/install/particle:/home/rosario/Desktop/Sensors/LAB5/install/turtlebot3_perception:/opt/ros/humble /usr/bin/cmake --install /home/rosario/Desktop/Sensors/LAB5/build/turtlebot3_gazebo
[0.471s] Level 1:colcon.colcon_core.environment:create_environment_scripts_only(turtlebot3_gazebo)
[0.471s] Level 1:colcon.colcon_core.environment:checking '/home/rosario/Desktop/Sensors/LAB5/install/turtlebot3_gazebo' for CMake module files
[0.472s] DEBUG:colcon.colcon_core.event_handler.log_command:Invoked command in '/home/rosario/Desktop/Sensors/LAB5/build/turtlebot3_gazebo' returned '0': CMAKE_PREFIX_PATH=${CMAKE_PREFIX_PATH}:/home/rosario/Desktop/Sensors/LAB5/install/particle:/home/rosario/Desktop/Sensors/LAB5/install/turtlebot3_perception:/opt/ros/humble /usr/bin/cmake --install /home/rosario/Desktop/Sensors/LAB5/build/turtlebot3_gazebo
[0.472s] Level 1:colcon.colcon_core.environment:checking '/home/rosario/Desktop/Sensors/LAB5/install/turtlebot3_gazebo' for CMake config files
[0.473s] Level 1:colcon.colcon_core.shell:create_environment_hook('turtlebot3_gazebo', 'cmake_prefix_path')
[0.473s] INFO:colcon.colcon_core.shell:Creating environment hook '/home/rosario/Desktop/Sensors/LAB5/install/turtlebot3_gazebo/share/turtlebot3_gazebo/hook/cmake_prefix_path.ps1'
[0.473s] INFO:colcon.colcon_core.shell:Creating environment descriptor '/home/rosario/Desktop/Sensors/LAB5/install/turtlebot3_gazebo/share/turtlebot3_gazebo/hook/cmake_prefix_path.dsv'
[0.474s] INFO:colcon.colcon_core.shell:Creating environment hook '/home/rosario/Desktop/Sensors/LAB5/install/turtlebot3_gazebo/share/turtlebot3_gazebo/hook/cmake_prefix_path.sh'
[0.474s] Level 1:colcon.colcon_core.environment:checking '/home/rosario/Desktop/Sensors/LAB5/install/turtlebot3_gazebo/lib'
[0.474s] Level 1:colcon.colcon_core.environment:checking '/home/rosario/Desktop/Sensors/LAB5/install/turtlebot3_gazebo/bin'
[0.474s] Level 1:colcon.colcon_core.environment:checking '/home/rosario/Desktop/Sensors/LAB5/install/turtlebot3_gazebo/lib/pkgconfig/turtlebot3_gazebo.pc'
[0.474s] Level 1:colcon.colcon_core.environment:checking '/home/rosario/Desktop/Sensors/LAB5/install/turtlebot3_gazebo/lib/python3.10/site-packages'
[0.474s] Level 1:colcon.colcon_core.environment:checking '/home/rosario/Desktop/Sensors/LAB5/install/turtlebot3_gazebo/bin'
[0.475s] INFO:colcon.colcon_core.shell:Creating package script '/home/rosario/Desktop/Sensors/LAB5/install/turtlebot3_gazebo/share/turtlebot3_gazebo/package.ps1'
[0.475s] INFO:colcon.colcon_core.shell:Creating package descriptor '/home/rosario/Desktop/Sensors/LAB5/install/turtlebot3_gazebo/share/turtlebot3_gazebo/package.dsv'
[0.475s] INFO:colcon.colcon_core.shell:Creating package script '/home/rosario/Desktop/Sensors/LAB5/install/turtlebot3_gazebo/share/turtlebot3_gazebo/package.sh'
[0.476s] INFO:colcon.colcon_core.shell:Creating package script '/home/rosario/Desktop/Sensors/LAB5/install/turtlebot3_gazebo/share/turtlebot3_gazebo/package.bash'
[0.476s] INFO:colcon.colcon_core.shell:Creating package script '/home/rosario/Desktop/Sensors/LAB5/install/turtlebot3_gazebo/share/turtlebot3_gazebo/package.zsh'
[0.476s] Level 1:colcon.colcon_core.environment:create_file_with_runtime_dependencies(/home/rosario/Desktop/Sensors/LAB5/install/turtlebot3_gazebo/share/colcon-core/packages/turtlebot3_gazebo)
[0.478s] Level 1:colcon.colcon_core.environment:create_environment_scripts_only(turtlebot3_fake_node)
[0.478s] Level 1:colcon.colcon_core.environment:checking '/home/rosario/Desktop/Sensors/LAB5/install/turtlebot3_fake_node' for CMake module files
[0.478s] Level 1:colcon.colcon_core.environment:checking '/home/rosario/Desktop/Sensors/LAB5/install/turtlebot3_fake_node' for CMake config files
[0.478s] Level 1:colcon.colcon_core.shell:create_environment_hook('turtlebot3_fake_node', 'cmake_prefix_path')
[0.478s] INFO:colcon.colcon_core.shell:Creating environment hook '/home/rosario/Desktop/Sensors/LAB5/install/turtlebot3_fake_node/share/turtlebot3_fake_node/hook/cmake_prefix_path.ps1'
[0.479s] INFO:colcon.colcon_core.shell:Creating environment descriptor '/home/rosario/Desktop/Sensors/LAB5/install/turtlebot3_fake_node/share/turtlebot3_fake_node/hook/cmake_prefix_path.dsv'
[0.479s] INFO:colcon.colcon_core.shell:Creating environment hook '/home/rosario/Desktop/Sensors/LAB5/install/turtlebot3_fake_node/share/turtlebot3_fake_node/hook/cmake_prefix_path.sh'
[0.479s] Level 1:colcon.colcon_core.environment:checking '/home/rosario/Desktop/Sensors/LAB5/install/turtlebot3_fake_node/lib'
[0.479s] Level 1:colcon.colcon_core.environment:checking '/home/rosario/Desktop/Sensors/LAB5/install/turtlebot3_fake_node/bin'
[0.479s] Level 1:colcon.colcon_core.environment:checking '/home/rosario/Desktop/Sensors/LAB5/install/turtlebot3_fake_node/lib/pkgconfig/turtlebot3_fake_node.pc'
[0.480s] Level 1:colcon.colcon_core.environment:checking '/home/rosario/Desktop/Sensors/LAB5/install/turtlebot3_fake_node/lib/python3.10/site-packages'
[0.480s] Level 1:colcon.colcon_core.environment:checking '/home/rosario/Desktop/Sensors/LAB5/install/turtlebot3_fake_node/bin'
[0.480s] INFO:colcon.colcon_core.shell:Creating package script '/home/rosario/Desktop/Sensors/LAB5/install/turtlebot3_fake_node/share/turtlebot3_fake_node/package.ps1'
[0.480s] INFO:colcon.colcon_core.shell:Creating package descriptor '/home/rosario/Desktop/Sensors/LAB5/install/turtlebot3_fake_node/share/turtlebot3_fake_node/package.dsv'
[0.480s] INFO:colcon.colcon_core.shell:Creating package script '/home/rosario/Desktop/Sensors/LAB5/install/turtlebot3_fake_node/share/turtlebot3_fake_node/package.sh'
[0.481s] INFO:colcon.colcon_core.shell:Creating package script '/home/rosario/Desktop/Sensors/LAB5/install/turtlebot3_fake_node/share/turtlebot3_fake_node/package.bash'
[0.481s] INFO:colcon.colcon_core.shell:Creating package script '/home/rosario/Desktop/Sensors/LAB5/install/turtlebot3_fake_node/share/turtlebot3_fake_node/package.zsh'
[0.481s] Level 1:colcon.colcon_core.environment:create_file_with_runtime_dependencies(/home/rosario/Desktop/Sensors/LAB5/install/turtlebot3_fake_node/share/colcon-core/packages/turtlebot3_fake_node)
[0.482s] INFO:colcon.colcon_ros.task.ament_cmake.build:Building ROS package in '/home/rosario/Desktop/Sensors/LAB5/src/turtlebot3_simulations/turtlebot3_simulations' with build type 'ament_cmake'
[0.482s] INFO:colcon.colcon_cmake.task.cmake.build:Building CMake package in '/home/rosario/Desktop/Sensors/LAB5/src/turtlebot3_simulations/turtlebot3_simulations'
[0.482s] INFO:colcon.colcon_core.shell:Skip shell extension 'powershell' for command environment: Not usable outside of PowerShell
[0.482s] DEBUG:colcon.colcon_core.shell:Skip shell extension 'dsv' for command environment
[0.493s] DEBUG:colcon.colcon_core.event_handler.log_command:Invoking command in '/home/rosario/Desktop/Sensors/LAB5/build/turtlebot3_simulations': CMAKE_PREFIX_PATH=/home/rosario/Desktop/Sensors/LAB5/install/turtlebot3_fake_node:/home/rosario/Desktop/Sensors/LAB5/install/turtlebot3_simulations:/home/rosario/Desktop/Sensors/LAB5/install/turtlebot3_gazebo:/home/rosario/Desktop/Sensors/LAB5/install/landmark_msgs:/home/rosario/Desktop/Sensors/LAB5/install/particle:/home/rosario/Desktop/Sensors/LAB5/install/turtlebot3_perception:/opt/ros/humble /usr/bin/cmake --build /home/rosario/Desktop/Sensors/LAB5/build/turtlebot3_simulations -- -j16 -l16
[0.512s] Level 1:colcon.colcon_core.environment:create_environment_scripts_only(turtlebot3_gazebo)
[0.513s] Level 1:colcon.colcon_core.environment:checking '/home/rosario/Desktop/Sensors/LAB5/install/turtlebot3_gazebo' for CMake module files
[0.513s] Level 1:colcon.colcon_core.environment:checking '/home/rosario/Desktop/Sensors/LAB5/install/turtlebot3_gazebo' for CMake config files
[0.514s] Level 1:colcon.colcon_core.shell:create_environment_hook('turtlebot3_gazebo', 'cmake_prefix_path')
[0.514s] INFO:colcon.colcon_core.shell:Creating environment hook '/home/rosario/Desktop/Sensors/LAB5/install/turtlebot3_gazebo/share/turtlebot3_gazebo/hook/cmake_prefix_path.ps1'
[0.515s] INFO:colcon.colcon_core.shell:Creating environment descriptor '/home/rosario/Desktop/Sensors/LAB5/install/turtlebot3_gazebo/share/turtlebot3_gazebo/hook/cmake_prefix_path.dsv'
[0.515s] INFO:colcon.colcon_core.shell:Creating environment hook '/home/rosario/Desktop/Sensors/LAB5/install/turtlebot3_gazebo/share/turtlebot3_gazebo/hook/cmake_prefix_path.sh'
[0.515s] Level 1:colcon.colcon_core.environment:checking '/home/rosario/Desktop/Sensors/LAB5/install/turtlebot3_gazebo/lib'
[0.516s] Level 1:colcon.colcon_core.environment:checking '/home/rosario/Desktop/Sensors/LAB5/install/turtlebot3_gazebo/bin'
[0.516s] Level 1:colcon.colcon_core.environment:checking '/home/rosario/Desktop/Sensors/LAB5/install/turtlebot3_gazebo/lib/pkgconfig/turtlebot3_gazebo.pc'
[0.516s] Level 1:colcon.colcon_core.environment:checking '/home/rosario/Desktop/Sensors/LAB5/install/turtlebot3_gazebo/lib/python3.10/site-packages'
[0.516s] Level 1:colcon.colcon_core.environment:checking '/home/rosario/Desktop/Sensors/LAB5/install/turtlebot3_gazebo/bin'
[0.516s] INFO:colcon.colcon_core.shell:Creating package script '/home/rosario/Desktop/Sensors/LAB5/install/turtlebot3_gazebo/share/turtlebot3_gazebo/package.ps1'
[0.517s] INFO:colcon.colcon_core.shell:Creating package descriptor '/home/rosario/Desktop/Sensors/LAB5/install/turtlebot3_gazebo/share/turtlebot3_gazebo/package.dsv'
[0.517s] INFO:colcon.colcon_core.shell:Creating package script '/home/rosario/Desktop/Sensors/LAB5/install/turtlebot3_gazebo/share/turtlebot3_gazebo/package.sh'
[0.517s] INFO:colcon.colcon_core.shell:Creating package script '/home/rosario/Desktop/Sensors/LAB5/install/turtlebot3_gazebo/share/turtlebot3_gazebo/package.bash'
[0.517s] INFO:colcon.colcon_core.shell:Creating package script '/home/rosario/Desktop/Sensors/LAB5/install/turtlebot3_gazebo/share/turtlebot3_gazebo/package.zsh'
[0.518s] Level 1:colcon.colcon_core.environment:create_file_with_runtime_dependencies(/home/rosario/Desktop/Sensors/LAB5/install/turtlebot3_gazebo/share/colcon-core/packages/turtlebot3_gazebo)
[0.535s] DEBUG:colcon.colcon_core.event_handler.log_command:Invoked command in '/home/rosario/Desktop/Sensors/LAB5/build/turtlebot3_simulations' returned '0': CMAKE_PREFIX_PATH=/home/rosario/Desktop/Sensors/LAB5/install/turtlebot3_fake_node:/home/rosario/Desktop/Sensors/LAB5/install/turtlebot3_simulations:/home/rosario/Desktop/Sensors/LAB5/install/turtlebot3_gazebo:/home/rosario/Desktop/Sensors/LAB5/install/landmark_msgs:/home/rosario/Desktop/Sensors/LAB5/install/particle:/home/rosario/Desktop/Sensors/LAB5/install/turtlebot3_perception:/opt/ros/humble /usr/bin/cmake --build /home/rosario/Desktop/Sensors/LAB5/build/turtlebot3_simulations -- -j16 -l16
[0.561s] DEBUG:colcon.colcon_core.event_handler.log_command:Invoking command in '/home/rosario/Desktop/Sensors/LAB5/build/turtlebot3_simulations': CMAKE_PREFIX_PATH=/home/rosario/Desktop/Sensors/LAB5/install/turtlebot3_fake_node:/home/rosario/Desktop/Sensors/LAB5/install/turtlebot3_simulations:/home/rosario/Desktop/Sensors/LAB5/install/turtlebot3_gazebo:/home/rosario/Desktop/Sensors/LAB5/install/landmark_msgs:/home/rosario/Desktop/Sensors/LAB5/install/particle:/home/rosario/Desktop/Sensors/LAB5/install/turtlebot3_perception:/opt/ros/humble /usr/bin/cmake --install /home/rosario/Desktop/Sensors/LAB5/build/turtlebot3_simulations
[0.569s] Level 1:colcon.colcon_core.environment:create_environment_scripts_only(turtlebot3_simulations)
[0.570s] Level 1:colcon.colcon_core.environment:checking '/home/rosario/Desktop/Sensors/LAB5/install/turtlebot3_simulations' for CMake module files
[0.570s] DEBUG:colcon.colcon_core.event_handler.log_command:Invoked command in '/home/rosario/Desktop/Sensors/LAB5/build/turtlebot3_simulations' returned '0': CMAKE_PREFIX_PATH=/home/rosario/Desktop/Sensors/LAB5/install/turtlebot3_fake_node:/home/rosario/Desktop/Sensors/LAB5/install/turtlebot3_simulations:/home/rosario/Desktop/Sensors/LAB5/install/turtlebot3_gazebo:/home/rosario/Desktop/Sensors/LAB5/install/landmark_msgs:/home/rosario/Desktop/Sensors/LAB5/install/particle:/home/rosario/Desktop/Sensors/LAB5/install/turtlebot3_perception:/opt/ros/humble /usr/bin/cmake --install /home/rosario/Desktop/Sensors/LAB5/build/turtlebot3_simulations
[0.570s] Level 1:colcon.colcon_core.environment:checking '/home/rosario/Desktop/Sensors/LAB5/install/turtlebot3_simulations' for CMake config files
[0.571s] Level 1:colcon.colcon_core.shell:create_environment_hook('turtlebot3_simulations', 'cmake_prefix_path')
[0.571s] INFO:colcon.colcon_core.shell:Creating environment hook '/home/rosario/Desktop/Sensors/LAB5/install/turtlebot3_simulations/share/turtlebot3_simulations/hook/cmake_prefix_path.ps1'
[0.571s] INFO:colcon.colcon_core.shell:Creating environment descriptor '/home/rosario/Desktop/Sensors/LAB5/install/turtlebot3_simulations/share/turtlebot3_simulations/hook/cmake_prefix_path.dsv'
[0.571s] INFO:colcon.colcon_core.shell:Creating environment hook '/home/rosario/Desktop/Sensors/LAB5/install/turtlebot3_simulations/share/turtlebot3_simulations/hook/cmake_prefix_path.sh'
[0.572s] Level 1:colcon.colcon_core.environment:checking '/home/rosario/Desktop/Sensors/LAB5/install/turtlebot3_simulations/bin'
[0.572s] Level 1:colcon.colcon_core.environment:checking '/home/rosario/Desktop/Sensors/LAB5/install/turtlebot3_simulations/lib/pkgconfig/turtlebot3_simulations.pc'
[0.572s] Level 1:colcon.colcon_core.environment:checking '/home/rosario/Desktop/Sensors/LAB5/install/turtlebot3_simulations/lib/python3.10/site-packages'
[0.572s] Level 1:colcon.colcon_core.environment:checking '/home/rosario/Desktop/Sensors/LAB5/install/turtlebot3_simulations/bin'
[0.572s] INFO:colcon.colcon_core.shell:Creating package script '/home/rosario/Desktop/Sensors/LAB5/install/turtlebot3_simulations/share/turtlebot3_simulations/package.ps1'
[0.573s] INFO:colcon.colcon_core.shell:Creating package descriptor '/home/rosario/Desktop/Sensors/LAB5/install/turtlebot3_simulations/share/turtlebot3_simulations/package.dsv'
[0.573s] INFO:colcon.colcon_core.shell:Creating package script '/home/rosario/Desktop/Sensors/LAB5/install/turtlebot3_simulations/share/turtlebot3_simulations/package.sh'
[0.573s] INFO:colcon.colcon_core.shell:Creating package script '/home/rosario/Desktop/Sensors/LAB5/install/turtlebot3_simulations/share/turtlebot3_simulations/package.bash'
[0.574s] INFO:colcon.colcon_core.shell:Creating package script '/home/rosario/Desktop/Sensors/LAB5/install/turtlebot3_simulations/share/turtlebot3_simulations/package.zsh'
[0.574s] Level 1:colcon.colcon_core.environment:create_file_with_runtime_dependencies(/home/rosario/Desktop/Sensors/LAB5/install/turtlebot3_simulations/share/colcon-core/packages/turtlebot3_simulations)
[0.601s] Level 1:colcon.colcon_core.environment:create_environment_scripts_only(turtlebot3_simulations)
[0.601s] Level 1:colcon.colcon_core.environment:checking '/home/rosario/Desktop/Sensors/LAB5/install/turtlebot3_simulations' for CMake module files
[0.602s] Level 1:colcon.colcon_core.environment:checking '/home/rosario/Desktop/Sensors/LAB5/install/turtlebot3_simulations' for CMake config files
[0.602s] Level 1:colcon.colcon_core.shell:create_environment_hook('turtlebot3_simulations', 'cmake_prefix_path')
[0.602s] INFO:colcon.colcon_core.shell:Creating environment hook '/home/rosario/Desktop/Sensors/LAB5/install/turtlebot3_simulations/share/turtlebot3_simulations/hook/cmake_prefix_path.ps1'
[0.603s] INFO:colcon.colcon_core.shell:Creating environment descriptor '/home/rosario/Desktop/Sensors/LAB5/install/turtlebot3_simulations/share/turtlebot3_simulations/hook/cmake_prefix_path.dsv'
[0.603s] INFO:colcon.colcon_core.shell:Creating environment hook '/home/rosario/Desktop/Sensors/LAB5/install/turtlebot3_simulations/share/turtlebot3_simulations/hook/cmake_prefix_path.sh'
[0.603s] Level 1:colcon.colcon_core.environment:checking '/home/rosario/Desktop/Sensors/LAB5/install/turtlebot3_simulations/bin'
[0.603s] Level 1:colcon.colcon_core.environment:checking '/home/rosario/Desktop/Sensors/LAB5/install/turtlebot3_simulations/lib/pkgconfig/turtlebot3_simulations.pc'
[0.603s] Level 1:colcon.colcon_core.environment:checking '/home/rosario/Desktop/Sensors/LAB5/install/turtlebot3_simulations/lib/python3.10/site-packages'
[0.604s] Level 1:colcon.colcon_core.environment:checking '/home/rosario/Desktop/Sensors/LAB5/install/turtlebot3_simulations/bin'
[0.604s] INFO:colcon.colcon_core.shell:Creating package script '/home/rosario/Desktop/Sensors/LAB5/install/turtlebot3_simulations/share/turtlebot3_simulations/package.ps1'
[0.604s] INFO:colcon.colcon_core.shell:Creating package descriptor '/home/rosario/Desktop/Sensors/LAB5/install/turtlebot3_simulations/share/turtlebot3_simulations/package.dsv'
[0.604s] INFO:colcon.colcon_core.shell:Creating package script '/home/rosario/Desktop/Sensors/LAB5/install/turtlebot3_simulations/share/turtlebot3_simulations/package.sh'
[0.605s] INFO:colcon.colcon_core.shell:Creating package script '/home/rosario/Desktop/Sensors/LAB5/install/turtlebot3_simulations/share/turtlebot3_simulations/package.bash'
[0.605s] INFO:colcon.colcon_core.shell:Creating package script '/home/rosario/Desktop/Sensors/LAB5/install/turtlebot3_simulations/share/turtlebot3_simulations/package.zsh'
[0.605s] Level 1:colcon.colcon_core.environment:create_file_with_runtime_dependencies(/home/rosario/Desktop/Sensors/LAB5/install/turtlebot3_simulations/share/colcon-core/packages/turtlebot3_simulations)
[0.627s] DEBUG:colcon.colcon_core.event_handler.log_command:Invoked command in '/home/rosario/Desktop/Sensors/LAB5/build/landmark_msgs' returned '0': CMAKE_PREFIX_PATH=${CMAKE_PREFIX_PATH}:/home/rosario/Desktop/Sensors/LAB5/install/particle:/home/rosario/Desktop/Sensors/LAB5/install/turtlebot3_perception:/opt/ros/humble /usr/bin/cmake --build /home/rosario/Desktop/Sensors/LAB5/build/landmark_msgs -- -j16 -l16
[0.725s] DEBUG:colcon.colcon_core.event_handler.log_command:Invoking command in '/home/rosario/Desktop/Sensors/LAB5/build/landmark_msgs': CMAKE_PREFIX_PATH=${CMAKE_PREFIX_PATH}:/home/rosario/Desktop/Sensors/LAB5/install/particle:/home/rosario/Desktop/Sensors/LAB5/install/turtlebot3_perception:/opt/ros/humble /usr/bin/cmake --install /home/rosario/Desktop/Sensors/LAB5/build/landmark_msgs
[0.767s] Level 1:colcon.colcon_core.environment:create_environment_scripts_only(landmark_msgs)
[0.767s] Level 1:colcon.colcon_core.environment:checking '/home/rosario/Desktop/Sensors/LAB5/install/landmark_msgs' for CMake module files
[0.768s] DEBUG:colcon.colcon_core.event_handler.log_command:Invoked command in '/home/rosario/Desktop/Sensors/LAB5/build/landmark_msgs' returned '0': CMAKE_PREFIX_PATH=${CMAKE_PREFIX_PATH}:/home/rosario/Desktop/Sensors/LAB5/install/particle:/home/rosario/Desktop/Sensors/LAB5/install/turtlebot3_perception:/opt/ros/humble /usr/bin/cmake --install /home/rosario/Desktop/Sensors/LAB5/build/landmark_msgs
[0.768s] Level 1:colcon.colcon_core.environment:checking '/home/rosario/Desktop/Sensors/LAB5/install/landmark_msgs' for CMake config files
[0.769s] Level 1:colcon.colcon_core.shell:create_environment_hook('landmark_msgs', 'cmake_prefix_path')
[0.769s] INFO:colcon.colcon_core.shell:Creating environment hook '/home/rosario/Desktop/Sensors/LAB5/install/landmark_msgs/share/landmark_msgs/hook/cmake_prefix_path.ps1'
[0.770s] INFO:colcon.colcon_core.shell:Creating environment descriptor '/home/rosario/Desktop/Sensors/LAB5/install/landmark_msgs/share/landmark_msgs/hook/cmake_prefix_path.dsv'
[0.770s] INFO:colcon.colcon_core.shell:Creating environment hook '/home/rosario/Desktop/Sensors/LAB5/install/landmark_msgs/share/landmark_msgs/hook/cmake_prefix_path.sh'
[0.770s] Level 1:colcon.colcon_core.environment:checking '/home/rosario/Desktop/Sensors/LAB5/install/landmark_msgs/lib'
[0.770s] Level 1:colcon.colcon_core.shell:create_environment_hook('landmark_msgs', 'ld_library_path_lib')
[0.771s] INFO:colcon.colcon_core.shell:Creating environment hook '/home/rosario/Desktop/Sensors/LAB5/install/landmark_msgs/share/landmark_msgs/hook/ld_library_path_lib.ps1'
[0.771s] INFO:colcon.colcon_core.shell:Creating environment descriptor '/home/rosario/Desktop/Sensors/LAB5/install/landmark_msgs/share/landmark_msgs/hook/ld_library_path_lib.dsv'
[0.771s] INFO:colcon.colcon_core.shell:Creating environment hook '/home/rosario/Desktop/Sensors/LAB5/install/landmark_msgs/share/landmark_msgs/hook/ld_library_path_lib.sh'
[0.771s] Level 1:colcon.colcon_core.environment:checking '/home/rosario/Desktop/Sensors/LAB5/install/landmark_msgs/bin'
[0.771s] Level 1:colcon.colcon_core.environment:checking '/home/rosario/Desktop/Sensors/LAB5/install/landmark_msgs/lib/pkgconfig/landmark_msgs.pc'
[0.772s] Level 1:colcon.colcon_core.environment:checking '/home/rosario/Desktop/Sensors/LAB5/install/landmark_msgs/lib/python3.10/site-packages'
[0.772s] Level 1:colcon.colcon_core.environment:checking '/home/rosario/Desktop/Sensors/LAB5/install/landmark_msgs/bin'
[0.772s] INFO:colcon.colcon_core.shell:Creating package script '/home/rosario/Desktop/Sensors/LAB5/install/landmark_msgs/share/landmark_msgs/package.ps1'
[0.772s] INFO:colcon.colcon_core.shell:Creating package descriptor '/home/rosario/Desktop/Sensors/LAB5/install/landmark_msgs/share/landmark_msgs/package.dsv'
[0.773s] INFO:colcon.colcon_core.shell:Creating package script '/home/rosario/Desktop/Sensors/LAB5/install/landmark_msgs/share/landmark_msgs/package.sh'
[0.773s] INFO:colcon.colcon_core.shell:Creating package script '/home/rosario/Desktop/Sensors/LAB5/install/landmark_msgs/share/landmark_msgs/package.bash'
[0.773s] INFO:colcon.colcon_core.shell:Creating package script '/home/rosario/Desktop/Sensors/LAB5/install/landmark_msgs/share/landmark_msgs/package.zsh'
[0.774s] Level 1:colcon.colcon_core.environment:create_file_with_runtime_dependencies(/home/rosario/Desktop/Sensors/LAB5/install/landmark_msgs/share/colcon-core/packages/landmark_msgs)
[0.873s] Level 1:colcon.colcon_core.environment:create_environment_scripts_only(landmark_msgs)
[0.873s] Level 1:colcon.colcon_core.environment:checking '/home/rosario/Desktop/Sensors/LAB5/install/landmark_msgs' for CMake module files
[0.874s] Level 1:colcon.colcon_core.environment:checking '/home/rosario/Desktop/Sensors/LAB5/install/landmark_msgs' for CMake config files
[0.874s] Level 1:colcon.colcon_core.shell:create_environment_hook('landmark_msgs', 'cmake_prefix_path')
[0.874s] INFO:colcon.colcon_core.shell:Creating environment hook '/home/rosario/Desktop/Sensors/LAB5/install/landmark_msgs/share/landmark_msgs/hook/cmake_prefix_path.ps1'
[0.875s] INFO:colcon.colcon_core.shell:Creating environment descriptor '/home/rosario/Desktop/Sensors/LAB5/install/landmark_msgs/share/landmark_msgs/hook/cmake_prefix_path.dsv'
[0.875s] INFO:colcon.colcon_core.shell:Creating environment hook '/home/rosario/Desktop/Sensors/LAB5/install/landmark_msgs/share/landmark_msgs/hook/cmake_prefix_path.sh'
[0.875s] Level 1:colcon.colcon_core.environment:checking '/home/rosario/Desktop/Sensors/LAB5/install/landmark_msgs/lib'
[0.875s] Level 1:colcon.colcon_core.shell:create_environment_hook('landmark_msgs', 'ld_library_path_lib')
[0.875s] INFO:colcon.colcon_core.shell:Creating environment hook '/home/rosario/Desktop/Sensors/LAB5/install/landmark_msgs/share/landmark_msgs/hook/ld_library_path_lib.ps1'
[0.876s] INFO:colcon.colcon_core.shell:Creating environment descriptor '/home/rosario/Desktop/Sensors/LAB5/install/landmark_msgs/share/landmark_msgs/hook/ld_library_path_lib.dsv'
[0.876s] INFO:colcon.colcon_core.shell:Creating environment hook '/home/rosario/Desktop/Sensors/LAB5/install/landmark_msgs/share/landmark_msgs/hook/ld_library_path_lib.sh'
[0.876s] Level 1:colcon.colcon_core.environment:checking '/home/rosario/Desktop/Sensors/LAB5/install/landmark_msgs/bin'
[0.876s] Level 1:colcon.colcon_core.environment:checking '/home/rosario/Desktop/Sensors/LAB5/install/landmark_msgs/lib/pkgconfig/landmark_msgs.pc'
[0.877s] Level 1:colcon.colcon_core.environment:checking '/home/rosario/Desktop/Sensors/LAB5/install/landmark_msgs/lib/python3.10/site-packages'
[0.877s] Level 1:colcon.colcon_core.environment:checking '/home/rosario/Desktop/Sensors/LAB5/install/landmark_msgs/bin'
[0.877s] INFO:colcon.colcon_core.shell:Creating package script '/home/rosario/Desktop/Sensors/LAB5/install/landmark_msgs/share/landmark_msgs/package.ps1'
[0.877s] INFO:colcon.colcon_core.shell:Creating package descriptor '/home/rosario/Desktop/Sensors/LAB5/install/landmark_msgs/share/landmark_msgs/package.dsv'
[0.878s] INFO:colcon.colcon_core.shell:Creating package script '/home/rosario/Desktop/Sensors/LAB5/install/landmark_msgs/share/landmark_msgs/package.sh'
[0.878s] INFO:colcon.colcon_core.shell:Creating package script '/home/rosario/Desktop/Sensors/LAB5/install/landmark_msgs/share/landmark_msgs/package.bash'
[0.878s] INFO:colcon.colcon_core.shell:Creating package script '/home/rosario/Desktop/Sensors/LAB5/install/landmark_msgs/share/landmark_msgs/package.zsh'
[0.878s] Level 1:colcon.colcon_core.environment:create_file_with_runtime_dependencies(/home/rosario/Desktop/Sensors/LAB5/install/landmark_msgs/share/colcon-core/packages/landmark_msgs)
[0.879s] INFO:colcon.colcon_ros.task.ament_python.build:Building ROS package in '/home/rosario/Desktop/Sensors/LAB5/src/turtlebot3_perception/turtlebot3_perception' with build type 'ament_python'
[0.879s] Level 1:colcon.colcon_core.shell:create_environment_hook('turtlebot3_perception', 'ament_prefix_path')
[0.879s] INFO:colcon.colcon_core.shell:Creating environment hook '/home/rosario/Desktop/Sensors/LAB5/install/turtlebot3_perception/share/turtlebot3_perception/hook/ament_prefix_path.ps1'
[0.879s] INFO:colcon.colcon_core.shell:Creating environment descriptor '/home/rosario/Desktop/Sensors/LAB5/install/turtlebot3_perception/share/turtlebot3_perception/hook/ament_prefix_path.dsv'
[0.879s] INFO:colcon.colcon_core.shell:Creating environment hook '/home/rosario/Desktop/Sensors/LAB5/install/turtlebot3_perception/share/turtlebot3_perception/hook/ament_prefix_path.sh'
[0.880s] INFO:colcon.colcon_core.shell:Skip shell extension 'powershell' for command environment: Not usable outside of PowerShell
[0.880s] DEBUG:colcon.colcon_core.shell:Skip shell extension 'dsv' for command environment
[1.061s] INFO:colcon.colcon_core.task.python.build:Building Python package in '/home/rosario/Desktop/Sensors/LAB5/src/turtlebot3_perception/turtlebot3_perception'
[1.062s] INFO:colcon.colcon_core.shell:Skip shell extension 'powershell' for command environment: Not usable outside of PowerShell
[1.062s] DEBUG:colcon.colcon_core.shell:Skip shell extension 'dsv' for command environment
[1.395s] DEBUG:colcon.colcon_core.event_handler.log_command:Invoking command in '/home/rosario/Desktop/Sensors/LAB5/src/turtlebot3_perception/turtlebot3_perception': CMAKE_PREFIX_PATH=/home/rosario/Desktop/Sensors/LAB5/install/landmark_msgs:/home/rosario/Desktop/Sensors/LAB5/install/turtlebot3_simulations:/home/rosario/Desktop/Sensors/LAB5/install/turtlebot3_gazebo:/home/rosario/Desktop/Sensors/LAB5/install/turtlebot3_fake_node LD_LIBRARY_PATH=/home/rosario/Desktop/Sensors/LAB5/install/landmark_msgs/lib:/usr/lib/x86_64-linux-gnu/gazebo-11/plugins:/opt/ros/humble/opt/rviz_ogre_vendor/lib:/opt/ros/humble/lib/x86_64-linux-gnu:/opt/ros/humble/lib:/usr/share/gazebo/../../lib/x86_64-linux-gnu/gazebo-11/plugins:/usr/share/gazebo/../../lib/x86_64-linux-gnu/gazebo-11/plugins:/usr/share/gazebo/../../lib/x86_64-linux-gnu/gazebo-11/plugins PYTHONPATH=/home/rosario/Desktop/Sensors/LAB5/build/turtlebot3_perception/prefix_override:/usr/lib/python3/dist-packages/colcon_core/task/python/colcon_distutils_commands:/home/rosario/Desktop/Sensors/LAB5/install/turtlebot3_perception/lib/python3.10/site-packages:${PYTHONPATH} /usr/bin/python3 -W ignore:setup.py install is deprecated setup.py egg_info --egg-base ../../../build/turtlebot3_perception build --build-base /home/rosario/Desktop/Sensors/LAB5/build/turtlebot3_perception/build install --record /home/rosario/Desktop/Sensors/LAB5/build/turtlebot3_perception/install.log --single-version-externally-managed install_data
[1.647s] Level 1:colcon.colcon_core.environment:checking '/home/rosario/Desktop/Sensors/LAB5/install/turtlebot3_perception' for CMake module files
[1.649s] DEBUG:colcon.colcon_core.event_handler.log_command:Invoked command in '/home/rosario/Desktop/Sensors/LAB5/src/turtlebot3_perception/turtlebot3_perception' returned '0': CMAKE_PREFIX_PATH=/home/rosario/Desktop/Sensors/LAB5/install/landmark_msgs:/home/rosario/Desktop/Sensors/LAB5/install/turtlebot3_simulations:/home/rosario/Desktop/Sensors/LAB5/install/turtlebot3_gazebo:/home/rosario/Desktop/Sensors/LAB5/install/turtlebot3_fake_node LD_LIBRARY_PATH=/home/rosario/Desktop/Sensors/LAB5/install/landmark_msgs/lib:/usr/lib/x86_64-linux-gnu/gazebo-11/plugins:/opt/ros/humble/opt/rviz_ogre_vendor/lib:/opt/ros/humble/lib/x86_64-linux-gnu:/opt/ros/humble/lib:/usr/share/gazebo/../../lib/x86_64-linux-gnu/gazebo-11/plugins:/usr/share/gazebo/../../lib/x86_64-linux-gnu/gazebo-11/plugins:/usr/share/gazebo/../../lib/x86_64-linux-gnu/gazebo-11/plugins PYTHONPATH=/home/rosario/Desktop/Sensors/LAB5/build/turtlebot3_perception/prefix_override:/usr/lib/python3/dist-packages/colcon_core/task/python/colcon_distutils_commands:/home/rosario/Desktop/Sensors/LAB5/install/turtlebot3_perception/lib/python3.10/site-packages:${PYTHONPATH} /usr/bin/python3 -W ignore:setup.py install is deprecated setup.py egg_info --egg-base ../../../build/turtlebot3_perception build --build-base /home/rosario/Desktop/Sensors/LAB5/build/turtlebot3_perception/build install --record /home/rosario/Desktop/Sensors/LAB5/build/turtlebot3_perception/install.log --single-version-externally-managed install_data
[1.650s] Level 1:colcon.colcon_core.environment:checking '/home/rosario/Desktop/Sensors/LAB5/install/turtlebot3_perception' for CMake config files
[1.651s] Level 1:colcon.colcon_core.environment:checking '/home/rosario/Desktop/Sensors/LAB5/install/turtlebot3_perception/lib'
[1.651s] Level 1:colcon.colcon_core.environment:checking '/home/rosario/Desktop/Sensors/LAB5/install/turtlebot3_perception/bin'
[1.651s] Level 1:colcon.colcon_core.environment:checking '/home/rosario/Desktop/Sensors/LAB5/install/turtlebot3_perception/lib/pkgconfig/turtlebot3_perception.pc'
[1.652s] Level 1:colcon.colcon_core.environment:checking '/home/rosario/Desktop/Sensors/LAB5/install/turtlebot3_perception/lib/python3.10/site-packages'
[1.652s] Level 1:colcon.colcon_core.shell:create_environment_hook('turtlebot3_perception', 'pythonpath')
[1.653s] INFO:colcon.colcon_core.shell:Creating environment hook '/home/rosario/Desktop/Sensors/LAB5/install/turtlebot3_perception/share/turtlebot3_perception/hook/pythonpath.ps1'
[1.654s] INFO:colcon.colcon_core.shell:Creating environment descriptor '/home/rosario/Desktop/Sensors/LAB5/install/turtlebot3_perception/share/turtlebot3_perception/hook/pythonpath.dsv'
[1.654s] INFO:colcon.colcon_core.shell:Creating environment hook '/home/rosario/Desktop/Sensors/LAB5/install/turtlebot3_perception/share/turtlebot3_perception/hook/pythonpath.sh'
[1.655s] Level 1:colcon.colcon_core.environment:checking '/home/rosario/Desktop/Sensors/LAB5/install/turtlebot3_perception/bin'
[1.655s] Level 1:colcon.colcon_core.environment:create_environment_scripts_only(turtlebot3_perception)
[1.656s] INFO:colcon.colcon_core.shell:Creating package script '/home/rosario/Desktop/Sensors/LAB5/install/turtlebot3_perception/share/turtlebot3_perception/package.ps1'
[1.657s] INFO:colcon.colcon_core.shell:Creating package descriptor '/home/rosario/Desktop/Sensors/LAB5/install/turtlebot3_perception/share/turtlebot3_perception/package.dsv'
[1.658s] INFO:colcon.colcon_core.shell:Creating package script '/home/rosario/Desktop/Sensors/LAB5/install/turtlebot3_perception/share/turtlebot3_perception/package.sh'
[1.658s] INFO:colcon.colcon_core.shell:Creating package script '/home/rosario/Desktop/Sensors/LAB5/install/turtlebot3_perception/share/turtlebot3_perception/package.bash'
[1.659s] INFO:colcon.colcon_core.shell:Creating package script '/home/rosario/Desktop/Sensors/LAB5/install/turtlebot3_perception/share/turtlebot3_perception/package.zsh'
[1.660s] Level 1:colcon.colcon_core.environment:create_file_with_runtime_dependencies(/home/rosario/Desktop/Sensors/LAB5/install/turtlebot3_perception/share/colcon-core/packages/turtlebot3_perception)
[1.661s] INFO:colcon.colcon_ros.task.ament_python.build:Building ROS package in '/home/rosario/Desktop/Sensors/LAB5/src/particle' with build type 'ament_python'
[1.661s] Level 1:colcon.colcon_core.shell:create_environment_hook('particle', 'ament_prefix_path')
[1.661s] INFO:colcon.colcon_core.shell:Creating environment hook '/home/rosario/Desktop/Sensors/LAB5/install/particle/share/particle/hook/ament_prefix_path.ps1'
[1.663s] INFO:colcon.colcon_core.shell:Creating environment descriptor '/home/rosario/Desktop/Sensors/LAB5/install/particle/share/particle/hook/ament_prefix_path.dsv'
[1.663s] INFO:colcon.colcon_core.shell:Creating environment hook '/home/rosario/Desktop/Sensors/LAB5/install/particle/share/particle/hook/ament_prefix_path.sh'
[1.664s] INFO:colcon.colcon_core.shell:Skip shell extension 'powershell' for command environment: Not usable outside of PowerShell
[1.664s] DEBUG:colcon.colcon_core.shell:Skip shell extension 'dsv' for command environment
[1.891s] INFO:colcon.colcon_core.task.python.build:Building Python package in '/home/rosario/Desktop/Sensors/LAB5/src/particle'
[1.892s] INFO:colcon.colcon_core.shell:Skip shell extension 'powershell' for command environment: Not usable outside of PowerShell
[1.893s] DEBUG:colcon.colcon_core.shell:Skip shell extension 'dsv' for command environment
[2.247s] DEBUG:colcon.colcon_core.event_handler.log_command:Invoking command in '/home/rosario/Desktop/Sensors/LAB5/src/particle': AMENT_PREFIX_PATH=/home/rosario/Desktop/Sensors/LAB5/install/turtlebot3_perception:/home/rosario/Desktop/Sensors/LAB5/install/turtlebot3_simulations:/home/rosario/Desktop/Sensors/LAB5/install/particle:/home/rosario/Desktop/Sensors/LAB5/install/turtlebot3_gazebo:/home/rosario/Desktop/Sensors/LAB5/install/turtlebot3_fake_node:/home/rosario/Desktop/Sensors/LAB5/install/landmark_msgs:/opt/ros/humble CMAKE_PREFIX_PATH=/home/rosario/Desktop/Sensors/LAB5/install/landmark_msgs:/home/rosario/Desktop/Sensors/LAB5/install/turtlebot3_simulations:/home/rosario/Desktop/Sensors/LAB5/install/turtlebot3_gazebo:/home/rosario/Desktop/Sensors/LAB5/install/turtlebot3_fake_node LD_LIBRARY_PATH=/home/rosario/Desktop/Sensors/LAB5/install/landmark_msgs/lib:/usr/lib/x86_64-linux-gnu/gazebo-11/plugins:/opt/ros/humble/opt/rviz_ogre_vendor/lib:/opt/ros/humble/lib/x86_64-linux-gnu:/opt/ros/humble/lib:/usr/share/gazebo/../../lib/x86_64-linux-gnu/gazebo-11/plugins:/usr/share/gazebo/../../lib/x86_64-linux-gnu/gazebo-11/plugins:/usr/share/gazebo/../../lib/x86_64-linux-gnu/gazebo-11/plugins PYTHONPATH=/home/rosario/Desktop/Sensors/LAB5/build/particle/prefix_override:/usr/lib/python3/dist-packages/colcon_core/task/python/colcon_distutils_commands:/home/rosario/Desktop/Sensors/LAB5/install/particle/lib/python3.10/site-packages:/home/rosario/Desktop/Sensors/LAB5/install/turtlebot3_perception/lib/python3.10/site-packages:/home/rosario/Desktop/Sensors/LAB5/install/particle/lib/python3.10/site-packages:/home/rosario/Desktop/Sensors/LAB5/install/landmark_msgs/local/lib/python3.10/dist-packages:/opt/ros/humble/lib/python3.10/site-packages:/opt/ros/humble/local/lib/python3.10/dist-packages /usr/bin/python3 -W ignore:setup.py install is deprecated setup.py egg_info --egg-base ../../build/particle build --build-base /home/rosario/Desktop/Sensors/LAB5/build/particle/build install --record /home/rosario/Desktop/Sensors/LAB5/build/particle/install.log --single-version-externally-managed install_data
[2.493s] Level 1:colcon.colcon_core.environment:checking '/home/rosario/Desktop/Sensors/LAB5/install/particle' for CMake module files
[2.494s] DEBUG:colcon.colcon_core.event_handler.log_command:Invoked command in '/home/rosario/Desktop/Sensors/LAB5/src/particle' returned '0': AMENT_PREFIX_PATH=/home/rosario/Desktop/Sensors/LAB5/install/turtlebot3_perception:/home/rosario/Desktop/Sensors/LAB5/install/turtlebot3_simulations:/home/rosario/Desktop/Sensors/LAB5/install/particle:/home/rosario/Desktop/Sensors/LAB5/install/turtlebot3_gazebo:/home/rosario/Desktop/Sensors/LAB5/install/turtlebot3_fake_node:/home/rosario/Desktop/Sensors/LAB5/install/landmark_msgs:/opt/ros/humble CMAKE_PREFIX_PATH=/home/rosario/Desktop/Sensors/LAB5/install/landmark_msgs:/home/rosario/Desktop/Sensors/LAB5/install/turtlebot3_simulations:/home/rosario/Desktop/Sensors/LAB5/install/turtlebot3_gazebo:/home/rosario/Desktop/Sensors/LAB5/install/turtlebot3_fake_node LD_LIBRARY_PATH=/home/rosario/Desktop/Sensors/LAB5/install/landmark_msgs/lib:/usr/lib/x86_64-linux-gnu/gazebo-11/plugins:/opt/ros/humble/opt/rviz_ogre_vendor/lib:/opt/ros/humble/lib/x86_64-linux-gnu:/opt/ros/humble/lib:/usr/share/gazebo/../../lib/x86_64-linux-gnu/gazebo-11/plugins:/usr/share/gazebo/../../lib/x86_64-linux-gnu/gazebo-11/plugins:/usr/share/gazebo/../../lib/x86_64-linux-gnu/gazebo-11/plugins PYTHONPATH=/home/rosario/Desktop/Sensors/LAB5/build/particle/prefix_override:/usr/lib/python3/dist-packages/colcon_core/task/python/colcon_distutils_commands:/home/rosario/Desktop/Sensors/LAB5/install/particle/lib/python3.10/site-packages:/home/rosario/Desktop/Sensors/LAB5/install/turtlebot3_perception/lib/python3.10/site-packages:/home/rosario/Desktop/Sensors/LAB5/install/particle/lib/python3.10/site-packages:/home/rosario/Desktop/Sensors/LAB5/install/landmark_msgs/local/lib/python3.10/dist-packages:/opt/ros/humble/lib/python3.10/site-packages:/opt/ros/humble/local/lib/python3.10/dist-packages /usr/bin/python3 -W ignore:setup.py install is deprecated setup.py egg_info --egg-base ../../build/particle build --build-base /home/rosario/Desktop/Sensors/LAB5/build/particle/build install --record /home/rosario/Desktop/Sensors/LAB5/build/particle/install.log --single-version-externally-managed install_data
[2.495s] Level 1:colcon.colcon_core.environment:checking '/home/rosario/Desktop/Sensors/LAB5/install/particle' for CMake config files
[2.495s] Level 1:colcon.colcon_core.environment:checking '/home/rosario/Desktop/Sensors/LAB5/install/particle/lib'
[2.495s] Level 1:colcon.colcon_core.environment:checking '/home/rosario/Desktop/Sensors/LAB5/install/particle/bin'
[2.495s] Level 1:colcon.colcon_core.environment:checking '/home/rosario/Desktop/Sensors/LAB5/install/particle/lib/pkgconfig/particle.pc'
[2.495s] Level 1:colcon.colcon_core.environment:checking '/home/rosario/Desktop/Sensors/LAB5/install/particle/lib/python3.10/site-packages'
[2.496s] Level 1:colcon.colcon_core.shell:create_environment_hook('particle', 'pythonpath')
[2.496s] INFO:colcon.colcon_core.shell:Creating environment hook '/home/rosario/Desktop/Sensors/LAB5/install/particle/share/particle/hook/pythonpath.ps1'
[2.496s] INFO:colcon.colcon_core.shell:Creating environment descriptor '/home/rosario/Desktop/Sensors/LAB5/install/particle/share/particle/hook/pythonpath.dsv'
[2.496s] INFO:colcon.colcon_core.shell:Creating environment hook '/home/rosario/Desktop/Sensors/LAB5/install/particle/share/particle/hook/pythonpath.sh'
[2.497s] Level 1:colcon.colcon_core.environment:checking '/home/rosario/Desktop/Sensors/LAB5/install/particle/bin'
[2.497s] Level 1:colcon.colcon_core.environment:create_environment_scripts_only(particle)
[2.497s] INFO:colcon.colcon_core.shell:Creating package script '/home/rosario/Desktop/Sensors/LAB5/install/particle/share/particle/package.ps1'
[2.497s] INFO:colcon.colcon_core.shell:Creating package descriptor '/home/rosario/Desktop/Sensors/LAB5/install/particle/share/particle/package.dsv'
[2.498s] INFO:colcon.colcon_core.shell:Creating package script '/home/rosario/Desktop/Sensors/LAB5/install/particle/share/particle/package.sh'
[2.498s] INFO:colcon.colcon_core.shell:Creating package script '/home/rosario/Desktop/Sensors/LAB5/install/particle/share/particle/package.bash'
[2.498s] INFO:colcon.colcon_core.shell:Creating package script '/home/rosario/Desktop/Sensors/LAB5/install/particle/share/particle/package.zsh'
[2.499s] Level 1:colcon.colcon_core.environment:create_file_with_runtime_dependencies(/home/rosario/Desktop/Sensors/LAB5/install/particle/share/colcon-core/packages/particle)
[2.499s] DEBUG:colcon.colcon_parallel_executor.executor.parallel:closing loop
[2.499s] DEBUG:colcon.colcon_parallel_executor.executor.parallel:loop closed
[2.500s] DEBUG:colcon.colcon_parallel_executor.executor.parallel:run_until_complete finished with '0'
[2.500s] DEBUG:colcon.colcon_core.event_reactor:joining thread
[2.510s] INFO:colcon.colcon_core.plugin_system:Skipping extension 'colcon_notification.desktop_notification.terminal_notifier': Not used on non-Darwin systems
[2.510s] INFO:colcon.colcon_core.plugin_system:Skipping extension 'colcon_notification.desktop_notification.win32': Not used on non-Windows systems
[2.510s] INFO:colcon.colcon_notification.desktop_notification:Sending desktop notification using 'notify2'
[2.526s] DEBUG:colcon.colcon_core.event_reactor:joined thread
[2.527s] INFO:colcon.colcon_core.shell:Creating prefix script '/home/rosario/Desktop/Sensors/LAB5/install/local_setup.ps1'
[2.529s] INFO:colcon.colcon_core.shell:Creating prefix util module '/home/rosario/Desktop/Sensors/LAB5/install/_local_setup_util_ps1.py'
[2.531s] INFO:colcon.colcon_core.shell:Creating prefix chain script '/home/rosario/Desktop/Sensors/LAB5/install/setup.ps1'
[2.533s] INFO:colcon.colcon_core.shell:Creating prefix script '/home/rosario/Desktop/Sensors/LAB5/install/local_setup.sh'
[2.534s] INFO:colcon.colcon_core.shell:Creating prefix util module '/home/rosario/Desktop/Sensors/LAB5/install/_local_setup_util_sh.py'
[2.535s] INFO:colcon.colcon_core.shell:Creating prefix chain script '/home/rosario/Desktop/Sensors/LAB5/install/setup.sh'
[2.537s] INFO:colcon.colcon_core.shell:Creating prefix script '/home/rosario/Desktop/Sensors/LAB5/install/local_setup.bash'
[2.537s] INFO:colcon.colcon_core.shell:Creating prefix chain script '/home/rosario/Desktop/Sensors/LAB5/install/setup.bash'
[2.539s] INFO:colcon.colcon_core.shell:Creating prefix script '/home/rosario/Desktop/Sensors/LAB5/install/local_setup.zsh'
[2.540s] INFO:colcon.colcon_core.shell:Creating prefix chain script '/home/rosario/Desktop/Sensors/LAB5/install/setup.zsh'
