[0.009s] Invoking command in '/home/rosario/Desktop/Sensors/LAB6/build/turtlebot3_simulations': AMENT_PREFIX_PATH=/home/rosario/Desktop/Sensors/LAB6/install/turtlebot3_fake_node:${AMENT_PREFIX_PATH} CMAKE_PREFIX_PATH=/home/rosario/Desktop/Sensors/LAB6/install/turtlebot3_fake_node:/opt/ros/humble /usr/bin/cmake --build /home/rosario/Desktop/Sensors/LAB6/build/turtlebot3_simulations -- -j16 -l16
[0.041s] Invoked command in '/home/rosario/Desktop/Sensors/LAB6/build/turtlebot3_simulations' returned '0': AMENT_PREFIX_PATH=/home/rosario/Desktop/Sensors/LAB6/install/turtlebot3_fake_node:${AMENT_PREFIX_PATH} CMAKE_PREFIX_PATH=/home/rosario/Desktop/Sensors/LAB6/install/turtlebot3_fake_node:/opt/ros/humble /usr/bin/cmake --build /home/rosario/Desktop/Sensors/LAB6/build/turtlebot3_simulations -- -j16 -l16
[0.129s] Invoking command in '/home/rosario/Desktop/Sensors/LAB6/build/turtlebot3_simulations': AMENT_PREFIX_PATH=/home/rosario/Desktop/Sensors/LAB6/install/turtlebot3_fake_node:${AMENT_PREFIX_PATH} CMAKE_PREFIX_PATH=/home/rosario/Desktop/Sensors/LAB6/install/turtlebot3_fake_node:/opt/ros/humble /usr/bin/cmake --install /home/rosario/Desktop/Sensors/LAB6/build/turtlebot3_simulations
[0.135s] -- Install configuration: ""
[0.135s] -- Execute custom install script
[0.135s] -- Up-to-date symlink: /home/rosario/Desktop/Sensors/LAB6/install/turtlebot3_simulations/share/ament_index/resource_index/package_run_dependencies/turtlebot3_simulations
[0.135s] -- Up-to-date symlink: /home/rosario/Desktop/Sensors/LAB6/install/turtlebot3_simulations/share/ament_index/resource_index/parent_prefix_path/turtlebot3_simulations
[0.136s] -- Up-to-date symlink: /home/rosario/Desktop/Sensors/LAB6/install/turtlebot3_simulations/share/turtlebot3_simulations/environment/ament_prefix_path.sh
[0.136s] -- Up-to-date symlink: /home/rosario/Desktop/Sensors/LAB6/install/turtlebot3_simulations/share/turtlebot3_simulations/environment/ament_prefix_path.dsv
[0.136s] -- Up-to-date symlink: /home/rosario/Desktop/Sensors/LAB6/install/turtlebot3_simulations/share/turtlebot3_simulations/environment/path.sh
[0.136s] -- Up-to-date symlink: /home/rosario/Desktop/Sensors/LAB6/install/turtlebot3_simulations/share/turtlebot3_simulations/environment/path.dsv
[0.136s] -- Up-to-date symlink: /home/rosario/Desktop/Sensors/LAB6/install/turtlebot3_simulations/share/turtlebot3_simulations/local_setup.bash
[0.136s] -- Up-to-date symlink: /home/rosario/Desktop/Sensors/LAB6/install/turtlebot3_simulations/share/turtlebot3_simulations/local_setup.sh
[0.136s] -- Up-to-date symlink: /home/rosario/Desktop/Sensors/LAB6/install/turtlebot3_simulations/share/turtlebot3_simulations/local_setup.zsh
[0.136s] -- Up-to-date symlink: /home/rosario/Desktop/Sensors/LAB6/install/turtlebot3_simulations/share/turtlebot3_simulations/local_setup.dsv
[0.136s] -- Symlinking: /home/rosario/Desktop/Sensors/LAB6/install/turtlebot3_simulations/share/turtlebot3_simulations/package.dsv
[0.144s] -- Up-to-date symlink: /home/rosario/Desktop/Sensors/LAB6/install/turtlebot3_simulations/share/ament_index/resource_index/packages/turtlebot3_simulations
[0.144s] -- Up-to-date symlink: /home/rosario/Desktop/Sensors/LAB6/install/turtlebot3_simulations/share/turtlebot3_simulations/cmake/turtlebot3_simulationsConfig.cmake
[0.144s] -- Up-to-date symlink: /home/rosario/Desktop/Sensors/LAB6/install/turtlebot3_simulations/share/turtlebot3_simulations/cmake/turtlebot3_simulationsConfig-version.cmake
[0.144s] -- Up-to-date symlink: /home/rosario/Desktop/Sensors/LAB6/install/turtlebot3_simulations/share/turtlebot3_simulations/package.xml
[0.146s] Invoked command in '/home/rosario/Desktop/Sensors/LAB6/build/turtlebot3_simulations' returned '0': AMENT_PREFIX_PATH=/home/rosario/Desktop/Sensors/LAB6/install/turtlebot3_fake_node:${AMENT_PREFIX_PATH} CMAKE_PREFIX_PATH=/home/rosario/Desktop/Sensors/LAB6/install/turtlebot3_fake_node:/opt/ros/humble /usr/bin/cmake --install /home/rosario/Desktop/Sensors/LAB6/build/turtlebot3_simulations
